[2.033s] Invoking command in '/home/aoutir/rc_car/robot_example': PYTHONPATH=/home/aoutir/rc_car/build/robot_example/prefix_override:/home/aoutir/rc_car/install/robot_example/lib/python3.10/site-packages:${PYTHONPATH} /usr/bin/python3 -W ignore:setup.py install is deprecated setup.py egg_info --egg-base ../build/robot_example build --build-base /home/aoutir/rc_car/build/robot_example/build install --record /home/aoutir/rc_car/build/robot_example/install.log --single-version-externally-managed install_data
[2.438s] running egg_info
[2.438s] writing ../build/robot_example/robot_example.egg-info/PKG-INFO
[2.439s] writing dependency_links to ../build/robot_example/robot_example.egg-info/dependency_links.txt
[2.439s] writing entry points to ../build/robot_example/robot_example.egg-info/entry_points.txt
[2.439s] writing requirements to ../build/robot_example/robot_example.egg-info/requires.txt
[2.439s] writing top-level names to ../build/robot_example/robot_example.egg-info/top_level.txt
[2.440s] reading manifest file '../build/robot_example/robot_example.egg-info/SOURCES.txt'
[2.447s] writing manifest file '../build/robot_example/robot_example.egg-info/SOURCES.txt'
[2.447s] running build
[2.481s] running build_py
[2.482s] copying robot_example/__init__.py -> /home/aoutir/rc_car/build/robot_example/build/lib/robot_example
[2.482s] running install
[2.482s] running install_lib
[2.484s] copying /home/aoutir/rc_car/build/robot_example/build/lib/robot_example/__init__.py -> /home/aoutir/rc_car/install/robot_example/lib/python3.10/site-packages/robot_example
[2.494s] byte-compiling /home/aoutir/rc_car/install/robot_example/lib/python3.10/site-packages/robot_example/__init__.py to __init__.cpython-310.pyc
[2.494s] running install_data
[2.495s] copying resource/robot_example -> /home/aoutir/rc_car/install/robot_example/share/ament_index/resource_index/packages
[2.495s] copying package.xml -> /home/aoutir/rc_car/install/robot_example/share/robot_example
[2.495s] running install_egg_info
[2.495s] removing '/home/aoutir/rc_car/install/robot_example/lib/python3.10/site-packages/robot_example-0.0.0-py3.10.egg-info' (and everything under it)
[2.541s] Copying ../build/robot_example/robot_example.egg-info to /home/aoutir/rc_car/install/robot_example/lib/python3.10/site-packages/robot_example-0.0.0-py3.10.egg-info
[2.541s] running install_scripts
[2.566s] writing list of installed files to '/home/aoutir/rc_car/build/robot_example/install.log'
[2.643s] Invoked command in '/home/aoutir/rc_car/robot_example' returned '0': PYTHONPATH=/home/aoutir/rc_car/build/robot_example/prefix_override:/home/aoutir/rc_car/install/robot_example/lib/python3.10/site-packages:${PYTHONPATH} /usr/bin/python3 -W ignore:setup.py install is deprecated setup.py egg_info --egg-base ../build/robot_example build --build-base /home/aoutir/rc_car/build/robot_example/build install --record /home/aoutir/rc_car/build/robot_example/install.log --single-version-externally-managed install_data
