[0.069s] Invoking command in '/home/aoutir/rc_car/build/robot_desc': CMAKE_PREFIX_PATH=${CMAKE_PREFIX_PATH}:/home/aoutir/rc_car/install/robot_sample_example:/opt/ros/iron /usr/bin/cmake --build /home/aoutir/rc_car/build/robot_desc -- -j2 -l2
[0.159s] Invoked command in '/home/aoutir/rc_car/build/robot_desc' returned '0': CMAKE_PREFIX_PATH=${CMAKE_PREFIX_PATH}:/home/aoutir/rc_car/install/robot_sample_example:/opt/ros/iron /usr/bin/cmake --build /home/aoutir/rc_car/build/robot_desc -- -j2 -l2
[0.256s] Invoking command in '/home/aoutir/rc_car/build/robot_desc': CMAKE_PREFIX_PATH=${CMAKE_PREFIX_PATH}:/home/aoutir/rc_car/install/robot_sample_example:/opt/ros/iron /usr/bin/cmake --install /home/aoutir/rc_car/build/robot_desc
[0.277s] -- Install configuration: ""
[0.280s] -- Execute custom install script
[0.281s] -- Symlinking: /home/aoutir/rc_car/install/robot_desc/share/robot_desc/urdf/robot_description.xacro
[0.321s] -- Up-to-date symlink: /home/aoutir/rc_car/install/robot_desc/share/robot_desc/urdf/robot_gazebo.urdf.xacro
[0.321s] -- Up-to-date symlink: /home/aoutir/rc_car/install/robot_desc/share/robot_desc/urdf/robot_ros2_control.xacro
[0.321s] -- Up-to-date symlink: /home/aoutir/rc_car/install/robot_desc/share/robot_desc/rviz/display.rviz
[0.325s] -- Up-to-date symlink: /home/aoutir/rc_car/install/robot_desc/share/robot_desc/models/models/models/ground_plane/model-1_2.sdf
[0.325s] -- Up-to-date symlink: /home/aoutir/rc_car/install/robot_desc/share/robot_desc/models/models/models/ground_plane/model-1_3.sdf
[0.327s] -- Up-to-date symlink: /home/aoutir/rc_car/install/robot_desc/share/robot_desc/models/models/models/ground_plane/model-1_4.sdf
[0.330s] -- Up-to-date symlink: /home/aoutir/rc_car/install/robot_desc/share/robot_desc/models/models/models/ground_plane/model.config
[0.330s] -- Up-to-date symlink: /home/aoutir/rc_car/install/robot_desc/share/robot_desc/models/models/models/ground_plane/model.sdf
[0.330s] -- Up-to-date symlink: /home/aoutir/rc_car/install/robot_desc/share/robot_desc/models/models/models/sun/model-1_2.sdf
[0.333s] -- Up-to-date symlink: /home/aoutir/rc_car/install/robot_desc/share/robot_desc/models/models/models/sun/model-1_3.sdf
[0.334s] -- Up-to-date symlink: /home/aoutir/rc_car/install/robot_desc/share/robot_desc/models/models/models/sun/model-1_4.sdf
[0.334s] -- Up-to-date symlink: /home/aoutir/rc_car/install/robot_desc/share/robot_desc/models/models/models/sun/model.config
[0.336s] -- Up-to-date symlink: /home/aoutir/rc_car/install/robot_desc/share/robot_desc/models/models/models/sun/model.sdf
[0.337s] -- Up-to-date symlink: /home/aoutir/rc_car/install/robot_desc/share/robot_desc/launch/gazebo.launch.py
[0.338s] -- Up-to-date symlink: /home/aoutir/rc_car/install/robot_desc/share/robot_desc/launch/robot.launch.py
[0.340s] -- Up-to-date symlink: /home/aoutir/rc_car/install/robot_desc/share/ament_index/resource_index/package_run_dependencies/robot_desc
[0.342s] -- Up-to-date symlink: /home/aoutir/rc_car/install/robot_desc/share/ament_index/resource_index/parent_prefix_path/robot_desc
[0.347s] -- Up-to-date symlink: /home/aoutir/rc_car/install/robot_desc/share/robot_desc/environment/ament_prefix_path.sh
[0.347s] -- Up-to-date symlink: /home/aoutir/rc_car/install/robot_desc/share/robot_desc/environment/ament_prefix_path.dsv
[0.347s] -- Up-to-date symlink: /home/aoutir/rc_car/install/robot_desc/share/robot_desc/environment/path.sh
[0.348s] -- Up-to-date symlink: /home/aoutir/rc_car/install/robot_desc/share/robot_desc/environment/path.dsv
[0.349s] -- Up-to-date symlink: /home/aoutir/rc_car/install/robot_desc/share/robot_desc/local_setup.bash
[0.350s] -- Up-to-date symlink: /home/aoutir/rc_car/install/robot_desc/share/robot_desc/local_setup.sh
[0.353s] -- Up-to-date symlink: /home/aoutir/rc_car/install/robot_desc/share/robot_desc/local_setup.zsh
[0.354s] -- Up-to-date symlink: /home/aoutir/rc_car/install/robot_desc/share/robot_desc/local_setup.dsv
[0.355s] -- Symlinking: /home/aoutir/rc_car/install/robot_desc/share/robot_desc/package.dsv
[0.371s] -- Up-to-date symlink: /home/aoutir/rc_car/install/robot_desc/share/ament_index/resource_index/packages/robot_desc
[0.374s] -- Up-to-date symlink: /home/aoutir/rc_car/install/robot_desc/share/robot_desc/cmake/robot_descConfig.cmake
[0.376s] -- Up-to-date symlink: /home/aoutir/rc_car/install/robot_desc/share/robot_desc/cmake/robot_descConfig-version.cmake
[0.377s] -- Up-to-date symlink: /home/aoutir/rc_car/install/robot_desc/share/robot_desc/package.xml
[0.381s] Invoked command in '/home/aoutir/rc_car/build/robot_desc' returned '0': CMAKE_PREFIX_PATH=${CMAKE_PREFIX_PATH}:/home/aoutir/rc_car/install/robot_sample_example:/opt/ros/iron /usr/bin/cmake --install /home/aoutir/rc_car/build/robot_desc
