[0.009s] Invoking command in '/home/abdou/A/ROS2-Auto-Robot/build/auto_robot': CMAKE_PREFIX_PATH=/opt/ros/iron /usr/bin/cmake /home/abdou/A/ROS2-Auto-Robot/src/auto_robot -DCMAKE_INSTALL_PREFIX=/home/abdou/A/ROS2-Auto-Robot/install/auto_robot
[0.142s] -- The C compiler identification is GNU 11.4.0
[0.225s] -- The CXX compiler identification is GNU 11.4.0
[0.235s] -- Detecting C compiler ABI info
[0.293s] -- Detecting C compiler ABI info - done
[0.300s] -- Check for working C compiler: /usr/bin/cc - skipped
[0.301s] -- Detecting C compile features
[0.301s] -- Detecting C compile features - done
[0.304s] -- Detecting CXX compiler ABI info
[0.384s] -- Detecting CXX compiler ABI info - done
[0.392s] -- Check for working CXX compiler: /usr/bin/c++ - skipped
[0.392s] -- Detecting CXX compile features
[0.393s] -- Detecting CXX compile features - done
[0.396s] -- Found ament_cmake: 2.0.5 (/opt/ros/iron/share/ament_cmake/cmake)
[0.564s] -- Found Python3: /usr/bin/python3.10 (found version "3.10.12") found components: Interpreter 
[0.656s] -- Found xacro: 2.0.9 (/opt/ros/iron/share/xacro/cmake)
[0.657s] -- Found ament_lint_auto: 0.14.3 (/opt/ros/iron/share/ament_lint_auto/cmake)
[0.736s] -- Added test 'flake8' to check Python code syntax and style conventions
[0.736s] -- Configured 'flake8' exclude dirs and/or files: 
[0.737s] -- Added test 'lint_cmake' to check CMake code style
[0.737s] -- Added test 'pep257' to check Python code against some of the docstring style conventions in PEP 257
[0.739s] -- Added test 'xmllint' to check XML markup files
[0.740s] -- Configuring done
[0.744s] -- Generating done
[0.745s] -- Build files have been written to: /home/abdou/A/ROS2-Auto-Robot/build/auto_robot
[0.749s] Invoked command in '/home/abdou/A/ROS2-Auto-Robot/build/auto_robot' returned '0': CMAKE_PREFIX_PATH=/opt/ros/iron /usr/bin/cmake /home/abdou/A/ROS2-Auto-Robot/src/auto_robot -DCMAKE_INSTALL_PREFIX=/home/abdou/A/ROS2-Auto-Robot/install/auto_robot
[0.750s] Invoking command in '/home/abdou/A/ROS2-Auto-Robot/build/auto_robot': CMAKE_PREFIX_PATH=/opt/ros/iron /usr/bin/cmake --build /home/abdou/A/ROS2-Auto-Robot/build/auto_robot -- -j8 -l8
[0.787s] Invoked command in '/home/abdou/A/ROS2-Auto-Robot/build/auto_robot' returned '0': CMAKE_PREFIX_PATH=/opt/ros/iron /usr/bin/cmake --build /home/abdou/A/ROS2-Auto-Robot/build/auto_robot -- -j8 -l8
[0.817s] Invoking command in '/home/abdou/A/ROS2-Auto-Robot/build/auto_robot': CMAKE_PREFIX_PATH=/opt/ros/iron /usr/bin/cmake --install /home/abdou/A/ROS2-Auto-Robot/build/auto_robot
[0.824s] -- Install configuration: ""
[0.824s] -- Installing: /home/abdou/A/ROS2-Auto-Robot/install/auto_robot/share/auto_robot/launch
[0.825s] -- Installing: /home/abdou/A/ROS2-Auto-Robot/install/auto_robot/share/auto_robot/launch/rsp.launch.py
[0.825s] -- Installing: /home/abdou/A/ROS2-Auto-Robot/install/auto_robot/share/auto_robot/config
[0.825s] -- Installing: /home/abdou/A/ROS2-Auto-Robot/install/auto_robot/share/auto_robot/config/view_bot.rviz
[0.825s] -- Installing: /home/abdou/A/ROS2-Auto-Robot/install/auto_robot/share/auto_robot/config/empty.yaml
[0.825s] -- Installing: /home/abdou/A/ROS2-Auto-Robot/install/auto_robot/share/auto_robot/description
[0.825s] -- Installing: /home/abdou/A/ROS2-Auto-Robot/install/auto_robot/share/auto_robot/description/inertial_macros.xacro
[0.825s] -- Installing: /home/abdou/A/ROS2-Auto-Robot/install/auto_robot/share/auto_robot/description/robot_core.xacro
[0.825s] -- Installing: /home/abdou/A/ROS2-Auto-Robot/install/auto_robot/share/auto_robot/description/robot.urdf.xacro
[0.825s] -- Installing: /home/abdou/A/ROS2-Auto-Robot/install/auto_robot/share/auto_robot/worlds
[0.825s] -- Installing: /home/abdou/A/ROS2-Auto-Robot/install/auto_robot/share/auto_robot/worlds/empty.world
[0.826s] -- Installing: /home/abdou/A/ROS2-Auto-Robot/install/auto_robot/share/ament_index/resource_index/package_run_dependencies/auto_robot
[0.826s] -- Installing: /home/abdou/A/ROS2-Auto-Robot/install/auto_robot/share/ament_index/resource_index/parent_prefix_path/auto_robot
[0.826s] -- Installing: /home/abdou/A/ROS2-Auto-Robot/install/auto_robot/share/auto_robot/environment/ament_prefix_path.sh
[0.826s] -- Installing: /home/abdou/A/ROS2-Auto-Robot/install/auto_robot/share/auto_robot/environment/ament_prefix_path.dsv
[0.826s] -- Installing: /home/abdou/A/ROS2-Auto-Robot/install/auto_robot/share/auto_robot/environment/path.sh
[0.826s] -- Installing: /home/abdou/A/ROS2-Auto-Robot/install/auto_robot/share/auto_robot/environment/path.dsv
[0.826s] -- Installing: /home/abdou/A/ROS2-Auto-Robot/install/auto_robot/share/auto_robot/local_setup.bash
[0.826s] -- Installing: /home/abdou/A/ROS2-Auto-Robot/install/auto_robot/share/auto_robot/local_setup.sh
[0.826s] -- Installing: /home/abdou/A/ROS2-Auto-Robot/install/auto_robot/share/auto_robot/local_setup.zsh
[0.827s] -- Installing: /home/abdou/A/ROS2-Auto-Robot/install/auto_robot/share/auto_robot/local_setup.dsv
[0.827s] -- Installing: /home/abdou/A/ROS2-Auto-Robot/install/auto_robot/share/auto_robot/package.dsv
[0.827s] -- Installing: /home/abdou/A/ROS2-Auto-Robot/install/auto_robot/share/ament_index/resource_index/packages/auto_robot
[0.827s] -- Installing: /home/abdou/A/ROS2-Auto-Robot/install/auto_robot/share/auto_robot/cmake/auto_robotConfig.cmake
[0.827s] -- Installing: /home/abdou/A/ROS2-Auto-Robot/install/auto_robot/share/auto_robot/cmake/auto_robotConfig-version.cmake
[0.827s] -- Installing: /home/abdou/A/ROS2-Auto-Robot/install/auto_robot/share/auto_robot/package.xml
[0.830s] Invoked command in '/home/abdou/A/ROS2-Auto-Robot/build/auto_robot' returned '0': CMAKE_PREFIX_PATH=/opt/ros/iron /usr/bin/cmake --install /home/abdou/A/ROS2-Auto-Robot/build/auto_robot
