[0.024s] Invoking command in '/home/aoutir/rc_car/build/robot_desc': CMAKE_PREFIX_PATH=${CMAKE_PREFIX_PATH}:/home/aoutir/rc_car/install/robot_sample_example:/home/aoutir/rc_car/install/robot_example:/opt/ros/iron /usr/bin/cmake --build /home/aoutir/rc_car/build/robot_desc -- -j2 -l2
[0.535s] Invoked command in '/home/aoutir/rc_car/build/robot_desc' returned '0': CMAKE_PREFIX_PATH=${CMAKE_PREFIX_PATH}:/home/aoutir/rc_car/install/robot_sample_example:/home/aoutir/rc_car/install/robot_example:/opt/ros/iron /usr/bin/cmake --build /home/aoutir/rc_car/build/robot_desc -- -j2 -l2
[0.775s] Invoking command in '/home/aoutir/rc_car/build/robot_desc': CMAKE_PREFIX_PATH=${CMAKE_PREFIX_PATH}:/home/aoutir/rc_car/install/robot_sample_example:/home/aoutir/rc_car/install/robot_example:/opt/ros/iron /usr/bin/cmake --install /home/aoutir/rc_car/build/robot_desc
[0.816s] -- Install configuration: ""
[0.820s] -- Execute custom install script
[0.821s] -- Up-to-date symlink: /home/aoutir/rc_car/install/robot_desc/share/robot_desc/urdf/robot_description.urdf.xacro
[0.822s] -- Up-to-date symlink: /home/aoutir/rc_car/install/robot_desc/share/robot_desc/rviz/display.rviz
[0.823s] -- Up-to-date symlink: /home/aoutir/rc_car/install/robot_desc/share/robot_desc/launch/robot.launch.py
[0.824s] -- Up-to-date symlink: /home/aoutir/rc_car/install/robot_desc/share/ament_index/resource_index/package_run_dependencies/robot_desc
[0.825s] -- Up-to-date symlink: /home/aoutir/rc_car/install/robot_desc/share/ament_index/resource_index/parent_prefix_path/robot_desc
[0.826s] -- Up-to-date symlink: /home/aoutir/rc_car/install/robot_desc/share/robot_desc/environment/ament_prefix_path.sh
[0.827s] -- Up-to-date symlink: /home/aoutir/rc_car/install/robot_desc/share/robot_desc/environment/ament_prefix_path.dsv
[0.828s] -- Up-to-date symlink: /home/aoutir/rc_car/install/robot_desc/share/robot_desc/environment/path.sh
[0.829s] -- Up-to-date symlink: /home/aoutir/rc_car/install/robot_desc/share/robot_desc/environment/path.dsv
[0.829s] -- Up-to-date symlink: /home/aoutir/rc_car/install/robot_desc/share/robot_desc/local_setup.bash
[0.830s] -- Up-to-date symlink: /home/aoutir/rc_car/install/robot_desc/share/robot_desc/local_setup.sh
[0.831s] -- Up-to-date symlink: /home/aoutir/rc_car/install/robot_desc/share/robot_desc/local_setup.zsh
[0.832s] -- Up-to-date symlink: /home/aoutir/rc_car/install/robot_desc/share/robot_desc/local_setup.dsv
[0.833s] -- Symlinking: /home/aoutir/rc_car/install/robot_desc/share/robot_desc/package.dsv
[0.862s] -- Up-to-date symlink: /home/aoutir/rc_car/install/robot_desc/share/ament_index/resource_index/packages/robot_desc
[0.864s] -- Up-to-date symlink: /home/aoutir/rc_car/install/robot_desc/share/robot_desc/cmake/robot_descConfig.cmake
[0.865s] -- Up-to-date symlink: /home/aoutir/rc_car/install/robot_desc/share/robot_desc/cmake/robot_descConfig-version.cmake
[0.866s] -- Up-to-date symlink: /home/aoutir/rc_car/install/robot_desc/share/robot_desc/package.xml
[0.898s] Invoked command in '/home/aoutir/rc_car/build/robot_desc' returned '0': CMAKE_PREFIX_PATH=${CMAKE_PREFIX_PATH}:/home/aoutir/rc_car/install/robot_sample_example:/home/aoutir/rc_car/install/robot_example:/opt/ros/iron /usr/bin/cmake --install /home/aoutir/rc_car/build/robot_desc
