[0.019s] Invoking command in '/home/abdou/A/Auto-Car/build/robot_desc': CMAKE_PREFIX_PATH=/opt/ros/iron /usr/bin/cmake --build /home/abdou/A/Auto-Car/build/robot_desc -- -j8 -l8
[0.077s] Invoked command in '/home/abdou/A/Auto-Car/build/robot_desc' returned '0': CMAKE_PREFIX_PATH=/opt/ros/iron /usr/bin/cmake --build /home/abdou/A/Auto-Car/build/robot_desc -- -j8 -l8
[0.119s] Invoking command in '/home/abdou/A/Auto-Car/build/robot_desc': CMAKE_PREFIX_PATH=/opt/ros/iron /usr/bin/cmake --install /home/abdou/A/Auto-Car/build/robot_desc
[0.132s] -- Install configuration: ""
[0.132s] -- Up-to-date: /home/abdou/A/Auto-Car/install/robot_desc/share/robot_desc/urdf
[0.132s] -- Up-to-date: /home/abdou/A/Auto-Car/install/robot_desc/share/robot_desc/urdf/robot_ros2_control.xacro
[0.132s] -- Up-to-date: /home/abdou/A/Auto-Car/install/robot_desc/share/robot_desc/urdf/lidar.xacro
[0.133s] -- Up-to-date: /home/abdou/A/Auto-Car/install/robot_desc/share/robot_desc/urdf/gazebo_control.xacro
[0.133s] -- Installing: /home/abdou/A/Auto-Car/install/robot_desc/share/robot_desc/urdf/robot_description.xacro
[0.134s] -- Up-to-date: /home/abdou/A/Auto-Car/install/robot_desc/share/robot_desc/urdf/robot_gazebo.urdf.xacro
[0.134s] -- Up-to-date: /home/abdou/A/Auto-Car/install/robot_desc/share/robot_desc/rviz
[0.134s] -- Up-to-date: /home/abdou/A/Auto-Car/install/robot_desc/share/robot_desc/rviz/display.rviz
[0.134s] -- Up-to-date: /home/abdou/A/Auto-Car/install/robot_desc/share/robot_desc/models
[0.135s] -- Up-to-date: /home/abdou/A/Auto-Car/install/robot_desc/share/robot_desc/models/models
[0.135s] -- Up-to-date: /home/abdou/A/Auto-Car/install/robot_desc/share/robot_desc/models/models/models
[0.135s] -- Up-to-date: /home/abdou/A/Auto-Car/install/robot_desc/share/robot_desc/models/models/models/ground_plane
[0.135s] -- Up-to-date: /home/abdou/A/Auto-Car/install/robot_desc/share/robot_desc/models/models/models/ground_plane/model-1_3.sdf
[0.135s] -- Up-to-date: /home/abdou/A/Auto-Car/install/robot_desc/share/robot_desc/models/models/models/ground_plane/model.config
[0.136s] -- Up-to-date: /home/abdou/A/Auto-Car/install/robot_desc/share/robot_desc/models/models/models/ground_plane/model.sdf
[0.136s] -- Up-to-date: /home/abdou/A/Auto-Car/install/robot_desc/share/robot_desc/models/models/models/ground_plane/model-1_4.sdf
[0.136s] -- Up-to-date: /home/abdou/A/Auto-Car/install/robot_desc/share/robot_desc/models/models/models/ground_plane/model-1_2.sdf
[0.136s] -- Up-to-date: /home/abdou/A/Auto-Car/install/robot_desc/share/robot_desc/models/models/models/sun
[0.136s] -- Up-to-date: /home/abdou/A/Auto-Car/install/robot_desc/share/robot_desc/models/models/models/sun/model-1_3.sdf
[0.136s] -- Up-to-date: /home/abdou/A/Auto-Car/install/robot_desc/share/robot_desc/models/models/models/sun/model.config
[0.136s] -- Up-to-date: /home/abdou/A/Auto-Car/install/robot_desc/share/robot_desc/models/models/models/sun/model.sdf
[0.137s] -- Up-to-date: /home/abdou/A/Auto-Car/install/robot_desc/share/robot_desc/models/models/models/sun/model-1_4.sdf
[0.137s] -- Up-to-date: /home/abdou/A/Auto-Car/install/robot_desc/share/robot_desc/models/models/models/sun/model-1_2.sdf
[0.137s] -- Up-to-date: /home/abdou/A/Auto-Car/install/robot_desc/share/robot_desc/launch
[0.137s] -- Up-to-date: /home/abdou/A/Auto-Car/install/robot_desc/share/robot_desc/launch/robot.launch.py
[0.138s] -- Up-to-date: /home/abdou/A/Auto-Car/install/robot_desc/share/robot_desc/launch/gazebo.launch.py
[0.139s] -- Up-to-date: /home/abdou/A/Auto-Car/install/robot_desc/share/ament_index/resource_index/package_run_dependencies/robot_desc
[0.139s] -- Up-to-date: /home/abdou/A/Auto-Car/install/robot_desc/share/ament_index/resource_index/parent_prefix_path/robot_desc
[0.139s] -- Up-to-date: /home/abdou/A/Auto-Car/install/robot_desc/share/robot_desc/environment/ament_prefix_path.sh
[0.139s] -- Up-to-date: /home/abdou/A/Auto-Car/install/robot_desc/share/robot_desc/environment/ament_prefix_path.dsv
[0.140s] -- Up-to-date: /home/abdou/A/Auto-Car/install/robot_desc/share/robot_desc/environment/path.sh
[0.140s] -- Up-to-date: /home/abdou/A/Auto-Car/install/robot_desc/share/robot_desc/environment/path.dsv
[0.141s] -- Up-to-date: /home/abdou/A/Auto-Car/install/robot_desc/share/robot_desc/local_setup.bash
[0.141s] -- Up-to-date: /home/abdou/A/Auto-Car/install/robot_desc/share/robot_desc/local_setup.sh
[0.141s] -- Up-to-date: /home/abdou/A/Auto-Car/install/robot_desc/share/robot_desc/local_setup.zsh
[0.141s] -- Up-to-date: /home/abdou/A/Auto-Car/install/robot_desc/share/robot_desc/local_setup.dsv
[0.141s] -- Installing: /home/abdou/A/Auto-Car/install/robot_desc/share/robot_desc/package.dsv
[0.142s] -- Up-to-date: /home/abdou/A/Auto-Car/install/robot_desc/share/ament_index/resource_index/packages/robot_desc
[0.142s] -- Up-to-date: /home/abdou/A/Auto-Car/install/robot_desc/share/robot_desc/cmake/robot_descConfig.cmake
[0.142s] -- Up-to-date: /home/abdou/A/Auto-Car/install/robot_desc/share/robot_desc/cmake/robot_descConfig-version.cmake
[0.142s] -- Up-to-date: /home/abdou/A/Auto-Car/install/robot_desc/share/robot_desc/package.xml
[0.142s] Invoked command in '/home/abdou/A/Auto-Car/build/robot_desc' returned '0': CMAKE_PREFIX_PATH=/opt/ros/iron /usr/bin/cmake --install /home/abdou/A/Auto-Car/build/robot_desc
