-- Install configuration: ""
-- Up-to-date: /home/aoutir/rc_car/install/robot_desc/share/robot_desc/urdf
-- Up-to-date: /home/aoutir/rc_car/install/robot_desc/share/robot_desc/urdf/robot_desc.urdf.xacro
-- Up-to-date: /home/aoutir/rc_car/install/robot_desc/share/robot_desc/launch
-- Up-to-date: /home/aoutir/rc_car/install/robot_desc/share/robot_desc/launch/display.launch.py
-- Up-to-date: /home/aoutir/rc_car/install/robot_desc/share/robot_desc/rviz
-- Up-to-date: /home/aoutir/rc_car/install/robot_desc/share/robot_desc/rviz/display.rviz
-- Up-to-date: /home/aoutir/rc_car/install/robot_desc/share/ament_index/resource_index/package_run_dependencies/robot_desc
-- Up-to-date: /home/aoutir/rc_car/install/robot_desc/share/ament_index/resource_index/parent_prefix_path/robot_desc
-- Up-to-date: /home/aoutir/rc_car/install/robot_desc/share/robot_desc/environment/ament_prefix_path.sh
-- Up-to-date: /home/aoutir/rc_car/install/robot_desc/share/robot_desc/environment/ament_prefix_path.dsv
-- Up-to-date: /home/aoutir/rc_car/install/robot_desc/share/robot_desc/environment/path.sh
-- Up-to-date: /home/aoutir/rc_car/install/robot_desc/share/robot_desc/environment/path.dsv
-- Up-to-date: /home/aoutir/rc_car/install/robot_desc/share/robot_desc/local_setup.bash
-- Up-to-date: /home/aoutir/rc_car/install/robot_desc/share/robot_desc/local_setup.sh
-- Up-to-date: /home/aoutir/rc_car/install/robot_desc/share/robot_desc/local_setup.zsh
-- Up-to-date: /home/aoutir/rc_car/install/robot_desc/share/robot_desc/local_setup.dsv
-- Installing: /home/aoutir/rc_car/install/robot_desc/share/robot_desc/package.dsv
-- Up-to-date: /home/aoutir/rc_car/install/robot_desc/share/ament_index/resource_index/packages/robot_desc
-- Up-to-date: /home/aoutir/rc_car/install/robot_desc/share/robot_desc/cmake/robot_descConfig.cmake
-- Up-to-date: /home/aoutir/rc_car/install/robot_desc/share/robot_desc/cmake/robot_descConfig-version.cmake
-- Up-to-date: /home/aoutir/rc_car/install/robot_desc/share/robot_desc/package.xml
