[0.056s] Invoking command in '/home/aoutir/rc_car/build/robot_controller': CMAKE_PREFIX_PATH=${CMAKE_PREFIX_PATH}:/home/aoutir/rc_car/install/robot_sample_example:/opt/ros/iron /usr/bin/cmake /home/aoutir/rc_car/src/robot_controller -DCMAKE_INSTALL_PREFIX=/home/aoutir/rc_car/install/robot_controller
[0.507s] -- The C compiler identification is GNU 11.4.0
[0.961s] -- The CXX compiler identification is GNU 11.4.0
[1.003s] -- Detecting C compiler ABI info
[1.408s] -- Detecting C compiler ABI info - done
[1.417s] -- Check for working C compiler: /usr/bin/cc - skipped
[1.443s] -- Detecting C compile features
[1.455s] -- Detecting C compile features - done
[1.460s] -- Detecting CXX compiler ABI info
[1.675s] -- Detecting CXX compiler ABI info - done
[1.675s] -- Check for working CXX compiler: /usr/bin/c++ - skipped
[1.675s] -- Detecting CXX compile features
[1.675s] -- Detecting CXX compile features - done
[1.682s] -- Found ament_cmake: 2.0.4 (/opt/ros/iron/share/ament_cmake/cmake)
[1.948s] -- Found Python3: /usr/bin/python3.10 (found version "3.10.12") found components: Interpreter 
[2.092s] -- Found ament_lint_auto: 0.14.3 (/opt/ros/iron/share/ament_lint_auto/cmake)
[2.239s] -- Added test 'lint_cmake' to check CMake code style
[2.244s] -- Added test 'xmllint' to check XML markup files
[2.248s] -- Configuring done
[2.279s] -- Generating done
[2.285s] -- Build files have been written to: /home/aoutir/rc_car/build/robot_controller
[2.293s] Invoked command in '/home/aoutir/rc_car/build/robot_controller' returned '0': CMAKE_PREFIX_PATH=${CMAKE_PREFIX_PATH}:/home/aoutir/rc_car/install/robot_sample_example:/opt/ros/iron /usr/bin/cmake /home/aoutir/rc_car/src/robot_controller -DCMAKE_INSTALL_PREFIX=/home/aoutir/rc_car/install/robot_controller
[2.294s] Invoking command in '/home/aoutir/rc_car/build/robot_controller': CMAKE_PREFIX_PATH=${CMAKE_PREFIX_PATH}:/home/aoutir/rc_car/install/robot_sample_example:/opt/ros/iron /usr/bin/cmake --build /home/aoutir/rc_car/build/robot_controller -- -j2 -l2
[2.687s] Invoked command in '/home/aoutir/rc_car/build/robot_controller' returned '0': CMAKE_PREFIX_PATH=${CMAKE_PREFIX_PATH}:/home/aoutir/rc_car/install/robot_sample_example:/opt/ros/iron /usr/bin/cmake --build /home/aoutir/rc_car/build/robot_controller -- -j2 -l2
[2.832s] Invoking command in '/home/aoutir/rc_car/build/robot_controller': CMAKE_PREFIX_PATH=${CMAKE_PREFIX_PATH}:/home/aoutir/rc_car/install/robot_sample_example:/opt/ros/iron /usr/bin/cmake --install /home/aoutir/rc_car/build/robot_controller
[2.859s] -- Install configuration: ""
[2.860s] -- Installing: /home/aoutir/rc_car/install/robot_controller/share/ament_index/resource_index/package_run_dependencies/robot_controller
[2.862s] -- Installing: /home/aoutir/rc_car/install/robot_controller/share/ament_index/resource_index/parent_prefix_path/robot_controller
[2.862s] -- Installing: /home/aoutir/rc_car/install/robot_controller/share/robot_controller/environment/ament_prefix_path.sh
[2.862s] -- Installing: /home/aoutir/rc_car/install/robot_controller/share/robot_controller/environment/ament_prefix_path.dsv
[2.867s] -- Installing: /home/aoutir/rc_car/install/robot_controller/share/robot_controller/environment/path.sh
[2.867s] -- Installing: /home/aoutir/rc_car/install/robot_controller/share/robot_controller/environment/path.dsv
[2.867s] -- Installing: /home/aoutir/rc_car/install/robot_controller/share/robot_controller/local_setup.bash
[2.867s] -- Installing: /home/aoutir/rc_car/install/robot_controller/share/robot_controller/local_setup.sh
[2.867s] -- Installing: /home/aoutir/rc_car/install/robot_controller/share/robot_controller/local_setup.zsh
[2.867s] -- Installing: /home/aoutir/rc_car/install/robot_controller/share/robot_controller/local_setup.dsv
[2.867s] -- Installing: /home/aoutir/rc_car/install/robot_controller/share/robot_controller/package.dsv
[2.868s] -- Installing: /home/aoutir/rc_car/install/robot_controller/share/ament_index/resource_index/packages/robot_controller
[2.868s] -- Installing: /home/aoutir/rc_car/install/robot_controller/share/robot_controller/cmake/robot_controllerConfig.cmake
[2.868s] -- Installing: /home/aoutir/rc_car/install/robot_controller/share/robot_controller/cmake/robot_controllerConfig-version.cmake
[2.868s] -- Installing: /home/aoutir/rc_car/install/robot_controller/share/robot_controller/package.xml
[2.872s] Invoked command in '/home/aoutir/rc_car/build/robot_controller' returned '0': CMAKE_PREFIX_PATH=${CMAKE_PREFIX_PATH}:/home/aoutir/rc_car/install/robot_sample_example:/opt/ros/iron /usr/bin/cmake --install /home/aoutir/rc_car/build/robot_controller
