[0.036s] Invoking command in '/home/aoutir/rc_car/build/robot_desc': CMAKE_PREFIX_PATH=${CMAKE_PREFIX_PATH}:/home/aoutir/rc_car/install/robot_sample_example:/home/aoutir/rc_car/install/robot_example:/opt/ros/iron /usr/bin/cmake --build /home/aoutir/rc_car/build/robot_desc -- -j2 -l2
[0.140s] -- Found ament_cmake: 2.0.4 (/opt/ros/iron/share/ament_cmake/cmake)
[0.490s] -- Found ament_lint_auto: 0.14.3 (/opt/ros/iron/share/ament_lint_auto/cmake)
[0.691s] -- Added test 'cppcheck' to perform static code analysis on C / C++ code
[0.691s] -- Configured cppcheck include dirs: 
[0.692s] -- Configured cppcheck exclude dirs and/or files: 
[0.692s] -- Added test 'flake8' to check Python code syntax and style conventions
[0.692s] -- Configured 'flake8' exclude dirs and/or files: 
[0.697s] -- Added test 'lint_cmake' to check CMake code style
[0.705s] -- Added test 'pep257' to check Python code against some of the docstring style conventions in PEP 257
[0.719s] -- Added test 'uncrustify' to check C / C++ code style
[0.721s] -- Configured uncrustify additional arguments: 
[0.731s] -- Added test 'xmllint' to check XML markup files
[0.740s] -- Configuring done
[0.755s] -- Generating done
[0.760s] -- Build files have been written to: /home/aoutir/rc_car/build/robot_desc
[0.906s] Invoked command in '/home/aoutir/rc_car/build/robot_desc' returned '0': CMAKE_PREFIX_PATH=${CMAKE_PREFIX_PATH}:/home/aoutir/rc_car/install/robot_sample_example:/home/aoutir/rc_car/install/robot_example:/opt/ros/iron /usr/bin/cmake --build /home/aoutir/rc_car/build/robot_desc -- -j2 -l2
[0.993s] Invoking command in '/home/aoutir/rc_car/build/robot_desc': CMAKE_PREFIX_PATH=${CMAKE_PREFIX_PATH}:/home/aoutir/rc_car/install/robot_sample_example:/home/aoutir/rc_car/install/robot_example:/opt/ros/iron /usr/bin/cmake --install /home/aoutir/rc_car/build/robot_desc
[1.006s] -- Install configuration: ""
[1.011s] -- Up-to-date: /home/aoutir/rc_car/install/robot_desc/share/robot_desc/urdf
[1.011s] -- Up-to-date: /home/aoutir/rc_car/install/robot_desc/share/robot_desc/urdf/robot_desc.urdf.xacro
[1.011s] -- Up-to-date: /home/aoutir/rc_car/install/robot_desc/share/robot_desc/launch
[1.011s] -- Up-to-date: /home/aoutir/rc_car/install/robot_desc/share/robot_desc/launch/display.launch.py
[1.011s] -- Up-to-date: /home/aoutir/rc_car/install/robot_desc/share/robot_desc/rviz
[1.011s] -- Up-to-date: /home/aoutir/rc_car/install/robot_desc/share/robot_desc/rviz/display.rviz
[1.011s] -- Installing: /home/aoutir/rc_car/install/robot_desc/share/ament_index/resource_index/package_run_dependencies/robot_desc
[1.011s] -- Up-to-date: /home/aoutir/rc_car/install/robot_desc/share/ament_index/resource_index/parent_prefix_path/robot_desc
[1.011s] -- Up-to-date: /home/aoutir/rc_car/install/robot_desc/share/robot_desc/environment/ament_prefix_path.sh
[1.012s] -- Up-to-date: /home/aoutir/rc_car/install/robot_desc/share/robot_desc/environment/ament_prefix_path.dsv
[1.012s] -- Up-to-date: /home/aoutir/rc_car/install/robot_desc/share/robot_desc/environment/path.sh
[1.012s] -- Up-to-date: /home/aoutir/rc_car/install/robot_desc/share/robot_desc/environment/path.dsv
[1.012s] -- Up-to-date: /home/aoutir/rc_car/install/robot_desc/share/robot_desc/local_setup.bash
[1.012s] -- Up-to-date: /home/aoutir/rc_car/install/robot_desc/share/robot_desc/local_setup.sh
[1.012s] -- Up-to-date: /home/aoutir/rc_car/install/robot_desc/share/robot_desc/local_setup.zsh
[1.012s] -- Up-to-date: /home/aoutir/rc_car/install/robot_desc/share/robot_desc/local_setup.dsv
[1.012s] -- Installing: /home/aoutir/rc_car/install/robot_desc/share/robot_desc/package.dsv
[1.012s] -- Up-to-date: /home/aoutir/rc_car/install/robot_desc/share/ament_index/resource_index/packages/robot_desc
[1.012s] -- Up-to-date: /home/aoutir/rc_car/install/robot_desc/share/robot_desc/cmake/robot_descConfig.cmake
[1.012s] -- Up-to-date: /home/aoutir/rc_car/install/robot_desc/share/robot_desc/cmake/robot_descConfig-version.cmake
[1.012s] -- Installing: /home/aoutir/rc_car/install/robot_desc/share/robot_desc/package.xml
[1.019s] Invoked command in '/home/aoutir/rc_car/build/robot_desc' returned '0': CMAKE_PREFIX_PATH=${CMAKE_PREFIX_PATH}:/home/aoutir/rc_car/install/robot_sample_example:/home/aoutir/rc_car/install/robot_example:/opt/ros/iron /usr/bin/cmake --install /home/aoutir/rc_car/build/robot_desc
