[0.096s] Invoking command in '/home/aoutir/rc_car/build/robot_controller': CMAKE_PREFIX_PATH=${CMAKE_PREFIX_PATH}:/home/aoutir/rc_car/install/robot_sample_example:/opt/ros/iron /usr/bin/cmake --build /home/aoutir/rc_car/build/robot_controller -- -j4 -l4
[0.219s] Built target ament_cmake_python_copy_robot_controller
[0.647s] running egg_info
[0.650s] writing robot_controller.egg-info/PKG-INFO
[0.651s] writing dependency_links to robot_controller.egg-info/dependency_links.txt
[0.655s] writing top-level names to robot_controller.egg-info/top_level.txt
[0.658s] reading manifest file 'robot_controller.egg-info/SOURCES.txt'
[0.659s] writing manifest file 'robot_controller.egg-info/SOURCES.txt'
[0.727s] Built target ament_cmake_python_build_robot_controller_egg
[0.766s] Invoked command in '/home/aoutir/rc_car/build/robot_controller' returned '0': CMAKE_PREFIX_PATH=${CMAKE_PREFIX_PATH}:/home/aoutir/rc_car/install/robot_sample_example:/opt/ros/iron /usr/bin/cmake --build /home/aoutir/rc_car/build/robot_controller -- -j4 -l4
[0.861s] Invoking command in '/home/aoutir/rc_car/build/robot_controller': CMAKE_PREFIX_PATH=${CMAKE_PREFIX_PATH}:/home/aoutir/rc_car/install/robot_sample_example:/opt/ros/iron /usr/bin/cmake --install /home/aoutir/rc_car/build/robot_controller
[0.888s] -- Install configuration: ""
[0.889s] -- Up-to-date: /home/aoutir/rc_car/install/robot_controller/share/robot_controller/environment/pythonpath.sh
[0.891s] -- Up-to-date: /home/aoutir/rc_car/install/robot_controller/share/robot_controller/environment/pythonpath.dsv
[0.891s] -- Up-to-date: /home/aoutir/rc_car/install/robot_controller/lib/python3.10/site-packages/robot_controller-0.0.0-py3.10.egg-info
[0.891s] -- Installing: /home/aoutir/rc_car/install/robot_controller/lib/python3.10/site-packages/robot_controller-0.0.0-py3.10.egg-info/SOURCES.txt
[0.891s] -- Installing: /home/aoutir/rc_car/install/robot_controller/lib/python3.10/site-packages/robot_controller-0.0.0-py3.10.egg-info/PKG-INFO
[0.891s] -- Installing: /home/aoutir/rc_car/install/robot_controller/lib/python3.10/site-packages/robot_controller-0.0.0-py3.10.egg-info/dependency_links.txt
[0.891s] -- Installing: /home/aoutir/rc_car/install/robot_controller/lib/python3.10/site-packages/robot_controller-0.0.0-py3.10.egg-info/top_level.txt
[0.891s] -- Up-to-date: /home/aoutir/rc_car/install/robot_controller/lib/python3.10/site-packages/robot_controller
[0.891s] -- Up-to-date: /home/aoutir/rc_car/install/robot_controller/lib/python3.10/site-packages/robot_controller/simple_controller.py
[0.891s] -- Up-to-date: /home/aoutir/rc_car/install/robot_controller/lib/python3.10/site-packages/robot_controller/__init__.py
[0.944s] Listing '/home/aoutir/rc_car/install/robot_controller/lib/python3.10/site-packages/robot_controller'...
[0.969s] -- Up-to-date: /home/aoutir/rc_car/install/robot_controller/share/robot_controller/config
[0.970s] -- Up-to-date: /home/aoutir/rc_car/install/robot_controller/share/robot_controller/config/robot_controllers.yaml
[0.970s] -- Up-to-date: /home/aoutir/rc_car/install/robot_controller/share/robot_controller/launch
[0.970s] -- Installing: /home/aoutir/rc_car/install/robot_controller/share/robot_controller/launch/controller.launch.py
[0.971s] -- Up-to-date: /home/aoutir/rc_car/install/robot_controller/lib/robot_controller/simple_controller.py
[0.971s] -- Up-to-date: /home/aoutir/rc_car/install/robot_controller/share/ament_index/resource_index/package_run_dependencies/robot_controller
[0.971s] -- Up-to-date: /home/aoutir/rc_car/install/robot_controller/share/ament_index/resource_index/parent_prefix_path/robot_controller
[0.971s] -- Up-to-date: /home/aoutir/rc_car/install/robot_controller/share/robot_controller/environment/ament_prefix_path.sh
[0.971s] -- Up-to-date: /home/aoutir/rc_car/install/robot_controller/share/robot_controller/environment/ament_prefix_path.dsv
[0.971s] -- Up-to-date: /home/aoutir/rc_car/install/robot_controller/share/robot_controller/environment/path.sh
[0.972s] -- Up-to-date: /home/aoutir/rc_car/install/robot_controller/share/robot_controller/environment/path.dsv
[0.973s] -- Up-to-date: /home/aoutir/rc_car/install/robot_controller/share/robot_controller/local_setup.bash
[0.973s] -- Up-to-date: /home/aoutir/rc_car/install/robot_controller/share/robot_controller/local_setup.sh
[0.974s] -- Up-to-date: /home/aoutir/rc_car/install/robot_controller/share/robot_controller/local_setup.zsh
[0.974s] -- Up-to-date: /home/aoutir/rc_car/install/robot_controller/share/robot_controller/local_setup.dsv
[0.974s] -- Installing: /home/aoutir/rc_car/install/robot_controller/share/robot_controller/package.dsv
[0.974s] -- Up-to-date: /home/aoutir/rc_car/install/robot_controller/share/ament_index/resource_index/packages/robot_controller
[0.974s] -- Up-to-date: /home/aoutir/rc_car/install/robot_controller/share/robot_controller/cmake/robot_controllerConfig.cmake
[0.974s] -- Up-to-date: /home/aoutir/rc_car/install/robot_controller/share/robot_controller/cmake/robot_controllerConfig-version.cmake
[0.975s] -- Up-to-date: /home/aoutir/rc_car/install/robot_controller/share/robot_controller/package.xml
[1.017s] Invoked command in '/home/aoutir/rc_car/build/robot_controller' returned '0': CMAKE_PREFIX_PATH=${CMAKE_PREFIX_PATH}:/home/aoutir/rc_car/install/robot_sample_example:/opt/ros/iron /usr/bin/cmake --install /home/aoutir/rc_car/build/robot_controller
