[1.488s] Invoking command in '/home/aoutir/rc_car/src/robot_sample_example': PYTHONPATH=/home/aoutir/rc_car/build/robot_sample_example/prefix_override:/home/aoutir/rc_car/install/robot_sample_example/lib/python3.10/site-packages:${PYTHONPATH} /usr/bin/python3 -W ignore:setup.py install is deprecated setup.py egg_info --egg-base ../../build/robot_sample_example build --build-base /home/aoutir/rc_car/build/robot_sample_example/build install --record /home/aoutir/rc_car/build/robot_sample_example/install.log --single-version-externally-managed install_data
[2.016s] running egg_info
[2.020s] writing ../../build/robot_sample_example/robot_sample_example.egg-info/PKG-INFO
[2.025s] writing dependency_links to ../../build/robot_sample_example/robot_sample_example.egg-info/dependency_links.txt
[2.026s] writing entry points to ../../build/robot_sample_example/robot_sample_example.egg-info/entry_points.txt
[2.026s] writing requirements to ../../build/robot_sample_example/robot_sample_example.egg-info/requires.txt
[2.029s] writing top-level names to ../../build/robot_sample_example/robot_sample_example.egg-info/top_level.txt
[2.033s] reading manifest file '../../build/robot_sample_example/robot_sample_example.egg-info/SOURCES.txt'
[2.071s] writing manifest file '../../build/robot_sample_example/robot_sample_example.egg-info/SOURCES.txt'
[2.071s] running build
[2.075s] running build_py
[2.075s] running install
[2.077s] running install_lib
[2.081s] running install_data
[2.082s] running install_egg_info
[2.089s] removing '/home/aoutir/rc_car/install/robot_sample_example/lib/python3.10/site-packages/robot_sample_example-0.0.0-py3.10.egg-info' (and everything under it)
[2.097s] Copying ../../build/robot_sample_example/robot_sample_example.egg-info to /home/aoutir/rc_car/install/robot_sample_example/lib/python3.10/site-packages/robot_sample_example-0.0.0-py3.10.egg-info
[2.100s] running install_scripts
[2.137s] Installing create_parameter script to /home/aoutir/rc_car/install/robot_sample_example/lib/robot_sample_example
[2.141s] writing list of installed files to '/home/aoutir/rc_car/build/robot_sample_example/install.log'
[2.195s] Invoked command in '/home/aoutir/rc_car/src/robot_sample_example' returned '0': PYTHONPATH=/home/aoutir/rc_car/build/robot_sample_example/prefix_override:/home/aoutir/rc_car/install/robot_sample_example/lib/python3.10/site-packages:${PYTHONPATH} /usr/bin/python3 -W ignore:setup.py install is deprecated setup.py egg_info --egg-base ../../build/robot_sample_example build --build-base /home/aoutir/rc_car/build/robot_sample_example/build install --record /home/aoutir/rc_car/build/robot_sample_example/install.log --single-version-externally-managed install_data
