[1.152s] Invoking command in '/home/aoutir/rc_car/robot_example': PYTHONPATH=/home/aoutir/rc_car/build/robot_example/prefix_override:/home/aoutir/rc_car/install/robot_example/lib/python3.10/site-packages:${PYTHONPATH} /usr/bin/python3 -W ignore:setup.py install is deprecated setup.py egg_info --egg-base ../build/robot_example build --build-base /home/aoutir/rc_car/build/robot_example/build install --record /home/aoutir/rc_car/build/robot_example/install.log --single-version-externally-managed install_data
[1.564s] running egg_info
[1.566s] writing ../build/robot_example/robot_example.egg-info/PKG-INFO
[1.568s] writing dependency_links to ../build/robot_example/robot_example.egg-info/dependency_links.txt
[1.570s] writing entry points to ../build/robot_example/robot_example.egg-info/entry_points.txt
[1.571s] writing requirements to ../build/robot_example/robot_example.egg-info/requires.txt
[1.572s] writing top-level names to ../build/robot_example/robot_example.egg-info/top_level.txt
[1.576s] reading manifest file '../build/robot_example/robot_example.egg-info/SOURCES.txt'
[1.578s] writing manifest file '../build/robot_example/robot_example.egg-info/SOURCES.txt'
[1.578s] running build
[1.579s] running build_py
[1.579s] running install
[1.580s] running install_lib
[1.582s] running install_data
[1.583s] running install_egg_info
[1.587s] removing '/home/aoutir/rc_car/install/robot_example/lib/python3.10/site-packages/robot_example-0.0.0-py3.10.egg-info' (and everything under it)
[1.604s] Copying ../build/robot_example/robot_example.egg-info to /home/aoutir/rc_car/install/robot_example/lib/python3.10/site-packages/robot_example-0.0.0-py3.10.egg-info
[1.605s] running install_scripts
[1.646s] writing list of installed files to '/home/aoutir/rc_car/build/robot_example/install.log'
[1.711s] Invoked command in '/home/aoutir/rc_car/robot_example' returned '0': PYTHONPATH=/home/aoutir/rc_car/build/robot_example/prefix_override:/home/aoutir/rc_car/install/robot_example/lib/python3.10/site-packages:${PYTHONPATH} /usr/bin/python3 -W ignore:setup.py install is deprecated setup.py egg_info --egg-base ../build/robot_example build --build-base /home/aoutir/rc_car/build/robot_example/build install --record /home/aoutir/rc_car/build/robot_example/install.log --single-version-externally-managed install_data
