[0.010s] Invoking command in '/home/abdou/A/rc_car/Auto-Car-Project/build/robot_desc': CMAKE_PREFIX_PATH=${CMAKE_PREFIX_PATH}:/opt/ros/iron /usr/bin/cmake --build /home/abdou/A/rc_car/Auto-Car-Project/build/robot_desc -- -j8 -l8
[0.031s] -- Found ament_cmake: 2.0.4 (/opt/ros/iron/share/ament_cmake/cmake)
[0.163s] -- Found ament_lint_auto: 0.14.3 (/opt/ros/iron/share/ament_lint_auto/cmake)
[0.227s] -- Added test 'flake8' to check Python code syntax and style conventions
[0.227s] -- Configured 'flake8' exclude dirs and/or files: 
[0.228s] -- Added test 'lint_cmake' to check CMake code style
[0.228s] -- Added test 'pep257' to check Python code against some of the docstring style conventions in PEP 257
[0.230s] -- Added test 'xmllint' to check XML markup files
[0.231s] -- Configuring done
[0.235s] -- Generating done
[0.236s] -- Build files have been written to: /home/abdou/A/rc_car/Auto-Car-Project/build/robot_desc
[0.258s] Invoked command in '/home/abdou/A/rc_car/Auto-Car-Project/build/robot_desc' returned '0': CMAKE_PREFIX_PATH=${CMAKE_PREFIX_PATH}:/opt/ros/iron /usr/bin/cmake --build /home/abdou/A/rc_car/Auto-Car-Project/build/robot_desc -- -j8 -l8
[0.285s] Invoking command in '/home/abdou/A/rc_car/Auto-Car-Project/build/robot_desc': CMAKE_PREFIX_PATH=${CMAKE_PREFIX_PATH}:/opt/ros/iron /usr/bin/cmake --install /home/abdou/A/rc_car/Auto-Car-Project/build/robot_desc
[0.292s] -- Install configuration: ""
[0.292s] -- Installing: /home/abdou/A/rc_car/Auto-Car-Project/install/robot_desc/share/robot_desc/urdf
[0.292s] -- Installing: /home/abdou/A/rc_car/Auto-Car-Project/install/robot_desc/share/robot_desc/urdf/robot_ros2_control.xacro
[0.292s] -- Installing: /home/abdou/A/rc_car/Auto-Car-Project/install/robot_desc/share/robot_desc/urdf/lidar.xacro
[0.292s] -- Installing: /home/abdou/A/rc_car/Auto-Car-Project/install/robot_desc/share/robot_desc/urdf/gazebo_control.xacro
[0.292s] -- Installing: /home/abdou/A/rc_car/Auto-Car-Project/install/robot_desc/share/robot_desc/urdf/robot_description.xacro
[0.292s] -- Installing: /home/abdou/A/rc_car/Auto-Car-Project/install/robot_desc/share/robot_desc/urdf/robot_gazebo.urdf.xacro
[0.292s] -- Installing: /home/abdou/A/rc_car/Auto-Car-Project/install/robot_desc/share/robot_desc/rviz
[0.293s] -- Installing: /home/abdou/A/rc_car/Auto-Car-Project/install/robot_desc/share/robot_desc/rviz/display.rviz
[0.293s] -- Installing: /home/abdou/A/rc_car/Auto-Car-Project/install/robot_desc/share/robot_desc/launch
[0.293s] -- Installing: /home/abdou/A/rc_car/Auto-Car-Project/install/robot_desc/share/robot_desc/launch/robot.launch.py
[0.293s] -- Installing: /home/abdou/A/rc_car/Auto-Car-Project/install/robot_desc/share/robot_desc/launch/gazebo.launch.py
[0.293s] -- Installing: /home/abdou/A/rc_car/Auto-Car-Project/install/robot_desc/share/ament_index/resource_index/package_run_dependencies/robot_desc
[0.293s] -- Installing: /home/abdou/A/rc_car/Auto-Car-Project/install/robot_desc/share/ament_index/resource_index/parent_prefix_path/robot_desc
[0.293s] -- Up-to-date: /home/abdou/A/rc_car/Auto-Car-Project/install/robot_desc/share/robot_desc/environment/ament_prefix_path.sh
[0.293s] -- Up-to-date: /home/abdou/A/rc_car/Auto-Car-Project/install/robot_desc/share/robot_desc/environment/ament_prefix_path.dsv
[0.293s] -- Up-to-date: /home/abdou/A/rc_car/Auto-Car-Project/install/robot_desc/share/robot_desc/environment/path.sh
[0.293s] -- Up-to-date: /home/abdou/A/rc_car/Auto-Car-Project/install/robot_desc/share/robot_desc/environment/path.dsv
[0.293s] -- Up-to-date: /home/abdou/A/rc_car/Auto-Car-Project/install/robot_desc/share/robot_desc/local_setup.bash
[0.293s] -- Up-to-date: /home/abdou/A/rc_car/Auto-Car-Project/install/robot_desc/share/robot_desc/local_setup.sh
[0.293s] -- Up-to-date: /home/abdou/A/rc_car/Auto-Car-Project/install/robot_desc/share/robot_desc/local_setup.zsh
[0.293s] -- Up-to-date: /home/abdou/A/rc_car/Auto-Car-Project/install/robot_desc/share/robot_desc/local_setup.dsv
[0.294s] -- Up-to-date: /home/abdou/A/rc_car/Auto-Car-Project/install/robot_desc/share/robot_desc/package.dsv
[0.294s] -- Up-to-date: /home/abdou/A/rc_car/Auto-Car-Project/install/robot_desc/share/ament_index/resource_index/packages/robot_desc
[0.294s] -- Up-to-date: /home/abdou/A/rc_car/Auto-Car-Project/install/robot_desc/share/robot_desc/cmake/robot_descConfig.cmake
[0.294s] -- Up-to-date: /home/abdou/A/rc_car/Auto-Car-Project/install/robot_desc/share/robot_desc/cmake/robot_descConfig-version.cmake
[0.294s] -- Installing: /home/abdou/A/rc_car/Auto-Car-Project/install/robot_desc/share/robot_desc/package.xml
[0.295s] Invoked command in '/home/abdou/A/rc_car/Auto-Car-Project/build/robot_desc' returned '0': CMAKE_PREFIX_PATH=${CMAKE_PREFIX_PATH}:/opt/ros/iron /usr/bin/cmake --install /home/abdou/A/rc_car/Auto-Car-Project/build/robot_desc
