[0.016s] Invoking command in '/home/abdou/A/rc_car/Auto-Car-Project/build/robot_desc': CMAKE_PREFIX_PATH=${CMAKE_PREFIX_PATH}:/opt/ros/iron /usr/bin/cmake --build /home/abdou/A/rc_car/Auto-Car-Project/build/robot_desc -- -j8 -l8
[0.048s] -- Found ament_cmake: 2.0.4 (/opt/ros/iron/share/ament_cmake/cmake)
[0.221s] -- Found xacro: 2.0.9 (/opt/ros/iron/share/xacro/cmake)
[0.221s] -- Found ament_lint_auto: 0.14.3 (/opt/ros/iron/share/ament_lint_auto/cmake)
[0.290s] -- Added test 'flake8' to check Python code syntax and style conventions
[0.290s] -- Configured 'flake8' exclude dirs and/or files: 
[0.290s] -- Added test 'lint_cmake' to check CMake code style
[0.291s] -- Added test 'pep257' to check Python code against some of the docstring style conventions in PEP 257
[0.292s] -- Added test 'xmllint' to check XML markup files
[0.293s] -- Configuring done
[0.295s] -- Generating done
[0.296s] -- Build files have been written to: /home/abdou/A/rc_car/Auto-Car-Project/build/robot_desc
[0.317s] Invoked command in '/home/abdou/A/rc_car/Auto-Car-Project/build/robot_desc' returned '0': CMAKE_PREFIX_PATH=${CMAKE_PREFIX_PATH}:/opt/ros/iron /usr/bin/cmake --build /home/abdou/A/rc_car/Auto-Car-Project/build/robot_desc -- -j8 -l8
[0.346s] Invoking command in '/home/abdou/A/rc_car/Auto-Car-Project/build/robot_desc': CMAKE_PREFIX_PATH=${CMAKE_PREFIX_PATH}:/opt/ros/iron /usr/bin/cmake --install /home/abdou/A/rc_car/Auto-Car-Project/build/robot_desc
[0.352s] -- Install configuration: ""
[0.353s] -- Up-to-date: /home/abdou/A/rc_car/Auto-Car-Project/install/robot_desc/share/robot_desc/urdf
[0.353s] -- Up-to-date: /home/abdou/A/rc_car/Auto-Car-Project/install/robot_desc/share/robot_desc/urdf/robot_ros2_control.xacro
[0.353s] -- Up-to-date: /home/abdou/A/rc_car/Auto-Car-Project/install/robot_desc/share/robot_desc/urdf/lidar.xacro
[0.353s] -- Up-to-date: /home/abdou/A/rc_car/Auto-Car-Project/install/robot_desc/share/robot_desc/urdf/gazebo_control.xacro
[0.353s] -- Up-to-date: /home/abdou/A/rc_car/Auto-Car-Project/install/robot_desc/share/robot_desc/urdf/robot_description.xacro
[0.353s] -- Up-to-date: /home/abdou/A/rc_car/Auto-Car-Project/install/robot_desc/share/robot_desc/urdf/robot_gazebo.urdf.xacro
[0.353s] -- Up-to-date: /home/abdou/A/rc_car/Auto-Car-Project/install/robot_desc/share/robot_desc/rviz
[0.353s] -- Up-to-date: /home/abdou/A/rc_car/Auto-Car-Project/install/robot_desc/share/robot_desc/rviz/display.rviz
[0.353s] -- Installing: /home/abdou/A/rc_car/Auto-Car-Project/install/robot_desc/share/robot_desc/models
[0.353s] -- Installing: /home/abdou/A/rc_car/Auto-Car-Project/install/robot_desc/share/robot_desc/models/models
[0.354s] -- Installing: /home/abdou/A/rc_car/Auto-Car-Project/install/robot_desc/share/robot_desc/models/models/models
[0.354s] -- Installing: /home/abdou/A/rc_car/Auto-Car-Project/install/robot_desc/share/robot_desc/models/models/models/ground_plane
[0.354s] -- Installing: /home/abdou/A/rc_car/Auto-Car-Project/install/robot_desc/share/robot_desc/models/models/models/ground_plane/model-1_3.sdf
[0.354s] -- Installing: /home/abdou/A/rc_car/Auto-Car-Project/install/robot_desc/share/robot_desc/models/models/models/ground_plane/model.config
[0.354s] -- Installing: /home/abdou/A/rc_car/Auto-Car-Project/install/robot_desc/share/robot_desc/models/models/models/ground_plane/model.sdf
[0.354s] -- Installing: /home/abdou/A/rc_car/Auto-Car-Project/install/robot_desc/share/robot_desc/models/models/models/ground_plane/model-1_4.sdf
[0.354s] -- Installing: /home/abdou/A/rc_car/Auto-Car-Project/install/robot_desc/share/robot_desc/models/models/models/ground_plane/model-1_2.sdf
[0.354s] -- Installing: /home/abdou/A/rc_car/Auto-Car-Project/install/robot_desc/share/robot_desc/models/models/models/sun
[0.354s] -- Installing: /home/abdou/A/rc_car/Auto-Car-Project/install/robot_desc/share/robot_desc/models/models/models/sun/model-1_3.sdf
[0.354s] -- Installing: /home/abdou/A/rc_car/Auto-Car-Project/install/robot_desc/share/robot_desc/models/models/models/sun/model.config
[0.354s] -- Installing: /home/abdou/A/rc_car/Auto-Car-Project/install/robot_desc/share/robot_desc/models/models/models/sun/model.sdf
[0.355s] -- Installing: /home/abdou/A/rc_car/Auto-Car-Project/install/robot_desc/share/robot_desc/models/models/models/sun/model-1_4.sdf
[0.355s] -- Installing: /home/abdou/A/rc_car/Auto-Car-Project/install/robot_desc/share/robot_desc/models/models/models/sun/model-1_2.sdf
[0.355s] -- Up-to-date: /home/abdou/A/rc_car/Auto-Car-Project/install/robot_desc/share/robot_desc/launch
[0.355s] -- Installing: /home/abdou/A/rc_car/Auto-Car-Project/install/robot_desc/share/robot_desc/launch/robot.launch.py
[0.355s] -- Up-to-date: /home/abdou/A/rc_car/Auto-Car-Project/install/robot_desc/share/robot_desc/launch/gazebo.launch.py
[0.355s] -- Up-to-date: /home/abdou/A/rc_car/Auto-Car-Project/install/robot_desc/share/ament_index/resource_index/package_run_dependencies/robot_desc
[0.355s] -- Up-to-date: /home/abdou/A/rc_car/Auto-Car-Project/install/robot_desc/share/ament_index/resource_index/parent_prefix_path/robot_desc
[0.355s] -- Up-to-date: /home/abdou/A/rc_car/Auto-Car-Project/install/robot_desc/share/robot_desc/environment/ament_prefix_path.sh
[0.355s] -- Up-to-date: /home/abdou/A/rc_car/Auto-Car-Project/install/robot_desc/share/robot_desc/environment/ament_prefix_path.dsv
[0.355s] -- Up-to-date: /home/abdou/A/rc_car/Auto-Car-Project/install/robot_desc/share/robot_desc/environment/path.sh
[0.355s] -- Up-to-date: /home/abdou/A/rc_car/Auto-Car-Project/install/robot_desc/share/robot_desc/environment/path.dsv
[0.355s] -- Up-to-date: /home/abdou/A/rc_car/Auto-Car-Project/install/robot_desc/share/robot_desc/local_setup.bash
[0.355s] -- Up-to-date: /home/abdou/A/rc_car/Auto-Car-Project/install/robot_desc/share/robot_desc/local_setup.sh
[0.355s] -- Up-to-date: /home/abdou/A/rc_car/Auto-Car-Project/install/robot_desc/share/robot_desc/local_setup.zsh
[0.355s] -- Up-to-date: /home/abdou/A/rc_car/Auto-Car-Project/install/robot_desc/share/robot_desc/local_setup.dsv
[0.355s] -- Installing: /home/abdou/A/rc_car/Auto-Car-Project/install/robot_desc/share/robot_desc/package.dsv
[0.356s] -- Up-to-date: /home/abdou/A/rc_car/Auto-Car-Project/install/robot_desc/share/ament_index/resource_index/packages/robot_desc
[0.356s] -- Up-to-date: /home/abdou/A/rc_car/Auto-Car-Project/install/robot_desc/share/robot_desc/cmake/robot_descConfig.cmake
[0.356s] -- Up-to-date: /home/abdou/A/rc_car/Auto-Car-Project/install/robot_desc/share/robot_desc/cmake/robot_descConfig-version.cmake
[0.356s] -- Up-to-date: /home/abdou/A/rc_car/Auto-Car-Project/install/robot_desc/share/robot_desc/package.xml
[0.357s] Invoked command in '/home/abdou/A/rc_car/Auto-Car-Project/build/robot_desc' returned '0': CMAKE_PREFIX_PATH=${CMAKE_PREFIX_PATH}:/opt/ros/iron /usr/bin/cmake --install /home/abdou/A/rc_car/Auto-Car-Project/build/robot_desc
