[1.533s] Invoking command in '/home/aoutir/rc_car/robot_example': PYTHONPATH=/home/aoutir/rc_car/build/robot_example/prefix_override:/home/aoutir/rc_car/install/robot_example/lib/python3.10/site-packages:${PYTHONPATH} /usr/bin/python3 -W ignore:setup.py install is deprecated setup.py egg_info --egg-base ../build/robot_example build --build-base /home/aoutir/rc_car/build/robot_example/build install --record /home/aoutir/rc_car/build/robot_example/install.log --single-version-externally-managed install_data
[2.185s] running egg_info
[2.185s] writing ../build/robot_example/robot_example.egg-info/PKG-INFO
[2.185s] writing dependency_links to ../build/robot_example/robot_example.egg-info/dependency_links.txt
[2.185s] writing entry points to ../build/robot_example/robot_example.egg-info/entry_points.txt
[2.185s] writing requirements to ../build/robot_example/robot_example.egg-info/requires.txt
[2.186s] writing top-level names to ../build/robot_example/robot_example.egg-info/top_level.txt
[2.219s] reading manifest file '../build/robot_example/robot_example.egg-info/SOURCES.txt'
[2.219s] writing manifest file '../build/robot_example/robot_example.egg-info/SOURCES.txt'
[2.219s] running build
[2.219s] running build_py
[2.219s] running install
[2.219s] running install_lib
[2.219s] running install_data
[2.219s] running install_egg_info
[2.219s] removing '/home/aoutir/rc_car/install/robot_example/lib/python3.10/site-packages/robot_example-0.0.0-py3.10.egg-info' (and everything under it)
[2.220s] Copying ../build/robot_example/robot_example.egg-info to /home/aoutir/rc_car/install/robot_example/lib/python3.10/site-packages/robot_example-0.0.0-py3.10.egg-info
[2.220s] running install_scripts
[2.249s] writing list of installed files to '/home/aoutir/rc_car/build/robot_example/install.log'
[2.347s] Invoked command in '/home/aoutir/rc_car/robot_example' returned '0': PYTHONPATH=/home/aoutir/rc_car/build/robot_example/prefix_override:/home/aoutir/rc_car/install/robot_example/lib/python3.10/site-packages:${PYTHONPATH} /usr/bin/python3 -W ignore:setup.py install is deprecated setup.py egg_info --egg-base ../build/robot_example build --build-base /home/aoutir/rc_car/build/robot_example/build install --record /home/aoutir/rc_car/build/robot_example/install.log --single-version-externally-managed install_data
