-- Install configuration: ""
-- Up-to-date: /home/abdou/A/ROS2-Auto-Robot/install/auto_robot/share/auto_robot/launch
-- Up-to-date: /home/abdou/A/ROS2-Auto-Robot/install/auto_robot/share/auto_robot/launch/launch_sim.launch.py
-- Up-to-date: /home/abdou/A/ROS2-Auto-Robot/install/auto_robot/share/auto_robot/launch/rsp.launch.py
-- Up-to-date: /home/abdou/A/ROS2-Auto-Robot/install/auto_robot/share/auto_robot/config
-- Up-to-date: /home/abdou/A/ROS2-Auto-Robot/install/auto_robot/share/auto_robot/config/view_bot.rviz
-- Up-to-date: /home/abdou/A/ROS2-Auto-Robot/install/auto_robot/share/auto_robot/config/empty.yaml
-- Up-to-date: /home/abdou/A/ROS2-Auto-Robot/install/auto_robot/share/auto_robot/description
-- Up-to-date: /home/abdou/A/ROS2-Auto-Robot/install/auto_robot/share/auto_robot/description/inertial_macros.xacro
-- Installing: /home/abdou/A/ROS2-Auto-Robot/install/auto_robot/share/auto_robot/description/robot_core.xacro
-- Up-to-date: /home/abdou/A/ROS2-Auto-Robot/install/auto_robot/share/auto_robot/description/robot.urdf.xacro
-- Up-to-date: /home/abdou/A/ROS2-Auto-Robot/install/auto_robot/share/auto_robot/worlds
-- Up-to-date: /home/abdou/A/ROS2-Auto-Robot/install/auto_robot/share/auto_robot/worlds/empty.world
-- Up-to-date: /home/abdou/A/ROS2-Auto-Robot/install/auto_robot/share/ament_index/resource_index/package_run_dependencies/auto_robot
-- Up-to-date: /home/abdou/A/ROS2-Auto-Robot/install/auto_robot/share/ament_index/resource_index/parent_prefix_path/auto_robot
-- Up-to-date: /home/abdou/A/ROS2-Auto-Robot/install/auto_robot/share/auto_robot/environment/ament_prefix_path.sh
-- Up-to-date: /home/abdou/A/ROS2-Auto-Robot/install/auto_robot/share/auto_robot/environment/ament_prefix_path.dsv
-- Up-to-date: /home/abdou/A/ROS2-Auto-Robot/install/auto_robot/share/auto_robot/environment/path.sh
-- Up-to-date: /home/abdou/A/ROS2-Auto-Robot/install/auto_robot/share/auto_robot/environment/path.dsv
-- Up-to-date: /home/abdou/A/ROS2-Auto-Robot/install/auto_robot/share/auto_robot/local_setup.bash
-- Up-to-date: /home/abdou/A/ROS2-Auto-Robot/install/auto_robot/share/auto_robot/local_setup.sh
-- Up-to-date: /home/abdou/A/ROS2-Auto-Robot/install/auto_robot/share/auto_robot/local_setup.zsh
-- Up-to-date: /home/abdou/A/ROS2-Auto-Robot/install/auto_robot/share/auto_robot/local_setup.dsv
-- Installing: /home/abdou/A/ROS2-Auto-Robot/install/auto_robot/share/auto_robot/package.dsv
-- Up-to-date: /home/abdou/A/ROS2-Auto-Robot/install/auto_robot/share/ament_index/resource_index/packages/auto_robot
-- Up-to-date: /home/abdou/A/ROS2-Auto-Robot/install/auto_robot/share/auto_robot/cmake/auto_robotConfig.cmake
-- Up-to-date: /home/abdou/A/ROS2-Auto-Robot/install/auto_robot/share/auto_robot/cmake/auto_robotConfig-version.cmake
-- Up-to-date: /home/abdou/A/ROS2-Auto-Robot/install/auto_robot/share/auto_robot/package.xml
