[0.017s] Invoking command in '/home/abdou/A/ROS2-Auto-Robot/build/auto_robot': CMAKE_PREFIX_PATH=/opt/ros/iron /usr/bin/cmake --build /home/abdou/A/ROS2-Auto-Robot/build/auto_robot -- -j8 -l8
[0.092s] Invoked command in '/home/abdou/A/ROS2-Auto-Robot/build/auto_robot' returned '0': CMAKE_PREFIX_PATH=/opt/ros/iron /usr/bin/cmake --build /home/abdou/A/ROS2-Auto-Robot/build/auto_robot -- -j8 -l8
[0.138s] Invoking command in '/home/abdou/A/ROS2-Auto-Robot/build/auto_robot': CMAKE_PREFIX_PATH=/opt/ros/iron /usr/bin/cmake --install /home/abdou/A/ROS2-Auto-Robot/build/auto_robot
[0.151s] -- Install configuration: ""
[0.151s] -- Up-to-date: /home/abdou/A/ROS2-Auto-Robot/install/auto_robot/share/auto_robot/launch
[0.151s] -- Up-to-date: /home/abdou/A/ROS2-Auto-Robot/install/auto_robot/share/auto_robot/launch/launch_sim.launch.py
[0.152s] -- Up-to-date: /home/abdou/A/ROS2-Auto-Robot/install/auto_robot/share/auto_robot/launch/rsp.launch.py
[0.152s] -- Up-to-date: /home/abdou/A/ROS2-Auto-Robot/install/auto_robot/share/auto_robot/config
[0.152s] -- Up-to-date: /home/abdou/A/ROS2-Auto-Robot/install/auto_robot/share/auto_robot/config/slam_map.rviz
[0.153s] -- Up-to-date: /home/abdou/A/ROS2-Auto-Robot/install/auto_robot/share/auto_robot/config/map.rviz
[0.153s] -- Up-to-date: /home/abdou/A/ROS2-Auto-Robot/install/auto_robot/share/auto_robot/config/nav.rviz
[0.153s] -- Up-to-date: /home/abdou/A/ROS2-Auto-Robot/install/auto_robot/share/auto_robot/config/mapper_params_online_async.yaml
[0.154s] -- Up-to-date: /home/abdou/A/ROS2-Auto-Robot/install/auto_robot/share/auto_robot/config/main.rviz
[0.154s] -- Up-to-date: /home/abdou/A/ROS2-Auto-Robot/install/auto_robot/share/auto_robot/config/view_bot.rviz
[0.154s] -- Up-to-date: /home/abdou/A/ROS2-Auto-Robot/install/auto_robot/share/auto_robot/config/drive_bot.rviz
[0.155s] -- Up-to-date: /home/abdou/A/ROS2-Auto-Robot/install/auto_robot/share/auto_robot/config/twist_mux.yaml
[0.155s] -- Up-to-date: /home/abdou/A/ROS2-Auto-Robot/install/auto_robot/share/auto_robot/config/gazebo_params.yaml
[0.155s] -- Up-to-date: /home/abdou/A/ROS2-Auto-Robot/install/auto_robot/share/auto_robot/config/empty.yaml
[0.155s] -- Up-to-date: /home/abdou/A/ROS2-Auto-Robot/install/auto_robot/share/auto_robot/config/nav2_params.yaml
[0.156s] -- Up-to-date: /home/abdou/A/ROS2-Auto-Robot/install/auto_robot/share/auto_robot/description
[0.156s] -- Up-to-date: /home/abdou/A/ROS2-Auto-Robot/install/auto_robot/share/auto_robot/description/inertial_macros.xacro
[0.156s] -- Up-to-date: /home/abdou/A/ROS2-Auto-Robot/install/auto_robot/share/auto_robot/description/robot_core.xacro
[0.156s] -- Up-to-date: /home/abdou/A/ROS2-Auto-Robot/install/auto_robot/share/auto_robot/description/lidar.xacro
[0.157s] -- Up-to-date: /home/abdou/A/ROS2-Auto-Robot/install/auto_robot/share/auto_robot/description/camera.xacro
[0.157s] -- Up-to-date: /home/abdou/A/ROS2-Auto-Robot/install/auto_robot/share/auto_robot/description/face.xacro
[0.158s] -- Up-to-date: /home/abdou/A/ROS2-Auto-Robot/install/auto_robot/share/auto_robot/description/gazebo_control.xacro
[0.159s] -- Up-to-date: /home/abdou/A/ROS2-Auto-Robot/install/auto_robot/share/auto_robot/description/robot.urdf.xacro
[0.159s] -- Up-to-date: /home/abdou/A/ROS2-Auto-Robot/install/auto_robot/share/auto_robot/description/depth_camera.xacro
[0.159s] -- Up-to-date: /home/abdou/A/ROS2-Auto-Robot/install/auto_robot/share/auto_robot/worlds
[0.160s] -- Up-to-date: /home/abdou/A/ROS2-Auto-Robot/install/auto_robot/share/auto_robot/worlds/empty.world
[0.160s] -- Up-to-date: /home/abdou/A/ROS2-Auto-Robot/install/auto_robot/share/auto_robot/worlds/maze.world
[0.160s] -- Up-to-date: /home/abdou/A/ROS2-Auto-Robot/install/auto_robot/share/ament_index/resource_index/package_run_dependencies/auto_robot
[0.161s] -- Up-to-date: /home/abdou/A/ROS2-Auto-Robot/install/auto_robot/share/ament_index/resource_index/parent_prefix_path/auto_robot
[0.161s] -- Up-to-date: /home/abdou/A/ROS2-Auto-Robot/install/auto_robot/share/auto_robot/environment/ament_prefix_path.sh
[0.161s] -- Up-to-date: /home/abdou/A/ROS2-Auto-Robot/install/auto_robot/share/auto_robot/environment/ament_prefix_path.dsv
[0.161s] -- Up-to-date: /home/abdou/A/ROS2-Auto-Robot/install/auto_robot/share/auto_robot/environment/path.sh
[0.162s] -- Up-to-date: /home/abdou/A/ROS2-Auto-Robot/install/auto_robot/share/auto_robot/environment/path.dsv
[0.162s] -- Up-to-date: /home/abdou/A/ROS2-Auto-Robot/install/auto_robot/share/auto_robot/local_setup.bash
[0.162s] -- Up-to-date: /home/abdou/A/ROS2-Auto-Robot/install/auto_robot/share/auto_robot/local_setup.sh
[0.163s] -- Up-to-date: /home/abdou/A/ROS2-Auto-Robot/install/auto_robot/share/auto_robot/local_setup.zsh
[0.163s] -- Up-to-date: /home/abdou/A/ROS2-Auto-Robot/install/auto_robot/share/auto_robot/local_setup.dsv
[0.164s] -- Installing: /home/abdou/A/ROS2-Auto-Robot/install/auto_robot/share/auto_robot/package.dsv
[0.164s] -- Up-to-date: /home/abdou/A/ROS2-Auto-Robot/install/auto_robot/share/ament_index/resource_index/packages/auto_robot
[0.164s] -- Up-to-date: /home/abdou/A/ROS2-Auto-Robot/install/auto_robot/share/auto_robot/cmake/auto_robotConfig.cmake
[0.164s] -- Up-to-date: /home/abdou/A/ROS2-Auto-Robot/install/auto_robot/share/auto_robot/cmake/auto_robotConfig-version.cmake
[0.165s] -- Up-to-date: /home/abdou/A/ROS2-Auto-Robot/install/auto_robot/share/auto_robot/package.xml
[0.165s] Invoked command in '/home/abdou/A/ROS2-Auto-Robot/build/auto_robot' returned '0': CMAKE_PREFIX_PATH=/opt/ros/iron /usr/bin/cmake --install /home/abdou/A/ROS2-Auto-Robot/build/auto_robot
