[0.134s] Invoking command in '/home/aoutir/rc_car/build/robot_controller': CMAKE_PREFIX_PATH=${CMAKE_PREFIX_PATH}:/home/aoutir/rc_car/install/robot_sample_example:/opt/ros/iron /usr/bin/cmake --build /home/aoutir/rc_car/build/robot_controller -- -j2 -l2
[0.342s] -- Found ament_cmake: 2.0.4 (/opt/ros/iron/share/ament_cmake/cmake)
[0.940s] -- Found rclpy: 4.1.4 (/opt/ros/iron/share/rclpy/cmake)
[0.977s] -- Found std_msgs: 5.0.0 (/opt/ros/iron/share/std_msgs/cmake)
[1.152s] -- Found rosidl_generator_c: 4.0.1 (/opt/ros/iron/share/rosidl_generator_c/cmake)
[1.289s] -- Found rosidl_generator_cpp: 4.0.1 (/opt/ros/iron/share/rosidl_generator_cpp/cmake)
[1.413s] -- Using all available rosidl_typesupport_c: rosidl_typesupport_fastrtps_c;rosidl_typesupport_introspection_c
[1.538s] -- Using all available rosidl_typesupport_cpp: rosidl_typesupport_fastrtps_cpp;rosidl_typesupport_introspection_cpp
[1.758s] -- Found geometry_msgs: 5.0.0 (/opt/ros/iron/share/geometry_msgs/cmake)
[2.170s] -- Found ament_lint_auto: 0.14.3 (/opt/ros/iron/share/ament_lint_auto/cmake)
[2.497s] -- Added test 'flake8' to check Python code syntax and style conventions
[2.497s] -- Configured 'flake8' exclude dirs and/or files: 
[2.503s] -- Added test 'lint_cmake' to check CMake code style
[2.503s] -- Added test 'pep257' to check Python code against some of the docstring style conventions in PEP 257
[2.522s] -- Added test 'xmllint' to check XML markup files
[2.536s] -- Configuring done
[2.608s] -- Generating done
[2.619s] -- Build files have been written to: /home/aoutir/rc_car/build/robot_controller
[2.822s] Built target ament_cmake_python_copy_robot_controller
[3.372s] running egg_info
[3.373s] creating robot_controller.egg-info
[3.373s] writing robot_controller.egg-info/PKG-INFO
[3.373s] writing dependency_links to robot_controller.egg-info/dependency_links.txt
[3.373s] writing top-level names to robot_controller.egg-info/top_level.txt
[3.376s] writing manifest file 'robot_controller.egg-info/SOURCES.txt'
[3.407s] reading manifest file 'robot_controller.egg-info/SOURCES.txt'
[3.410s] writing manifest file 'robot_controller.egg-info/SOURCES.txt'
[3.580s] Built target ament_cmake_python_build_robot_controller_egg
[3.620s] Invoked command in '/home/aoutir/rc_car/build/robot_controller' returned '0': CMAKE_PREFIX_PATH=${CMAKE_PREFIX_PATH}:/home/aoutir/rc_car/install/robot_sample_example:/opt/ros/iron /usr/bin/cmake --build /home/aoutir/rc_car/build/robot_controller -- -j2 -l2
[3.764s] Invoking command in '/home/aoutir/rc_car/build/robot_controller': CMAKE_PREFIX_PATH=${CMAKE_PREFIX_PATH}:/home/aoutir/rc_car/install/robot_sample_example:/opt/ros/iron /usr/bin/cmake --install /home/aoutir/rc_car/build/robot_controller
[3.791s] -- Install configuration: ""
[3.791s] -- Installing: /home/aoutir/rc_car/install/robot_controller/share/robot_controller/environment/pythonpath.sh
[3.792s] -- Installing: /home/aoutir/rc_car/install/robot_controller/share/robot_controller/environment/pythonpath.dsv
[3.792s] -- Installing: /home/aoutir/rc_car/install/robot_controller/lib/python3.10/site-packages/robot_controller-0.0.0-py3.10.egg-info
[3.792s] -- Installing: /home/aoutir/rc_car/install/robot_controller/lib/python3.10/site-packages/robot_controller-0.0.0-py3.10.egg-info/SOURCES.txt
[3.792s] -- Installing: /home/aoutir/rc_car/install/robot_controller/lib/python3.10/site-packages/robot_controller-0.0.0-py3.10.egg-info/PKG-INFO
[3.792s] -- Installing: /home/aoutir/rc_car/install/robot_controller/lib/python3.10/site-packages/robot_controller-0.0.0-py3.10.egg-info/dependency_links.txt
[3.792s] -- Installing: /home/aoutir/rc_car/install/robot_controller/lib/python3.10/site-packages/robot_controller-0.0.0-py3.10.egg-info/top_level.txt
[3.792s] -- Installing: /home/aoutir/rc_car/install/robot_controller/lib/python3.10/site-packages/robot_controller
[3.792s] -- Installing: /home/aoutir/rc_car/install/robot_controller/lib/python3.10/site-packages/robot_controller/simple_controller.py
[3.792s] -- Installing: /home/aoutir/rc_car/install/robot_controller/lib/python3.10/site-packages/robot_controller/__init__.py
[3.843s] Listing '/home/aoutir/rc_car/install/robot_controller/lib/python3.10/site-packages/robot_controller'...
[3.843s] Compiling '/home/aoutir/rc_car/install/robot_controller/lib/python3.10/site-packages/robot_controller/__init__.py'...
[3.844s] Compiling '/home/aoutir/rc_car/install/robot_controller/lib/python3.10/site-packages/robot_controller/simple_controller.py'...
[3.895s] -- Up-to-date: /home/aoutir/rc_car/install/robot_controller/share/robot_controller/config
[3.895s] -- Up-to-date: /home/aoutir/rc_car/install/robot_controller/share/robot_controller/config/robot_controllers.yaml
[3.895s] -- Up-to-date: /home/aoutir/rc_car/install/robot_controller/share/robot_controller/launch
[3.901s] -- Installing: /home/aoutir/rc_car/install/robot_controller/share/robot_controller/launch/controller.launch.py
[3.904s] [31mCMake Error at cmake_install.cmake:77 (file):
[3.904s]   file INSTALL cannot find
[3.904s]   "/home/aoutir/rc_car/src/robot_controller/$(PROJECT_NAME)/simple_controller.py":
[3.904s]   No such file or directory.
[3.904s] 
[3.904s] [0m
[3.922s] Invoked command in '/home/aoutir/rc_car/build/robot_controller' returned '1': CMAKE_PREFIX_PATH=${CMAKE_PREFIX_PATH}:/home/aoutir/rc_car/install/robot_sample_example:/opt/ros/iron /usr/bin/cmake --install /home/aoutir/rc_car/build/robot_controller
