[1.586s] Invoking command in '/home/aoutir/rc_car/src/robot_sample_example': PYTHONPATH=/home/aoutir/rc_car/build/robot_sample_example/prefix_override:/home/aoutir/rc_car/install/robot_sample_example/lib/python3.10/site-packages:${PYTHONPATH} /usr/bin/python3 -W ignore:setup.py install is deprecated setup.py egg_info --egg-base ../../build/robot_sample_example build --build-base /home/aoutir/rc_car/build/robot_sample_example/build install --record /home/aoutir/rc_car/build/robot_sample_example/install.log --single-version-externally-managed install_data
[2.145s] running egg_info
[2.147s] creating ../../build/robot_sample_example/robot_sample_example.egg-info
[2.148s] writing ../../build/robot_sample_example/robot_sample_example.egg-info/PKG-INFO
[2.149s] writing dependency_links to ../../build/robot_sample_example/robot_sample_example.egg-info/dependency_links.txt
[2.150s] writing entry points to ../../build/robot_sample_example/robot_sample_example.egg-info/entry_points.txt
[2.151s] writing requirements to ../../build/robot_sample_example/robot_sample_example.egg-info/requires.txt
[2.152s] writing top-level names to ../../build/robot_sample_example/robot_sample_example.egg-info/top_level.txt
[2.154s] writing manifest file '../../build/robot_sample_example/robot_sample_example.egg-info/SOURCES.txt'
[2.157s] reading manifest file '../../build/robot_sample_example/robot_sample_example.egg-info/SOURCES.txt'
[2.159s] writing manifest file '../../build/robot_sample_example/robot_sample_example.egg-info/SOURCES.txt'
[2.161s] running build
[2.161s] running build_py
[2.163s] creating /home/aoutir/rc_car/build/robot_sample_example/build
[2.166s] creating /home/aoutir/rc_car/build/robot_sample_example/build/lib
[2.167s] creating /home/aoutir/rc_car/build/robot_sample_example/build/lib/robot_sample_example
[2.167s] copying robot_sample_example/create_parameter.py -> /home/aoutir/rc_car/build/robot_sample_example/build/lib/robot_sample_example
[2.168s] copying robot_sample_example/__init__.py -> /home/aoutir/rc_car/build/robot_sample_example/build/lib/robot_sample_example
[2.168s] running install
[2.179s] running install_lib
[2.179s] creating /home/aoutir/rc_car/install/robot_sample_example/lib/python3.10/site-packages/robot_sample_example
[2.179s] copying /home/aoutir/rc_car/build/robot_sample_example/build/lib/robot_sample_example/create_parameter.py -> /home/aoutir/rc_car/install/robot_sample_example/lib/python3.10/site-packages/robot_sample_example
[2.179s] copying /home/aoutir/rc_car/build/robot_sample_example/build/lib/robot_sample_example/__init__.py -> /home/aoutir/rc_car/install/robot_sample_example/lib/python3.10/site-packages/robot_sample_example
[2.179s] byte-compiling /home/aoutir/rc_car/install/robot_sample_example/lib/python3.10/site-packages/robot_sample_example/create_parameter.py to create_parameter.cpython-310.pyc
[2.179s] byte-compiling /home/aoutir/rc_car/install/robot_sample_example/lib/python3.10/site-packages/robot_sample_example/__init__.py to __init__.cpython-310.pyc
[2.179s] running install_data
[2.179s] creating /home/aoutir/rc_car/install/robot_sample_example/share/ament_index
[2.180s] creating /home/aoutir/rc_car/install/robot_sample_example/share/ament_index/resource_index
[2.180s] creating /home/aoutir/rc_car/install/robot_sample_example/share/ament_index/resource_index/packages
[2.180s] copying resource/robot_sample_example -> /home/aoutir/rc_car/install/robot_sample_example/share/ament_index/resource_index/packages
[2.180s] copying package.xml -> /home/aoutir/rc_car/install/robot_sample_example/share/robot_sample_example
[2.180s] running install_egg_info
[2.180s] Copying ../../build/robot_sample_example/robot_sample_example.egg-info to /home/aoutir/rc_car/install/robot_sample_example/lib/python3.10/site-packages/robot_sample_example-0.0.0-py3.10.egg-info
[2.182s] running install_scripts
[2.211s] Installing create_parameter script to /home/aoutir/rc_car/install/robot_sample_example/lib/robot_sample_example
[2.214s] writing list of installed files to '/home/aoutir/rc_car/build/robot_sample_example/install.log'
[2.267s] Invoked command in '/home/aoutir/rc_car/src/robot_sample_example' returned '0': PYTHONPATH=/home/aoutir/rc_car/build/robot_sample_example/prefix_override:/home/aoutir/rc_car/install/robot_sample_example/lib/python3.10/site-packages:${PYTHONPATH} /usr/bin/python3 -W ignore:setup.py install is deprecated setup.py egg_info --egg-base ../../build/robot_sample_example build --build-base /home/aoutir/rc_car/build/robot_sample_example/build install --record /home/aoutir/rc_car/build/robot_sample_example/install.log --single-version-externally-managed install_data
