[0.029s] Invoking command in '/home/abdou/A/rc_car/Auto-Car-Project/build/robot_desc': CMAKE_PREFIX_PATH=${CMAKE_PREFIX_PATH}:/opt/ros/iron /usr/bin/cmake --build /home/abdou/A/rc_car/Auto-Car-Project/build/robot_desc -- -j8 -l8
[0.086s] Invoked command in '/home/abdou/A/rc_car/Auto-Car-Project/build/robot_desc' returned '0': CMAKE_PREFIX_PATH=${CMAKE_PREFIX_PATH}:/opt/ros/iron /usr/bin/cmake --build /home/abdou/A/rc_car/Auto-Car-Project/build/robot_desc -- -j8 -l8
[0.143s] Invoking command in '/home/abdou/A/rc_car/Auto-Car-Project/build/robot_desc': CMAKE_PREFIX_PATH=${CMAKE_PREFIX_PATH}:/opt/ros/iron /usr/bin/cmake --install /home/abdou/A/rc_car/Auto-Car-Project/build/robot_desc
[0.160s] -- Install configuration: ""
[0.160s] -- Up-to-date: /home/abdou/A/rc_car/Auto-Car-Project/install/robot_desc/share/robot_desc/urdf
[0.160s] -- Up-to-date: /home/abdou/A/rc_car/Auto-Car-Project/install/robot_desc/share/robot_desc/urdf/robot_ros2_control.xacro
[0.161s] -- Up-to-date: /home/abdou/A/rc_car/Auto-Car-Project/install/robot_desc/share/robot_desc/urdf/lidar.xacro
[0.161s] -- Up-to-date: /home/abdou/A/rc_car/Auto-Car-Project/install/robot_desc/share/robot_desc/urdf/gazebo_control.xacro
[0.161s] -- Up-to-date: /home/abdou/A/rc_car/Auto-Car-Project/install/robot_desc/share/robot_desc/urdf/robot_description.xacro
[0.162s] -- Up-to-date: /home/abdou/A/rc_car/Auto-Car-Project/install/robot_desc/share/robot_desc/urdf/robot_gazebo.urdf.xacro
[0.162s] -- Up-to-date: /home/abdou/A/rc_car/Auto-Car-Project/install/robot_desc/share/robot_desc/rviz
[0.162s] -- Up-to-date: /home/abdou/A/rc_car/Auto-Car-Project/install/robot_desc/share/robot_desc/rviz/display.rviz
[0.162s] -- Up-to-date: /home/abdou/A/rc_car/Auto-Car-Project/install/robot_desc/share/robot_desc/models
[0.163s] -- Up-to-date: /home/abdou/A/rc_car/Auto-Car-Project/install/robot_desc/share/robot_desc/models/models
[0.163s] -- Up-to-date: /home/abdou/A/rc_car/Auto-Car-Project/install/robot_desc/share/robot_desc/models/models/models
[0.163s] -- Up-to-date: /home/abdou/A/rc_car/Auto-Car-Project/install/robot_desc/share/robot_desc/models/models/models/ground_plane
[0.163s] -- Up-to-date: /home/abdou/A/rc_car/Auto-Car-Project/install/robot_desc/share/robot_desc/models/models/models/ground_plane/model-1_3.sdf
[0.163s] -- Up-to-date: /home/abdou/A/rc_car/Auto-Car-Project/install/robot_desc/share/robot_desc/models/models/models/ground_plane/model.config
[0.163s] -- Up-to-date: /home/abdou/A/rc_car/Auto-Car-Project/install/robot_desc/share/robot_desc/models/models/models/ground_plane/model.sdf
[0.164s] -- Up-to-date: /home/abdou/A/rc_car/Auto-Car-Project/install/robot_desc/share/robot_desc/models/models/models/ground_plane/model-1_4.sdf
[0.164s] -- Up-to-date: /home/abdou/A/rc_car/Auto-Car-Project/install/robot_desc/share/robot_desc/models/models/models/ground_plane/model-1_2.sdf
[0.164s] -- Up-to-date: /home/abdou/A/rc_car/Auto-Car-Project/install/robot_desc/share/robot_desc/models/models/models/sun
[0.164s] -- Up-to-date: /home/abdou/A/rc_car/Auto-Car-Project/install/robot_desc/share/robot_desc/models/models/models/sun/model-1_3.sdf
[0.165s] -- Up-to-date: /home/abdou/A/rc_car/Auto-Car-Project/install/robot_desc/share/robot_desc/models/models/models/sun/model.config
[0.167s] -- Up-to-date: /home/abdou/A/rc_car/Auto-Car-Project/install/robot_desc/share/robot_desc/models/models/models/sun/model.sdf
[0.168s] -- Up-to-date: /home/abdou/A/rc_car/Auto-Car-Project/install/robot_desc/share/robot_desc/models/models/models/sun/model-1_4.sdf
[0.169s] -- Up-to-date: /home/abdou/A/rc_car/Auto-Car-Project/install/robot_desc/share/robot_desc/models/models/models/sun/model-1_2.sdf
[0.169s] -- Up-to-date: /home/abdou/A/rc_car/Auto-Car-Project/install/robot_desc/share/robot_desc/launch
[0.170s] -- Up-to-date: /home/abdou/A/rc_car/Auto-Car-Project/install/robot_desc/share/robot_desc/launch/robot.launch.py
[0.170s] -- Up-to-date: /home/abdou/A/rc_car/Auto-Car-Project/install/robot_desc/share/robot_desc/launch/gazebo.launch.py
[0.171s] -- Up-to-date: /home/abdou/A/rc_car/Auto-Car-Project/install/robot_desc/share/ament_index/resource_index/package_run_dependencies/robot_desc
[0.171s] -- Up-to-date: /home/abdou/A/rc_car/Auto-Car-Project/install/robot_desc/share/ament_index/resource_index/parent_prefix_path/robot_desc
[0.172s] -- Up-to-date: /home/abdou/A/rc_car/Auto-Car-Project/install/robot_desc/share/robot_desc/environment/ament_prefix_path.sh
[0.173s] -- Up-to-date: /home/abdou/A/rc_car/Auto-Car-Project/install/robot_desc/share/robot_desc/environment/ament_prefix_path.dsv
[0.173s] -- Up-to-date: /home/abdou/A/rc_car/Auto-Car-Project/install/robot_desc/share/robot_desc/environment/path.sh
[0.173s] -- Up-to-date: /home/abdou/A/rc_car/Auto-Car-Project/install/robot_desc/share/robot_desc/environment/path.dsv
[0.173s] -- Up-to-date: /home/abdou/A/rc_car/Auto-Car-Project/install/robot_desc/share/robot_desc/local_setup.bash
[0.174s] -- Up-to-date: /home/abdou/A/rc_car/Auto-Car-Project/install/robot_desc/share/robot_desc/local_setup.sh
[0.174s] -- Up-to-date: /home/abdou/A/rc_car/Auto-Car-Project/install/robot_desc/share/robot_desc/local_setup.zsh
[0.174s] -- Up-to-date: /home/abdou/A/rc_car/Auto-Car-Project/install/robot_desc/share/robot_desc/local_setup.dsv
[0.174s] -- Installing: /home/abdou/A/rc_car/Auto-Car-Project/install/robot_desc/share/robot_desc/package.dsv
[0.175s] -- Up-to-date: /home/abdou/A/rc_car/Auto-Car-Project/install/robot_desc/share/ament_index/resource_index/packages/robot_desc
[0.175s] -- Up-to-date: /home/abdou/A/rc_car/Auto-Car-Project/install/robot_desc/share/robot_desc/cmake/robot_descConfig.cmake
[0.175s] -- Up-to-date: /home/abdou/A/rc_car/Auto-Car-Project/install/robot_desc/share/robot_desc/cmake/robot_descConfig-version.cmake
[0.176s] -- Up-to-date: /home/abdou/A/rc_car/Auto-Car-Project/install/robot_desc/share/robot_desc/package.xml
[0.176s] Invoked command in '/home/abdou/A/rc_car/Auto-Car-Project/build/robot_desc' returned '0': CMAKE_PREFIX_PATH=${CMAKE_PREFIX_PATH}:/opt/ros/iron /usr/bin/cmake --install /home/abdou/A/rc_car/Auto-Car-Project/build/robot_desc
