[0.366s] Invoking command in '/home/aoutir/rc_car/build/robot_desc': CMAKE_PREFIX_PATH=${CMAKE_PREFIX_PATH}:/home/aoutir/rc_car/install/robot_sample_example:/home/aoutir/rc_car/install/robot_example:/opt/ros/iron /usr/bin/cmake /home/aoutir/rc_car/src/robot_desc -DCMAKE_INSTALL_PREFIX=/home/aoutir/rc_car/install/robot_desc
[0.390s] -- Found ament_cmake: 2.0.4 (/opt/ros/iron/share/ament_cmake/cmake)
[1.107s] -- Override CMake install command with custom implementation using symlinks instead of copying resources
[1.123s] -- Found ament_lint_auto: 0.14.3 (/opt/ros/iron/share/ament_lint_auto/cmake)
[1.298s] -- Added test 'cppcheck' to perform static code analysis on C / C++ code
[1.298s] -- Configured cppcheck include dirs: 
[1.298s] -- Configured cppcheck exclude dirs and/or files: 
[1.301s] -- Added test 'flake8' to check Python code syntax and style conventions
[1.301s] -- Configured 'flake8' exclude dirs and/or files: 
[1.306s] -- Added test 'lint_cmake' to check CMake code style
[1.308s] -- Added test 'pep257' to check Python code against some of the docstring style conventions in PEP 257
[1.318s] -- Added test 'uncrustify' to check C / C++ code style
[1.318s] -- Configured uncrustify additional arguments: 
[1.321s] -- Added test 'xmllint' to check XML markup files
[1.325s] -- Configuring done
[1.341s] -- Generating done
[1.349s] -- Build files have been written to: /home/aoutir/rc_car/build/robot_desc
[1.363s] Invoked command in '/home/aoutir/rc_car/build/robot_desc' returned '0': CMAKE_PREFIX_PATH=${CMAKE_PREFIX_PATH}:/home/aoutir/rc_car/install/robot_sample_example:/home/aoutir/rc_car/install/robot_example:/opt/ros/iron /usr/bin/cmake /home/aoutir/rc_car/src/robot_desc -DCMAKE_INSTALL_PREFIX=/home/aoutir/rc_car/install/robot_desc
[1.376s] Invoking command in '/home/aoutir/rc_car/build/robot_desc': CMAKE_PREFIX_PATH=${CMAKE_PREFIX_PATH}:/home/aoutir/rc_car/install/robot_sample_example:/home/aoutir/rc_car/install/robot_example:/opt/ros/iron /usr/bin/cmake --build /home/aoutir/rc_car/build/robot_desc -- -j2 -l2
[1.449s] Invoked command in '/home/aoutir/rc_car/build/robot_desc' returned '0': CMAKE_PREFIX_PATH=${CMAKE_PREFIX_PATH}:/home/aoutir/rc_car/install/robot_sample_example:/home/aoutir/rc_car/install/robot_example:/opt/ros/iron /usr/bin/cmake --build /home/aoutir/rc_car/build/robot_desc -- -j2 -l2
[1.516s] Invoking command in '/home/aoutir/rc_car/build/robot_desc': CMAKE_PREFIX_PATH=${CMAKE_PREFIX_PATH}:/home/aoutir/rc_car/install/robot_sample_example:/home/aoutir/rc_car/install/robot_example:/opt/ros/iron /usr/bin/cmake --install /home/aoutir/rc_car/build/robot_desc
[1.532s] -- Install configuration: ""
[1.534s] -- Execute custom install script
[1.537s] -- Up-to-date symlink: /home/aoutir/rc_car/install/robot_desc/share/robot_desc/urdf/robot_description.urdf.xacro
[1.538s] -- Up-to-date symlink: /home/aoutir/rc_car/install/robot_desc/share/robot_desc/rviz/display.rviz
[1.540s] -- Up-to-date symlink: /home/aoutir/rc_car/install/robot_desc/share/ament_index/resource_index/package_run_dependencies/robot_desc
[1.541s] -- Up-to-date symlink: /home/aoutir/rc_car/install/robot_desc/share/ament_index/resource_index/parent_prefix_path/robot_desc
[1.543s] -- Up-to-date symlink: /home/aoutir/rc_car/install/robot_desc/share/robot_desc/environment/ament_prefix_path.sh
[1.544s] -- Up-to-date symlink: /home/aoutir/rc_car/install/robot_desc/share/robot_desc/environment/ament_prefix_path.dsv
[1.546s] -- Up-to-date symlink: /home/aoutir/rc_car/install/robot_desc/share/robot_desc/environment/path.sh
[1.547s] -- Up-to-date symlink: /home/aoutir/rc_car/install/robot_desc/share/robot_desc/environment/path.dsv
[1.548s] -- Up-to-date symlink: /home/aoutir/rc_car/install/robot_desc/share/robot_desc/local_setup.bash
[1.549s] -- Up-to-date symlink: /home/aoutir/rc_car/install/robot_desc/share/robot_desc/local_setup.sh
[1.550s] -- Up-to-date symlink: /home/aoutir/rc_car/install/robot_desc/share/robot_desc/local_setup.zsh
[1.551s] -- Up-to-date symlink: /home/aoutir/rc_car/install/robot_desc/share/robot_desc/local_setup.dsv
[1.551s] -- Symlinking: /home/aoutir/rc_car/install/robot_desc/share/robot_desc/package.dsv
[1.574s] -- Up-to-date symlink: /home/aoutir/rc_car/install/robot_desc/share/ament_index/resource_index/packages/robot_desc
[1.576s] -- Up-to-date symlink: /home/aoutir/rc_car/install/robot_desc/share/robot_desc/cmake/robot_descConfig.cmake
[1.577s] -- Up-to-date symlink: /home/aoutir/rc_car/install/robot_desc/share/robot_desc/cmake/robot_descConfig-version.cmake
[1.579s] -- Up-to-date symlink: /home/aoutir/rc_car/install/robot_desc/share/robot_desc/package.xml
[1.586s] Invoked command in '/home/aoutir/rc_car/build/robot_desc' returned '0': CMAKE_PREFIX_PATH=${CMAKE_PREFIX_PATH}:/home/aoutir/rc_car/install/robot_sample_example:/home/aoutir/rc_car/install/robot_example:/opt/ros/iron /usr/bin/cmake --install /home/aoutir/rc_car/build/robot_desc
