[0.133s] DEBUG:colcon:Command line arguments: ['/usr/bin/colcon', 'build']
[0.133s] DEBUG:colcon:Parsed command line arguments: Namespace(log_base=None, log_level=None, verb_name='build', build_base='build', install_base='install', merge_install=False, symlink_install=False, test_result_base=None, continue_on_error=False, executor='parallel', parallel_workers=8, event_handlers=None, ignore_user_meta=False, metas=['./colcon.meta'], base_paths=['.'], packages_ignore=None, packages_ignore_regex=None, paths=None, packages_up_to=None, packages_up_to_regex=None, packages_above=None, packages_above_and_dependencies=None, packages_above_depth=None, packages_select_by_dep=None, packages_skip_by_dep=None, packages_skip_up_to=None, packages_select_build_failed=False, packages_skip_build_finished=False, packages_select_test_failures=False, packages_skip_test_passed=False, packages_select=None, packages_skip=None, packages_select_regex=None, packages_skip_regex=None, packages_start=None, packages_end=None, allow_overriding=[], cmake_args=None, cmake_target=None, cmake_target_skip_unavailable=False, cmake_clean_cache=False, cmake_clean_first=False, cmake_force_configure=False, ament_cmake_args=None, catkin_cmake_args=None, catkin_skip_building_tests=False, mixin_files=None, mixin=None, verb_parser=<colcon_mixin.mixin.mixin_argument.MixinArgumentDecorator object at 0x7ace3fb42f50>, verb_extension=<colcon_core.verb.build.BuildVerb object at 0x7ace3fb42860>, main=<bound method BuildVerb.main of <colcon_core.verb.build.BuildVerb object at 0x7ace3fb42860>>, mixin_verb=('build',))
[0.378s] Level 1:colcon.colcon_core.package_discovery:discover_packages(colcon_meta) check parameters
[0.378s] Level 1:colcon.colcon_core.package_discovery:discover_packages(recursive) check parameters
[0.379s] Level 1:colcon.colcon_core.package_discovery:discover_packages(ignore) check parameters
[0.379s] Level 1:colcon.colcon_core.package_discovery:discover_packages(path) check parameters
[0.379s] Level 1:colcon.colcon_core.package_discovery:discover_packages(colcon_meta) discover
[0.379s] Level 1:colcon.colcon_core.package_discovery:discover_packages(recursive) discover
[0.379s] INFO:colcon.colcon_core.package_discovery:Crawling recursively for packages in '/home/abdou/A/ROS2-Auto-Robot'
[0.379s] Level 1:colcon.colcon_core.package_identification:_identify(.) by extensions ['ignore', 'ignore_ament_install']
[0.379s] Level 1:colcon.colcon_core.package_identification:_identify(.) by extension 'ignore'
[0.379s] Level 1:colcon.colcon_core.package_identification:_identify(.) by extension 'ignore_ament_install'
[0.379s] Level 1:colcon.colcon_core.package_identification:_identify(.) by extensions ['colcon_pkg']
[0.379s] Level 1:colcon.colcon_core.package_identification:_identify(.) by extension 'colcon_pkg'
[0.380s] Level 1:colcon.colcon_core.package_identification:_identify(.) by extensions ['colcon_meta']
[0.380s] Level 1:colcon.colcon_core.package_identification:_identify(.) by extension 'colcon_meta'
[0.380s] Level 1:colcon.colcon_core.package_identification:_identify(.) by extensions ['ros']
[0.380s] Level 1:colcon.colcon_core.package_identification:_identify(.) by extension 'ros'
[0.402s] Level 1:colcon.colcon_core.package_identification:_identify(.) by extensions ['cmake', 'python']
[0.402s] Level 1:colcon.colcon_core.package_identification:_identify(.) by extension 'cmake'
[0.402s] Level 1:colcon.colcon_core.package_identification:_identify(.) by extension 'python'
[0.402s] Level 1:colcon.colcon_core.package_identification:_identify(.) by extensions ['python_setup_py']
[0.402s] Level 1:colcon.colcon_core.package_identification:_identify(.) by extension 'python_setup_py'
[0.403s] Level 1:colcon.colcon_core.package_identification:_identify(build) by extensions ['ignore', 'ignore_ament_install']
[0.403s] Level 1:colcon.colcon_core.package_identification:_identify(build) by extension 'ignore'
[0.403s] Level 1:colcon.colcon_core.package_identification:_identify(build) ignored
[0.403s] Level 1:colcon.colcon_core.package_identification:_identify(install) by extensions ['ignore', 'ignore_ament_install']
[0.403s] Level 1:colcon.colcon_core.package_identification:_identify(install) by extension 'ignore'
[0.403s] Level 1:colcon.colcon_core.package_identification:_identify(install) ignored
[0.404s] Level 1:colcon.colcon_core.package_identification:_identify(log) by extensions ['ignore', 'ignore_ament_install']
[0.404s] Level 1:colcon.colcon_core.package_identification:_identify(log) by extension 'ignore'
[0.404s] Level 1:colcon.colcon_core.package_identification:_identify(log) ignored
[0.404s] Level 1:colcon.colcon_core.package_identification:_identify(src) by extensions ['ignore', 'ignore_ament_install']
[0.404s] Level 1:colcon.colcon_core.package_identification:_identify(src) by extension 'ignore'
[0.404s] Level 1:colcon.colcon_core.package_identification:_identify(src) by extension 'ignore_ament_install'
[0.404s] Level 1:colcon.colcon_core.package_identification:_identify(src) by extensions ['colcon_pkg']
[0.404s] Level 1:colcon.colcon_core.package_identification:_identify(src) by extension 'colcon_pkg'
[0.405s] Level 1:colcon.colcon_core.package_identification:_identify(src) by extensions ['colcon_meta']
[0.405s] Level 1:colcon.colcon_core.package_identification:_identify(src) by extension 'colcon_meta'
[0.405s] Level 1:colcon.colcon_core.package_identification:_identify(src) by extensions ['ros']
[0.405s] Level 1:colcon.colcon_core.package_identification:_identify(src) by extension 'ros'
[0.405s] Level 1:colcon.colcon_core.package_identification:_identify(src) by extensions ['cmake', 'python']
[0.405s] Level 1:colcon.colcon_core.package_identification:_identify(src) by extension 'cmake'
[0.405s] Level 1:colcon.colcon_core.package_identification:_identify(src) by extension 'python'
[0.405s] Level 1:colcon.colcon_core.package_identification:_identify(src) by extensions ['python_setup_py']
[0.405s] Level 1:colcon.colcon_core.package_identification:_identify(src) by extension 'python_setup_py'
[0.405s] Level 1:colcon.colcon_core.package_identification:_identify(src/auto_robot) by extensions ['ignore', 'ignore_ament_install']
[0.405s] Level 1:colcon.colcon_core.package_identification:_identify(src/auto_robot) by extension 'ignore'
[0.406s] Level 1:colcon.colcon_core.package_identification:_identify(src/auto_robot) by extension 'ignore_ament_install'
[0.406s] Level 1:colcon.colcon_core.package_identification:_identify(src/auto_robot) by extensions ['colcon_pkg']
[0.406s] Level 1:colcon.colcon_core.package_identification:_identify(src/auto_robot) by extension 'colcon_pkg'
[0.406s] Level 1:colcon.colcon_core.package_identification:_identify(src/auto_robot) by extensions ['colcon_meta']
[0.406s] Level 1:colcon.colcon_core.package_identification:_identify(src/auto_robot) by extension 'colcon_meta'
[0.406s] Level 1:colcon.colcon_core.package_identification:_identify(src/auto_robot) by extensions ['ros']
[0.406s] Level 1:colcon.colcon_core.package_identification:_identify(src/auto_robot) by extension 'ros'
[0.409s] DEBUG:colcon.colcon_core.package_identification:Package 'src/auto_robot' with type 'ros.ament_cmake' and name 'auto_robot'
[0.410s] Level 1:colcon.colcon_core.package_discovery:discover_packages(recursive) using defaults
[0.410s] Level 1:colcon.colcon_core.package_discovery:discover_packages(ignore) discover
[0.410s] Level 1:colcon.colcon_core.package_discovery:discover_packages(ignore) using defaults
[0.410s] Level 1:colcon.colcon_core.package_discovery:discover_packages(path) discover
[0.410s] Level 1:colcon.colcon_core.package_discovery:discover_packages(path) using defaults
[0.433s] Level 1:colcon.colcon_core.package_discovery:discover_packages(prefix_path) check parameters
[0.433s] Level 1:colcon.colcon_core.package_discovery:discover_packages(prefix_path) discover
[0.435s] DEBUG:colcon.colcon_installed_package_information.package_discovery:Found 1 installed packages in /home/abdou/A/ROS2-Auto-Robot/install
[0.437s] DEBUG:colcon.colcon_installed_package_information.package_discovery:Found 348 installed packages in /opt/ros/iron
[0.439s] Level 1:colcon.colcon_core.package_discovery:discover_packages(prefix_path) using defaults
[0.498s] Level 5:colcon.colcon_core.verb:set package 'auto_robot' build argument 'cmake_args' from command line to 'None'
[0.498s] Level 5:colcon.colcon_core.verb:set package 'auto_robot' build argument 'cmake_target' from command line to 'None'
[0.498s] Level 5:colcon.colcon_core.verb:set package 'auto_robot' build argument 'cmake_target_skip_unavailable' from command line to 'False'
[0.498s] Level 5:colcon.colcon_core.verb:set package 'auto_robot' build argument 'cmake_clean_cache' from command line to 'False'
[0.498s] Level 5:colcon.colcon_core.verb:set package 'auto_robot' build argument 'cmake_clean_first' from command line to 'False'
[0.498s] Level 5:colcon.colcon_core.verb:set package 'auto_robot' build argument 'cmake_force_configure' from command line to 'False'
[0.498s] Level 5:colcon.colcon_core.verb:set package 'auto_robot' build argument 'ament_cmake_args' from command line to 'None'
[0.498s] Level 5:colcon.colcon_core.verb:set package 'auto_robot' build argument 'catkin_cmake_args' from command line to 'None'
[0.498s] Level 5:colcon.colcon_core.verb:set package 'auto_robot' build argument 'catkin_skip_building_tests' from command line to 'False'
[0.498s] DEBUG:colcon.colcon_core.verb:Building package 'auto_robot' with the following arguments: {'ament_cmake_args': None, 'build_base': '/home/abdou/A/ROS2-Auto-Robot/build/auto_robot', 'catkin_cmake_args': None, 'catkin_skip_building_tests': False, 'cmake_args': None, 'cmake_clean_cache': False, 'cmake_clean_first': False, 'cmake_force_configure': False, 'cmake_target': None, 'cmake_target_skip_unavailable': False, 'install_base': '/home/abdou/A/ROS2-Auto-Robot/install/auto_robot', 'merge_install': False, 'path': '/home/abdou/A/ROS2-Auto-Robot/src/auto_robot', 'symlink_install': False, 'test_result_base': None}
[0.499s] INFO:colcon.colcon_core.executor:Executing jobs using 'parallel' executor
[0.500s] DEBUG:colcon.colcon_parallel_executor.executor.parallel:run_until_complete
[0.500s] INFO:colcon.colcon_ros.task.ament_cmake.build:Building ROS package in '/home/abdou/A/ROS2-Auto-Robot/src/auto_robot' with build type 'ament_cmake'
[0.501s] INFO:colcon.colcon_cmake.task.cmake.build:Building CMake package in '/home/abdou/A/ROS2-Auto-Robot/src/auto_robot'
[0.504s] INFO:colcon.colcon_core.plugin_system:Skipping extension 'colcon_core.shell.bat': Not used on non-Windows systems
[0.504s] INFO:colcon.colcon_core.shell:Skip shell extension 'powershell' for command environment: Not usable outside of PowerShell
[0.504s] DEBUG:colcon.colcon_core.shell:Skip shell extension 'dsv' for command environment
[0.522s] DEBUG:colcon.colcon_core.event_handler.log_command:Invoking command in '/home/abdou/A/ROS2-Auto-Robot/build/auto_robot': CMAKE_PREFIX_PATH=${CMAKE_PREFIX_PATH}:/opt/ros/iron /usr/bin/cmake --build /home/abdou/A/ROS2-Auto-Robot/build/auto_robot -- -j8 -l8
[0.579s] DEBUG:colcon.colcon_core.event_handler.log_command:Invoked command in '/home/abdou/A/ROS2-Auto-Robot/build/auto_robot' returned '0': CMAKE_PREFIX_PATH=${CMAKE_PREFIX_PATH}:/opt/ros/iron /usr/bin/cmake --build /home/abdou/A/ROS2-Auto-Robot/build/auto_robot -- -j8 -l8
[0.620s] DEBUG:colcon.colcon_core.event_handler.log_command:Invoking command in '/home/abdou/A/ROS2-Auto-Robot/build/auto_robot': CMAKE_PREFIX_PATH=${CMAKE_PREFIX_PATH}:/opt/ros/iron /usr/bin/cmake --install /home/abdou/A/ROS2-Auto-Robot/build/auto_robot
[0.637s] Level 1:colcon.colcon_core.environment:create_environment_scripts_only(auto_robot)
[0.644s] DEBUG:colcon.colcon_core.event_handler.log_command:Invoked command in '/home/abdou/A/ROS2-Auto-Robot/build/auto_robot' returned '0': CMAKE_PREFIX_PATH=${CMAKE_PREFIX_PATH}:/opt/ros/iron /usr/bin/cmake --install /home/abdou/A/ROS2-Auto-Robot/build/auto_robot
[0.645s] Level 1:colcon.colcon_core.environment:checking '/home/abdou/A/ROS2-Auto-Robot/install/auto_robot' for CMake module files
[0.646s] Level 1:colcon.colcon_core.environment:checking '/home/abdou/A/ROS2-Auto-Robot/install/auto_robot' for CMake config files
[0.647s] Level 1:colcon.colcon_core.shell:create_environment_hook('auto_robot', 'cmake_prefix_path')
[0.647s] INFO:colcon.colcon_core.shell:Creating environment hook '/home/abdou/A/ROS2-Auto-Robot/install/auto_robot/share/auto_robot/hook/cmake_prefix_path.ps1'
[0.648s] INFO:colcon.colcon_core.shell:Creating environment descriptor '/home/abdou/A/ROS2-Auto-Robot/install/auto_robot/share/auto_robot/hook/cmake_prefix_path.dsv'
[0.649s] INFO:colcon.colcon_core.shell:Creating environment hook '/home/abdou/A/ROS2-Auto-Robot/install/auto_robot/share/auto_robot/hook/cmake_prefix_path.sh'
[0.650s] Level 1:colcon.colcon_core.environment:checking '/home/abdou/A/ROS2-Auto-Robot/install/auto_robot/bin'
[0.651s] Level 1:colcon.colcon_core.environment:checking '/home/abdou/A/ROS2-Auto-Robot/install/auto_robot/lib/pkgconfig/auto_robot.pc'
[0.651s] Level 1:colcon.colcon_core.environment:checking '/home/abdou/A/ROS2-Auto-Robot/install/auto_robot/lib/python3.10/site-packages'
[0.651s] Level 1:colcon.colcon_core.environment:checking '/home/abdou/A/ROS2-Auto-Robot/install/auto_robot/bin'
[0.652s] INFO:colcon.colcon_core.shell:Creating package script '/home/abdou/A/ROS2-Auto-Robot/install/auto_robot/share/auto_robot/package.ps1'
[0.653s] INFO:colcon.colcon_core.shell:Creating package descriptor '/home/abdou/A/ROS2-Auto-Robot/install/auto_robot/share/auto_robot/package.dsv'
[0.655s] INFO:colcon.colcon_core.shell:Creating package script '/home/abdou/A/ROS2-Auto-Robot/install/auto_robot/share/auto_robot/package.sh'
[0.656s] INFO:colcon.colcon_core.shell:Creating package script '/home/abdou/A/ROS2-Auto-Robot/install/auto_robot/share/auto_robot/package.bash'
[0.658s] INFO:colcon.colcon_core.shell:Creating package script '/home/abdou/A/ROS2-Auto-Robot/install/auto_robot/share/auto_robot/package.zsh'
[0.659s] Level 1:colcon.colcon_core.environment:create_file_with_runtime_dependencies(/home/abdou/A/ROS2-Auto-Robot/install/auto_robot/share/colcon-core/packages/auto_robot)
[0.683s] Level 1:colcon.colcon_core.environment:create_environment_scripts_only(auto_robot)
[0.684s] Level 1:colcon.colcon_core.environment:checking '/home/abdou/A/ROS2-Auto-Robot/install/auto_robot' for CMake module files
[0.684s] Level 1:colcon.colcon_core.environment:checking '/home/abdou/A/ROS2-Auto-Robot/install/auto_robot' for CMake config files
[0.685s] Level 1:colcon.colcon_core.shell:create_environment_hook('auto_robot', 'cmake_prefix_path')
[0.685s] INFO:colcon.colcon_core.shell:Creating environment hook '/home/abdou/A/ROS2-Auto-Robot/install/auto_robot/share/auto_robot/hook/cmake_prefix_path.ps1'
[0.686s] INFO:colcon.colcon_core.shell:Creating environment descriptor '/home/abdou/A/ROS2-Auto-Robot/install/auto_robot/share/auto_robot/hook/cmake_prefix_path.dsv'
[0.686s] INFO:colcon.colcon_core.shell:Creating environment hook '/home/abdou/A/ROS2-Auto-Robot/install/auto_robot/share/auto_robot/hook/cmake_prefix_path.sh'
[0.687s] Level 1:colcon.colcon_core.environment:checking '/home/abdou/A/ROS2-Auto-Robot/install/auto_robot/bin'
[0.687s] Level 1:colcon.colcon_core.environment:checking '/home/abdou/A/ROS2-Auto-Robot/install/auto_robot/lib/pkgconfig/auto_robot.pc'
[0.687s] Level 1:colcon.colcon_core.environment:checking '/home/abdou/A/ROS2-Auto-Robot/install/auto_robot/lib/python3.10/site-packages'
[0.688s] Level 1:colcon.colcon_core.environment:checking '/home/abdou/A/ROS2-Auto-Robot/install/auto_robot/bin'
[0.688s] INFO:colcon.colcon_core.shell:Creating package script '/home/abdou/A/ROS2-Auto-Robot/install/auto_robot/share/auto_robot/package.ps1'
[0.689s] INFO:colcon.colcon_core.shell:Creating package descriptor '/home/abdou/A/ROS2-Auto-Robot/install/auto_robot/share/auto_robot/package.dsv'
[0.689s] INFO:colcon.colcon_core.shell:Creating package script '/home/abdou/A/ROS2-Auto-Robot/install/auto_robot/share/auto_robot/package.sh'
[0.690s] INFO:colcon.colcon_core.shell:Creating package script '/home/abdou/A/ROS2-Auto-Robot/install/auto_robot/share/auto_robot/package.bash'
[0.691s] INFO:colcon.colcon_core.shell:Creating package script '/home/abdou/A/ROS2-Auto-Robot/install/auto_robot/share/auto_robot/package.zsh'
[0.691s] Level 1:colcon.colcon_core.environment:create_file_with_runtime_dependencies(/home/abdou/A/ROS2-Auto-Robot/install/auto_robot/share/colcon-core/packages/auto_robot)
[0.692s] DEBUG:colcon.colcon_parallel_executor.executor.parallel:closing loop
[0.692s] DEBUG:colcon.colcon_parallel_executor.executor.parallel:loop closed
[0.692s] DEBUG:colcon.colcon_parallel_executor.executor.parallel:run_until_complete finished with '0'
[0.692s] DEBUG:colcon.colcon_core.event_reactor:joining thread
[0.700s] INFO:colcon.colcon_core.plugin_system:Skipping extension 'colcon_notification.desktop_notification.terminal_notifier': Not used on non-Darwin systems
[0.700s] INFO:colcon.colcon_core.plugin_system:Skipping extension 'colcon_notification.desktop_notification.win32': Not used on non-Windows systems
[0.700s] INFO:colcon.colcon_notification.desktop_notification:Sending desktop notification using 'notify2'
[0.733s] DEBUG:colcon.colcon_core.event_reactor:joined thread
[0.734s] INFO:colcon.colcon_core.shell:Creating prefix script '/home/abdou/A/ROS2-Auto-Robot/install/local_setup.ps1'
[0.736s] INFO:colcon.colcon_core.shell:Creating prefix util module '/home/abdou/A/ROS2-Auto-Robot/install/_local_setup_util_ps1.py'
[0.739s] INFO:colcon.colcon_core.shell:Creating prefix chain script '/home/abdou/A/ROS2-Auto-Robot/install/setup.ps1'
[0.742s] INFO:colcon.colcon_core.shell:Creating prefix script '/home/abdou/A/ROS2-Auto-Robot/install/local_setup.sh'
[0.743s] INFO:colcon.colcon_core.shell:Creating prefix util module '/home/abdou/A/ROS2-Auto-Robot/install/_local_setup_util_sh.py'
[0.745s] INFO:colcon.colcon_core.shell:Creating prefix chain script '/home/abdou/A/ROS2-Auto-Robot/install/setup.sh'
[0.747s] INFO:colcon.colcon_core.shell:Creating prefix script '/home/abdou/A/ROS2-Auto-Robot/install/local_setup.bash'
[0.747s] INFO:colcon.colcon_core.shell:Creating prefix chain script '/home/abdou/A/ROS2-Auto-Robot/install/setup.bash'
[0.749s] INFO:colcon.colcon_core.shell:Creating prefix script '/home/abdou/A/ROS2-Auto-Robot/install/local_setup.zsh'
[0.750s] INFO:colcon.colcon_core.shell:Creating prefix chain script '/home/abdou/A/ROS2-Auto-Robot/install/setup.zsh'
