[0.022s] Invoking command in '/home/abdou/A/rc_car/Auto-Car-Project/build/robot_controller': CMAKE_PREFIX_PATH=${CMAKE_PREFIX_PATH}:/opt/ros/iron /usr/bin/cmake --build /home/abdou/A/rc_car/Auto-Car-Project/build/robot_controller -- -j8 -l8
[0.122s] Built target ament_cmake_python_copy_robot_controller
[0.724s] running egg_info
[0.725s] writing robot_controller.egg-info/PKG-INFO
[0.725s] writing dependency_links to robot_controller.egg-info/dependency_links.txt
[0.725s] writing top-level names to robot_controller.egg-info/top_level.txt
[0.730s] reading manifest file 'robot_controller.egg-info/SOURCES.txt'
[0.734s] writing manifest file 'robot_controller.egg-info/SOURCES.txt'
[0.792s] Built target ament_cmake_python_build_robot_controller_egg
[0.808s] Invoked command in '/home/abdou/A/rc_car/Auto-Car-Project/build/robot_controller' returned '0': CMAKE_PREFIX_PATH=${CMAKE_PREFIX_PATH}:/opt/ros/iron /usr/bin/cmake --build /home/abdou/A/rc_car/Auto-Car-Project/build/robot_controller -- -j8 -l8
[0.848s] Invoking command in '/home/abdou/A/rc_car/Auto-Car-Project/build/robot_controller': CMAKE_PREFIX_PATH=${CMAKE_PREFIX_PATH}:/opt/ros/iron /usr/bin/cmake --install /home/abdou/A/rc_car/Auto-Car-Project/build/robot_controller
[0.858s] -- Install configuration: ""
[0.859s] -- Up-to-date: /home/abdou/A/rc_car/Auto-Car-Project/install/robot_controller/share/robot_controller/environment/pythonpath.sh
[0.859s] -- Up-to-date: /home/abdou/A/rc_car/Auto-Car-Project/install/robot_controller/share/robot_controller/environment/pythonpath.dsv
[0.859s] -- Up-to-date: /home/abdou/A/rc_car/Auto-Car-Project/install/robot_controller/lib/python3.10/site-packages/robot_controller-0.0.0-py3.10.egg-info
[0.860s] -- Installing: /home/abdou/A/rc_car/Auto-Car-Project/install/robot_controller/lib/python3.10/site-packages/robot_controller-0.0.0-py3.10.egg-info/dependency_links.txt
[0.860s] -- Installing: /home/abdou/A/rc_car/Auto-Car-Project/install/robot_controller/lib/python3.10/site-packages/robot_controller-0.0.0-py3.10.egg-info/top_level.txt
[0.860s] -- Installing: /home/abdou/A/rc_car/Auto-Car-Project/install/robot_controller/lib/python3.10/site-packages/robot_controller-0.0.0-py3.10.egg-info/SOURCES.txt
[0.860s] -- Installing: /home/abdou/A/rc_car/Auto-Car-Project/install/robot_controller/lib/python3.10/site-packages/robot_controller-0.0.0-py3.10.egg-info/PKG-INFO
[0.860s] -- Up-to-date: /home/abdou/A/rc_car/Auto-Car-Project/install/robot_controller/lib/python3.10/site-packages/robot_controller
[0.860s] -- Up-to-date: /home/abdou/A/rc_car/Auto-Car-Project/install/robot_controller/lib/python3.10/site-packages/robot_controller/teleop_twist_keyboard.py
[0.861s] -- Up-to-date: /home/abdou/A/rc_car/Auto-Car-Project/install/robot_controller/lib/python3.10/site-packages/robot_controller/__init__.py
[0.861s] -- Up-to-date: /home/abdou/A/rc_car/Auto-Car-Project/install/robot_controller/lib/python3.10/site-packages/robot_controller/simple_controller.py
[0.909s] Listing '/home/abdou/A/rc_car/Auto-Car-Project/install/robot_controller/lib/python3.10/site-packages/robot_controller'...
[0.917s] -- Up-to-date: /home/abdou/A/rc_car/Auto-Car-Project/install/robot_controller/share/robot_controller/config
[0.917s] -- Up-to-date: /home/abdou/A/rc_car/Auto-Car-Project/install/robot_controller/share/robot_controller/config/robot_controllers.yaml
[0.918s] -- Up-to-date: /home/abdou/A/rc_car/Auto-Car-Project/install/robot_controller/share/robot_controller/launch
[0.918s] -- Up-to-date: /home/abdou/A/rc_car/Auto-Car-Project/install/robot_controller/share/robot_controller/launch/controller.launch.py
[0.918s] -- Up-to-date: /home/abdou/A/rc_car/Auto-Car-Project/install/robot_controller/lib/robot_controller/simple_controller.py
[0.918s] -- Up-to-date: /home/abdou/A/rc_car/Auto-Car-Project/install/robot_controller/lib/robot_controller/teleop_twist_keyboard.py
[0.918s] -- Up-to-date: /home/abdou/A/rc_car/Auto-Car-Project/install/robot_controller/share/ament_index/resource_index/package_run_dependencies/robot_controller
[0.919s] -- Up-to-date: /home/abdou/A/rc_car/Auto-Car-Project/install/robot_controller/share/ament_index/resource_index/parent_prefix_path/robot_controller
[0.919s] -- Up-to-date: /home/abdou/A/rc_car/Auto-Car-Project/install/robot_controller/share/robot_controller/environment/ament_prefix_path.sh
[0.919s] -- Up-to-date: /home/abdou/A/rc_car/Auto-Car-Project/install/robot_controller/share/robot_controller/environment/ament_prefix_path.dsv
[0.919s] -- Up-to-date: /home/abdou/A/rc_car/Auto-Car-Project/install/robot_controller/share/robot_controller/environment/path.sh
[0.919s] -- Up-to-date: /home/abdou/A/rc_car/Auto-Car-Project/install/robot_controller/share/robot_controller/environment/path.dsv
[0.919s] -- Up-to-date: /home/abdou/A/rc_car/Auto-Car-Project/install/robot_controller/share/robot_controller/local_setup.bash
[0.919s] -- Up-to-date: /home/abdou/A/rc_car/Auto-Car-Project/install/robot_controller/share/robot_controller/local_setup.sh
[0.920s] -- Up-to-date: /home/abdou/A/rc_car/Auto-Car-Project/install/robot_controller/share/robot_controller/local_setup.zsh
[0.921s] -- Up-to-date: /home/abdou/A/rc_car/Auto-Car-Project/install/robot_controller/share/robot_controller/local_setup.dsv
[0.922s] -- Installing: /home/abdou/A/rc_car/Auto-Car-Project/install/robot_controller/share/robot_controller/package.dsv
[0.922s] -- Up-to-date: /home/abdou/A/rc_car/Auto-Car-Project/install/robot_controller/share/ament_index/resource_index/packages/robot_controller
[0.922s] -- Up-to-date: /home/abdou/A/rc_car/Auto-Car-Project/install/robot_controller/share/robot_controller/cmake/robot_controllerConfig.cmake
[0.922s] -- Up-to-date: /home/abdou/A/rc_car/Auto-Car-Project/install/robot_controller/share/robot_controller/cmake/robot_controllerConfig-version.cmake
[0.922s] -- Up-to-date: /home/abdou/A/rc_car/Auto-Car-Project/install/robot_controller/share/robot_controller/package.xml
[0.923s] Invoked command in '/home/abdou/A/rc_car/Auto-Car-Project/build/robot_controller' returned '0': CMAKE_PREFIX_PATH=${CMAKE_PREFIX_PATH}:/opt/ros/iron /usr/bin/cmake --install /home/abdou/A/rc_car/Auto-Car-Project/build/robot_controller
