[0.925s] DEBUG:colcon:Command line arguments: ['/usr/bin/colcon', 'build']
[0.926s] DEBUG:colcon:Parsed command line arguments: Namespace(log_base=None, log_level=None, verb_name='build', build_base='build', install_base='install', merge_install=False, symlink_install=False, test_result_base=None, continue_on_error=False, executor='parallel', parallel_workers=8, event_handlers=None, ignore_user_meta=False, metas=['./colcon.meta'], base_paths=['.'], packages_ignore=None, packages_ignore_regex=None, paths=None, packages_up_to=None, packages_up_to_regex=None, packages_above=None, packages_above_and_dependencies=None, packages_above_depth=None, packages_select_by_dep=None, packages_skip_by_dep=None, packages_skip_up_to=None, packages_select_build_failed=False, packages_skip_build_finished=False, packages_select_test_failures=False, packages_skip_test_passed=False, packages_select=None, packages_skip=None, packages_select_regex=None, packages_skip_regex=None, packages_start=None, packages_end=None, allow_overriding=[], cmake_args=None, cmake_target=None, cmake_target_skip_unavailable=False, cmake_clean_cache=False, cmake_clean_first=False, cmake_force_configure=False, ament_cmake_args=None, catkin_cmake_args=None, catkin_skip_building_tests=False, mixin_files=None, mixin=None, verb_parser=<colcon_mixin.mixin.mixin_argument.MixinArgumentDecorator object at 0x737a45542ec0>, verb_extension=<colcon_core.verb.build.BuildVerb object at 0x737a455427d0>, main=<bound method BuildVerb.main of <colcon_core.verb.build.BuildVerb object at 0x737a455427d0>>, mixin_verb=('build',))
[2.662s] Level 1:colcon.colcon_core.package_discovery:discover_packages(colcon_meta) check parameters
[2.664s] Level 1:colcon.colcon_core.package_discovery:discover_packages(recursive) check parameters
[2.665s] Level 1:colcon.colcon_core.package_discovery:discover_packages(ignore) check parameters
[2.666s] Level 1:colcon.colcon_core.package_discovery:discover_packages(path) check parameters
[2.667s] Level 1:colcon.colcon_core.package_discovery:discover_packages(colcon_meta) discover
[2.668s] Level 1:colcon.colcon_core.package_discovery:discover_packages(recursive) discover
[2.668s] INFO:colcon.colcon_core.package_discovery:Crawling recursively for packages in '/home/abdou/A/ROS2-Auto-Robot'
[2.669s] Level 1:colcon.colcon_core.package_identification:_identify(.) by extensions ['ignore', 'ignore_ament_install']
[2.670s] Level 1:colcon.colcon_core.package_identification:_identify(.) by extension 'ignore'
[2.670s] Level 1:colcon.colcon_core.package_identification:_identify(.) by extension 'ignore_ament_install'
[2.670s] Level 1:colcon.colcon_core.package_identification:_identify(.) by extensions ['colcon_pkg']
[2.670s] Level 1:colcon.colcon_core.package_identification:_identify(.) by extension 'colcon_pkg'
[2.670s] Level 1:colcon.colcon_core.package_identification:_identify(.) by extensions ['colcon_meta']
[2.670s] Level 1:colcon.colcon_core.package_identification:_identify(.) by extension 'colcon_meta'
[2.670s] Level 1:colcon.colcon_core.package_identification:_identify(.) by extensions ['ros']
[2.670s] Level 1:colcon.colcon_core.package_identification:_identify(.) by extension 'ros'
[2.845s] Level 1:colcon.colcon_core.package_identification:_identify(.) by extensions ['cmake', 'python']
[2.845s] Level 1:colcon.colcon_core.package_identification:_identify(.) by extension 'cmake'
[2.845s] Level 1:colcon.colcon_core.package_identification:_identify(.) by extension 'python'
[2.845s] Level 1:colcon.colcon_core.package_identification:_identify(.) by extensions ['python_setup_py']
[2.845s] Level 1:colcon.colcon_core.package_identification:_identify(.) by extension 'python_setup_py'
[2.846s] Level 1:colcon.colcon_core.package_identification:_identify(build) by extensions ['ignore', 'ignore_ament_install']
[2.846s] Level 1:colcon.colcon_core.package_identification:_identify(build) by extension 'ignore'
[2.846s] Level 1:colcon.colcon_core.package_identification:_identify(build) ignored
[2.847s] Level 1:colcon.colcon_core.package_identification:_identify(install) by extensions ['ignore', 'ignore_ament_install']
[2.848s] Level 1:colcon.colcon_core.package_identification:_identify(install) by extension 'ignore'
[2.849s] Level 1:colcon.colcon_core.package_identification:_identify(install) ignored
[2.851s] Level 1:colcon.colcon_core.package_identification:_identify(log) by extensions ['ignore', 'ignore_ament_install']
[2.853s] Level 1:colcon.colcon_core.package_identification:_identify(log) by extension 'ignore'
[2.854s] Level 1:colcon.colcon_core.package_identification:_identify(log) ignored
[2.856s] Level 1:colcon.colcon_core.package_identification:_identify(src) by extensions ['ignore', 'ignore_ament_install']
[2.858s] Level 1:colcon.colcon_core.package_identification:_identify(src) by extension 'ignore'
[2.860s] Level 1:colcon.colcon_core.package_identification:_identify(src) by extension 'ignore_ament_install'
[2.861s] Level 1:colcon.colcon_core.package_identification:_identify(src) by extensions ['colcon_pkg']
[2.862s] Level 1:colcon.colcon_core.package_identification:_identify(src) by extension 'colcon_pkg'
[2.863s] Level 1:colcon.colcon_core.package_identification:_identify(src) by extensions ['colcon_meta']
[2.863s] Level 1:colcon.colcon_core.package_identification:_identify(src) by extension 'colcon_meta'
[2.863s] Level 1:colcon.colcon_core.package_identification:_identify(src) by extensions ['ros']
[2.863s] Level 1:colcon.colcon_core.package_identification:_identify(src) by extension 'ros'
[2.864s] Level 1:colcon.colcon_core.package_identification:_identify(src) by extensions ['cmake', 'python']
[2.864s] Level 1:colcon.colcon_core.package_identification:_identify(src) by extension 'cmake'
[2.864s] Level 1:colcon.colcon_core.package_identification:_identify(src) by extension 'python'
[2.864s] Level 1:colcon.colcon_core.package_identification:_identify(src) by extensions ['python_setup_py']
[2.864s] Level 1:colcon.colcon_core.package_identification:_identify(src) by extension 'python_setup_py'
[2.865s] Level 1:colcon.colcon_core.package_identification:_identify(src/auto_robot) by extensions ['ignore', 'ignore_ament_install']
[2.865s] Level 1:colcon.colcon_core.package_identification:_identify(src/auto_robot) by extension 'ignore'
[2.866s] Level 1:colcon.colcon_core.package_identification:_identify(src/auto_robot) by extension 'ignore_ament_install'
[2.866s] Level 1:colcon.colcon_core.package_identification:_identify(src/auto_robot) by extensions ['colcon_pkg']
[2.866s] Level 1:colcon.colcon_core.package_identification:_identify(src/auto_robot) by extension 'colcon_pkg'
[2.866s] Level 1:colcon.colcon_core.package_identification:_identify(src/auto_robot) by extensions ['colcon_meta']
[2.866s] Level 1:colcon.colcon_core.package_identification:_identify(src/auto_robot) by extension 'colcon_meta'
[2.866s] Level 1:colcon.colcon_core.package_identification:_identify(src/auto_robot) by extensions ['ros']
[2.867s] Level 1:colcon.colcon_core.package_identification:_identify(src/auto_robot) by extension 'ros'
[2.886s] DEBUG:colcon.colcon_core.package_identification:Package 'src/auto_robot' with type 'ros.ament_cmake' and name 'auto_robot'
[2.887s] Level 1:colcon.colcon_core.package_discovery:discover_packages(recursive) using defaults
[2.888s] Level 1:colcon.colcon_core.package_discovery:discover_packages(ignore) discover
[2.889s] Level 1:colcon.colcon_core.package_discovery:discover_packages(ignore) using defaults
[2.889s] Level 1:colcon.colcon_core.package_discovery:discover_packages(path) discover
[2.889s] Level 1:colcon.colcon_core.package_discovery:discover_packages(path) using defaults
[3.052s] Level 1:colcon.colcon_core.package_discovery:discover_packages(prefix_path) check parameters
[3.052s] Level 1:colcon.colcon_core.package_discovery:discover_packages(prefix_path) discover
[3.073s] DEBUG:colcon.colcon_installed_package_information.package_discovery:Found 1 installed packages in /home/abdou/A/ROS2-Auto-Robot/install
[3.083s] DEBUG:colcon.colcon_installed_package_information.package_discovery:Found 344 installed packages in /opt/ros/iron
[3.093s] Level 1:colcon.colcon_core.package_discovery:discover_packages(prefix_path) using defaults
[3.548s] Level 5:colcon.colcon_core.verb:set package 'auto_robot' build argument 'cmake_args' from command line to 'None'
[3.548s] Level 5:colcon.colcon_core.verb:set package 'auto_robot' build argument 'cmake_target' from command line to 'None'
[3.548s] Level 5:colcon.colcon_core.verb:set package 'auto_robot' build argument 'cmake_target_skip_unavailable' from command line to 'False'
[3.548s] Level 5:colcon.colcon_core.verb:set package 'auto_robot' build argument 'cmake_clean_cache' from command line to 'False'
[3.548s] Level 5:colcon.colcon_core.verb:set package 'auto_robot' build argument 'cmake_clean_first' from command line to 'False'
[3.548s] Level 5:colcon.colcon_core.verb:set package 'auto_robot' build argument 'cmake_force_configure' from command line to 'False'
[3.548s] Level 5:colcon.colcon_core.verb:set package 'auto_robot' build argument 'ament_cmake_args' from command line to 'None'
[3.548s] Level 5:colcon.colcon_core.verb:set package 'auto_robot' build argument 'catkin_cmake_args' from command line to 'None'
[3.549s] Level 5:colcon.colcon_core.verb:set package 'auto_robot' build argument 'catkin_skip_building_tests' from command line to 'False'
[3.549s] DEBUG:colcon.colcon_core.verb:Building package 'auto_robot' with the following arguments: {'ament_cmake_args': None, 'build_base': '/home/abdou/A/ROS2-Auto-Robot/build/auto_robot', 'catkin_cmake_args': None, 'catkin_skip_building_tests': False, 'cmake_args': None, 'cmake_clean_cache': False, 'cmake_clean_first': False, 'cmake_force_configure': False, 'cmake_target': None, 'cmake_target_skip_unavailable': False, 'install_base': '/home/abdou/A/ROS2-Auto-Robot/install/auto_robot', 'merge_install': False, 'path': '/home/abdou/A/ROS2-Auto-Robot/src/auto_robot', 'symlink_install': False, 'test_result_base': None}
[3.549s] INFO:colcon.colcon_core.executor:Executing jobs using 'parallel' executor
[3.556s] DEBUG:colcon.colcon_parallel_executor.executor.parallel:run_until_complete
[3.559s] INFO:colcon.colcon_ros.task.ament_cmake.build:Building ROS package in '/home/abdou/A/ROS2-Auto-Robot/src/auto_robot' with build type 'ament_cmake'
[3.560s] INFO:colcon.colcon_cmake.task.cmake.build:Building CMake package in '/home/abdou/A/ROS2-Auto-Robot/src/auto_robot'
[3.571s] INFO:colcon.colcon_core.plugin_system:Skipping extension 'colcon_core.shell.bat': Not used on non-Windows systems
[3.573s] INFO:colcon.colcon_core.shell:Skip shell extension 'powershell' for command environment: Not usable outside of PowerShell
[3.574s] DEBUG:colcon.colcon_core.shell:Skip shell extension 'dsv' for command environment
[3.626s] DEBUG:colcon.colcon_core.event_handler.log_command:Invoking command in '/home/abdou/A/ROS2-Auto-Robot/build/auto_robot': CMAKE_PREFIX_PATH=${CMAKE_PREFIX_PATH}:/opt/ros/iron /usr/bin/cmake --build /home/abdou/A/ROS2-Auto-Robot/build/auto_robot -- -j8 -l8
[3.894s] DEBUG:colcon.colcon_core.event_handler.log_command:Invoked command in '/home/abdou/A/ROS2-Auto-Robot/build/auto_robot' returned '0': CMAKE_PREFIX_PATH=${CMAKE_PREFIX_PATH}:/opt/ros/iron /usr/bin/cmake --build /home/abdou/A/ROS2-Auto-Robot/build/auto_robot -- -j8 -l8
[4.093s] DEBUG:colcon.colcon_core.event_handler.log_command:Invoking command in '/home/abdou/A/ROS2-Auto-Robot/build/auto_robot': CMAKE_PREFIX_PATH=${CMAKE_PREFIX_PATH}:/opt/ros/iron /usr/bin/cmake --install /home/abdou/A/ROS2-Auto-Robot/build/auto_robot
[4.164s] Level 1:colcon.colcon_core.environment:create_environment_scripts_only(auto_robot)
[4.201s] DEBUG:colcon.colcon_core.event_handler.log_command:Invoked command in '/home/abdou/A/ROS2-Auto-Robot/build/auto_robot' returned '0': CMAKE_PREFIX_PATH=${CMAKE_PREFIX_PATH}:/opt/ros/iron /usr/bin/cmake --install /home/abdou/A/ROS2-Auto-Robot/build/auto_robot
[4.213s] Level 1:colcon.colcon_core.environment:checking '/home/abdou/A/ROS2-Auto-Robot/install/auto_robot' for CMake module files
[4.215s] Level 1:colcon.colcon_core.environment:checking '/home/abdou/A/ROS2-Auto-Robot/install/auto_robot' for CMake config files
[4.218s] Level 1:colcon.colcon_core.shell:create_environment_hook('auto_robot', 'cmake_prefix_path')
[4.223s] INFO:colcon.colcon_core.shell:Creating environment hook '/home/abdou/A/ROS2-Auto-Robot/install/auto_robot/share/auto_robot/hook/cmake_prefix_path.ps1'
[4.231s] INFO:colcon.colcon_core.shell:Creating environment descriptor '/home/abdou/A/ROS2-Auto-Robot/install/auto_robot/share/auto_robot/hook/cmake_prefix_path.dsv'
[4.235s] INFO:colcon.colcon_core.shell:Creating environment hook '/home/abdou/A/ROS2-Auto-Robot/install/auto_robot/share/auto_robot/hook/cmake_prefix_path.sh'
[4.243s] Level 1:colcon.colcon_core.environment:checking '/home/abdou/A/ROS2-Auto-Robot/install/auto_robot/bin'
[4.244s] Level 1:colcon.colcon_core.environment:checking '/home/abdou/A/ROS2-Auto-Robot/install/auto_robot/lib/pkgconfig/auto_robot.pc'
[4.248s] Level 1:colcon.colcon_core.environment:checking '/home/abdou/A/ROS2-Auto-Robot/install/auto_robot/lib/python3.10/site-packages'
[4.250s] Level 1:colcon.colcon_core.environment:checking '/home/abdou/A/ROS2-Auto-Robot/install/auto_robot/bin'
[4.253s] INFO:colcon.colcon_core.shell:Creating package script '/home/abdou/A/ROS2-Auto-Robot/install/auto_robot/share/auto_robot/package.ps1'
[4.255s] INFO:colcon.colcon_core.shell:Creating package descriptor '/home/abdou/A/ROS2-Auto-Robot/install/auto_robot/share/auto_robot/package.dsv'
[4.259s] INFO:colcon.colcon_core.shell:Creating package script '/home/abdou/A/ROS2-Auto-Robot/install/auto_robot/share/auto_robot/package.sh'
[4.269s] INFO:colcon.colcon_core.shell:Creating package script '/home/abdou/A/ROS2-Auto-Robot/install/auto_robot/share/auto_robot/package.bash'
[4.272s] INFO:colcon.colcon_core.shell:Creating package script '/home/abdou/A/ROS2-Auto-Robot/install/auto_robot/share/auto_robot/package.zsh'
[4.273s] Level 1:colcon.colcon_core.environment:create_file_with_runtime_dependencies(/home/abdou/A/ROS2-Auto-Robot/install/auto_robot/share/colcon-core/packages/auto_robot)
[4.412s] Level 1:colcon.colcon_core.environment:create_environment_scripts_only(auto_robot)
[4.415s] Level 1:colcon.colcon_core.environment:checking '/home/abdou/A/ROS2-Auto-Robot/install/auto_robot' for CMake module files
[4.422s] Level 1:colcon.colcon_core.environment:checking '/home/abdou/A/ROS2-Auto-Robot/install/auto_robot' for CMake config files
[4.428s] Level 1:colcon.colcon_core.shell:create_environment_hook('auto_robot', 'cmake_prefix_path')
[4.432s] INFO:colcon.colcon_core.shell:Creating environment hook '/home/abdou/A/ROS2-Auto-Robot/install/auto_robot/share/auto_robot/hook/cmake_prefix_path.ps1'
[4.435s] INFO:colcon.colcon_core.shell:Creating environment descriptor '/home/abdou/A/ROS2-Auto-Robot/install/auto_robot/share/auto_robot/hook/cmake_prefix_path.dsv'
[4.436s] INFO:colcon.colcon_core.shell:Creating environment hook '/home/abdou/A/ROS2-Auto-Robot/install/auto_robot/share/auto_robot/hook/cmake_prefix_path.sh'
[4.440s] Level 1:colcon.colcon_core.environment:checking '/home/abdou/A/ROS2-Auto-Robot/install/auto_robot/bin'
[4.441s] Level 1:colcon.colcon_core.environment:checking '/home/abdou/A/ROS2-Auto-Robot/install/auto_robot/lib/pkgconfig/auto_robot.pc'
[4.444s] Level 1:colcon.colcon_core.environment:checking '/home/abdou/A/ROS2-Auto-Robot/install/auto_robot/lib/python3.10/site-packages'
[4.448s] Level 1:colcon.colcon_core.environment:checking '/home/abdou/A/ROS2-Auto-Robot/install/auto_robot/bin'
[4.452s] INFO:colcon.colcon_core.shell:Creating package script '/home/abdou/A/ROS2-Auto-Robot/install/auto_robot/share/auto_robot/package.ps1'
[4.453s] INFO:colcon.colcon_core.shell:Creating package descriptor '/home/abdou/A/ROS2-Auto-Robot/install/auto_robot/share/auto_robot/package.dsv'
[4.455s] INFO:colcon.colcon_core.shell:Creating package script '/home/abdou/A/ROS2-Auto-Robot/install/auto_robot/share/auto_robot/package.sh'
[4.463s] INFO:colcon.colcon_core.shell:Creating package script '/home/abdou/A/ROS2-Auto-Robot/install/auto_robot/share/auto_robot/package.bash'
[4.468s] INFO:colcon.colcon_core.shell:Creating package script '/home/abdou/A/ROS2-Auto-Robot/install/auto_robot/share/auto_robot/package.zsh'
[4.470s] Level 1:colcon.colcon_core.environment:create_file_with_runtime_dependencies(/home/abdou/A/ROS2-Auto-Robot/install/auto_robot/share/colcon-core/packages/auto_robot)
[4.470s] DEBUG:colcon.colcon_parallel_executor.executor.parallel:closing loop
[4.471s] DEBUG:colcon.colcon_parallel_executor.executor.parallel:loop closed
[4.471s] DEBUG:colcon.colcon_parallel_executor.executor.parallel:run_until_complete finished with '0'
[4.472s] DEBUG:colcon.colcon_core.event_reactor:joining thread
[4.517s] INFO:colcon.colcon_core.plugin_system:Skipping extension 'colcon_notification.desktop_notification.terminal_notifier': Not used on non-Darwin systems
[4.519s] INFO:colcon.colcon_core.plugin_system:Skipping extension 'colcon_notification.desktop_notification.win32': Not used on non-Windows systems
[4.521s] INFO:colcon.colcon_notification.desktop_notification:Sending desktop notification using 'notify2'
[4.626s] DEBUG:colcon.colcon_core.event_reactor:joined thread
[4.631s] INFO:colcon.colcon_core.shell:Creating prefix script '/home/abdou/A/ROS2-Auto-Robot/install/local_setup.ps1'
[4.642s] INFO:colcon.colcon_core.shell:Creating prefix util module '/home/abdou/A/ROS2-Auto-Robot/install/_local_setup_util_ps1.py'
[4.653s] INFO:colcon.colcon_core.shell:Creating prefix chain script '/home/abdou/A/ROS2-Auto-Robot/install/setup.ps1'
[4.665s] INFO:colcon.colcon_core.shell:Creating prefix script '/home/abdou/A/ROS2-Auto-Robot/install/local_setup.sh'
[4.668s] INFO:colcon.colcon_core.shell:Creating prefix util module '/home/abdou/A/ROS2-Auto-Robot/install/_local_setup_util_sh.py'
[4.670s] INFO:colcon.colcon_core.shell:Creating prefix chain script '/home/abdou/A/ROS2-Auto-Robot/install/setup.sh'
[4.683s] INFO:colcon.colcon_core.shell:Creating prefix script '/home/abdou/A/ROS2-Auto-Robot/install/local_setup.bash'
[4.686s] INFO:colcon.colcon_core.shell:Creating prefix chain script '/home/abdou/A/ROS2-Auto-Robot/install/setup.bash'
[4.690s] INFO:colcon.colcon_core.shell:Creating prefix script '/home/abdou/A/ROS2-Auto-Robot/install/local_setup.zsh'
[4.696s] INFO:colcon.colcon_core.shell:Creating prefix chain script '/home/abdou/A/ROS2-Auto-Robot/install/setup.zsh'
