[0.446s] DEBUG:colcon:Command line arguments: ['/usr/bin/colcon', 'build']
[0.446s] DEBUG:colcon:Parsed command line arguments: Namespace(log_base=None, log_level=None, verb_name='build', build_base='build', install_base='install', merge_install=False, symlink_install=False, test_result_base=None, continue_on_error=False, executor='parallel', parallel_workers=2, event_handlers=None, ignore_user_meta=False, metas=['./colcon.meta'], base_paths=['.'], packages_ignore=None, packages_ignore_regex=None, paths=None, packages_up_to=None, packages_up_to_regex=None, packages_above=None, packages_above_and_dependencies=None, packages_above_depth=None, packages_select_by_dep=None, packages_skip_by_dep=None, packages_skip_up_to=None, packages_select_build_failed=False, packages_skip_build_finished=False, packages_select_test_failures=False, packages_skip_test_passed=False, packages_select=None, packages_skip=None, packages_select_regex=None, packages_skip_regex=None, packages_start=None, packages_end=None, allow_overriding=[], cmake_args=None, cmake_target=None, cmake_target_skip_unavailable=False, cmake_clean_cache=False, cmake_clean_first=False, cmake_force_configure=False, ament_cmake_args=None, catkin_cmake_args=None, catkin_skip_building_tests=False, verb_parser=<colcon_defaults.argument_parser.defaults.DefaultArgumentsDecorator object at 0x783adae00820>, verb_extension=<colcon_core.verb.build.BuildVerb object at 0x783adae002e0>, main=<bound method BuildVerb.main of <colcon_core.verb.build.BuildVerb object at 0x783adae002e0>>)
[0.879s] Level 1:colcon.colcon_core.package_discovery:discover_packages(colcon_meta) check parameters
[0.879s] Level 1:colcon.colcon_core.package_discovery:discover_packages(recursive) check parameters
[0.879s] Level 1:colcon.colcon_core.package_discovery:discover_packages(ignore) check parameters
[0.879s] Level 1:colcon.colcon_core.package_discovery:discover_packages(path) check parameters
[0.879s] Level 1:colcon.colcon_core.package_discovery:discover_packages(colcon_meta) discover
[0.880s] Level 1:colcon.colcon_core.package_discovery:discover_packages(recursive) discover
[0.880s] INFO:colcon.colcon_core.package_discovery:Crawling recursively for packages in '/home/aoutir/rc_car'
[0.880s] Level 1:colcon.colcon_core.package_identification:_identify(.) by extensions ['ignore', 'ignore_ament_install']
[0.880s] Level 1:colcon.colcon_core.package_identification:_identify(.) by extension 'ignore'
[0.880s] Level 1:colcon.colcon_core.package_identification:_identify(.) by extension 'ignore_ament_install'
[0.880s] Level 1:colcon.colcon_core.package_identification:_identify(.) by extensions ['colcon_pkg']
[0.880s] Level 1:colcon.colcon_core.package_identification:_identify(.) by extension 'colcon_pkg'
[0.880s] Level 1:colcon.colcon_core.package_identification:_identify(.) by extensions ['colcon_meta']
[0.880s] Level 1:colcon.colcon_core.package_identification:_identify(.) by extension 'colcon_meta'
[0.880s] Level 1:colcon.colcon_core.package_identification:_identify(.) by extensions ['ros']
[0.880s] Level 1:colcon.colcon_core.package_identification:_identify(.) by extension 'ros'
[0.892s] Level 1:colcon.colcon_core.package_identification:_identify(.) by extensions ['cmake', 'python']
[0.893s] Level 1:colcon.colcon_core.package_identification:_identify(.) by extension 'cmake'
[0.893s] Level 1:colcon.colcon_core.package_identification:_identify(.) by extension 'python'
[0.893s] Level 1:colcon.colcon_core.package_identification:_identify(.) by extensions ['python_setup_py']
[0.893s] Level 1:colcon.colcon_core.package_identification:_identify(.) by extension 'python_setup_py'
[0.893s] Level 1:colcon.colcon_core.package_identification:_identify(build) by extensions ['ignore', 'ignore_ament_install']
[0.893s] Level 1:colcon.colcon_core.package_identification:_identify(build) by extension 'ignore'
[0.893s] Level 1:colcon.colcon_core.package_identification:_identify(build) ignored
[0.893s] Level 1:colcon.colcon_core.package_identification:_identify(install) by extensions ['ignore', 'ignore_ament_install']
[0.894s] Level 1:colcon.colcon_core.package_identification:_identify(install) by extension 'ignore'
[0.894s] Level 1:colcon.colcon_core.package_identification:_identify(install) ignored
[0.894s] Level 1:colcon.colcon_core.package_identification:_identify(log) by extensions ['ignore', 'ignore_ament_install']
[0.894s] Level 1:colcon.colcon_core.package_identification:_identify(log) by extension 'ignore'
[0.894s] Level 1:colcon.colcon_core.package_identification:_identify(log) ignored
[0.894s] Level 1:colcon.colcon_core.package_identification:_identify(src) by extensions ['ignore', 'ignore_ament_install']
[0.894s] Level 1:colcon.colcon_core.package_identification:_identify(src) by extension 'ignore'
[0.894s] Level 1:colcon.colcon_core.package_identification:_identify(src) by extension 'ignore_ament_install'
[0.894s] Level 1:colcon.colcon_core.package_identification:_identify(src) by extensions ['colcon_pkg']
[0.894s] Level 1:colcon.colcon_core.package_identification:_identify(src) by extension 'colcon_pkg'
[0.894s] Level 1:colcon.colcon_core.package_identification:_identify(src) by extensions ['colcon_meta']
[0.894s] Level 1:colcon.colcon_core.package_identification:_identify(src) by extension 'colcon_meta'
[0.894s] Level 1:colcon.colcon_core.package_identification:_identify(src) by extensions ['ros']
[0.895s] Level 1:colcon.colcon_core.package_identification:_identify(src) by extension 'ros'
[0.895s] Level 1:colcon.colcon_core.package_identification:_identify(src) by extensions ['cmake', 'python']
[0.895s] Level 1:colcon.colcon_core.package_identification:_identify(src) by extension 'cmake'
[0.895s] Level 1:colcon.colcon_core.package_identification:_identify(src) by extension 'python'
[0.895s] Level 1:colcon.colcon_core.package_identification:_identify(src) by extensions ['python_setup_py']
[0.895s] Level 1:colcon.colcon_core.package_identification:_identify(src) by extension 'python_setup_py'
[0.895s] Level 1:colcon.colcon_core.package_identification:_identify(src/robot_desc) by extensions ['ignore', 'ignore_ament_install']
[0.895s] Level 1:colcon.colcon_core.package_identification:_identify(src/robot_desc) by extension 'ignore'
[0.895s] Level 1:colcon.colcon_core.package_identification:_identify(src/robot_desc) by extension 'ignore_ament_install'
[0.895s] Level 1:colcon.colcon_core.package_identification:_identify(src/robot_desc) by extensions ['colcon_pkg']
[0.895s] Level 1:colcon.colcon_core.package_identification:_identify(src/robot_desc) by extension 'colcon_pkg'
[0.895s] Level 1:colcon.colcon_core.package_identification:_identify(src/robot_desc) by extensions ['colcon_meta']
[0.895s] Level 1:colcon.colcon_core.package_identification:_identify(src/robot_desc) by extension 'colcon_meta'
[0.895s] Level 1:colcon.colcon_core.package_identification:_identify(src/robot_desc) by extensions ['ros']
[0.895s] Level 1:colcon.colcon_core.package_identification:_identify(src/robot_desc) by extension 'ros'
[0.900s] DEBUG:colcon.colcon_core.package_identification:Package 'src/robot_desc' with type 'ros.ament_cmake' and name 'robot_desc'
[0.900s] Level 1:colcon.colcon_core.package_discovery:discover_packages(recursive) using defaults
[0.901s] Level 1:colcon.colcon_core.package_discovery:discover_packages(ignore) discover
[0.901s] Level 1:colcon.colcon_core.package_discovery:discover_packages(ignore) using defaults
[0.901s] Level 1:colcon.colcon_core.package_discovery:discover_packages(path) discover
[0.901s] Level 1:colcon.colcon_core.package_discovery:discover_packages(path) using defaults
[0.940s] Level 1:colcon.colcon_core.package_discovery:discover_packages(prefix_path) check parameters
[0.940s] Level 1:colcon.colcon_core.package_discovery:discover_packages(prefix_path) discover
[0.944s] DEBUG:colcon.colcon_installed_package_information.package_discovery:Found 337 installed packages in /opt/ros/iron
[0.946s] Level 1:colcon.colcon_core.package_discovery:discover_packages(prefix_path) using defaults
[1.007s] Level 5:colcon.colcon_core.verb:set package 'robot_desc' build argument 'cmake_args' from command line to 'None'
[1.007s] Level 5:colcon.colcon_core.verb:set package 'robot_desc' build argument 'cmake_target' from command line to 'None'
[1.007s] Level 5:colcon.colcon_core.verb:set package 'robot_desc' build argument 'cmake_target_skip_unavailable' from command line to 'False'
[1.007s] Level 5:colcon.colcon_core.verb:set package 'robot_desc' build argument 'cmake_clean_cache' from command line to 'False'
[1.007s] Level 5:colcon.colcon_core.verb:set package 'robot_desc' build argument 'cmake_clean_first' from command line to 'False'
[1.007s] Level 5:colcon.colcon_core.verb:set package 'robot_desc' build argument 'cmake_force_configure' from command line to 'False'
[1.007s] Level 5:colcon.colcon_core.verb:set package 'robot_desc' build argument 'ament_cmake_args' from command line to 'None'
[1.007s] Level 5:colcon.colcon_core.verb:set package 'robot_desc' build argument 'catkin_cmake_args' from command line to 'None'
[1.007s] Level 5:colcon.colcon_core.verb:set package 'robot_desc' build argument 'catkin_skip_building_tests' from command line to 'False'
[1.007s] DEBUG:colcon.colcon_core.verb:Building package 'robot_desc' with the following arguments: {'ament_cmake_args': None, 'build_base': '/home/aoutir/rc_car/build/robot_desc', 'catkin_cmake_args': None, 'catkin_skip_building_tests': False, 'cmake_args': None, 'cmake_clean_cache': False, 'cmake_clean_first': False, 'cmake_force_configure': False, 'cmake_target': None, 'cmake_target_skip_unavailable': False, 'install_base': '/home/aoutir/rc_car/install/robot_desc', 'merge_install': False, 'path': '/home/aoutir/rc_car/src/robot_desc', 'symlink_install': False, 'test_result_base': None}
[1.007s] INFO:colcon.colcon_core.executor:Executing jobs using 'parallel' executor
[1.009s] DEBUG:colcon.colcon_parallel_executor.executor.parallel:run_until_complete
[1.009s] INFO:colcon.colcon_ros.task.ament_cmake.build:Building ROS package in '/home/aoutir/rc_car/src/robot_desc' with build type 'ament_cmake'
[1.010s] INFO:colcon.colcon_cmake.task.cmake.build:Building CMake package in '/home/aoutir/rc_car/src/robot_desc'
[1.013s] INFO:colcon.colcon_core.plugin_system:Skipping extension 'colcon_core.shell.bat': Not used on non-Windows systems
[1.013s] INFO:colcon.colcon_core.shell:Skip shell extension 'powershell' for command environment: Not usable outside of PowerShell
[1.013s] DEBUG:colcon.colcon_core.shell:Skip shell extension 'dsv' for command environment
[1.035s] DEBUG:colcon.colcon_core.event_handler.log_command:Invoking command in '/home/aoutir/rc_car/build/robot_desc': CMAKE_PREFIX_PATH=/opt/ros/iron /usr/bin/cmake /home/aoutir/rc_car/src/robot_desc -DCMAKE_INSTALL_PREFIX=/home/aoutir/rc_car/install/robot_desc
[3.162s] DEBUG:colcon.colcon_core.event_handler.log_command:Invoked command in '/home/aoutir/rc_car/build/robot_desc' returned '0': CMAKE_PREFIX_PATH=/opt/ros/iron /usr/bin/cmake /home/aoutir/rc_car/src/robot_desc -DCMAKE_INSTALL_PREFIX=/home/aoutir/rc_car/install/robot_desc
[3.162s] DEBUG:colcon.colcon_core.event_handler.log_command:Invoking command in '/home/aoutir/rc_car/build/robot_desc': CMAKE_PREFIX_PATH=/opt/ros/iron /usr/bin/cmake --build /home/aoutir/rc_car/build/robot_desc -- -j2 -l2
[3.245s] DEBUG:colcon.colcon_core.event_handler.log_command:Invoked command in '/home/aoutir/rc_car/build/robot_desc' returned '0': CMAKE_PREFIX_PATH=/opt/ros/iron /usr/bin/cmake --build /home/aoutir/rc_car/build/robot_desc -- -j2 -l2
[3.375s] DEBUG:colcon.colcon_core.event_handler.log_command:Invoking command in '/home/aoutir/rc_car/build/robot_desc': CMAKE_PREFIX_PATH=/opt/ros/iron /usr/bin/cmake --install /home/aoutir/rc_car/build/robot_desc
[3.406s] Level 1:colcon.colcon_core.environment:create_environment_scripts_only(robot_desc)
[3.408s] DEBUG:colcon.colcon_core.event_handler.log_command:Invoked command in '/home/aoutir/rc_car/build/robot_desc' returned '0': CMAKE_PREFIX_PATH=/opt/ros/iron /usr/bin/cmake --install /home/aoutir/rc_car/build/robot_desc
[3.471s] Level 1:colcon.colcon_core.environment:checking '/home/aoutir/rc_car/install/robot_desc' for CMake module files
[3.471s] Level 1:colcon.colcon_core.environment:checking '/home/aoutir/rc_car/install/robot_desc' for CMake config files
[3.472s] Level 1:colcon.colcon_core.shell:create_environment_hook('robot_desc', 'cmake_prefix_path')
[3.472s] INFO:colcon.colcon_core.shell:Creating environment hook '/home/aoutir/rc_car/install/robot_desc/share/robot_desc/hook/cmake_prefix_path.ps1'
[3.474s] INFO:colcon.colcon_core.shell:Creating environment descriptor '/home/aoutir/rc_car/install/robot_desc/share/robot_desc/hook/cmake_prefix_path.dsv'
[3.476s] INFO:colcon.colcon_core.shell:Creating environment hook '/home/aoutir/rc_car/install/robot_desc/share/robot_desc/hook/cmake_prefix_path.sh'
[3.478s] Level 1:colcon.colcon_core.environment:checking '/home/aoutir/rc_car/install/robot_desc/bin'
[3.479s] Level 1:colcon.colcon_core.environment:checking '/home/aoutir/rc_car/install/robot_desc/lib/pkgconfig/robot_desc.pc'
[3.479s] Level 1:colcon.colcon_core.environment:checking '/home/aoutir/rc_car/install/robot_desc/lib/python3.10/site-packages'
[3.479s] Level 1:colcon.colcon_core.environment:checking '/home/aoutir/rc_car/install/robot_desc/bin'
[3.480s] INFO:colcon.colcon_core.shell:Creating package script '/home/aoutir/rc_car/install/robot_desc/share/robot_desc/package.ps1'
[3.482s] INFO:colcon.colcon_core.shell:Creating package descriptor '/home/aoutir/rc_car/install/robot_desc/share/robot_desc/package.dsv'
[3.485s] INFO:colcon.colcon_core.shell:Creating package script '/home/aoutir/rc_car/install/robot_desc/share/robot_desc/package.sh'
[3.487s] INFO:colcon.colcon_core.shell:Creating package script '/home/aoutir/rc_car/install/robot_desc/share/robot_desc/package.bash'
[3.489s] INFO:colcon.colcon_core.shell:Creating package script '/home/aoutir/rc_car/install/robot_desc/share/robot_desc/package.zsh'
[3.491s] Level 1:colcon.colcon_core.environment:create_file_with_runtime_dependencies(/home/aoutir/rc_car/install/robot_desc/share/colcon-core/packages/robot_desc)
[3.608s] Level 1:colcon.colcon_core.environment:create_environment_scripts_only(robot_desc)
[3.609s] Level 1:colcon.colcon_core.environment:checking '/home/aoutir/rc_car/install/robot_desc' for CMake module files
[3.610s] Level 1:colcon.colcon_core.environment:checking '/home/aoutir/rc_car/install/robot_desc' for CMake config files
[3.610s] Level 1:colcon.colcon_core.shell:create_environment_hook('robot_desc', 'cmake_prefix_path')
[3.611s] INFO:colcon.colcon_core.shell:Creating environment hook '/home/aoutir/rc_car/install/robot_desc/share/robot_desc/hook/cmake_prefix_path.ps1'
[3.614s] INFO:colcon.colcon_core.shell:Creating environment descriptor '/home/aoutir/rc_car/install/robot_desc/share/robot_desc/hook/cmake_prefix_path.dsv'
[3.630s] INFO:colcon.colcon_core.shell:Creating environment hook '/home/aoutir/rc_car/install/robot_desc/share/robot_desc/hook/cmake_prefix_path.sh'
[3.632s] Level 1:colcon.colcon_core.environment:checking '/home/aoutir/rc_car/install/robot_desc/bin'
[3.632s] Level 1:colcon.colcon_core.environment:checking '/home/aoutir/rc_car/install/robot_desc/lib/pkgconfig/robot_desc.pc'
[3.632s] Level 1:colcon.colcon_core.environment:checking '/home/aoutir/rc_car/install/robot_desc/lib/python3.10/site-packages'
[3.633s] Level 1:colcon.colcon_core.environment:checking '/home/aoutir/rc_car/install/robot_desc/bin'
[3.633s] INFO:colcon.colcon_core.shell:Creating package script '/home/aoutir/rc_car/install/robot_desc/share/robot_desc/package.ps1'
[3.635s] INFO:colcon.colcon_core.shell:Creating package descriptor '/home/aoutir/rc_car/install/robot_desc/share/robot_desc/package.dsv'
[3.636s] INFO:colcon.colcon_core.shell:Creating package script '/home/aoutir/rc_car/install/robot_desc/share/robot_desc/package.sh'
[3.637s] INFO:colcon.colcon_core.shell:Creating package script '/home/aoutir/rc_car/install/robot_desc/share/robot_desc/package.bash'
[3.639s] INFO:colcon.colcon_core.shell:Creating package script '/home/aoutir/rc_car/install/robot_desc/share/robot_desc/package.zsh'
[3.640s] Level 1:colcon.colcon_core.environment:create_file_with_runtime_dependencies(/home/aoutir/rc_car/install/robot_desc/share/colcon-core/packages/robot_desc)
[3.640s] DEBUG:colcon.colcon_parallel_executor.executor.parallel:closing loop
[3.641s] DEBUG:colcon.colcon_parallel_executor.executor.parallel:loop closed
[3.641s] DEBUG:colcon.colcon_parallel_executor.executor.parallel:run_until_complete finished with '0'
[3.641s] DEBUG:colcon.colcon_core.event_reactor:joining thread
[3.664s] INFO:colcon.colcon_core.plugin_system:Skipping extension 'colcon_notification.desktop_notification.terminal_notifier': Not used on non-Darwin systems
[3.664s] INFO:colcon.colcon_core.plugin_system:Skipping extension 'colcon_notification.desktop_notification.win32': Not used on non-Windows systems
[3.665s] INFO:colcon.colcon_notification.desktop_notification:Sending desktop notification using 'notify2'
[3.665s] DEBUG:colcon.colcon_notification.desktop_notification.notify2:Failed to initialize notify2: org.freedesktop.DBus.Error.NotSupported: Unable to autolaunch a dbus-daemon without a $DISPLAY for X11
[3.666s] DEBUG:colcon.colcon_core.event_reactor:joined thread
[3.666s] INFO:colcon.colcon_core.shell:Creating prefix script '/home/aoutir/rc_car/install/local_setup.ps1'
[3.668s] INFO:colcon.colcon_core.shell:Creating prefix util module '/home/aoutir/rc_car/install/_local_setup_util_ps1.py'
[3.671s] INFO:colcon.colcon_core.shell:Creating prefix chain script '/home/aoutir/rc_car/install/setup.ps1'
[3.677s] INFO:colcon.colcon_core.shell:Creating prefix script '/home/aoutir/rc_car/install/local_setup.sh'
[3.679s] INFO:colcon.colcon_core.shell:Creating prefix util module '/home/aoutir/rc_car/install/_local_setup_util_sh.py'
[3.682s] INFO:colcon.colcon_core.shell:Creating prefix chain script '/home/aoutir/rc_car/install/setup.sh'
[3.685s] INFO:colcon.colcon_core.shell:Creating prefix script '/home/aoutir/rc_car/install/local_setup.bash'
[3.686s] INFO:colcon.colcon_core.shell:Creating prefix chain script '/home/aoutir/rc_car/install/setup.bash'
[3.689s] INFO:colcon.colcon_core.shell:Creating prefix script '/home/aoutir/rc_car/install/local_setup.zsh'
[3.691s] INFO:colcon.colcon_core.shell:Creating prefix chain script '/home/aoutir/rc_car/install/setup.zsh'
