[0.115s] DEBUG:colcon:Command line arguments: ['/usr/bin/colcon', 'build']
[0.115s] DEBUG:colcon:Parsed command line arguments: Namespace(log_base=None, log_level=None, verb_name='build', build_base='build', install_base='install', merge_install=False, symlink_install=False, test_result_base=None, continue_on_error=False, executor='parallel', parallel_workers=8, event_handlers=None, ignore_user_meta=False, metas=['./colcon.meta'], base_paths=['.'], packages_ignore=None, packages_ignore_regex=None, paths=None, packages_up_to=None, packages_up_to_regex=None, packages_above=None, packages_above_and_dependencies=None, packages_above_depth=None, packages_select_by_dep=None, packages_skip_by_dep=None, packages_skip_up_to=None, packages_select_build_failed=False, packages_skip_build_finished=False, packages_select_test_failures=False, packages_skip_test_passed=False, packages_select=None, packages_skip=None, packages_select_regex=None, packages_skip_regex=None, packages_start=None, packages_end=None, allow_overriding=[], cmake_args=None, cmake_target=None, cmake_target_skip_unavailable=False, cmake_clean_cache=False, cmake_clean_first=False, cmake_force_configure=False, ament_cmake_args=None, catkin_cmake_args=None, catkin_skip_building_tests=False, verb_parser=<colcon_defaults.argument_parser.defaults.DefaultArgumentsDecorator object at 0x797642f41420>, verb_extension=<colcon_core.verb.build.BuildVerb object at 0x79764303a080>, main=<bound method BuildVerb.main of <colcon_core.verb.build.BuildVerb object at 0x79764303a080>>)
[0.320s] Level 1:colcon.colcon_core.package_discovery:discover_packages(colcon_meta) check parameters
[0.320s] Level 1:colcon.colcon_core.package_discovery:discover_packages(recursive) check parameters
[0.320s] Level 1:colcon.colcon_core.package_discovery:discover_packages(ignore) check parameters
[0.320s] Level 1:colcon.colcon_core.package_discovery:discover_packages(path) check parameters
[0.320s] Level 1:colcon.colcon_core.package_discovery:discover_packages(colcon_meta) discover
[0.321s] Level 1:colcon.colcon_core.package_discovery:discover_packages(recursive) discover
[0.321s] INFO:colcon.colcon_core.package_discovery:Crawling recursively for packages in '/home/abdou/A/rc_car/Auto-Car-Project'
[0.321s] Level 1:colcon.colcon_core.package_identification:_identify(.) by extensions ['ignore', 'ignore_ament_install']
[0.321s] Level 1:colcon.colcon_core.package_identification:_identify(.) by extension 'ignore'
[0.321s] Level 1:colcon.colcon_core.package_identification:_identify(.) by extension 'ignore_ament_install'
[0.321s] Level 1:colcon.colcon_core.package_identification:_identify(.) by extensions ['colcon_pkg']
[0.321s] Level 1:colcon.colcon_core.package_identification:_identify(.) by extension 'colcon_pkg'
[0.321s] Level 1:colcon.colcon_core.package_identification:_identify(.) by extensions ['colcon_meta']
[0.321s] Level 1:colcon.colcon_core.package_identification:_identify(.) by extension 'colcon_meta'
[0.321s] Level 1:colcon.colcon_core.package_identification:_identify(.) by extensions ['ros']
[0.321s] Level 1:colcon.colcon_core.package_identification:_identify(.) by extension 'ros'
[0.334s] Level 1:colcon.colcon_core.package_identification:_identify(.) by extensions ['cmake', 'python']
[0.334s] Level 1:colcon.colcon_core.package_identification:_identify(.) by extension 'cmake'
[0.334s] Level 1:colcon.colcon_core.package_identification:_identify(.) by extension 'python'
[0.334s] Level 1:colcon.colcon_core.package_identification:_identify(.) by extensions ['python_setup_py']
[0.334s] Level 1:colcon.colcon_core.package_identification:_identify(.) by extension 'python_setup_py'
[0.334s] Level 1:colcon.colcon_core.package_identification:_identify(build) by extensions ['ignore', 'ignore_ament_install']
[0.334s] Level 1:colcon.colcon_core.package_identification:_identify(build) by extension 'ignore'
[0.334s] Level 1:colcon.colcon_core.package_identification:_identify(build) ignored
[0.334s] Level 1:colcon.colcon_core.package_identification:_identify(install) by extensions ['ignore', 'ignore_ament_install']
[0.334s] Level 1:colcon.colcon_core.package_identification:_identify(install) by extension 'ignore'
[0.334s] Level 1:colcon.colcon_core.package_identification:_identify(install) ignored
[0.335s] Level 1:colcon.colcon_core.package_identification:_identify(log) by extensions ['ignore', 'ignore_ament_install']
[0.335s] Level 1:colcon.colcon_core.package_identification:_identify(log) by extension 'ignore'
[0.335s] Level 1:colcon.colcon_core.package_identification:_identify(log) ignored
[0.335s] Level 1:colcon.colcon_core.package_identification:_identify(src) by extensions ['ignore', 'ignore_ament_install']
[0.335s] Level 1:colcon.colcon_core.package_identification:_identify(src) by extension 'ignore'
[0.335s] Level 1:colcon.colcon_core.package_identification:_identify(src) by extension 'ignore_ament_install'
[0.335s] Level 1:colcon.colcon_core.package_identification:_identify(src) by extensions ['colcon_pkg']
[0.335s] Level 1:colcon.colcon_core.package_identification:_identify(src) by extension 'colcon_pkg'
[0.335s] Level 1:colcon.colcon_core.package_identification:_identify(src) by extensions ['colcon_meta']
[0.335s] Level 1:colcon.colcon_core.package_identification:_identify(src) by extension 'colcon_meta'
[0.335s] Level 1:colcon.colcon_core.package_identification:_identify(src) by extensions ['ros']
[0.335s] Level 1:colcon.colcon_core.package_identification:_identify(src) by extension 'ros'
[0.335s] Level 1:colcon.colcon_core.package_identification:_identify(src) by extensions ['cmake', 'python']
[0.335s] Level 1:colcon.colcon_core.package_identification:_identify(src) by extension 'cmake'
[0.335s] Level 1:colcon.colcon_core.package_identification:_identify(src) by extension 'python'
[0.335s] Level 1:colcon.colcon_core.package_identification:_identify(src) by extensions ['python_setup_py']
[0.336s] Level 1:colcon.colcon_core.package_identification:_identify(src) by extension 'python_setup_py'
[0.336s] Level 1:colcon.colcon_core.package_identification:_identify(src/robot_desc) by extensions ['ignore', 'ignore_ament_install']
[0.336s] Level 1:colcon.colcon_core.package_identification:_identify(src/robot_desc) by extension 'ignore'
[0.336s] Level 1:colcon.colcon_core.package_identification:_identify(src/robot_desc) by extension 'ignore_ament_install'
[0.336s] Level 1:colcon.colcon_core.package_identification:_identify(src/robot_desc) by extensions ['colcon_pkg']
[0.336s] Level 1:colcon.colcon_core.package_identification:_identify(src/robot_desc) by extension 'colcon_pkg'
[0.336s] Level 1:colcon.colcon_core.package_identification:_identify(src/robot_desc) by extensions ['colcon_meta']
[0.336s] Level 1:colcon.colcon_core.package_identification:_identify(src/robot_desc) by extension 'colcon_meta'
[0.336s] Level 1:colcon.colcon_core.package_identification:_identify(src/robot_desc) by extensions ['ros']
[0.336s] Level 1:colcon.colcon_core.package_identification:_identify(src/robot_desc) by extension 'ros'
[0.339s] DEBUG:colcon.colcon_core.package_identification:Package 'src/robot_desc' with type 'ros.ament_cmake' and name 'robot_desc'
[0.339s] Level 1:colcon.colcon_core.package_discovery:discover_packages(recursive) using defaults
[0.339s] Level 1:colcon.colcon_core.package_discovery:discover_packages(ignore) discover
[0.339s] Level 1:colcon.colcon_core.package_discovery:discover_packages(ignore) using defaults
[0.339s] Level 1:colcon.colcon_core.package_discovery:discover_packages(path) discover
[0.339s] Level 1:colcon.colcon_core.package_discovery:discover_packages(path) using defaults
[0.372s] Level 1:colcon.colcon_core.package_discovery:discover_packages(prefix_path) check parameters
[0.372s] Level 1:colcon.colcon_core.package_discovery:discover_packages(prefix_path) discover
[0.373s] DEBUG:colcon.colcon_installed_package_information.package_discovery:Found 1 installed packages in /home/abdou/A/rc_car/Auto-Car-Project/install
[0.375s] DEBUG:colcon.colcon_installed_package_information.package_discovery:Found 334 installed packages in /opt/ros/iron
[0.377s] Level 1:colcon.colcon_core.package_discovery:discover_packages(prefix_path) using defaults
[0.433s] Level 5:colcon.colcon_core.verb:set package 'robot_desc' build argument 'cmake_args' from command line to 'None'
[0.434s] Level 5:colcon.colcon_core.verb:set package 'robot_desc' build argument 'cmake_target' from command line to 'None'
[0.434s] Level 5:colcon.colcon_core.verb:set package 'robot_desc' build argument 'cmake_target_skip_unavailable' from command line to 'False'
[0.434s] Level 5:colcon.colcon_core.verb:set package 'robot_desc' build argument 'cmake_clean_cache' from command line to 'False'
[0.434s] Level 5:colcon.colcon_core.verb:set package 'robot_desc' build argument 'cmake_clean_first' from command line to 'False'
[0.434s] Level 5:colcon.colcon_core.verb:set package 'robot_desc' build argument 'cmake_force_configure' from command line to 'False'
[0.434s] Level 5:colcon.colcon_core.verb:set package 'robot_desc' build argument 'ament_cmake_args' from command line to 'None'
[0.434s] Level 5:colcon.colcon_core.verb:set package 'robot_desc' build argument 'catkin_cmake_args' from command line to 'None'
[0.434s] Level 5:colcon.colcon_core.verb:set package 'robot_desc' build argument 'catkin_skip_building_tests' from command line to 'False'
[0.434s] DEBUG:colcon.colcon_core.verb:Building package 'robot_desc' with the following arguments: {'ament_cmake_args': None, 'build_base': '/home/abdou/A/rc_car/Auto-Car-Project/build/robot_desc', 'catkin_cmake_args': None, 'catkin_skip_building_tests': False, 'cmake_args': None, 'cmake_clean_cache': False, 'cmake_clean_first': False, 'cmake_force_configure': False, 'cmake_target': None, 'cmake_target_skip_unavailable': False, 'install_base': '/home/abdou/A/rc_car/Auto-Car-Project/install/robot_desc', 'merge_install': False, 'path': '/home/abdou/A/rc_car/Auto-Car-Project/src/robot_desc', 'symlink_install': False, 'test_result_base': None}
[0.434s] INFO:colcon.colcon_core.executor:Executing jobs using 'parallel' executor
[0.435s] DEBUG:colcon.colcon_parallel_executor.executor.parallel:run_until_complete
[0.435s] INFO:colcon.colcon_ros.task.ament_cmake.build:Building ROS package in '/home/abdou/A/rc_car/Auto-Car-Project/src/robot_desc' with build type 'ament_cmake'
[0.435s] INFO:colcon.colcon_cmake.task.cmake.build:Building CMake package in '/home/abdou/A/rc_car/Auto-Car-Project/src/robot_desc'
[0.438s] INFO:colcon.colcon_core.plugin_system:Skipping extension 'colcon_core.shell.bat': Not used on non-Windows systems
[0.438s] INFO:colcon.colcon_core.shell:Skip shell extension 'powershell' for command environment: Not usable outside of PowerShell
[0.438s] DEBUG:colcon.colcon_core.shell:Skip shell extension 'dsv' for command environment
[0.449s] DEBUG:colcon.colcon_core.event_handler.log_command:Invoking command in '/home/abdou/A/rc_car/Auto-Car-Project/build/robot_desc': CMAKE_PREFIX_PATH=${CMAKE_PREFIX_PATH}:/opt/ros/iron /usr/bin/cmake --build /home/abdou/A/rc_car/Auto-Car-Project/build/robot_desc -- -j8 -l8
[0.489s] DEBUG:colcon.colcon_core.event_handler.log_command:Invoked command in '/home/abdou/A/rc_car/Auto-Car-Project/build/robot_desc' returned '0': CMAKE_PREFIX_PATH=${CMAKE_PREFIX_PATH}:/opt/ros/iron /usr/bin/cmake --build /home/abdou/A/rc_car/Auto-Car-Project/build/robot_desc -- -j8 -l8
[0.521s] DEBUG:colcon.colcon_core.event_handler.log_command:Invoking command in '/home/abdou/A/rc_car/Auto-Car-Project/build/robot_desc': CMAKE_PREFIX_PATH=${CMAKE_PREFIX_PATH}:/opt/ros/iron /usr/bin/cmake --install /home/abdou/A/rc_car/Auto-Car-Project/build/robot_desc
[0.532s] Level 1:colcon.colcon_core.environment:create_environment_scripts_only(robot_desc)
[0.534s] DEBUG:colcon.colcon_core.event_handler.log_command:Invoked command in '/home/abdou/A/rc_car/Auto-Car-Project/build/robot_desc' returned '0': CMAKE_PREFIX_PATH=${CMAKE_PREFIX_PATH}:/opt/ros/iron /usr/bin/cmake --install /home/abdou/A/rc_car/Auto-Car-Project/build/robot_desc
[0.536s] Level 1:colcon.colcon_core.environment:checking '/home/abdou/A/rc_car/Auto-Car-Project/install/robot_desc' for CMake module files
[0.536s] Level 1:colcon.colcon_core.environment:checking '/home/abdou/A/rc_car/Auto-Car-Project/install/robot_desc' for CMake config files
[0.537s] Level 1:colcon.colcon_core.shell:create_environment_hook('robot_desc', 'cmake_prefix_path')
[0.537s] INFO:colcon.colcon_core.shell:Creating environment hook '/home/abdou/A/rc_car/Auto-Car-Project/install/robot_desc/share/robot_desc/hook/cmake_prefix_path.ps1'
[0.538s] INFO:colcon.colcon_core.shell:Creating environment descriptor '/home/abdou/A/rc_car/Auto-Car-Project/install/robot_desc/share/robot_desc/hook/cmake_prefix_path.dsv'
[0.538s] INFO:colcon.colcon_core.shell:Creating environment hook '/home/abdou/A/rc_car/Auto-Car-Project/install/robot_desc/share/robot_desc/hook/cmake_prefix_path.sh'
[0.539s] Level 1:colcon.colcon_core.environment:checking '/home/abdou/A/rc_car/Auto-Car-Project/install/robot_desc/bin'
[0.539s] Level 1:colcon.colcon_core.environment:checking '/home/abdou/A/rc_car/Auto-Car-Project/install/robot_desc/lib/pkgconfig/robot_desc.pc'
[0.540s] Level 1:colcon.colcon_core.environment:checking '/home/abdou/A/rc_car/Auto-Car-Project/install/robot_desc/lib/python3.10/site-packages'
[0.540s] Level 1:colcon.colcon_core.environment:checking '/home/abdou/A/rc_car/Auto-Car-Project/install/robot_desc/bin'
[0.540s] INFO:colcon.colcon_core.shell:Creating package script '/home/abdou/A/rc_car/Auto-Car-Project/install/robot_desc/share/robot_desc/package.ps1'
[0.542s] INFO:colcon.colcon_core.shell:Creating package descriptor '/home/abdou/A/rc_car/Auto-Car-Project/install/robot_desc/share/robot_desc/package.dsv'
[0.543s] INFO:colcon.colcon_core.shell:Creating package script '/home/abdou/A/rc_car/Auto-Car-Project/install/robot_desc/share/robot_desc/package.sh'
[0.544s] INFO:colcon.colcon_core.shell:Creating package script '/home/abdou/A/rc_car/Auto-Car-Project/install/robot_desc/share/robot_desc/package.bash'
[0.545s] INFO:colcon.colcon_core.shell:Creating package script '/home/abdou/A/rc_car/Auto-Car-Project/install/robot_desc/share/robot_desc/package.zsh'
[0.546s] Level 1:colcon.colcon_core.environment:create_file_with_runtime_dependencies(/home/abdou/A/rc_car/Auto-Car-Project/install/robot_desc/share/colcon-core/packages/robot_desc)
[0.570s] Level 1:colcon.colcon_core.environment:create_environment_scripts_only(robot_desc)
[0.570s] Level 1:colcon.colcon_core.environment:checking '/home/abdou/A/rc_car/Auto-Car-Project/install/robot_desc' for CMake module files
[0.571s] Level 1:colcon.colcon_core.environment:checking '/home/abdou/A/rc_car/Auto-Car-Project/install/robot_desc' for CMake config files
[0.571s] Level 1:colcon.colcon_core.shell:create_environment_hook('robot_desc', 'cmake_prefix_path')
[0.571s] INFO:colcon.colcon_core.shell:Creating environment hook '/home/abdou/A/rc_car/Auto-Car-Project/install/robot_desc/share/robot_desc/hook/cmake_prefix_path.ps1'
[0.572s] INFO:colcon.colcon_core.shell:Creating environment descriptor '/home/abdou/A/rc_car/Auto-Car-Project/install/robot_desc/share/robot_desc/hook/cmake_prefix_path.dsv'
[0.572s] INFO:colcon.colcon_core.shell:Creating environment hook '/home/abdou/A/rc_car/Auto-Car-Project/install/robot_desc/share/robot_desc/hook/cmake_prefix_path.sh'
[0.573s] Level 1:colcon.colcon_core.environment:checking '/home/abdou/A/rc_car/Auto-Car-Project/install/robot_desc/bin'
[0.573s] Level 1:colcon.colcon_core.environment:checking '/home/abdou/A/rc_car/Auto-Car-Project/install/robot_desc/lib/pkgconfig/robot_desc.pc'
[0.573s] Level 1:colcon.colcon_core.environment:checking '/home/abdou/A/rc_car/Auto-Car-Project/install/robot_desc/lib/python3.10/site-packages'
[0.573s] Level 1:colcon.colcon_core.environment:checking '/home/abdou/A/rc_car/Auto-Car-Project/install/robot_desc/bin'
[0.574s] INFO:colcon.colcon_core.shell:Creating package script '/home/abdou/A/rc_car/Auto-Car-Project/install/robot_desc/share/robot_desc/package.ps1'
[0.574s] INFO:colcon.colcon_core.shell:Creating package descriptor '/home/abdou/A/rc_car/Auto-Car-Project/install/robot_desc/share/robot_desc/package.dsv'
[0.575s] INFO:colcon.colcon_core.shell:Creating package script '/home/abdou/A/rc_car/Auto-Car-Project/install/robot_desc/share/robot_desc/package.sh'
[0.576s] INFO:colcon.colcon_core.shell:Creating package script '/home/abdou/A/rc_car/Auto-Car-Project/install/robot_desc/share/robot_desc/package.bash'
[0.576s] INFO:colcon.colcon_core.shell:Creating package script '/home/abdou/A/rc_car/Auto-Car-Project/install/robot_desc/share/robot_desc/package.zsh'
[0.577s] Level 1:colcon.colcon_core.environment:create_file_with_runtime_dependencies(/home/abdou/A/rc_car/Auto-Car-Project/install/robot_desc/share/colcon-core/packages/robot_desc)
[0.577s] DEBUG:colcon.colcon_parallel_executor.executor.parallel:closing loop
[0.578s] DEBUG:colcon.colcon_parallel_executor.executor.parallel:loop closed
[0.578s] DEBUG:colcon.colcon_parallel_executor.executor.parallel:run_until_complete finished with '0'
[0.578s] DEBUG:colcon.colcon_core.event_reactor:joining thread
[0.584s] INFO:colcon.colcon_core.plugin_system:Skipping extension 'colcon_notification.desktop_notification.terminal_notifier': Not used on non-Darwin systems
[0.584s] INFO:colcon.colcon_core.plugin_system:Skipping extension 'colcon_notification.desktop_notification.win32': Not used on non-Windows systems
[0.584s] INFO:colcon.colcon_notification.desktop_notification:Sending desktop notification using 'notify2'
[0.599s] DEBUG:colcon.colcon_core.event_reactor:joined thread
[0.600s] INFO:colcon.colcon_core.shell:Creating prefix script '/home/abdou/A/rc_car/Auto-Car-Project/install/local_setup.ps1'
[0.601s] INFO:colcon.colcon_core.shell:Creating prefix util module '/home/abdou/A/rc_car/Auto-Car-Project/install/_local_setup_util_ps1.py'
[0.604s] INFO:colcon.colcon_core.shell:Creating prefix chain script '/home/abdou/A/rc_car/Auto-Car-Project/install/setup.ps1'
[0.606s] INFO:colcon.colcon_core.shell:Creating prefix script '/home/abdou/A/rc_car/Auto-Car-Project/install/local_setup.sh'
[0.606s] INFO:colcon.colcon_core.shell:Creating prefix util module '/home/abdou/A/rc_car/Auto-Car-Project/install/_local_setup_util_sh.py'
[0.607s] INFO:colcon.colcon_core.shell:Creating prefix chain script '/home/abdou/A/rc_car/Auto-Car-Project/install/setup.sh'
[0.608s] INFO:colcon.colcon_core.shell:Creating prefix script '/home/abdou/A/rc_car/Auto-Car-Project/install/local_setup.bash'
[0.609s] INFO:colcon.colcon_core.shell:Creating prefix chain script '/home/abdou/A/rc_car/Auto-Car-Project/install/setup.bash'
[0.610s] INFO:colcon.colcon_core.shell:Creating prefix script '/home/abdou/A/rc_car/Auto-Car-Project/install/local_setup.zsh'
[0.610s] INFO:colcon.colcon_core.shell:Creating prefix chain script '/home/abdou/A/rc_car/Auto-Car-Project/install/setup.zsh'
