[0.190s] DEBUG:colcon:Command line arguments: ['/usr/bin/colcon', 'build']
[0.190s] DEBUG:colcon:Parsed command line arguments: Namespace(log_base=None, log_level=None, verb_name='build', build_base='build', install_base='install', merge_install=False, symlink_install=False, test_result_base=None, continue_on_error=False, executor='parallel', parallel_workers=4, event_handlers=None, ignore_user_meta=False, metas=['./colcon.meta'], base_paths=['.'], packages_ignore=None, packages_ignore_regex=None, paths=None, packages_up_to=None, packages_up_to_regex=None, packages_above=None, packages_above_and_dependencies=None, packages_above_depth=None, packages_select_by_dep=None, packages_skip_by_dep=None, packages_skip_up_to=None, packages_select_build_failed=False, packages_skip_build_finished=False, packages_select_test_failures=False, packages_skip_test_passed=False, packages_select=None, packages_skip=None, packages_select_regex=None, packages_skip_regex=None, packages_start=None, packages_end=None, allow_overriding=[], cmake_args=None, cmake_target=None, cmake_target_skip_unavailable=False, cmake_clean_cache=False, cmake_clean_first=False, cmake_force_configure=False, ament_cmake_args=None, catkin_cmake_args=None, catkin_skip_building_tests=False, verb_parser=<colcon_defaults.argument_parser.defaults.DefaultArgumentsDecorator object at 0x7abb85749ba0>, verb_extension=<colcon_core.verb.build.BuildVerb object at 0x7abb85749690>, main=<bound method BuildVerb.main of <colcon_core.verb.build.BuildVerb object at 0x7abb85749690>>)
[0.441s] Level 1:colcon.colcon_core.package_discovery:discover_packages(colcon_meta) check parameters
[0.441s] Level 1:colcon.colcon_core.package_discovery:discover_packages(recursive) check parameters
[0.442s] Level 1:colcon.colcon_core.package_discovery:discover_packages(ignore) check parameters
[0.442s] Level 1:colcon.colcon_core.package_discovery:discover_packages(path) check parameters
[0.442s] Level 1:colcon.colcon_core.package_discovery:discover_packages(colcon_meta) discover
[0.442s] Level 1:colcon.colcon_core.package_discovery:discover_packages(recursive) discover
[0.442s] INFO:colcon.colcon_core.package_discovery:Crawling recursively for packages in '/home/aoutir/rc_car'
[0.442s] Level 1:colcon.colcon_core.package_identification:_identify(.) by extensions ['ignore', 'ignore_ament_install']
[0.442s] Level 1:colcon.colcon_core.package_identification:_identify(.) by extension 'ignore'
[0.442s] Level 1:colcon.colcon_core.package_identification:_identify(.) by extension 'ignore_ament_install'
[0.443s] Level 1:colcon.colcon_core.package_identification:_identify(.) by extensions ['colcon_pkg']
[0.443s] Level 1:colcon.colcon_core.package_identification:_identify(.) by extension 'colcon_pkg'
[0.443s] Level 1:colcon.colcon_core.package_identification:_identify(.) by extensions ['colcon_meta']
[0.443s] Level 1:colcon.colcon_core.package_identification:_identify(.) by extension 'colcon_meta'
[0.443s] Level 1:colcon.colcon_core.package_identification:_identify(.) by extensions ['ros']
[0.443s] Level 1:colcon.colcon_core.package_identification:_identify(.) by extension 'ros'
[0.455s] Level 1:colcon.colcon_core.package_identification:_identify(.) by extensions ['cmake', 'python']
[0.456s] Level 1:colcon.colcon_core.package_identification:_identify(.) by extension 'cmake'
[0.456s] Level 1:colcon.colcon_core.package_identification:_identify(.) by extension 'python'
[0.456s] Level 1:colcon.colcon_core.package_identification:_identify(.) by extensions ['python_setup_py']
[0.456s] Level 1:colcon.colcon_core.package_identification:_identify(.) by extension 'python_setup_py'
[0.457s] Level 1:colcon.colcon_core.package_identification:_identify(build) by extensions ['ignore', 'ignore_ament_install']
[0.458s] Level 1:colcon.colcon_core.package_identification:_identify(build) by extension 'ignore'
[0.458s] Level 1:colcon.colcon_core.package_identification:_identify(build) ignored
[0.459s] Level 1:colcon.colcon_core.package_identification:_identify(install) by extensions ['ignore', 'ignore_ament_install']
[0.459s] Level 1:colcon.colcon_core.package_identification:_identify(install) by extension 'ignore'
[0.459s] Level 1:colcon.colcon_core.package_identification:_identify(install) ignored
[0.459s] Level 1:colcon.colcon_core.package_identification:_identify(log) by extensions ['ignore', 'ignore_ament_install']
[0.460s] Level 1:colcon.colcon_core.package_identification:_identify(log) by extension 'ignore'
[0.460s] Level 1:colcon.colcon_core.package_identification:_identify(log) ignored
[0.460s] Level 1:colcon.colcon_core.package_identification:_identify(src) by extensions ['ignore', 'ignore_ament_install']
[0.461s] Level 1:colcon.colcon_core.package_identification:_identify(src) by extension 'ignore'
[0.462s] Level 1:colcon.colcon_core.package_identification:_identify(src) by extension 'ignore_ament_install'
[0.462s] Level 1:colcon.colcon_core.package_identification:_identify(src) by extensions ['colcon_pkg']
[0.462s] Level 1:colcon.colcon_core.package_identification:_identify(src) by extension 'colcon_pkg'
[0.462s] Level 1:colcon.colcon_core.package_identification:_identify(src) by extensions ['colcon_meta']
[0.462s] Level 1:colcon.colcon_core.package_identification:_identify(src) by extension 'colcon_meta'
[0.462s] Level 1:colcon.colcon_core.package_identification:_identify(src) by extensions ['ros']
[0.462s] Level 1:colcon.colcon_core.package_identification:_identify(src) by extension 'ros'
[0.462s] Level 1:colcon.colcon_core.package_identification:_identify(src) by extensions ['cmake', 'python']
[0.462s] Level 1:colcon.colcon_core.package_identification:_identify(src) by extension 'cmake'
[0.462s] Level 1:colcon.colcon_core.package_identification:_identify(src) by extension 'python'
[0.462s] Level 1:colcon.colcon_core.package_identification:_identify(src) by extensions ['python_setup_py']
[0.462s] Level 1:colcon.colcon_core.package_identification:_identify(src) by extension 'python_setup_py'
[0.462s] Level 1:colcon.colcon_core.package_identification:_identify(src/robot_controller) by extensions ['ignore', 'ignore_ament_install']
[0.463s] Level 1:colcon.colcon_core.package_identification:_identify(src/robot_controller) by extension 'ignore'
[0.463s] Level 1:colcon.colcon_core.package_identification:_identify(src/robot_controller) by extension 'ignore_ament_install'
[0.463s] Level 1:colcon.colcon_core.package_identification:_identify(src/robot_controller) by extensions ['colcon_pkg']
[0.463s] Level 1:colcon.colcon_core.package_identification:_identify(src/robot_controller) by extension 'colcon_pkg'
[0.463s] Level 1:colcon.colcon_core.package_identification:_identify(src/robot_controller) by extensions ['colcon_meta']
[0.463s] Level 1:colcon.colcon_core.package_identification:_identify(src/robot_controller) by extension 'colcon_meta'
[0.463s] Level 1:colcon.colcon_core.package_identification:_identify(src/robot_controller) by extensions ['ros']
[0.463s] Level 1:colcon.colcon_core.package_identification:_identify(src/robot_controller) by extension 'ros'
[0.466s] DEBUG:colcon.colcon_core.package_identification:Package 'src/robot_controller' with type 'ros.ament_cmake' and name 'robot_controller'
[0.466s] Level 1:colcon.colcon_core.package_identification:_identify(src/robot_desc) by extensions ['ignore', 'ignore_ament_install']
[0.467s] Level 1:colcon.colcon_core.package_identification:_identify(src/robot_desc) by extension 'ignore'
[0.467s] Level 1:colcon.colcon_core.package_identification:_identify(src/robot_desc) by extension 'ignore_ament_install'
[0.467s] Level 1:colcon.colcon_core.package_identification:_identify(src/robot_desc) by extensions ['colcon_pkg']
[0.467s] Level 1:colcon.colcon_core.package_identification:_identify(src/robot_desc) by extension 'colcon_pkg'
[0.467s] Level 1:colcon.colcon_core.package_identification:_identify(src/robot_desc) by extensions ['colcon_meta']
[0.467s] Level 1:colcon.colcon_core.package_identification:_identify(src/robot_desc) by extension 'colcon_meta'
[0.467s] Level 1:colcon.colcon_core.package_identification:_identify(src/robot_desc) by extensions ['ros']
[0.467s] Level 1:colcon.colcon_core.package_identification:_identify(src/robot_desc) by extension 'ros'
[0.468s] DEBUG:colcon.colcon_core.package_identification:Package 'src/robot_desc' with type 'ros.ament_cmake' and name 'robot_desc'
[0.468s] Level 1:colcon.colcon_core.package_identification:_identify(src/robot_sample_example) by extensions ['ignore', 'ignore_ament_install']
[0.468s] Level 1:colcon.colcon_core.package_identification:_identify(src/robot_sample_example) by extension 'ignore'
[0.468s] Level 1:colcon.colcon_core.package_identification:_identify(src/robot_sample_example) by extension 'ignore_ament_install'
[0.468s] Level 1:colcon.colcon_core.package_identification:_identify(src/robot_sample_example) by extensions ['colcon_pkg']
[0.468s] Level 1:colcon.colcon_core.package_identification:_identify(src/robot_sample_example) by extension 'colcon_pkg'
[0.468s] Level 1:colcon.colcon_core.package_identification:_identify(src/robot_sample_example) by extensions ['colcon_meta']
[0.468s] Level 1:colcon.colcon_core.package_identification:_identify(src/robot_sample_example) by extension 'colcon_meta'
[0.469s] Level 1:colcon.colcon_core.package_identification:_identify(src/robot_sample_example) by extensions ['ros']
[0.469s] Level 1:colcon.colcon_core.package_identification:_identify(src/robot_sample_example) by extension 'ros'
[0.469s] DEBUG:colcon.colcon_core.package_identification:Package 'src/robot_sample_example' with type 'ros.ament_python' and name 'robot_sample_example'
[0.469s] Level 1:colcon.colcon_core.package_discovery:discover_packages(recursive) using defaults
[0.469s] Level 1:colcon.colcon_core.package_discovery:discover_packages(ignore) discover
[0.469s] Level 1:colcon.colcon_core.package_discovery:discover_packages(ignore) using defaults
[0.469s] Level 1:colcon.colcon_core.package_discovery:discover_packages(path) discover
[0.469s] Level 1:colcon.colcon_core.package_discovery:discover_packages(path) using defaults
[0.511s] Level 1:colcon.colcon_core.package_discovery:discover_packages(prefix_path) check parameters
[0.512s] Level 1:colcon.colcon_core.package_discovery:discover_packages(prefix_path) discover
[0.528s] DEBUG:colcon.colcon_installed_package_information.package_discovery:Found 3 installed packages in /home/aoutir/rc_car/install
[0.530s] DEBUG:colcon.colcon_installed_package_information.package_discovery:Found 340 installed packages in /opt/ros/iron
[0.532s] Level 1:colcon.colcon_core.package_discovery:discover_packages(prefix_path) using defaults
[0.614s] Level 5:colcon.colcon_core.verb:set package 'robot_controller' build argument 'cmake_args' from command line to 'None'
[0.615s] Level 5:colcon.colcon_core.verb:set package 'robot_controller' build argument 'cmake_target' from command line to 'None'
[0.616s] Level 5:colcon.colcon_core.verb:set package 'robot_controller' build argument 'cmake_target_skip_unavailable' from command line to 'False'
[0.616s] Level 5:colcon.colcon_core.verb:set package 'robot_controller' build argument 'cmake_clean_cache' from command line to 'False'
[0.616s] Level 5:colcon.colcon_core.verb:set package 'robot_controller' build argument 'cmake_clean_first' from command line to 'False'
[0.616s] Level 5:colcon.colcon_core.verb:set package 'robot_controller' build argument 'cmake_force_configure' from command line to 'False'
[0.616s] Level 5:colcon.colcon_core.verb:set package 'robot_controller' build argument 'ament_cmake_args' from command line to 'None'
[0.616s] Level 5:colcon.colcon_core.verb:set package 'robot_controller' build argument 'catkin_cmake_args' from command line to 'None'
[0.616s] Level 5:colcon.colcon_core.verb:set package 'robot_controller' build argument 'catkin_skip_building_tests' from command line to 'False'
[0.616s] DEBUG:colcon.colcon_core.verb:Building package 'robot_controller' with the following arguments: {'ament_cmake_args': None, 'build_base': '/home/aoutir/rc_car/build/robot_controller', 'catkin_cmake_args': None, 'catkin_skip_building_tests': False, 'cmake_args': None, 'cmake_clean_cache': False, 'cmake_clean_first': False, 'cmake_force_configure': False, 'cmake_target': None, 'cmake_target_skip_unavailable': False, 'install_base': '/home/aoutir/rc_car/install/robot_controller', 'merge_install': False, 'path': '/home/aoutir/rc_car/src/robot_controller', 'symlink_install': False, 'test_result_base': None}
[0.617s] Level 5:colcon.colcon_core.verb:set package 'robot_desc' build argument 'cmake_args' from command line to 'None'
[0.617s] Level 5:colcon.colcon_core.verb:set package 'robot_desc' build argument 'cmake_target' from command line to 'None'
[0.617s] Level 5:colcon.colcon_core.verb:set package 'robot_desc' build argument 'cmake_target_skip_unavailable' from command line to 'False'
[0.617s] Level 5:colcon.colcon_core.verb:set package 'robot_desc' build argument 'cmake_clean_cache' from command line to 'False'
[0.617s] Level 5:colcon.colcon_core.verb:set package 'robot_desc' build argument 'cmake_clean_first' from command line to 'False'
[0.617s] Level 5:colcon.colcon_core.verb:set package 'robot_desc' build argument 'cmake_force_configure' from command line to 'False'
[0.617s] Level 5:colcon.colcon_core.verb:set package 'robot_desc' build argument 'ament_cmake_args' from command line to 'None'
[0.617s] Level 5:colcon.colcon_core.verb:set package 'robot_desc' build argument 'catkin_cmake_args' from command line to 'None'
[0.617s] Level 5:colcon.colcon_core.verb:set package 'robot_desc' build argument 'catkin_skip_building_tests' from command line to 'False'
[0.617s] DEBUG:colcon.colcon_core.verb:Building package 'robot_desc' with the following arguments: {'ament_cmake_args': None, 'build_base': '/home/aoutir/rc_car/build/robot_desc', 'catkin_cmake_args': None, 'catkin_skip_building_tests': False, 'cmake_args': None, 'cmake_clean_cache': False, 'cmake_clean_first': False, 'cmake_force_configure': False, 'cmake_target': None, 'cmake_target_skip_unavailable': False, 'install_base': '/home/aoutir/rc_car/install/robot_desc', 'merge_install': False, 'path': '/home/aoutir/rc_car/src/robot_desc', 'symlink_install': False, 'test_result_base': None}
[0.618s] Level 5:colcon.colcon_core.verb:set package 'robot_sample_example' build argument 'cmake_args' from command line to 'None'
[0.618s] Level 5:colcon.colcon_core.verb:set package 'robot_sample_example' build argument 'cmake_target' from command line to 'None'
[0.618s] Level 5:colcon.colcon_core.verb:set package 'robot_sample_example' build argument 'cmake_target_skip_unavailable' from command line to 'False'
[0.618s] Level 5:colcon.colcon_core.verb:set package 'robot_sample_example' build argument 'cmake_clean_cache' from command line to 'False'
[0.618s] Level 5:colcon.colcon_core.verb:set package 'robot_sample_example' build argument 'cmake_clean_first' from command line to 'False'
[0.618s] Level 5:colcon.colcon_core.verb:set package 'robot_sample_example' build argument 'cmake_force_configure' from command line to 'False'
[0.618s] Level 5:colcon.colcon_core.verb:set package 'robot_sample_example' build argument 'ament_cmake_args' from command line to 'None'
[0.618s] Level 5:colcon.colcon_core.verb:set package 'robot_sample_example' build argument 'catkin_cmake_args' from command line to 'None'
[0.618s] Level 5:colcon.colcon_core.verb:set package 'robot_sample_example' build argument 'catkin_skip_building_tests' from command line to 'False'
[0.618s] DEBUG:colcon.colcon_core.verb:Building package 'robot_sample_example' with the following arguments: {'ament_cmake_args': None, 'build_base': '/home/aoutir/rc_car/build/robot_sample_example', 'catkin_cmake_args': None, 'catkin_skip_building_tests': False, 'cmake_args': None, 'cmake_clean_cache': False, 'cmake_clean_first': False, 'cmake_force_configure': False, 'cmake_target': None, 'cmake_target_skip_unavailable': False, 'install_base': '/home/aoutir/rc_car/install/robot_sample_example', 'merge_install': False, 'path': '/home/aoutir/rc_car/src/robot_sample_example', 'symlink_install': False, 'test_result_base': None}
[0.618s] INFO:colcon.colcon_core.executor:Executing jobs using 'parallel' executor
[0.620s] DEBUG:colcon.colcon_parallel_executor.executor.parallel:run_until_complete
[0.621s] INFO:colcon.colcon_ros.task.ament_cmake.build:Building ROS package in '/home/aoutir/rc_car/src/robot_controller' with build type 'ament_cmake'
[0.622s] INFO:colcon.colcon_cmake.task.cmake.build:Building CMake package in '/home/aoutir/rc_car/src/robot_controller'
[0.652s] INFO:colcon.colcon_core.plugin_system:Skipping extension 'colcon_core.shell.bat': Not used on non-Windows systems
[0.652s] INFO:colcon.colcon_core.shell:Skip shell extension 'powershell' for command environment: Not usable outside of PowerShell
[0.652s] DEBUG:colcon.colcon_core.shell:Skip shell extension 'dsv' for command environment
[0.671s] INFO:colcon.colcon_ros.task.ament_cmake.build:Building ROS package in '/home/aoutir/rc_car/src/robot_desc' with build type 'ament_cmake'
[0.672s] INFO:colcon.colcon_cmake.task.cmake.build:Building CMake package in '/home/aoutir/rc_car/src/robot_desc'
[0.673s] INFO:colcon.colcon_core.shell:Skip shell extension 'powershell' for command environment: Not usable outside of PowerShell
[0.673s] DEBUG:colcon.colcon_core.shell:Skip shell extension 'dsv' for command environment
[0.679s] INFO:colcon.colcon_ros.task.ament_python.build:Building ROS package in '/home/aoutir/rc_car/src/robot_sample_example' with build type 'ament_python'
[0.679s] Level 1:colcon.colcon_core.shell:create_environment_hook('robot_sample_example', 'ament_prefix_path')
[0.680s] INFO:colcon.colcon_core.shell:Creating environment hook '/home/aoutir/rc_car/install/robot_sample_example/share/robot_sample_example/hook/ament_prefix_path.ps1'
[0.682s] INFO:colcon.colcon_core.shell:Creating environment descriptor '/home/aoutir/rc_car/install/robot_sample_example/share/robot_sample_example/hook/ament_prefix_path.dsv'
[0.684s] INFO:colcon.colcon_core.shell:Creating environment hook '/home/aoutir/rc_car/install/robot_sample_example/share/robot_sample_example/hook/ament_prefix_path.sh'
[0.688s] INFO:colcon.colcon_core.shell:Skip shell extension 'powershell' for command environment: Not usable outside of PowerShell
[0.688s] DEBUG:colcon.colcon_core.shell:Skip shell extension 'dsv' for command environment
[0.727s] DEBUG:colcon.colcon_core.event_handler.log_command:Invoking command in '/home/aoutir/rc_car/build/robot_controller': CMAKE_PREFIX_PATH=${CMAKE_PREFIX_PATH}:/home/aoutir/rc_car/install/robot_sample_example:/opt/ros/iron /usr/bin/cmake --build /home/aoutir/rc_car/build/robot_controller -- -j4 -l4
[0.732s] DEBUG:colcon.colcon_core.event_handler.log_command:Invoking command in '/home/aoutir/rc_car/build/robot_desc': CMAKE_PREFIX_PATH=${CMAKE_PREFIX_PATH}:/home/aoutir/rc_car/install/robot_sample_example:/opt/ros/iron /usr/bin/cmake --build /home/aoutir/rc_car/build/robot_desc -- -j4 -l4
[1.153s] INFO:colcon.colcon_core.task.python.build:Building Python package in '/home/aoutir/rc_car/src/robot_sample_example'
[1.154s] INFO:colcon.colcon_core.shell:Skip shell extension 'powershell' for command environment: Not usable outside of PowerShell
[1.154s] DEBUG:colcon.colcon_core.shell:Skip shell extension 'dsv' for command environment
[1.181s] DEBUG:colcon.colcon_core.event_handler.log_command:Invoked command in '/home/aoutir/rc_car/build/robot_desc' returned '0': CMAKE_PREFIX_PATH=${CMAKE_PREFIX_PATH}:/home/aoutir/rc_car/install/robot_sample_example:/opt/ros/iron /usr/bin/cmake --build /home/aoutir/rc_car/build/robot_desc -- -j4 -l4
[1.286s] DEBUG:colcon.colcon_core.event_handler.log_command:Invoking command in '/home/aoutir/rc_car/build/robot_desc': CMAKE_PREFIX_PATH=${CMAKE_PREFIX_PATH}:/home/aoutir/rc_car/install/robot_sample_example:/opt/ros/iron /usr/bin/cmake --install /home/aoutir/rc_car/build/robot_desc
[1.378s] Level 1:colcon.colcon_core.environment:create_environment_scripts_only(robot_desc)
[1.379s] DEBUG:colcon.colcon_core.event_handler.log_command:Invoked command in '/home/aoutir/rc_car/build/robot_desc' returned '0': CMAKE_PREFIX_PATH=${CMAKE_PREFIX_PATH}:/home/aoutir/rc_car/install/robot_sample_example:/opt/ros/iron /usr/bin/cmake --install /home/aoutir/rc_car/build/robot_desc
[1.398s] Level 1:colcon.colcon_core.environment:checking '/home/aoutir/rc_car/install/robot_desc' for CMake module files
[1.399s] Level 1:colcon.colcon_core.environment:checking '/home/aoutir/rc_car/install/robot_desc' for CMake config files
[1.402s] Level 1:colcon.colcon_core.shell:create_environment_hook('robot_desc', 'cmake_prefix_path')
[1.403s] INFO:colcon.colcon_core.shell:Creating environment hook '/home/aoutir/rc_car/install/robot_desc/share/robot_desc/hook/cmake_prefix_path.ps1'
[1.403s] INFO:colcon.colcon_core.shell:Creating environment descriptor '/home/aoutir/rc_car/install/robot_desc/share/robot_desc/hook/cmake_prefix_path.dsv'
[1.405s] INFO:colcon.colcon_core.shell:Creating environment hook '/home/aoutir/rc_car/install/robot_desc/share/robot_desc/hook/cmake_prefix_path.sh'
[1.406s] Level 1:colcon.colcon_core.environment:checking '/home/aoutir/rc_car/install/robot_desc/bin'
[1.406s] Level 1:colcon.colcon_core.environment:checking '/home/aoutir/rc_car/install/robot_desc/lib/pkgconfig/robot_desc.pc'
[1.406s] Level 1:colcon.colcon_core.environment:checking '/home/aoutir/rc_car/install/robot_desc/lib/python3.10/site-packages'
[1.407s] Level 1:colcon.colcon_core.environment:checking '/home/aoutir/rc_car/install/robot_desc/bin'
[1.407s] INFO:colcon.colcon_core.shell:Creating package script '/home/aoutir/rc_car/install/robot_desc/share/robot_desc/package.ps1'
[1.409s] INFO:colcon.colcon_core.shell:Creating package descriptor '/home/aoutir/rc_car/install/robot_desc/share/robot_desc/package.dsv'
[1.411s] INFO:colcon.colcon_core.shell:Creating package script '/home/aoutir/rc_car/install/robot_desc/share/robot_desc/package.sh'
[1.413s] INFO:colcon.colcon_core.shell:Creating package script '/home/aoutir/rc_car/install/robot_desc/share/robot_desc/package.bash'
[1.415s] INFO:colcon.colcon_core.shell:Creating package script '/home/aoutir/rc_car/install/robot_desc/share/robot_desc/package.zsh'
[1.417s] Level 1:colcon.colcon_core.environment:create_file_with_runtime_dependencies(/home/aoutir/rc_car/install/robot_desc/share/colcon-core/packages/robot_desc)
[1.420s] DEBUG:colcon.colcon_core.event_handler.log_command:Invoked command in '/home/aoutir/rc_car/build/robot_controller' returned '0': CMAKE_PREFIX_PATH=${CMAKE_PREFIX_PATH}:/home/aoutir/rc_car/install/robot_sample_example:/opt/ros/iron /usr/bin/cmake --build /home/aoutir/rc_car/build/robot_controller -- -j4 -l4
[1.466s] Level 1:colcon.colcon_core.environment:create_environment_scripts_only(robot_desc)
[1.467s] Level 1:colcon.colcon_core.environment:checking '/home/aoutir/rc_car/install/robot_desc' for CMake module files
[1.467s] Level 1:colcon.colcon_core.environment:checking '/home/aoutir/rc_car/install/robot_desc' for CMake config files
[1.468s] Level 1:colcon.colcon_core.shell:create_environment_hook('robot_desc', 'cmake_prefix_path')
[1.468s] INFO:colcon.colcon_core.shell:Creating environment hook '/home/aoutir/rc_car/install/robot_desc/share/robot_desc/hook/cmake_prefix_path.ps1'
[1.469s] INFO:colcon.colcon_core.shell:Creating environment descriptor '/home/aoutir/rc_car/install/robot_desc/share/robot_desc/hook/cmake_prefix_path.dsv'
[1.470s] INFO:colcon.colcon_core.shell:Creating environment hook '/home/aoutir/rc_car/install/robot_desc/share/robot_desc/hook/cmake_prefix_path.sh'
[1.471s] Level 1:colcon.colcon_core.environment:checking '/home/aoutir/rc_car/install/robot_desc/bin'
[1.471s] Level 1:colcon.colcon_core.environment:checking '/home/aoutir/rc_car/install/robot_desc/lib/pkgconfig/robot_desc.pc'
[1.471s] Level 1:colcon.colcon_core.environment:checking '/home/aoutir/rc_car/install/robot_desc/lib/python3.10/site-packages'
[1.472s] Level 1:colcon.colcon_core.environment:checking '/home/aoutir/rc_car/install/robot_desc/bin'
[1.472s] INFO:colcon.colcon_core.shell:Creating package script '/home/aoutir/rc_car/install/robot_desc/share/robot_desc/package.ps1'
[1.473s] INFO:colcon.colcon_core.shell:Creating package descriptor '/home/aoutir/rc_car/install/robot_desc/share/robot_desc/package.dsv'
[1.474s] INFO:colcon.colcon_core.shell:Creating package script '/home/aoutir/rc_car/install/robot_desc/share/robot_desc/package.sh'
[1.475s] INFO:colcon.colcon_core.shell:Creating package script '/home/aoutir/rc_car/install/robot_desc/share/robot_desc/package.bash'
[1.476s] INFO:colcon.colcon_core.shell:Creating package script '/home/aoutir/rc_car/install/robot_desc/share/robot_desc/package.zsh'
[1.477s] Level 1:colcon.colcon_core.environment:create_file_with_runtime_dependencies(/home/aoutir/rc_car/install/robot_desc/share/colcon-core/packages/robot_desc)
[1.494s] DEBUG:colcon.colcon_core.event_handler.log_command:Invoking command in '/home/aoutir/rc_car/build/robot_controller': CMAKE_PREFIX_PATH=${CMAKE_PREFIX_PATH}:/home/aoutir/rc_car/install/robot_sample_example:/opt/ros/iron /usr/bin/cmake --install /home/aoutir/rc_car/build/robot_controller
[1.657s] Level 1:colcon.colcon_core.environment:create_environment_scripts_only(robot_controller)
[1.658s] Level 1:colcon.colcon_core.environment:checking '/home/aoutir/rc_car/install/robot_controller' for CMake module files
[1.659s] DEBUG:colcon.colcon_core.event_handler.log_command:Invoked command in '/home/aoutir/rc_car/build/robot_controller' returned '0': CMAKE_PREFIX_PATH=${CMAKE_PREFIX_PATH}:/home/aoutir/rc_car/install/robot_sample_example:/opt/ros/iron /usr/bin/cmake --install /home/aoutir/rc_car/build/robot_controller
[1.660s] Level 1:colcon.colcon_core.environment:checking '/home/aoutir/rc_car/install/robot_controller' for CMake config files
[1.667s] Level 1:colcon.colcon_core.shell:create_environment_hook('robot_controller', 'cmake_prefix_path')
[1.667s] INFO:colcon.colcon_core.shell:Creating environment hook '/home/aoutir/rc_car/install/robot_controller/share/robot_controller/hook/cmake_prefix_path.ps1'
[1.668s] INFO:colcon.colcon_core.shell:Creating environment descriptor '/home/aoutir/rc_car/install/robot_controller/share/robot_controller/hook/cmake_prefix_path.dsv'
[1.669s] INFO:colcon.colcon_core.shell:Creating environment hook '/home/aoutir/rc_car/install/robot_controller/share/robot_controller/hook/cmake_prefix_path.sh'
[1.673s] Level 1:colcon.colcon_core.environment:checking '/home/aoutir/rc_car/install/robot_controller/lib'
[1.674s] Level 1:colcon.colcon_core.environment:checking '/home/aoutir/rc_car/install/robot_controller/bin'
[1.674s] Level 1:colcon.colcon_core.environment:checking '/home/aoutir/rc_car/install/robot_controller/lib/pkgconfig/robot_controller.pc'
[1.674s] Level 1:colcon.colcon_core.environment:checking '/home/aoutir/rc_car/install/robot_controller/lib/python3.10/site-packages'
[1.674s] Level 1:colcon.colcon_core.shell:create_environment_hook('robot_controller', 'pythonpath')
[1.674s] INFO:colcon.colcon_core.shell:Creating environment hook '/home/aoutir/rc_car/install/robot_controller/share/robot_controller/hook/pythonpath.ps1'
[1.675s] INFO:colcon.colcon_core.shell:Creating environment descriptor '/home/aoutir/rc_car/install/robot_controller/share/robot_controller/hook/pythonpath.dsv'
[1.676s] INFO:colcon.colcon_core.shell:Creating environment hook '/home/aoutir/rc_car/install/robot_controller/share/robot_controller/hook/pythonpath.sh'
[1.678s] Level 1:colcon.colcon_core.environment:checking '/home/aoutir/rc_car/install/robot_controller/bin'
[1.678s] INFO:colcon.colcon_core.shell:Creating package script '/home/aoutir/rc_car/install/robot_controller/share/robot_controller/package.ps1'
[1.679s] INFO:colcon.colcon_core.shell:Creating package descriptor '/home/aoutir/rc_car/install/robot_controller/share/robot_controller/package.dsv'
[1.680s] INFO:colcon.colcon_core.shell:Creating package script '/home/aoutir/rc_car/install/robot_controller/share/robot_controller/package.sh'
[1.681s] INFO:colcon.colcon_core.shell:Creating package script '/home/aoutir/rc_car/install/robot_controller/share/robot_controller/package.bash'
[1.683s] INFO:colcon.colcon_core.shell:Creating package script '/home/aoutir/rc_car/install/robot_controller/share/robot_controller/package.zsh'
[1.688s] Level 1:colcon.colcon_core.environment:create_file_with_runtime_dependencies(/home/aoutir/rc_car/install/robot_controller/share/colcon-core/packages/robot_controller)
[1.777s] Level 1:colcon.colcon_core.environment:create_environment_scripts_only(robot_controller)
[1.779s] Level 1:colcon.colcon_core.environment:checking '/home/aoutir/rc_car/install/robot_controller' for CMake module files
[1.780s] Level 1:colcon.colcon_core.environment:checking '/home/aoutir/rc_car/install/robot_controller' for CMake config files
[1.782s] Level 1:colcon.colcon_core.shell:create_environment_hook('robot_controller', 'cmake_prefix_path')
[1.782s] INFO:colcon.colcon_core.shell:Creating environment hook '/home/aoutir/rc_car/install/robot_controller/share/robot_controller/hook/cmake_prefix_path.ps1'
[1.783s] INFO:colcon.colcon_core.shell:Creating environment descriptor '/home/aoutir/rc_car/install/robot_controller/share/robot_controller/hook/cmake_prefix_path.dsv'
[1.783s] INFO:colcon.colcon_core.shell:Creating environment hook '/home/aoutir/rc_car/install/robot_controller/share/robot_controller/hook/cmake_prefix_path.sh'
[1.784s] Level 1:colcon.colcon_core.environment:checking '/home/aoutir/rc_car/install/robot_controller/lib'
[1.785s] Level 1:colcon.colcon_core.environment:checking '/home/aoutir/rc_car/install/robot_controller/bin'
[1.785s] Level 1:colcon.colcon_core.environment:checking '/home/aoutir/rc_car/install/robot_controller/lib/pkgconfig/robot_controller.pc'
[1.785s] Level 1:colcon.colcon_core.environment:checking '/home/aoutir/rc_car/install/robot_controller/lib/python3.10/site-packages'
[1.785s] Level 1:colcon.colcon_core.shell:create_environment_hook('robot_controller', 'pythonpath')
[1.785s] INFO:colcon.colcon_core.shell:Creating environment hook '/home/aoutir/rc_car/install/robot_controller/share/robot_controller/hook/pythonpath.ps1'
[1.786s] INFO:colcon.colcon_core.shell:Creating environment descriptor '/home/aoutir/rc_car/install/robot_controller/share/robot_controller/hook/pythonpath.dsv'
[1.787s] INFO:colcon.colcon_core.shell:Creating environment hook '/home/aoutir/rc_car/install/robot_controller/share/robot_controller/hook/pythonpath.sh'
[1.787s] Level 1:colcon.colcon_core.environment:checking '/home/aoutir/rc_car/install/robot_controller/bin'
[1.789s] INFO:colcon.colcon_core.shell:Creating package script '/home/aoutir/rc_car/install/robot_controller/share/robot_controller/package.ps1'
[1.790s] INFO:colcon.colcon_core.shell:Creating package descriptor '/home/aoutir/rc_car/install/robot_controller/share/robot_controller/package.dsv'
[1.790s] INFO:colcon.colcon_core.shell:Creating package script '/home/aoutir/rc_car/install/robot_controller/share/robot_controller/package.sh'
[1.791s] INFO:colcon.colcon_core.shell:Creating package script '/home/aoutir/rc_car/install/robot_controller/share/robot_controller/package.bash'
[1.792s] INFO:colcon.colcon_core.shell:Creating package script '/home/aoutir/rc_car/install/robot_controller/share/robot_controller/package.zsh'
[1.792s] Level 1:colcon.colcon_core.environment:create_file_with_runtime_dependencies(/home/aoutir/rc_car/install/robot_controller/share/colcon-core/packages/robot_controller)
[2.578s] DEBUG:colcon.colcon_core.event_handler.log_command:Invoking command in '/home/aoutir/rc_car/src/robot_sample_example': PYTHONPATH=/home/aoutir/rc_car/build/robot_sample_example/prefix_override:/home/aoutir/rc_car/install/robot_sample_example/lib/python3.10/site-packages:${PYTHONPATH} /usr/bin/python3 -W ignore:setup.py install is deprecated setup.py egg_info --egg-base ../../build/robot_sample_example build --build-base /home/aoutir/rc_car/build/robot_sample_example/build install --record /home/aoutir/rc_car/build/robot_sample_example/install.log --single-version-externally-managed install_data
[3.014s] Level 1:colcon.colcon_core.environment:checking '/home/aoutir/rc_car/install/robot_sample_example' for CMake module files
[3.015s] DEBUG:colcon.colcon_core.event_handler.log_command:Invoked command in '/home/aoutir/rc_car/src/robot_sample_example' returned '0': PYTHONPATH=/home/aoutir/rc_car/build/robot_sample_example/prefix_override:/home/aoutir/rc_car/install/robot_sample_example/lib/python3.10/site-packages:${PYTHONPATH} /usr/bin/python3 -W ignore:setup.py install is deprecated setup.py egg_info --egg-base ../../build/robot_sample_example build --build-base /home/aoutir/rc_car/build/robot_sample_example/build install --record /home/aoutir/rc_car/build/robot_sample_example/install.log --single-version-externally-managed install_data
[3.017s] Level 1:colcon.colcon_core.environment:checking '/home/aoutir/rc_car/install/robot_sample_example' for CMake config files
[3.034s] Level 1:colcon.colcon_core.environment:checking '/home/aoutir/rc_car/install/robot_sample_example/lib'
[3.034s] Level 1:colcon.colcon_core.environment:checking '/home/aoutir/rc_car/install/robot_sample_example/bin'
[3.034s] Level 1:colcon.colcon_core.environment:checking '/home/aoutir/rc_car/install/robot_sample_example/lib/pkgconfig/robot_sample_example.pc'
[3.035s] Level 1:colcon.colcon_core.environment:checking '/home/aoutir/rc_car/install/robot_sample_example/lib/python3.10/site-packages'
[3.035s] Level 1:colcon.colcon_core.shell:create_environment_hook('robot_sample_example', 'pythonpath')
[3.035s] INFO:colcon.colcon_core.shell:Creating environment hook '/home/aoutir/rc_car/install/robot_sample_example/share/robot_sample_example/hook/pythonpath.ps1'
[3.036s] INFO:colcon.colcon_core.shell:Creating environment descriptor '/home/aoutir/rc_car/install/robot_sample_example/share/robot_sample_example/hook/pythonpath.dsv'
[3.037s] INFO:colcon.colcon_core.shell:Creating environment hook '/home/aoutir/rc_car/install/robot_sample_example/share/robot_sample_example/hook/pythonpath.sh'
[3.038s] Level 1:colcon.colcon_core.environment:checking '/home/aoutir/rc_car/install/robot_sample_example/bin'
[3.039s] Level 1:colcon.colcon_core.environment:create_environment_scripts_only(robot_sample_example)
[3.039s] INFO:colcon.colcon_core.shell:Creating package script '/home/aoutir/rc_car/install/robot_sample_example/share/robot_sample_example/package.ps1'
[3.040s] INFO:colcon.colcon_core.shell:Creating package descriptor '/home/aoutir/rc_car/install/robot_sample_example/share/robot_sample_example/package.dsv'
[3.041s] INFO:colcon.colcon_core.shell:Creating package script '/home/aoutir/rc_car/install/robot_sample_example/share/robot_sample_example/package.sh'
[3.041s] INFO:colcon.colcon_core.shell:Creating package script '/home/aoutir/rc_car/install/robot_sample_example/share/robot_sample_example/package.bash'
[3.042s] INFO:colcon.colcon_core.shell:Creating package script '/home/aoutir/rc_car/install/robot_sample_example/share/robot_sample_example/package.zsh'
[3.044s] Level 1:colcon.colcon_core.environment:create_file_with_runtime_dependencies(/home/aoutir/rc_car/install/robot_sample_example/share/colcon-core/packages/robot_sample_example)
[3.045s] DEBUG:colcon.colcon_parallel_executor.executor.parallel:closing loop
[3.046s] DEBUG:colcon.colcon_parallel_executor.executor.parallel:loop closed
[3.049s] DEBUG:colcon.colcon_parallel_executor.executor.parallel:run_until_complete finished with '0'
[3.049s] DEBUG:colcon.colcon_core.event_reactor:joining thread
[3.063s] INFO:colcon.colcon_core.plugin_system:Skipping extension 'colcon_notification.desktop_notification.terminal_notifier': Not used on non-Darwin systems
[3.065s] INFO:colcon.colcon_core.plugin_system:Skipping extension 'colcon_notification.desktop_notification.win32': Not used on non-Windows systems
[3.065s] INFO:colcon.colcon_notification.desktop_notification:Sending desktop notification using 'notify2'
[3.092s] DEBUG:colcon.colcon_core.event_reactor:joined thread
[3.093s] INFO:colcon.colcon_core.shell:Creating prefix script '/home/aoutir/rc_car/install/local_setup.ps1'
[3.096s] INFO:colcon.colcon_core.shell:Creating prefix util module '/home/aoutir/rc_car/install/_local_setup_util_ps1.py'
[3.109s] INFO:colcon.colcon_core.shell:Creating prefix chain script '/home/aoutir/rc_car/install/setup.ps1'
[3.113s] INFO:colcon.colcon_core.shell:Creating prefix script '/home/aoutir/rc_car/install/local_setup.sh'
[3.115s] INFO:colcon.colcon_core.shell:Creating prefix util module '/home/aoutir/rc_car/install/_local_setup_util_sh.py'
[3.116s] INFO:colcon.colcon_core.shell:Creating prefix chain script '/home/aoutir/rc_car/install/setup.sh'
[3.121s] INFO:colcon.colcon_core.shell:Creating prefix script '/home/aoutir/rc_car/install/local_setup.bash'
[3.123s] INFO:colcon.colcon_core.shell:Creating prefix chain script '/home/aoutir/rc_car/install/setup.bash'
[3.126s] INFO:colcon.colcon_core.shell:Creating prefix script '/home/aoutir/rc_car/install/local_setup.zsh'
[3.129s] INFO:colcon.colcon_core.shell:Creating prefix chain script '/home/aoutir/rc_car/install/setup.zsh'
