[0.059s] Invoking command in '/home/aoutir/rc_car/build/robot_desc': CMAKE_PREFIX_PATH=${CMAKE_PREFIX_PATH}:/home/aoutir/rc_car/install/robot_sample_example:/opt/ros/iron /usr/bin/cmake --build /home/aoutir/rc_car/build/robot_desc -- -j4 -l4
[0.507s] Invoked command in '/home/aoutir/rc_car/build/robot_desc' returned '0': CMAKE_PREFIX_PATH=${CMAKE_PREFIX_PATH}:/home/aoutir/rc_car/install/robot_sample_example:/opt/ros/iron /usr/bin/cmake --build /home/aoutir/rc_car/build/robot_desc -- -j4 -l4
[0.613s] Invoking command in '/home/aoutir/rc_car/build/robot_desc': CMAKE_PREFIX_PATH=${CMAKE_PREFIX_PATH}:/home/aoutir/rc_car/install/robot_sample_example:/opt/ros/iron /usr/bin/cmake --install /home/aoutir/rc_car/build/robot_desc
[0.627s] -- Install configuration: ""
[0.633s] -- Execute custom install script
[0.634s] -- Symlinking: /home/aoutir/rc_car/install/robot_desc/share/robot_desc/urdf/gazebo_control.xacro
[0.649s] -- Up-to-date symlink: /home/aoutir/rc_car/install/robot_desc/share/robot_desc/urdf/lidar.xacro
[0.650s] -- Up-to-date symlink: /home/aoutir/rc_car/install/robot_desc/share/robot_desc/urdf/robot_description.xacro
[0.651s] -- Up-to-date symlink: /home/aoutir/rc_car/install/robot_desc/share/robot_desc/urdf/robot_gazebo.urdf.xacro
[0.652s] -- Up-to-date symlink: /home/aoutir/rc_car/install/robot_desc/share/robot_desc/urdf/robot_ros2_control.xacro
[0.653s] -- Up-to-date symlink: /home/aoutir/rc_car/install/robot_desc/share/robot_desc/rviz/display.rviz
[0.655s] -- Up-to-date symlink: /home/aoutir/rc_car/install/robot_desc/share/robot_desc/models/models/models/ground_plane/model-1_2.sdf
[0.656s] -- Up-to-date symlink: /home/aoutir/rc_car/install/robot_desc/share/robot_desc/models/models/models/ground_plane/model-1_3.sdf
[0.657s] -- Up-to-date symlink: /home/aoutir/rc_car/install/robot_desc/share/robot_desc/models/models/models/ground_plane/model-1_4.sdf
[0.658s] -- Up-to-date symlink: /home/aoutir/rc_car/install/robot_desc/share/robot_desc/models/models/models/ground_plane/model.config
[0.659s] -- Up-to-date symlink: /home/aoutir/rc_car/install/robot_desc/share/robot_desc/models/models/models/ground_plane/model.sdf
[0.660s] -- Up-to-date symlink: /home/aoutir/rc_car/install/robot_desc/share/robot_desc/models/models/models/sun/model-1_2.sdf
[0.662s] -- Up-to-date symlink: /home/aoutir/rc_car/install/robot_desc/share/robot_desc/models/models/models/sun/model-1_3.sdf
[0.663s] -- Up-to-date symlink: /home/aoutir/rc_car/install/robot_desc/share/robot_desc/models/models/models/sun/model-1_4.sdf
[0.664s] -- Up-to-date symlink: /home/aoutir/rc_car/install/robot_desc/share/robot_desc/models/models/models/sun/model.config
[0.668s] -- Up-to-date symlink: /home/aoutir/rc_car/install/robot_desc/share/robot_desc/models/models/models/sun/model.sdf
[0.669s] -- Up-to-date symlink: /home/aoutir/rc_car/install/robot_desc/share/robot_desc/launch/gazebo.launch.py
[0.669s] -- Up-to-date symlink: /home/aoutir/rc_car/install/robot_desc/share/robot_desc/launch/robot.launch.py
[0.669s] -- Up-to-date symlink: /home/aoutir/rc_car/install/robot_desc/share/ament_index/resource_index/package_run_dependencies/robot_desc
[0.669s] -- Up-to-date symlink: /home/aoutir/rc_car/install/robot_desc/share/ament_index/resource_index/parent_prefix_path/robot_desc
[0.669s] -- Up-to-date symlink: /home/aoutir/rc_car/install/robot_desc/share/robot_desc/environment/ament_prefix_path.sh
[0.669s] -- Up-to-date symlink: /home/aoutir/rc_car/install/robot_desc/share/robot_desc/environment/ament_prefix_path.dsv
[0.669s] -- Up-to-date symlink: /home/aoutir/rc_car/install/robot_desc/share/robot_desc/environment/path.sh
[0.669s] -- Up-to-date symlink: /home/aoutir/rc_car/install/robot_desc/share/robot_desc/environment/path.dsv
[0.670s] -- Up-to-date symlink: /home/aoutir/rc_car/install/robot_desc/share/robot_desc/local_setup.bash
[0.670s] -- Up-to-date symlink: /home/aoutir/rc_car/install/robot_desc/share/robot_desc/local_setup.sh
[0.671s] -- Up-to-date symlink: /home/aoutir/rc_car/install/robot_desc/share/robot_desc/local_setup.zsh
[0.671s] -- Up-to-date symlink: /home/aoutir/rc_car/install/robot_desc/share/robot_desc/local_setup.dsv
[0.671s] -- Symlinking: /home/aoutir/rc_car/install/robot_desc/share/robot_desc/package.dsv
[0.700s] -- Up-to-date symlink: /home/aoutir/rc_car/install/robot_desc/share/ament_index/resource_index/packages/robot_desc
[0.700s] -- Up-to-date symlink: /home/aoutir/rc_car/install/robot_desc/share/robot_desc/cmake/robot_descConfig.cmake
[0.701s] -- Up-to-date symlink: /home/aoutir/rc_car/install/robot_desc/share/robot_desc/cmake/robot_descConfig-version.cmake
[0.701s] -- Up-to-date symlink: /home/aoutir/rc_car/install/robot_desc/share/robot_desc/package.xml
[0.707s] Invoked command in '/home/aoutir/rc_car/build/robot_desc' returned '0': CMAKE_PREFIX_PATH=${CMAKE_PREFIX_PATH}:/home/aoutir/rc_car/install/robot_sample_example:/opt/ros/iron /usr/bin/cmake --install /home/aoutir/rc_car/build/robot_desc
