[0.048s] Invoking command in '/home/aoutir/rc_car/build/robot_desc': CMAKE_PREFIX_PATH=${CMAKE_PREFIX_PATH}:/home/aoutir/rc_car/install/robot_sample_example:/opt/ros/iron /usr/bin/cmake --build /home/aoutir/rc_car/build/robot_desc -- -j2 -l2
[0.193s] -- Found ament_cmake: 2.0.4 (/opt/ros/iron/share/ament_cmake/cmake)
[0.644s] -- Override CMake install command with custom implementation using symlinks instead of copying resources
[0.740s] -- Found ament_lint_auto: 0.14.3 (/opt/ros/iron/share/ament_lint_auto/cmake)
[0.959s] -- Added test 'cppcheck' to perform static code analysis on C / C++ code
[0.960s] -- Configured cppcheck include dirs: 
[0.960s] -- Configured cppcheck exclude dirs and/or files: 
[0.964s] -- Added test 'flake8' to check Python code syntax and style conventions
[0.965s] -- Configured 'flake8' exclude dirs and/or files: 
[0.969s] -- Added test 'lint_cmake' to check CMake code style
[0.973s] -- Added test 'pep257' to check Python code against some of the docstring style conventions in PEP 257
[0.985s] -- Added test 'uncrustify' to check C / C++ code style
[0.986s] -- Configured uncrustify additional arguments: 
[0.990s] -- Added test 'xmllint' to check XML markup files
[0.998s] -- Configuring done
[1.050s] -- Generating done
[1.058s] -- Build files have been written to: /home/aoutir/rc_car/build/robot_desc
[1.090s] Invoked command in '/home/aoutir/rc_car/build/robot_desc' returned '0': CMAKE_PREFIX_PATH=${CMAKE_PREFIX_PATH}:/home/aoutir/rc_car/install/robot_sample_example:/opt/ros/iron /usr/bin/cmake --build /home/aoutir/rc_car/build/robot_desc -- -j2 -l2
[1.292s] Invoking command in '/home/aoutir/rc_car/build/robot_desc': CMAKE_PREFIX_PATH=${CMAKE_PREFIX_PATH}:/home/aoutir/rc_car/install/robot_sample_example:/opt/ros/iron /usr/bin/cmake --install /home/aoutir/rc_car/build/robot_desc
[1.322s] -- Install configuration: ""
[1.322s] -- Execute custom install script
[1.322s] -- Up-to-date symlink: /home/aoutir/rc_car/install/robot_desc/share/robot_desc/urdf/robot_description.urdf.xacro
[1.322s] -- Up-to-date symlink: /home/aoutir/rc_car/install/robot_desc/share/robot_desc/urdf/robot_gazebo.urdf.xacro
[1.322s] -- Up-to-date symlink: /home/aoutir/rc_car/install/robot_desc/share/robot_desc/rviz/display.rviz
[1.322s] -- Symlinking: /home/aoutir/rc_car/install/robot_desc/share/robot_desc/models/models/models/ground_plane/model-1_2.sdf
[1.339s] -- Symlinking: /home/aoutir/rc_car/install/robot_desc/share/robot_desc/models/models/models/ground_plane/model-1_3.sdf
[1.364s] -- Symlinking: /home/aoutir/rc_car/install/robot_desc/share/robot_desc/models/models/models/ground_plane/model-1_4.sdf
[1.389s] -- Symlinking: /home/aoutir/rc_car/install/robot_desc/share/robot_desc/models/models/models/ground_plane/model.config
[1.433s] -- Symlinking: /home/aoutir/rc_car/install/robot_desc/share/robot_desc/models/models/models/ground_plane/model.sdf
[1.461s] -- Symlinking: /home/aoutir/rc_car/install/robot_desc/share/robot_desc/models/models/models/sun/model-1_2.sdf
[1.475s] -- Symlinking: /home/aoutir/rc_car/install/robot_desc/share/robot_desc/models/models/models/sun/model-1_3.sdf
[1.491s] -- Symlinking: /home/aoutir/rc_car/install/robot_desc/share/robot_desc/models/models/models/sun/model-1_4.sdf
[1.507s] -- Symlinking: /home/aoutir/rc_car/install/robot_desc/share/robot_desc/models/models/models/sun/model.config
[1.538s] -- Symlinking: /home/aoutir/rc_car/install/robot_desc/share/robot_desc/models/models/models/sun/model.sdf
[1.556s] -- Symlinking: /home/aoutir/rc_car/install/robot_desc/share/robot_desc/launch/gazebo.launch.py
[1.571s] -- Up-to-date symlink: /home/aoutir/rc_car/install/robot_desc/share/robot_desc/launch/robot.launch.py
[1.571s] -- Up-to-date symlink: /home/aoutir/rc_car/install/robot_desc/share/ament_index/resource_index/package_run_dependencies/robot_desc
[1.572s] -- Up-to-date symlink: /home/aoutir/rc_car/install/robot_desc/share/ament_index/resource_index/parent_prefix_path/robot_desc
[1.573s] -- Up-to-date symlink: /home/aoutir/rc_car/install/robot_desc/share/robot_desc/environment/ament_prefix_path.sh
[1.574s] -- Up-to-date symlink: /home/aoutir/rc_car/install/robot_desc/share/robot_desc/environment/ament_prefix_path.dsv
[1.578s] -- Up-to-date symlink: /home/aoutir/rc_car/install/robot_desc/share/robot_desc/environment/path.sh
[1.578s] -- Up-to-date symlink: /home/aoutir/rc_car/install/robot_desc/share/robot_desc/environment/path.dsv
[1.579s] -- Up-to-date symlink: /home/aoutir/rc_car/install/robot_desc/share/robot_desc/local_setup.bash
[1.579s] -- Up-to-date symlink: /home/aoutir/rc_car/install/robot_desc/share/robot_desc/local_setup.sh
[1.579s] -- Up-to-date symlink: /home/aoutir/rc_car/install/robot_desc/share/robot_desc/local_setup.zsh
[1.579s] -- Up-to-date symlink: /home/aoutir/rc_car/install/robot_desc/share/robot_desc/local_setup.dsv
[1.579s] -- Symlinking: /home/aoutir/rc_car/install/robot_desc/share/robot_desc/package.dsv
[1.602s] -- Up-to-date symlink: /home/aoutir/rc_car/install/robot_desc/share/ament_index/resource_index/packages/robot_desc
[1.605s] -- Up-to-date symlink: /home/aoutir/rc_car/install/robot_desc/share/robot_desc/cmake/robot_descConfig.cmake
[1.606s] -- Up-to-date symlink: /home/aoutir/rc_car/install/robot_desc/share/robot_desc/cmake/robot_descConfig-version.cmake
[1.607s] -- Up-to-date symlink: /home/aoutir/rc_car/install/robot_desc/share/robot_desc/package.xml
[1.610s] Invoked command in '/home/aoutir/rc_car/build/robot_desc' returned '0': CMAKE_PREFIX_PATH=${CMAKE_PREFIX_PATH}:/home/aoutir/rc_car/install/robot_sample_example:/opt/ros/iron /usr/bin/cmake --install /home/aoutir/rc_car/build/robot_desc
