[0.051s] Invoking command in '/home/aoutir/rc_car/build/robot_controller': CMAKE_PREFIX_PATH=${CMAKE_PREFIX_PATH}:/home/aoutir/rc_car/install/robot_sample_example:/opt/ros/iron /usr/bin/cmake --build /home/aoutir/rc_car/build/robot_controller -- -j2 -l2
[0.121s] -- Found ament_cmake: 2.0.4 (/opt/ros/iron/share/ament_cmake/cmake)
[0.444s] -- Found ament_lint_auto: 0.14.3 (/opt/ros/iron/share/ament_lint_auto/cmake)
[0.644s] -- Added test 'lint_cmake' to check CMake code style
[0.644s] -- Added test 'xmllint' to check XML markup files
[0.644s] -- Configuring done
[0.678s] -- Generating done
[0.678s] -- Build files have been written to: /home/aoutir/rc_car/build/robot_controller
[0.779s] Invoked command in '/home/aoutir/rc_car/build/robot_controller' returned '0': CMAKE_PREFIX_PATH=${CMAKE_PREFIX_PATH}:/home/aoutir/rc_car/install/robot_sample_example:/opt/ros/iron /usr/bin/cmake --build /home/aoutir/rc_car/build/robot_controller -- -j2 -l2
[0.946s] Invoking command in '/home/aoutir/rc_car/build/robot_controller': CMAKE_PREFIX_PATH=${CMAKE_PREFIX_PATH}:/home/aoutir/rc_car/install/robot_sample_example:/opt/ros/iron /usr/bin/cmake --install /home/aoutir/rc_car/build/robot_controller
[0.949s] -- Install configuration: ""
[0.963s] -- Installing: /home/aoutir/rc_car/install/robot_controller/share/robot_controller/config
[0.963s] -- Installing: /home/aoutir/rc_car/install/robot_controller/share/robot_controller/config/robot_controllers.yaml
[0.963s] -- Up-to-date: /home/aoutir/rc_car/install/robot_controller/share/ament_index/resource_index/package_run_dependencies/robot_controller
[0.963s] -- Up-to-date: /home/aoutir/rc_car/install/robot_controller/share/ament_index/resource_index/parent_prefix_path/robot_controller
[0.963s] -- Up-to-date: /home/aoutir/rc_car/install/robot_controller/share/robot_controller/environment/ament_prefix_path.sh
[0.964s] -- Up-to-date: /home/aoutir/rc_car/install/robot_controller/share/robot_controller/environment/ament_prefix_path.dsv
[0.964s] -- Up-to-date: /home/aoutir/rc_car/install/robot_controller/share/robot_controller/environment/path.sh
[0.964s] -- Up-to-date: /home/aoutir/rc_car/install/robot_controller/share/robot_controller/environment/path.dsv
[0.964s] -- Up-to-date: /home/aoutir/rc_car/install/robot_controller/share/robot_controller/local_setup.bash
[0.964s] -- Up-to-date: /home/aoutir/rc_car/install/robot_controller/share/robot_controller/local_setup.sh
[0.964s] -- Up-to-date: /home/aoutir/rc_car/install/robot_controller/share/robot_controller/local_setup.zsh
[0.964s] -- Up-to-date: /home/aoutir/rc_car/install/robot_controller/share/robot_controller/local_setup.dsv
[0.964s] -- Up-to-date: /home/aoutir/rc_car/install/robot_controller/share/robot_controller/package.dsv
[0.964s] -- Up-to-date: /home/aoutir/rc_car/install/robot_controller/share/ament_index/resource_index/packages/robot_controller
[0.964s] -- Up-to-date: /home/aoutir/rc_car/install/robot_controller/share/robot_controller/cmake/robot_controllerConfig.cmake
[0.964s] -- Up-to-date: /home/aoutir/rc_car/install/robot_controller/share/robot_controller/cmake/robot_controllerConfig-version.cmake
[0.964s] -- Up-to-date: /home/aoutir/rc_car/install/robot_controller/share/robot_controller/package.xml
[1.326s] Invoked command in '/home/aoutir/rc_car/build/robot_controller' returned '0': CMAKE_PREFIX_PATH=${CMAKE_PREFIX_PATH}:/home/aoutir/rc_car/install/robot_sample_example:/opt/ros/iron /usr/bin/cmake --install /home/aoutir/rc_car/build/robot_controller
