[1.104s] Invoking command in '/home/aoutir/rc_car/src/robot_sample_example': PYTHONPATH=/home/aoutir/rc_car/build/robot_sample_example/prefix_override:/home/aoutir/rc_car/install/robot_sample_example/lib/python3.10/site-packages:${PYTHONPATH} /usr/bin/python3 -W ignore:setup.py install is deprecated setup.py egg_info --egg-base ../../build/robot_sample_example build --build-base /home/aoutir/rc_car/build/robot_sample_example/build install --record /home/aoutir/rc_car/build/robot_sample_example/install.log --single-version-externally-managed install_data
[1.402s] running egg_info
[1.403s] writing ../../build/robot_sample_example/robot_sample_example.egg-info/PKG-INFO
[1.403s] writing dependency_links to ../../build/robot_sample_example/robot_sample_example.egg-info/dependency_links.txt
[1.403s] writing entry points to ../../build/robot_sample_example/robot_sample_example.egg-info/entry_points.txt
[1.403s] writing requirements to ../../build/robot_sample_example/robot_sample_example.egg-info/requires.txt
[1.408s] writing top-level names to ../../build/robot_sample_example/robot_sample_example.egg-info/top_level.txt
[1.409s] reading manifest file '../../build/robot_sample_example/robot_sample_example.egg-info/SOURCES.txt'
[1.409s] writing manifest file '../../build/robot_sample_example/robot_sample_example.egg-info/SOURCES.txt'
[1.409s] running build
[1.409s] running build_py
[1.409s] copying robot_sample_example/create_parameter.py -> /home/aoutir/rc_car/build/robot_sample_example/build/lib/robot_sample_example
[1.409s] running install
[1.409s] running install_lib
[1.409s] copying /home/aoutir/rc_car/build/robot_sample_example/build/lib/robot_sample_example/create_parameter.py -> /home/aoutir/rc_car/install/robot_sample_example/lib/python3.10/site-packages/robot_sample_example
[1.409s] byte-compiling /home/aoutir/rc_car/install/robot_sample_example/lib/python3.10/site-packages/robot_sample_example/create_parameter.py to create_parameter.cpython-310.pyc
[1.410s] running install_data
[1.410s] running install_egg_info
[1.416s] removing '/home/aoutir/rc_car/install/robot_sample_example/lib/python3.10/site-packages/robot_sample_example-0.0.0-py3.10.egg-info' (and everything under it)
[1.416s] Copying ../../build/robot_sample_example/robot_sample_example.egg-info to /home/aoutir/rc_car/install/robot_sample_example/lib/python3.10/site-packages/robot_sample_example-0.0.0-py3.10.egg-info
[1.423s] running install_scripts
[1.439s] Installing create_parameter script to /home/aoutir/rc_car/install/robot_sample_example/lib/robot_sample_example
[1.442s] writing list of installed files to '/home/aoutir/rc_car/build/robot_sample_example/install.log'
[1.486s] Invoked command in '/home/aoutir/rc_car/src/robot_sample_example' returned '0': PYTHONPATH=/home/aoutir/rc_car/build/robot_sample_example/prefix_override:/home/aoutir/rc_car/install/robot_sample_example/lib/python3.10/site-packages:${PYTHONPATH} /usr/bin/python3 -W ignore:setup.py install is deprecated setup.py egg_info --egg-base ../../build/robot_sample_example build --build-base /home/aoutir/rc_car/build/robot_sample_example/build install --record /home/aoutir/rc_car/build/robot_sample_example/install.log --single-version-externally-managed install_data
