[0.067s] Invoking command in '/home/aoutir/rc_car/build/robot_desc': CMAKE_PREFIX_PATH=${CMAKE_PREFIX_PATH}:/home/aoutir/rc_car/install/robot_sample_example:/home/aoutir/rc_car/install/robot_example:/opt/ros/iron /usr/bin/cmake --build /home/aoutir/rc_car/build/robot_desc -- -j2 -l2
[0.525s] Invoked command in '/home/aoutir/rc_car/build/robot_desc' returned '0': CMAKE_PREFIX_PATH=${CMAKE_PREFIX_PATH}:/home/aoutir/rc_car/install/robot_sample_example:/home/aoutir/rc_car/install/robot_example:/opt/ros/iron /usr/bin/cmake --build /home/aoutir/rc_car/build/robot_desc -- -j2 -l2
[0.673s] Invoking command in '/home/aoutir/rc_car/build/robot_desc': CMAKE_PREFIX_PATH=${CMAKE_PREFIX_PATH}:/home/aoutir/rc_car/install/robot_sample_example:/home/aoutir/rc_car/install/robot_example:/opt/ros/iron /usr/bin/cmake --install /home/aoutir/rc_car/build/robot_desc
[0.691s] -- Install configuration: ""
[0.702s] -- Execute custom install script
[0.703s] -- Up-to-date symlink: /home/aoutir/rc_car/install/robot_desc/share/robot_desc/urdf/robot_description.urdf.xacro
[0.704s] -- Up-to-date symlink: /home/aoutir/rc_car/install/robot_desc/share/robot_desc/rviz/display.rviz
[0.705s] -- Up-to-date symlink: /home/aoutir/rc_car/install/robot_desc/share/robot_desc/launch/robot.launch.py
[0.715s] -- Up-to-date symlink: /home/aoutir/rc_car/install/robot_desc/share/ament_index/resource_index/package_run_dependencies/robot_desc
[0.715s] -- Up-to-date symlink: /home/aoutir/rc_car/install/robot_desc/share/ament_index/resource_index/parent_prefix_path/robot_desc
[0.715s] -- Up-to-date symlink: /home/aoutir/rc_car/install/robot_desc/share/robot_desc/environment/ament_prefix_path.sh
[0.716s] -- Up-to-date symlink: /home/aoutir/rc_car/install/robot_desc/share/robot_desc/environment/ament_prefix_path.dsv
[0.716s] -- Up-to-date symlink: /home/aoutir/rc_car/install/robot_desc/share/robot_desc/environment/path.sh
[0.716s] -- Up-to-date symlink: /home/aoutir/rc_car/install/robot_desc/share/robot_desc/environment/path.dsv
[0.716s] -- Up-to-date symlink: /home/aoutir/rc_car/install/robot_desc/share/robot_desc/local_setup.bash
[0.716s] -- Up-to-date symlink: /home/aoutir/rc_car/install/robot_desc/share/robot_desc/local_setup.sh
[0.716s] -- Up-to-date symlink: /home/aoutir/rc_car/install/robot_desc/share/robot_desc/local_setup.zsh
[0.716s] -- Up-to-date symlink: /home/aoutir/rc_car/install/robot_desc/share/robot_desc/local_setup.dsv
[0.716s] -- Symlinking: /home/aoutir/rc_car/install/robot_desc/share/robot_desc/package.dsv
[0.780s] -- Up-to-date symlink: /home/aoutir/rc_car/install/robot_desc/share/ament_index/resource_index/packages/robot_desc
[0.781s] -- Up-to-date symlink: /home/aoutir/rc_car/install/robot_desc/share/robot_desc/cmake/robot_descConfig.cmake
[0.783s] -- Up-to-date symlink: /home/aoutir/rc_car/install/robot_desc/share/robot_desc/cmake/robot_descConfig-version.cmake
[0.784s] -- Up-to-date symlink: /home/aoutir/rc_car/install/robot_desc/share/robot_desc/package.xml
[0.803s] Invoked command in '/home/aoutir/rc_car/build/robot_desc' returned '0': CMAKE_PREFIX_PATH=${CMAKE_PREFIX_PATH}:/home/aoutir/rc_car/install/robot_sample_example:/home/aoutir/rc_car/install/robot_example:/opt/ros/iron /usr/bin/cmake --install /home/aoutir/rc_car/build/robot_desc
