[0.011s] Invoking command in '/home/abdou/A/rc_car/Auto-Car-Project/build/robot_desc': CMAKE_PREFIX_PATH=${CMAKE_PREFIX_PATH}:/opt/ros/iron /usr/bin/cmake --build /home/abdou/A/rc_car/Auto-Car-Project/build/robot_desc -- -j8 -l8
[0.032s] -- Found ament_cmake: 2.0.4 (/opt/ros/iron/share/ament_cmake/cmake)
[0.173s] [31mCMake Error at CMakeLists.txt:15 (find_package):
[0.173s]   By not providing "Findxacro.cmake" in CMAKE_MODULE_PATH this project has
[0.173s]   asked CMake to find a package configuration file provided by "xacro", but
[0.173s]   CMake did not find one.
[0.173s] 
[0.173s]   Could not find a package configuration file provided by "xacro" with any of
[0.173s]   the following names:
[0.174s] 
[0.174s]     xacroConfig.cmake
[0.174s]     xacro-config.cmake
[0.174s] 
[0.174s]   Add the installation prefix of "xacro" to CMAKE_PREFIX_PATH or set
[0.174s]   "xacro_DIR" to a directory containing one of the above files.  If "xacro"
[0.174s]   provides a separate development package or SDK, be sure it has been
[0.174s]   installed.
[0.174s] 
[0.174s] [0m
[0.174s] -- Configuring incomplete, errors occurred!
[0.174s] See also "/home/abdou/A/rc_car/Auto-Car-Project/build/robot_desc/CMakeFiles/CMakeOutput.log".
[0.175s] gmake: *** [Makefile:226: cmake_check_build_system] Error 1
[0.178s] Invoked command in '/home/abdou/A/rc_car/Auto-Car-Project/build/robot_desc' returned '2': CMAKE_PREFIX_PATH=${CMAKE_PREFIX_PATH}:/opt/ros/iron /usr/bin/cmake --build /home/abdou/A/rc_car/Auto-Car-Project/build/robot_desc -- -j8 -l8
