[0.010s] Invoking command in '/home/abdou/A/ROS2-Auto-Robot/build/auto_robot': CMAKE_PREFIX_PATH=/opt/ros/iron /usr/bin/cmake --build /home/abdou/A/ROS2-Auto-Robot/build/auto_robot -- -j8 -l8
[0.048s] Invoked command in '/home/abdou/A/ROS2-Auto-Robot/build/auto_robot' returned '0': CMAKE_PREFIX_PATH=/opt/ros/iron /usr/bin/cmake --build /home/abdou/A/ROS2-Auto-Robot/build/auto_robot -- -j8 -l8
[0.079s] Invoking command in '/home/abdou/A/ROS2-Auto-Robot/build/auto_robot': CMAKE_PREFIX_PATH=/opt/ros/iron /usr/bin/cmake --install /home/abdou/A/ROS2-Auto-Robot/build/auto_robot
[0.086s] -- Install configuration: ""
[0.086s] -- Up-to-date: /home/abdou/A/ROS2-Auto-Robot/install/auto_robot/share/auto_robot/launch
[0.086s] -- Up-to-date: /home/abdou/A/ROS2-Auto-Robot/install/auto_robot/share/auto_robot/launch/launch_sim.launch.py
[0.086s] -- Up-to-date: /home/abdou/A/ROS2-Auto-Robot/install/auto_robot/share/auto_robot/launch/rsp.launch.py
[0.087s] -- Up-to-date: /home/abdou/A/ROS2-Auto-Robot/install/auto_robot/share/auto_robot/config
[0.087s] -- Up-to-date: /home/abdou/A/ROS2-Auto-Robot/install/auto_robot/share/auto_robot/config/view_bot.rviz
[0.087s] -- Up-to-date: /home/abdou/A/ROS2-Auto-Robot/install/auto_robot/share/auto_robot/config/drive_bot.rviz
[0.087s] -- Up-to-date: /home/abdou/A/ROS2-Auto-Robot/install/auto_robot/share/auto_robot/config/empty.yaml
[0.087s] -- Up-to-date: /home/abdou/A/ROS2-Auto-Robot/install/auto_robot/share/auto_robot/description
[0.087s] -- Up-to-date: /home/abdou/A/ROS2-Auto-Robot/install/auto_robot/share/auto_robot/description/inertial_macros.xacro
[0.087s] -- Installing: /home/abdou/A/ROS2-Auto-Robot/install/auto_robot/share/auto_robot/description/robot_core.xacro
[0.087s] -- Installing: /home/abdou/A/ROS2-Auto-Robot/install/auto_robot/share/auto_robot/description/lidar.xacro
[0.087s] -- Up-to-date: /home/abdou/A/ROS2-Auto-Robot/install/auto_robot/share/auto_robot/description/gazebo_control.xacro
[0.087s] -- Installing: /home/abdou/A/ROS2-Auto-Robot/install/auto_robot/share/auto_robot/description/robot.urdf.xacro
[0.088s] -- Up-to-date: /home/abdou/A/ROS2-Auto-Robot/install/auto_robot/share/auto_robot/worlds
[0.088s] -- Up-to-date: /home/abdou/A/ROS2-Auto-Robot/install/auto_robot/share/auto_robot/worlds/empty.world
[0.088s] -- Up-to-date: /home/abdou/A/ROS2-Auto-Robot/install/auto_robot/share/auto_robot/worlds/maze.world
[0.088s] -- Up-to-date: /home/abdou/A/ROS2-Auto-Robot/install/auto_robot/share/ament_index/resource_index/package_run_dependencies/auto_robot
[0.088s] -- Up-to-date: /home/abdou/A/ROS2-Auto-Robot/install/auto_robot/share/ament_index/resource_index/parent_prefix_path/auto_robot
[0.088s] -- Up-to-date: /home/abdou/A/ROS2-Auto-Robot/install/auto_robot/share/auto_robot/environment/ament_prefix_path.sh
[0.088s] -- Up-to-date: /home/abdou/A/ROS2-Auto-Robot/install/auto_robot/share/auto_robot/environment/ament_prefix_path.dsv
[0.088s] -- Up-to-date: /home/abdou/A/ROS2-Auto-Robot/install/auto_robot/share/auto_robot/environment/path.sh
[0.088s] -- Up-to-date: /home/abdou/A/ROS2-Auto-Robot/install/auto_robot/share/auto_robot/environment/path.dsv
[0.088s] -- Up-to-date: /home/abdou/A/ROS2-Auto-Robot/install/auto_robot/share/auto_robot/local_setup.bash
[0.088s] -- Up-to-date: /home/abdou/A/ROS2-Auto-Robot/install/auto_robot/share/auto_robot/local_setup.sh
[0.089s] -- Up-to-date: /home/abdou/A/ROS2-Auto-Robot/install/auto_robot/share/auto_robot/local_setup.zsh
[0.090s] -- Up-to-date: /home/abdou/A/ROS2-Auto-Robot/install/auto_robot/share/auto_robot/local_setup.dsv
[0.090s] -- Installing: /home/abdou/A/ROS2-Auto-Robot/install/auto_robot/share/auto_robot/package.dsv
[0.090s] -- Up-to-date: /home/abdou/A/ROS2-Auto-Robot/install/auto_robot/share/ament_index/resource_index/packages/auto_robot
[0.090s] -- Up-to-date: /home/abdou/A/ROS2-Auto-Robot/install/auto_robot/share/auto_robot/cmake/auto_robotConfig.cmake
[0.090s] -- Up-to-date: /home/abdou/A/ROS2-Auto-Robot/install/auto_robot/share/auto_robot/cmake/auto_robotConfig-version.cmake
[0.091s] -- Up-to-date: /home/abdou/A/ROS2-Auto-Robot/install/auto_robot/share/auto_robot/package.xml
[0.091s] Invoked command in '/home/abdou/A/ROS2-Auto-Robot/build/auto_robot' returned '0': CMAKE_PREFIX_PATH=/opt/ros/iron /usr/bin/cmake --install /home/abdou/A/ROS2-Auto-Robot/build/auto_robot
