[0.168s] DEBUG:colcon:Command line arguments: ['/usr/bin/colcon', 'build']
[0.168s] DEBUG:colcon:Parsed command line arguments: Namespace(log_base=None, log_level=None, verb_name='build', build_base='build', install_base='install', merge_install=False, symlink_install=False, test_result_base=None, continue_on_error=False, executor='parallel', parallel_workers=8, event_handlers=None, ignore_user_meta=False, metas=['./colcon.meta'], base_paths=['.'], packages_ignore=None, packages_ignore_regex=None, paths=None, packages_up_to=None, packages_up_to_regex=None, packages_above=None, packages_above_and_dependencies=None, packages_above_depth=None, packages_select_by_dep=None, packages_skip_by_dep=None, packages_skip_up_to=None, packages_select_build_failed=False, packages_skip_build_finished=False, packages_select_test_failures=False, packages_skip_test_passed=False, packages_select=None, packages_skip=None, packages_select_regex=None, packages_skip_regex=None, packages_start=None, packages_end=None, allow_overriding=[], cmake_args=None, cmake_target=None, cmake_target_skip_unavailable=False, cmake_clean_cache=False, cmake_clean_first=False, cmake_force_configure=False, ament_cmake_args=None, catkin_cmake_args=None, catkin_skip_building_tests=False, verb_parser=<colcon_defaults.argument_parser.defaults.DefaultArgumentsDecorator object at 0x717cbbc25630>, verb_extension=<colcon_core.verb.build.BuildVerb object at 0x717cbbd1a260>, main=<bound method BuildVerb.main of <colcon_core.verb.build.BuildVerb object at 0x717cbbd1a260>>)
[0.418s] Level 1:colcon.colcon_core.package_discovery:discover_packages(colcon_meta) check parameters
[0.418s] Level 1:colcon.colcon_core.package_discovery:discover_packages(recursive) check parameters
[0.418s] Level 1:colcon.colcon_core.package_discovery:discover_packages(ignore) check parameters
[0.418s] Level 1:colcon.colcon_core.package_discovery:discover_packages(path) check parameters
[0.418s] Level 1:colcon.colcon_core.package_discovery:discover_packages(colcon_meta) discover
[0.418s] Level 1:colcon.colcon_core.package_discovery:discover_packages(recursive) discover
[0.418s] INFO:colcon.colcon_core.package_discovery:Crawling recursively for packages in '/home/abdou/A/rc_car/Auto-Car-Project'
[0.418s] Level 1:colcon.colcon_core.package_identification:_identify(.) by extensions ['ignore', 'ignore_ament_install']
[0.418s] Level 1:colcon.colcon_core.package_identification:_identify(.) by extension 'ignore'
[0.419s] Level 1:colcon.colcon_core.package_identification:_identify(.) by extension 'ignore_ament_install'
[0.419s] Level 1:colcon.colcon_core.package_identification:_identify(.) by extensions ['colcon_pkg']
[0.419s] Level 1:colcon.colcon_core.package_identification:_identify(.) by extension 'colcon_pkg'
[0.419s] Level 1:colcon.colcon_core.package_identification:_identify(.) by extensions ['colcon_meta']
[0.419s] Level 1:colcon.colcon_core.package_identification:_identify(.) by extension 'colcon_meta'
[0.419s] Level 1:colcon.colcon_core.package_identification:_identify(.) by extensions ['ros']
[0.419s] Level 1:colcon.colcon_core.package_identification:_identify(.) by extension 'ros'
[0.435s] Level 1:colcon.colcon_core.package_identification:_identify(.) by extensions ['cmake', 'python']
[0.435s] Level 1:colcon.colcon_core.package_identification:_identify(.) by extension 'cmake'
[0.435s] Level 1:colcon.colcon_core.package_identification:_identify(.) by extension 'python'
[0.435s] Level 1:colcon.colcon_core.package_identification:_identify(.) by extensions ['python_setup_py']
[0.435s] Level 1:colcon.colcon_core.package_identification:_identify(.) by extension 'python_setup_py'
[0.435s] Level 1:colcon.colcon_core.package_identification:_identify(build) by extensions ['ignore', 'ignore_ament_install']
[0.435s] Level 1:colcon.colcon_core.package_identification:_identify(build) by extension 'ignore'
[0.436s] Level 1:colcon.colcon_core.package_identification:_identify(build) ignored
[0.436s] Level 1:colcon.colcon_core.package_identification:_identify(install) by extensions ['ignore', 'ignore_ament_install']
[0.436s] Level 1:colcon.colcon_core.package_identification:_identify(install) by extension 'ignore'
[0.436s] Level 1:colcon.colcon_core.package_identification:_identify(install) ignored
[0.436s] Level 1:colcon.colcon_core.package_identification:_identify(log) by extensions ['ignore', 'ignore_ament_install']
[0.436s] Level 1:colcon.colcon_core.package_identification:_identify(log) by extension 'ignore'
[0.436s] Level 1:colcon.colcon_core.package_identification:_identify(log) ignored
[0.436s] Level 1:colcon.colcon_core.package_identification:_identify(src) by extensions ['ignore', 'ignore_ament_install']
[0.436s] Level 1:colcon.colcon_core.package_identification:_identify(src) by extension 'ignore'
[0.436s] Level 1:colcon.colcon_core.package_identification:_identify(src) by extension 'ignore_ament_install'
[0.436s] Level 1:colcon.colcon_core.package_identification:_identify(src) by extensions ['colcon_pkg']
[0.436s] Level 1:colcon.colcon_core.package_identification:_identify(src) by extension 'colcon_pkg'
[0.437s] Level 1:colcon.colcon_core.package_identification:_identify(src) by extensions ['colcon_meta']
[0.437s] Level 1:colcon.colcon_core.package_identification:_identify(src) by extension 'colcon_meta'
[0.437s] Level 1:colcon.colcon_core.package_identification:_identify(src) by extensions ['ros']
[0.437s] Level 1:colcon.colcon_core.package_identification:_identify(src) by extension 'ros'
[0.437s] Level 1:colcon.colcon_core.package_identification:_identify(src) by extensions ['cmake', 'python']
[0.437s] Level 1:colcon.colcon_core.package_identification:_identify(src) by extension 'cmake'
[0.437s] Level 1:colcon.colcon_core.package_identification:_identify(src) by extension 'python'
[0.437s] Level 1:colcon.colcon_core.package_identification:_identify(src) by extensions ['python_setup_py']
[0.437s] Level 1:colcon.colcon_core.package_identification:_identify(src) by extension 'python_setup_py'
[0.437s] Level 1:colcon.colcon_core.package_identification:_identify(src/robot_controller) by extensions ['ignore', 'ignore_ament_install']
[0.437s] Level 1:colcon.colcon_core.package_identification:_identify(src/robot_controller) by extension 'ignore'
[0.437s] Level 1:colcon.colcon_core.package_identification:_identify(src/robot_controller) by extension 'ignore_ament_install'
[0.437s] Level 1:colcon.colcon_core.package_identification:_identify(src/robot_controller) by extensions ['colcon_pkg']
[0.437s] Level 1:colcon.colcon_core.package_identification:_identify(src/robot_controller) by extension 'colcon_pkg'
[0.437s] Level 1:colcon.colcon_core.package_identification:_identify(src/robot_controller) by extensions ['colcon_meta']
[0.437s] Level 1:colcon.colcon_core.package_identification:_identify(src/robot_controller) by extension 'colcon_meta'
[0.438s] Level 1:colcon.colcon_core.package_identification:_identify(src/robot_controller) by extensions ['ros']
[0.438s] Level 1:colcon.colcon_core.package_identification:_identify(src/robot_controller) by extension 'ros'
[0.442s] DEBUG:colcon.colcon_core.package_identification:Package 'src/robot_controller' with type 'ros.ament_cmake' and name 'robot_controller'
[0.442s] Level 1:colcon.colcon_core.package_identification:_identify(src/robot_desc) by extensions ['ignore', 'ignore_ament_install']
[0.442s] Level 1:colcon.colcon_core.package_identification:_identify(src/robot_desc) by extension 'ignore'
[0.442s] Level 1:colcon.colcon_core.package_identification:_identify(src/robot_desc) by extension 'ignore_ament_install'
[0.442s] Level 1:colcon.colcon_core.package_identification:_identify(src/robot_desc) by extensions ['colcon_pkg']
[0.442s] Level 1:colcon.colcon_core.package_identification:_identify(src/robot_desc) by extension 'colcon_pkg'
[0.443s] Level 1:colcon.colcon_core.package_identification:_identify(src/robot_desc) by extensions ['colcon_meta']
[0.443s] Level 1:colcon.colcon_core.package_identification:_identify(src/robot_desc) by extension 'colcon_meta'
[0.443s] Level 1:colcon.colcon_core.package_identification:_identify(src/robot_desc) by extensions ['ros']
[0.443s] Level 1:colcon.colcon_core.package_identification:_identify(src/robot_desc) by extension 'ros'
[0.444s] DEBUG:colcon.colcon_core.package_identification:Package 'src/robot_desc' with type 'ros.ament_cmake' and name 'robot_desc'
[0.444s] Level 1:colcon.colcon_core.package_discovery:discover_packages(recursive) using defaults
[0.444s] Level 1:colcon.colcon_core.package_discovery:discover_packages(ignore) discover
[0.444s] Level 1:colcon.colcon_core.package_discovery:discover_packages(ignore) using defaults
[0.444s] Level 1:colcon.colcon_core.package_discovery:discover_packages(path) discover
[0.444s] Level 1:colcon.colcon_core.package_discovery:discover_packages(path) using defaults
[0.498s] Level 1:colcon.colcon_core.package_discovery:discover_packages(prefix_path) check parameters
[0.498s] Level 1:colcon.colcon_core.package_discovery:discover_packages(prefix_path) discover
[0.501s] DEBUG:colcon.colcon_installed_package_information.package_discovery:Found 2 installed packages in /home/abdou/A/rc_car/Auto-Car-Project/install
[0.503s] DEBUG:colcon.colcon_installed_package_information.package_discovery:Found 344 installed packages in /opt/ros/iron
[0.507s] Level 1:colcon.colcon_core.package_discovery:discover_packages(prefix_path) using defaults
[0.584s] Level 5:colcon.colcon_core.verb:set package 'robot_controller' build argument 'cmake_args' from command line to 'None'
[0.584s] Level 5:colcon.colcon_core.verb:set package 'robot_controller' build argument 'cmake_target' from command line to 'None'
[0.584s] Level 5:colcon.colcon_core.verb:set package 'robot_controller' build argument 'cmake_target_skip_unavailable' from command line to 'False'
[0.584s] Level 5:colcon.colcon_core.verb:set package 'robot_controller' build argument 'cmake_clean_cache' from command line to 'False'
[0.584s] Level 5:colcon.colcon_core.verb:set package 'robot_controller' build argument 'cmake_clean_first' from command line to 'False'
[0.584s] Level 5:colcon.colcon_core.verb:set package 'robot_controller' build argument 'cmake_force_configure' from command line to 'False'
[0.584s] Level 5:colcon.colcon_core.verb:set package 'robot_controller' build argument 'ament_cmake_args' from command line to 'None'
[0.584s] Level 5:colcon.colcon_core.verb:set package 'robot_controller' build argument 'catkin_cmake_args' from command line to 'None'
[0.584s] Level 5:colcon.colcon_core.verb:set package 'robot_controller' build argument 'catkin_skip_building_tests' from command line to 'False'
[0.584s] DEBUG:colcon.colcon_core.verb:Building package 'robot_controller' with the following arguments: {'ament_cmake_args': None, 'build_base': '/home/abdou/A/rc_car/Auto-Car-Project/build/robot_controller', 'catkin_cmake_args': None, 'catkin_skip_building_tests': False, 'cmake_args': None, 'cmake_clean_cache': False, 'cmake_clean_first': False, 'cmake_force_configure': False, 'cmake_target': None, 'cmake_target_skip_unavailable': False, 'install_base': '/home/abdou/A/rc_car/Auto-Car-Project/install/robot_controller', 'merge_install': False, 'path': '/home/abdou/A/rc_car/Auto-Car-Project/src/robot_controller', 'symlink_install': False, 'test_result_base': None}
[0.585s] Level 5:colcon.colcon_core.verb:set package 'robot_desc' build argument 'cmake_args' from command line to 'None'
[0.585s] Level 5:colcon.colcon_core.verb:set package 'robot_desc' build argument 'cmake_target' from command line to 'None'
[0.585s] Level 5:colcon.colcon_core.verb:set package 'robot_desc' build argument 'cmake_target_skip_unavailable' from command line to 'False'
[0.585s] Level 5:colcon.colcon_core.verb:set package 'robot_desc' build argument 'cmake_clean_cache' from command line to 'False'
[0.585s] Level 5:colcon.colcon_core.verb:set package 'robot_desc' build argument 'cmake_clean_first' from command line to 'False'
[0.585s] Level 5:colcon.colcon_core.verb:set package 'robot_desc' build argument 'cmake_force_configure' from command line to 'False'
[0.585s] Level 5:colcon.colcon_core.verb:set package 'robot_desc' build argument 'ament_cmake_args' from command line to 'None'
[0.585s] Level 5:colcon.colcon_core.verb:set package 'robot_desc' build argument 'catkin_cmake_args' from command line to 'None'
[0.585s] Level 5:colcon.colcon_core.verb:set package 'robot_desc' build argument 'catkin_skip_building_tests' from command line to 'False'
[0.585s] DEBUG:colcon.colcon_core.verb:Building package 'robot_desc' with the following arguments: {'ament_cmake_args': None, 'build_base': '/home/abdou/A/rc_car/Auto-Car-Project/build/robot_desc', 'catkin_cmake_args': None, 'catkin_skip_building_tests': False, 'cmake_args': None, 'cmake_clean_cache': False, 'cmake_clean_first': False, 'cmake_force_configure': False, 'cmake_target': None, 'cmake_target_skip_unavailable': False, 'install_base': '/home/abdou/A/rc_car/Auto-Car-Project/install/robot_desc', 'merge_install': False, 'path': '/home/abdou/A/rc_car/Auto-Car-Project/src/robot_desc', 'symlink_install': False, 'test_result_base': None}
[0.586s] INFO:colcon.colcon_core.executor:Executing jobs using 'parallel' executor
[0.587s] DEBUG:colcon.colcon_parallel_executor.executor.parallel:run_until_complete
[0.588s] INFO:colcon.colcon_ros.task.ament_cmake.build:Building ROS package in '/home/abdou/A/rc_car/Auto-Car-Project/src/robot_controller' with build type 'ament_cmake'
[0.588s] INFO:colcon.colcon_cmake.task.cmake.build:Building CMake package in '/home/abdou/A/rc_car/Auto-Car-Project/src/robot_controller'
[0.591s] INFO:colcon.colcon_core.plugin_system:Skipping extension 'colcon_core.shell.bat': Not used on non-Windows systems
[0.591s] INFO:colcon.colcon_core.shell:Skip shell extension 'powershell' for command environment: Not usable outside of PowerShell
[0.591s] DEBUG:colcon.colcon_core.shell:Skip shell extension 'dsv' for command environment
[0.595s] INFO:colcon.colcon_ros.task.ament_cmake.build:Building ROS package in '/home/abdou/A/rc_car/Auto-Car-Project/src/robot_desc' with build type 'ament_cmake'
[0.595s] INFO:colcon.colcon_cmake.task.cmake.build:Building CMake package in '/home/abdou/A/rc_car/Auto-Car-Project/src/robot_desc'
[0.596s] INFO:colcon.colcon_core.shell:Skip shell extension 'powershell' for command environment: Not usable outside of PowerShell
[0.596s] DEBUG:colcon.colcon_core.shell:Skip shell extension 'dsv' for command environment
[0.610s] DEBUG:colcon.colcon_core.event_handler.log_command:Invoking command in '/home/abdou/A/rc_car/Auto-Car-Project/build/robot_controller': CMAKE_PREFIX_PATH=${CMAKE_PREFIX_PATH}:/opt/ros/iron /usr/bin/cmake --build /home/abdou/A/rc_car/Auto-Car-Project/build/robot_controller -- -j8 -l8
[0.626s] DEBUG:colcon.colcon_core.event_handler.log_command:Invoking command in '/home/abdou/A/rc_car/Auto-Car-Project/build/robot_desc': CMAKE_PREFIX_PATH=${CMAKE_PREFIX_PATH}:/opt/ros/iron /usr/bin/cmake --build /home/abdou/A/rc_car/Auto-Car-Project/build/robot_desc -- -j8 -l8
[0.683s] DEBUG:colcon.colcon_core.event_handler.log_command:Invoked command in '/home/abdou/A/rc_car/Auto-Car-Project/build/robot_desc' returned '0': CMAKE_PREFIX_PATH=${CMAKE_PREFIX_PATH}:/opt/ros/iron /usr/bin/cmake --build /home/abdou/A/rc_car/Auto-Car-Project/build/robot_desc -- -j8 -l8
[0.740s] DEBUG:colcon.colcon_core.event_handler.log_command:Invoking command in '/home/abdou/A/rc_car/Auto-Car-Project/build/robot_desc': CMAKE_PREFIX_PATH=${CMAKE_PREFIX_PATH}:/opt/ros/iron /usr/bin/cmake --install /home/abdou/A/rc_car/Auto-Car-Project/build/robot_desc
[0.763s] Level 1:colcon.colcon_core.environment:create_environment_scripts_only(robot_desc)
[0.772s] DEBUG:colcon.colcon_core.event_handler.log_command:Invoked command in '/home/abdou/A/rc_car/Auto-Car-Project/build/robot_desc' returned '0': CMAKE_PREFIX_PATH=${CMAKE_PREFIX_PATH}:/opt/ros/iron /usr/bin/cmake --install /home/abdou/A/rc_car/Auto-Car-Project/build/robot_desc
[0.775s] Level 1:colcon.colcon_core.environment:checking '/home/abdou/A/rc_car/Auto-Car-Project/install/robot_desc' for CMake module files
[0.775s] Level 1:colcon.colcon_core.environment:checking '/home/abdou/A/rc_car/Auto-Car-Project/install/robot_desc' for CMake config files
[0.776s] Level 1:colcon.colcon_core.shell:create_environment_hook('robot_desc', 'cmake_prefix_path')
[0.776s] INFO:colcon.colcon_core.shell:Creating environment hook '/home/abdou/A/rc_car/Auto-Car-Project/install/robot_desc/share/robot_desc/hook/cmake_prefix_path.ps1'
[0.778s] INFO:colcon.colcon_core.shell:Creating environment descriptor '/home/abdou/A/rc_car/Auto-Car-Project/install/robot_desc/share/robot_desc/hook/cmake_prefix_path.dsv'
[0.779s] INFO:colcon.colcon_core.shell:Creating environment hook '/home/abdou/A/rc_car/Auto-Car-Project/install/robot_desc/share/robot_desc/hook/cmake_prefix_path.sh'
[0.782s] Level 1:colcon.colcon_core.environment:checking '/home/abdou/A/rc_car/Auto-Car-Project/install/robot_desc/bin'
[0.782s] Level 1:colcon.colcon_core.environment:checking '/home/abdou/A/rc_car/Auto-Car-Project/install/robot_desc/lib/pkgconfig/robot_desc.pc'
[0.783s] Level 1:colcon.colcon_core.environment:checking '/home/abdou/A/rc_car/Auto-Car-Project/install/robot_desc/lib/python3.10/site-packages'
[0.783s] Level 1:colcon.colcon_core.environment:checking '/home/abdou/A/rc_car/Auto-Car-Project/install/robot_desc/bin'
[0.784s] INFO:colcon.colcon_core.shell:Creating package script '/home/abdou/A/rc_car/Auto-Car-Project/install/robot_desc/share/robot_desc/package.ps1'
[0.785s] INFO:colcon.colcon_core.shell:Creating package descriptor '/home/abdou/A/rc_car/Auto-Car-Project/install/robot_desc/share/robot_desc/package.dsv'
[0.786s] INFO:colcon.colcon_core.shell:Creating package script '/home/abdou/A/rc_car/Auto-Car-Project/install/robot_desc/share/robot_desc/package.sh'
[0.788s] INFO:colcon.colcon_core.shell:Creating package script '/home/abdou/A/rc_car/Auto-Car-Project/install/robot_desc/share/robot_desc/package.bash'
[0.789s] INFO:colcon.colcon_core.shell:Creating package script '/home/abdou/A/rc_car/Auto-Car-Project/install/robot_desc/share/robot_desc/package.zsh'
[0.790s] Level 1:colcon.colcon_core.environment:create_file_with_runtime_dependencies(/home/abdou/A/rc_car/Auto-Car-Project/install/robot_desc/share/colcon-core/packages/robot_desc)
[0.850s] Level 1:colcon.colcon_core.environment:create_environment_scripts_only(robot_desc)
[0.851s] Level 1:colcon.colcon_core.environment:checking '/home/abdou/A/rc_car/Auto-Car-Project/install/robot_desc' for CMake module files
[0.853s] Level 1:colcon.colcon_core.environment:checking '/home/abdou/A/rc_car/Auto-Car-Project/install/robot_desc' for CMake config files
[0.854s] Level 1:colcon.colcon_core.shell:create_environment_hook('robot_desc', 'cmake_prefix_path')
[0.854s] INFO:colcon.colcon_core.shell:Creating environment hook '/home/abdou/A/rc_car/Auto-Car-Project/install/robot_desc/share/robot_desc/hook/cmake_prefix_path.ps1'
[0.858s] INFO:colcon.colcon_core.shell:Creating environment descriptor '/home/abdou/A/rc_car/Auto-Car-Project/install/robot_desc/share/robot_desc/hook/cmake_prefix_path.dsv'
[0.858s] INFO:colcon.colcon_core.shell:Creating environment hook '/home/abdou/A/rc_car/Auto-Car-Project/install/robot_desc/share/robot_desc/hook/cmake_prefix_path.sh'
[0.861s] Level 1:colcon.colcon_core.environment:checking '/home/abdou/A/rc_car/Auto-Car-Project/install/robot_desc/bin'
[0.862s] Level 1:colcon.colcon_core.environment:checking '/home/abdou/A/rc_car/Auto-Car-Project/install/robot_desc/lib/pkgconfig/robot_desc.pc'
[0.868s] Level 1:colcon.colcon_core.environment:checking '/home/abdou/A/rc_car/Auto-Car-Project/install/robot_desc/lib/python3.10/site-packages'
[0.869s] Level 1:colcon.colcon_core.environment:checking '/home/abdou/A/rc_car/Auto-Car-Project/install/robot_desc/bin'
[0.870s] INFO:colcon.colcon_core.shell:Creating package script '/home/abdou/A/rc_car/Auto-Car-Project/install/robot_desc/share/robot_desc/package.ps1'
[0.871s] INFO:colcon.colcon_core.shell:Creating package descriptor '/home/abdou/A/rc_car/Auto-Car-Project/install/robot_desc/share/robot_desc/package.dsv'
[0.873s] INFO:colcon.colcon_core.shell:Creating package script '/home/abdou/A/rc_car/Auto-Car-Project/install/robot_desc/share/robot_desc/package.sh'
[0.882s] INFO:colcon.colcon_core.shell:Creating package script '/home/abdou/A/rc_car/Auto-Car-Project/install/robot_desc/share/robot_desc/package.bash'
[0.883s] INFO:colcon.colcon_core.shell:Creating package script '/home/abdou/A/rc_car/Auto-Car-Project/install/robot_desc/share/robot_desc/package.zsh'
[0.885s] Level 1:colcon.colcon_core.environment:create_file_with_runtime_dependencies(/home/abdou/A/rc_car/Auto-Car-Project/install/robot_desc/share/colcon-core/packages/robot_desc)
[1.397s] DEBUG:colcon.colcon_core.event_handler.log_command:Invoked command in '/home/abdou/A/rc_car/Auto-Car-Project/build/robot_controller' returned '0': CMAKE_PREFIX_PATH=${CMAKE_PREFIX_PATH}:/opt/ros/iron /usr/bin/cmake --build /home/abdou/A/rc_car/Auto-Car-Project/build/robot_controller -- -j8 -l8
[1.437s] DEBUG:colcon.colcon_core.event_handler.log_command:Invoking command in '/home/abdou/A/rc_car/Auto-Car-Project/build/robot_controller': CMAKE_PREFIX_PATH=${CMAKE_PREFIX_PATH}:/opt/ros/iron /usr/bin/cmake --install /home/abdou/A/rc_car/Auto-Car-Project/build/robot_controller
[1.509s] Level 1:colcon.colcon_core.environment:create_environment_scripts_only(robot_controller)
[1.510s] Level 1:colcon.colcon_core.environment:checking '/home/abdou/A/rc_car/Auto-Car-Project/install/robot_controller' for CMake module files
[1.512s] DEBUG:colcon.colcon_core.event_handler.log_command:Invoked command in '/home/abdou/A/rc_car/Auto-Car-Project/build/robot_controller' returned '0': CMAKE_PREFIX_PATH=${CMAKE_PREFIX_PATH}:/opt/ros/iron /usr/bin/cmake --install /home/abdou/A/rc_car/Auto-Car-Project/build/robot_controller
[1.512s] Level 1:colcon.colcon_core.environment:checking '/home/abdou/A/rc_car/Auto-Car-Project/install/robot_controller' for CMake config files
[1.513s] Level 1:colcon.colcon_core.shell:create_environment_hook('robot_controller', 'cmake_prefix_path')
[1.514s] INFO:colcon.colcon_core.shell:Creating environment hook '/home/abdou/A/rc_car/Auto-Car-Project/install/robot_controller/share/robot_controller/hook/cmake_prefix_path.ps1'
[1.515s] INFO:colcon.colcon_core.shell:Creating environment descriptor '/home/abdou/A/rc_car/Auto-Car-Project/install/robot_controller/share/robot_controller/hook/cmake_prefix_path.dsv'
[1.516s] INFO:colcon.colcon_core.shell:Creating environment hook '/home/abdou/A/rc_car/Auto-Car-Project/install/robot_controller/share/robot_controller/hook/cmake_prefix_path.sh'
[1.518s] Level 1:colcon.colcon_core.environment:checking '/home/abdou/A/rc_car/Auto-Car-Project/install/robot_controller/lib'
[1.519s] Level 1:colcon.colcon_core.environment:checking '/home/abdou/A/rc_car/Auto-Car-Project/install/robot_controller/bin'
[1.519s] Level 1:colcon.colcon_core.environment:checking '/home/abdou/A/rc_car/Auto-Car-Project/install/robot_controller/lib/pkgconfig/robot_controller.pc'
[1.520s] Level 1:colcon.colcon_core.environment:checking '/home/abdou/A/rc_car/Auto-Car-Project/install/robot_controller/lib/python3.10/site-packages'
[1.520s] Level 1:colcon.colcon_core.shell:create_environment_hook('robot_controller', 'pythonpath')
[1.520s] INFO:colcon.colcon_core.shell:Creating environment hook '/home/abdou/A/rc_car/Auto-Car-Project/install/robot_controller/share/robot_controller/hook/pythonpath.ps1'
[1.521s] INFO:colcon.colcon_core.shell:Creating environment descriptor '/home/abdou/A/rc_car/Auto-Car-Project/install/robot_controller/share/robot_controller/hook/pythonpath.dsv'
[1.521s] INFO:colcon.colcon_core.shell:Creating environment hook '/home/abdou/A/rc_car/Auto-Car-Project/install/robot_controller/share/robot_controller/hook/pythonpath.sh'
[1.522s] Level 1:colcon.colcon_core.environment:checking '/home/abdou/A/rc_car/Auto-Car-Project/install/robot_controller/bin'
[1.523s] INFO:colcon.colcon_core.shell:Creating package script '/home/abdou/A/rc_car/Auto-Car-Project/install/robot_controller/share/robot_controller/package.ps1'
[1.524s] INFO:colcon.colcon_core.shell:Creating package descriptor '/home/abdou/A/rc_car/Auto-Car-Project/install/robot_controller/share/robot_controller/package.dsv'
[1.524s] INFO:colcon.colcon_core.shell:Creating package script '/home/abdou/A/rc_car/Auto-Car-Project/install/robot_controller/share/robot_controller/package.sh'
[1.525s] INFO:colcon.colcon_core.shell:Creating package script '/home/abdou/A/rc_car/Auto-Car-Project/install/robot_controller/share/robot_controller/package.bash'
[1.525s] INFO:colcon.colcon_core.shell:Creating package script '/home/abdou/A/rc_car/Auto-Car-Project/install/robot_controller/share/robot_controller/package.zsh'
[1.526s] Level 1:colcon.colcon_core.environment:create_file_with_runtime_dependencies(/home/abdou/A/rc_car/Auto-Car-Project/install/robot_controller/share/colcon-core/packages/robot_controller)
[1.557s] Level 1:colcon.colcon_core.environment:create_environment_scripts_only(robot_controller)
[1.558s] Level 1:colcon.colcon_core.environment:checking '/home/abdou/A/rc_car/Auto-Car-Project/install/robot_controller' for CMake module files
[1.558s] Level 1:colcon.colcon_core.environment:checking '/home/abdou/A/rc_car/Auto-Car-Project/install/robot_controller' for CMake config files
[1.559s] Level 1:colcon.colcon_core.shell:create_environment_hook('robot_controller', 'cmake_prefix_path')
[1.560s] INFO:colcon.colcon_core.shell:Creating environment hook '/home/abdou/A/rc_car/Auto-Car-Project/install/robot_controller/share/robot_controller/hook/cmake_prefix_path.ps1'
[1.561s] INFO:colcon.colcon_core.shell:Creating environment descriptor '/home/abdou/A/rc_car/Auto-Car-Project/install/robot_controller/share/robot_controller/hook/cmake_prefix_path.dsv'
[1.562s] INFO:colcon.colcon_core.shell:Creating environment hook '/home/abdou/A/rc_car/Auto-Car-Project/install/robot_controller/share/robot_controller/hook/cmake_prefix_path.sh'
[1.563s] Level 1:colcon.colcon_core.environment:checking '/home/abdou/A/rc_car/Auto-Car-Project/install/robot_controller/lib'
[1.563s] Level 1:colcon.colcon_core.environment:checking '/home/abdou/A/rc_car/Auto-Car-Project/install/robot_controller/bin'
[1.563s] Level 1:colcon.colcon_core.environment:checking '/home/abdou/A/rc_car/Auto-Car-Project/install/robot_controller/lib/pkgconfig/robot_controller.pc'
[1.564s] Level 1:colcon.colcon_core.environment:checking '/home/abdou/A/rc_car/Auto-Car-Project/install/robot_controller/lib/python3.10/site-packages'
[1.564s] Level 1:colcon.colcon_core.shell:create_environment_hook('robot_controller', 'pythonpath')
[1.564s] INFO:colcon.colcon_core.shell:Creating environment hook '/home/abdou/A/rc_car/Auto-Car-Project/install/robot_controller/share/robot_controller/hook/pythonpath.ps1'
[1.565s] INFO:colcon.colcon_core.shell:Creating environment descriptor '/home/abdou/A/rc_car/Auto-Car-Project/install/robot_controller/share/robot_controller/hook/pythonpath.dsv'
[1.566s] INFO:colcon.colcon_core.shell:Creating environment hook '/home/abdou/A/rc_car/Auto-Car-Project/install/robot_controller/share/robot_controller/hook/pythonpath.sh'
[1.566s] Level 1:colcon.colcon_core.environment:checking '/home/abdou/A/rc_car/Auto-Car-Project/install/robot_controller/bin'
[1.567s] INFO:colcon.colcon_core.shell:Creating package script '/home/abdou/A/rc_car/Auto-Car-Project/install/robot_controller/share/robot_controller/package.ps1'
[1.568s] INFO:colcon.colcon_core.shell:Creating package descriptor '/home/abdou/A/rc_car/Auto-Car-Project/install/robot_controller/share/robot_controller/package.dsv'
[1.569s] INFO:colcon.colcon_core.shell:Creating package script '/home/abdou/A/rc_car/Auto-Car-Project/install/robot_controller/share/robot_controller/package.sh'
[1.569s] INFO:colcon.colcon_core.shell:Creating package script '/home/abdou/A/rc_car/Auto-Car-Project/install/robot_controller/share/robot_controller/package.bash'
[1.570s] INFO:colcon.colcon_core.shell:Creating package script '/home/abdou/A/rc_car/Auto-Car-Project/install/robot_controller/share/robot_controller/package.zsh'
[1.570s] Level 1:colcon.colcon_core.environment:create_file_with_runtime_dependencies(/home/abdou/A/rc_car/Auto-Car-Project/install/robot_controller/share/colcon-core/packages/robot_controller)
[1.571s] DEBUG:colcon.colcon_parallel_executor.executor.parallel:closing loop
[1.571s] DEBUG:colcon.colcon_parallel_executor.executor.parallel:loop closed
[1.571s] DEBUG:colcon.colcon_parallel_executor.executor.parallel:run_until_complete finished with '0'
[1.571s] DEBUG:colcon.colcon_core.event_reactor:joining thread
[1.579s] INFO:colcon.colcon_core.plugin_system:Skipping extension 'colcon_notification.desktop_notification.terminal_notifier': Not used on non-Darwin systems
[1.579s] INFO:colcon.colcon_core.plugin_system:Skipping extension 'colcon_notification.desktop_notification.win32': Not used on non-Windows systems
[1.580s] INFO:colcon.colcon_notification.desktop_notification:Sending desktop notification using 'notify2'
[1.602s] DEBUG:colcon.colcon_core.event_reactor:joined thread
[1.603s] INFO:colcon.colcon_core.shell:Creating prefix script '/home/abdou/A/rc_car/Auto-Car-Project/install/local_setup.ps1'
[1.605s] INFO:colcon.colcon_core.shell:Creating prefix util module '/home/abdou/A/rc_car/Auto-Car-Project/install/_local_setup_util_ps1.py'
[1.607s] INFO:colcon.colcon_core.shell:Creating prefix chain script '/home/abdou/A/rc_car/Auto-Car-Project/install/setup.ps1'
[1.610s] INFO:colcon.colcon_core.shell:Creating prefix script '/home/abdou/A/rc_car/Auto-Car-Project/install/local_setup.sh'
[1.613s] INFO:colcon.colcon_core.shell:Creating prefix util module '/home/abdou/A/rc_car/Auto-Car-Project/install/_local_setup_util_sh.py'
[1.616s] INFO:colcon.colcon_core.shell:Creating prefix chain script '/home/abdou/A/rc_car/Auto-Car-Project/install/setup.sh'
[1.621s] INFO:colcon.colcon_core.shell:Creating prefix script '/home/abdou/A/rc_car/Auto-Car-Project/install/local_setup.bash'
[1.622s] INFO:colcon.colcon_core.shell:Creating prefix chain script '/home/abdou/A/rc_car/Auto-Car-Project/install/setup.bash'
[1.625s] INFO:colcon.colcon_core.shell:Creating prefix script '/home/abdou/A/rc_car/Auto-Car-Project/install/local_setup.zsh'
[1.626s] INFO:colcon.colcon_core.shell:Creating prefix chain script '/home/abdou/A/rc_car/Auto-Car-Project/install/setup.zsh'
