[0.424s] Invoking command in '/home/aoutir/rc_car/build/robot_desc': CMAKE_PREFIX_PATH=${CMAKE_PREFIX_PATH}:/home/aoutir/rc_car/install/robot_sample_example:/home/aoutir/rc_car/install/robot_example:/opt/ros/iron /usr/bin/cmake --build /home/aoutir/rc_car/build/robot_desc -- -j2 -l2
[0.609s] Invoked command in '/home/aoutir/rc_car/build/robot_desc' returned '0': CMAKE_PREFIX_PATH=${CMAKE_PREFIX_PATH}:/home/aoutir/rc_car/install/robot_sample_example:/home/aoutir/rc_car/install/robot_example:/opt/ros/iron /usr/bin/cmake --build /home/aoutir/rc_car/build/robot_desc -- -j2 -l2
[0.912s] Invoking command in '/home/aoutir/rc_car/build/robot_desc': CMAKE_PREFIX_PATH=${CMAKE_PREFIX_PATH}:/home/aoutir/rc_car/install/robot_sample_example:/home/aoutir/rc_car/install/robot_example:/opt/ros/iron /usr/bin/cmake --install /home/aoutir/rc_car/build/robot_desc
[0.939s] -- Install configuration: ""
[0.940s] -- Execute custom install script
[0.941s] -- Up-to-date symlink: /home/aoutir/rc_car/install/robot_desc/share/robot_desc/urdf/robot_description.urdf.xacro
[0.942s] -- Up-to-date symlink: /home/aoutir/rc_car/install/robot_desc/share/robot_desc/rviz/display.rviz
[0.943s] -- Up-to-date symlink: /home/aoutir/rc_car/install/robot_desc/share/robot_desc/launch/robot.launch.py
[0.944s] -- Up-to-date symlink: /home/aoutir/rc_car/install/robot_desc/share/ament_index/resource_index/package_run_dependencies/robot_desc
[0.990s] -- Up-to-date symlink: /home/aoutir/rc_car/install/robot_desc/share/ament_index/resource_index/parent_prefix_path/robot_desc
[0.994s] -- Up-to-date symlink: /home/aoutir/rc_car/install/robot_desc/share/robot_desc/environment/ament_prefix_path.sh
[0.995s] -- Up-to-date symlink: /home/aoutir/rc_car/install/robot_desc/share/robot_desc/environment/ament_prefix_path.dsv
[0.996s] -- Up-to-date symlink: /home/aoutir/rc_car/install/robot_desc/share/robot_desc/environment/path.sh
[1.008s] -- Up-to-date symlink: /home/aoutir/rc_car/install/robot_desc/share/robot_desc/environment/path.dsv
[1.010s] -- Up-to-date symlink: /home/aoutir/rc_car/install/robot_desc/share/robot_desc/local_setup.bash
[1.011s] -- Up-to-date symlink: /home/aoutir/rc_car/install/robot_desc/share/robot_desc/local_setup.sh
[1.011s] -- Up-to-date symlink: /home/aoutir/rc_car/install/robot_desc/share/robot_desc/local_setup.zsh
[1.012s] -- Up-to-date symlink: /home/aoutir/rc_car/install/robot_desc/share/robot_desc/local_setup.dsv
[1.013s] -- Symlinking: /home/aoutir/rc_car/install/robot_desc/share/robot_desc/package.dsv
[1.061s] -- Up-to-date symlink: /home/aoutir/rc_car/install/robot_desc/share/ament_index/resource_index/packages/robot_desc
[1.063s] -- Up-to-date symlink: /home/aoutir/rc_car/install/robot_desc/share/robot_desc/cmake/robot_descConfig.cmake
[1.065s] -- Up-to-date symlink: /home/aoutir/rc_car/install/robot_desc/share/robot_desc/cmake/robot_descConfig-version.cmake
[1.066s] -- Up-to-date symlink: /home/aoutir/rc_car/install/robot_desc/share/robot_desc/package.xml
[1.072s] Invoked command in '/home/aoutir/rc_car/build/robot_desc' returned '0': CMAKE_PREFIX_PATH=${CMAKE_PREFIX_PATH}:/home/aoutir/rc_car/install/robot_sample_example:/home/aoutir/rc_car/install/robot_example:/opt/ros/iron /usr/bin/cmake --install /home/aoutir/rc_car/build/robot_desc
