[0.047s] Invoking command in '/home/aoutir/rc_car/build/robot_desc': CMAKE_PREFIX_PATH=${CMAKE_PREFIX_PATH}:/home/aoutir/rc_car/install/robot_sample_example:/home/aoutir/rc_car/install/robot_example:/opt/ros/iron /usr/bin/cmake /home/aoutir/rc_car/src/robot_desc -DAMENT_CMAKE_SYMLINK_INSTALL=1 -DCMAKE_INSTALL_PREFIX=/home/aoutir/rc_car/install/robot_desc
[0.575s] -- Found ament_cmake: 2.0.4 (/opt/ros/iron/share/ament_cmake/cmake)
[0.576s] -- Override CMake install command with custom implementation using symlinks instead of copying resources
[0.576s] -- Found ament_lint_auto: 0.14.3 (/opt/ros/iron/share/ament_lint_auto/cmake)
[0.576s] -- Added test 'cppcheck' to perform static code analysis on C / C++ code
[0.576s] -- Configured cppcheck include dirs: 
[0.576s] -- Configured cppcheck exclude dirs and/or files: 
[0.576s] -- Added test 'flake8' to check Python code syntax and style conventions
[0.576s] -- Configured 'flake8' exclude dirs and/or files: 
[0.576s] -- Added test 'lint_cmake' to check CMake code style
[0.576s] -- Added test 'pep257' to check Python code against some of the docstring style conventions in PEP 257
[0.576s] -- Added test 'uncrustify' to check C / C++ code style
[0.576s] -- Configured uncrustify additional arguments: 
[0.576s] -- Added test 'xmllint' to check XML markup files
[0.576s] -- Configuring done
[0.609s] -- Generating done
[0.628s] -- Build files have been written to: /home/aoutir/rc_car/build/robot_desc
[0.633s] Invoked command in '/home/aoutir/rc_car/build/robot_desc' returned '0': CMAKE_PREFIX_PATH=${CMAKE_PREFIX_PATH}:/home/aoutir/rc_car/install/robot_sample_example:/home/aoutir/rc_car/install/robot_example:/opt/ros/iron /usr/bin/cmake /home/aoutir/rc_car/src/robot_desc -DAMENT_CMAKE_SYMLINK_INSTALL=1 -DCMAKE_INSTALL_PREFIX=/home/aoutir/rc_car/install/robot_desc
[0.634s] Invoking command in '/home/aoutir/rc_car/build/robot_desc': CMAKE_PREFIX_PATH=${CMAKE_PREFIX_PATH}:/home/aoutir/rc_car/install/robot_sample_example:/home/aoutir/rc_car/install/robot_example:/opt/ros/iron /usr/bin/cmake --build /home/aoutir/rc_car/build/robot_desc -- -j2 -l2
[0.798s] Invoked command in '/home/aoutir/rc_car/build/robot_desc' returned '0': CMAKE_PREFIX_PATH=${CMAKE_PREFIX_PATH}:/home/aoutir/rc_car/install/robot_sample_example:/home/aoutir/rc_car/install/robot_example:/opt/ros/iron /usr/bin/cmake --build /home/aoutir/rc_car/build/robot_desc -- -j2 -l2
[0.982s] Invoking command in '/home/aoutir/rc_car/build/robot_desc': CMAKE_PREFIX_PATH=${CMAKE_PREFIX_PATH}:/home/aoutir/rc_car/install/robot_sample_example:/home/aoutir/rc_car/install/robot_example:/opt/ros/iron /usr/bin/cmake --install /home/aoutir/rc_car/build/robot_desc
[0.999s] -- Install configuration: ""
[1.000s] -- Execute custom install script
[1.002s] -- Symlinking: /home/aoutir/rc_car/install/robot_desc/share/robot_desc/urdf/robot_description.urdf.xacro
[1.018s] -- Symlinking: /home/aoutir/rc_car/install/robot_desc/share/robot_desc/rviz/display.rviz
[1.069s] -- Symlinking: /home/aoutir/rc_car/install/robot_desc/share/ament_index/resource_index/package_run_dependencies/robot_desc
[1.086s] -- Symlinking: /home/aoutir/rc_car/install/robot_desc/share/ament_index/resource_index/parent_prefix_path/robot_desc
[1.105s] -- Symlinking: /home/aoutir/rc_car/install/robot_desc/share/robot_desc/environment/ament_prefix_path.sh
[1.123s] -- Symlinking: /home/aoutir/rc_car/install/robot_desc/share/robot_desc/environment/ament_prefix_path.dsv
[1.171s] -- Symlinking: /home/aoutir/rc_car/install/robot_desc/share/robot_desc/environment/path.sh
[1.192s] -- Symlinking: /home/aoutir/rc_car/install/robot_desc/share/robot_desc/environment/path.dsv
[1.209s] -- Symlinking: /home/aoutir/rc_car/install/robot_desc/share/robot_desc/local_setup.bash
[1.228s] -- Symlinking: /home/aoutir/rc_car/install/robot_desc/share/robot_desc/local_setup.sh
[1.265s] -- Symlinking: /home/aoutir/rc_car/install/robot_desc/share/robot_desc/local_setup.zsh
[1.332s] -- Symlinking: /home/aoutir/rc_car/install/robot_desc/share/robot_desc/local_setup.dsv
[1.351s] -- Symlinking: /home/aoutir/rc_car/install/robot_desc/share/robot_desc/package.dsv
[1.387s] -- Symlinking: /home/aoutir/rc_car/install/robot_desc/share/ament_index/resource_index/packages/robot_desc
[1.403s] -- Symlinking: /home/aoutir/rc_car/install/robot_desc/share/robot_desc/cmake/robot_descConfig.cmake
[1.421s] -- Symlinking: /home/aoutir/rc_car/install/robot_desc/share/robot_desc/cmake/robot_descConfig-version.cmake
[1.446s] -- Symlinking: /home/aoutir/rc_car/install/robot_desc/share/robot_desc/package.xml
[1.475s] Invoked command in '/home/aoutir/rc_car/build/robot_desc' returned '0': CMAKE_PREFIX_PATH=${CMAKE_PREFIX_PATH}:/home/aoutir/rc_car/install/robot_sample_example:/home/aoutir/rc_car/install/robot_example:/opt/ros/iron /usr/bin/cmake --install /home/aoutir/rc_car/build/robot_desc
