-- Install configuration: ""
-- Up-to-date: /home/abdou/A/Auto-Car/install/robot_desc/share/robot_desc/urdf
-- Up-to-date: /home/abdou/A/Auto-Car/install/robot_desc/share/robot_desc/urdf/robot_ros2_control.xacro
-- Up-to-date: /home/abdou/A/Auto-Car/install/robot_desc/share/robot_desc/urdf/lidar.xacro
-- Up-to-date: /home/abdou/A/Auto-Car/install/robot_desc/share/robot_desc/urdf/gazebo_control.xacro
-- Up-to-date: /home/abdou/A/Auto-Car/install/robot_desc/share/robot_desc/urdf/robot_description.xacro
-- Up-to-date: /home/abdou/A/Auto-Car/install/robot_desc/share/robot_desc/urdf/robot_gazebo.urdf.xacro
-- Up-to-date: /home/abdou/A/Auto-Car/install/robot_desc/share/robot_desc/rviz
-- Installing: /home/abdou/A/Auto-Car/install/robot_desc/share/robot_desc/rviz/mapper_params_online_async.yaml
-- Up-to-date: /home/abdou/A/Auto-Car/install/robot_desc/share/robot_desc/rviz/display.rviz
-- Up-to-date: /home/abdou/A/Auto-Car/install/robot_desc/share/robot_desc/models
-- Up-to-date: /home/abdou/A/Auto-Car/install/robot_desc/share/robot_desc/models/models
-- Up-to-date: /home/abdou/A/Auto-Car/install/robot_desc/share/robot_desc/models/models/models
-- Up-to-date: /home/abdou/A/Auto-Car/install/robot_desc/share/robot_desc/models/models/models/ground_plane
-- Up-to-date: /home/abdou/A/Auto-Car/install/robot_desc/share/robot_desc/models/models/models/ground_plane/model-1_3.sdf
-- Up-to-date: /home/abdou/A/Auto-Car/install/robot_desc/share/robot_desc/models/models/models/ground_plane/model.config
-- Up-to-date: /home/abdou/A/Auto-Car/install/robot_desc/share/robot_desc/models/models/models/ground_plane/model.sdf
-- Up-to-date: /home/abdou/A/Auto-Car/install/robot_desc/share/robot_desc/models/models/models/ground_plane/model-1_4.sdf
-- Up-to-date: /home/abdou/A/Auto-Car/install/robot_desc/share/robot_desc/models/models/models/ground_plane/model-1_2.sdf
-- Up-to-date: /home/abdou/A/Auto-Car/install/robot_desc/share/robot_desc/models/models/models/sun
-- Up-to-date: /home/abdou/A/Auto-Car/install/robot_desc/share/robot_desc/models/models/models/sun/model-1_3.sdf
-- Up-to-date: /home/abdou/A/Auto-Car/install/robot_desc/share/robot_desc/models/models/models/sun/model.config
-- Up-to-date: /home/abdou/A/Auto-Car/install/robot_desc/share/robot_desc/models/models/models/sun/model.sdf
-- Up-to-date: /home/abdou/A/Auto-Car/install/robot_desc/share/robot_desc/models/models/models/sun/model-1_4.sdf
-- Up-to-date: /home/abdou/A/Auto-Car/install/robot_desc/share/robot_desc/models/models/models/sun/model-1_2.sdf
-- Up-to-date: /home/abdou/A/Auto-Car/install/robot_desc/share/robot_desc/launch
-- Up-to-date: /home/abdou/A/Auto-Car/install/robot_desc/share/robot_desc/launch/robot.launch.py
-- Up-to-date: /home/abdou/A/Auto-Car/install/robot_desc/share/robot_desc/launch/gazebo.launch.py
-- Up-to-date: /home/abdou/A/Auto-Car/install/robot_desc/share/ament_index/resource_index/package_run_dependencies/robot_desc
-- Up-to-date: /home/abdou/A/Auto-Car/install/robot_desc/share/ament_index/resource_index/parent_prefix_path/robot_desc
-- Up-to-date: /home/abdou/A/Auto-Car/install/robot_desc/share/robot_desc/environment/ament_prefix_path.sh
-- Up-to-date: /home/abdou/A/Auto-Car/install/robot_desc/share/robot_desc/environment/ament_prefix_path.dsv
-- Up-to-date: /home/abdou/A/Auto-Car/install/robot_desc/share/robot_desc/environment/path.sh
-- Up-to-date: /home/abdou/A/Auto-Car/install/robot_desc/share/robot_desc/environment/path.dsv
-- Up-to-date: /home/abdou/A/Auto-Car/install/robot_desc/share/robot_desc/local_setup.bash
-- Up-to-date: /home/abdou/A/Auto-Car/install/robot_desc/share/robot_desc/local_setup.sh
-- Up-to-date: /home/abdou/A/Auto-Car/install/robot_desc/share/robot_desc/local_setup.zsh
-- Up-to-date: /home/abdou/A/Auto-Car/install/robot_desc/share/robot_desc/local_setup.dsv
-- Installing: /home/abdou/A/Auto-Car/install/robot_desc/share/robot_desc/package.dsv
-- Up-to-date: /home/abdou/A/Auto-Car/install/robot_desc/share/ament_index/resource_index/packages/robot_desc
-- Up-to-date: /home/abdou/A/Auto-Car/install/robot_desc/share/robot_desc/cmake/robot_descConfig.cmake
-- Up-to-date: /home/abdou/A/Auto-Car/install/robot_desc/share/robot_desc/cmake/robot_descConfig-version.cmake
-- Up-to-date: /home/abdou/A/Auto-Car/install/robot_desc/share/robot_desc/package.xml
