[0.104s] DEBUG:colcon:Command line arguments: ['/usr/bin/colcon', 'build']
[0.104s] DEBUG:colcon:Parsed command line arguments: Namespace(log_base=None, log_level=None, verb_name='build', build_base='build', install_base='install', merge_install=False, symlink_install=False, test_result_base=None, continue_on_error=False, executor='parallel', parallel_workers=8, event_handlers=None, ignore_user_meta=False, metas=['./colcon.meta'], base_paths=['.'], packages_ignore=None, packages_ignore_regex=None, paths=None, packages_up_to=None, packages_up_to_regex=None, packages_above=None, packages_above_and_dependencies=None, packages_above_depth=None, packages_select_by_dep=None, packages_skip_by_dep=None, packages_skip_up_to=None, packages_select_build_failed=False, packages_skip_build_finished=False, packages_select_test_failures=False, packages_skip_test_passed=False, packages_select=None, packages_skip=None, packages_select_regex=None, packages_skip_regex=None, packages_start=None, packages_end=None, allow_overriding=[], cmake_args=None, cmake_target=None, cmake_target_skip_unavailable=False, cmake_clean_cache=False, cmake_clean_first=False, cmake_force_configure=False, ament_cmake_args=None, catkin_cmake_args=None, catkin_skip_building_tests=False, mixin_files=None, mixin=None, verb_parser=<colcon_mixin.mixin.mixin_argument.MixinArgumentDecorator object at 0x7b364b432ef0>, verb_extension=<colcon_core.verb.build.BuildVerb object at 0x7b364b432800>, main=<bound method BuildVerb.main of <colcon_core.verb.build.BuildVerb object at 0x7b364b432800>>, mixin_verb=('build',))
[0.292s] Level 1:colcon.colcon_core.package_discovery:discover_packages(colcon_meta) check parameters
[0.292s] Level 1:colcon.colcon_core.package_discovery:discover_packages(recursive) check parameters
[0.292s] Level 1:colcon.colcon_core.package_discovery:discover_packages(ignore) check parameters
[0.292s] Level 1:colcon.colcon_core.package_discovery:discover_packages(path) check parameters
[0.292s] Level 1:colcon.colcon_core.package_discovery:discover_packages(colcon_meta) discover
[0.292s] Level 1:colcon.colcon_core.package_discovery:discover_packages(recursive) discover
[0.292s] INFO:colcon.colcon_core.package_discovery:Crawling recursively for packages in '/home/abdou/A/ROS2-Auto-Robot'
[0.292s] Level 1:colcon.colcon_core.package_identification:_identify(.) by extensions ['ignore', 'ignore_ament_install']
[0.292s] Level 1:colcon.colcon_core.package_identification:_identify(.) by extension 'ignore'
[0.292s] Level 1:colcon.colcon_core.package_identification:_identify(.) by extension 'ignore_ament_install'
[0.293s] Level 1:colcon.colcon_core.package_identification:_identify(.) by extensions ['colcon_pkg']
[0.293s] Level 1:colcon.colcon_core.package_identification:_identify(.) by extension 'colcon_pkg'
[0.293s] Level 1:colcon.colcon_core.package_identification:_identify(.) by extensions ['colcon_meta']
[0.293s] Level 1:colcon.colcon_core.package_identification:_identify(.) by extension 'colcon_meta'
[0.293s] Level 1:colcon.colcon_core.package_identification:_identify(.) by extensions ['ros']
[0.293s] Level 1:colcon.colcon_core.package_identification:_identify(.) by extension 'ros'
[0.315s] Level 1:colcon.colcon_core.package_identification:_identify(.) by extensions ['cmake', 'python']
[0.315s] Level 1:colcon.colcon_core.package_identification:_identify(.) by extension 'cmake'
[0.315s] Level 1:colcon.colcon_core.package_identification:_identify(.) by extension 'python'
[0.315s] Level 1:colcon.colcon_core.package_identification:_identify(.) by extensions ['python_setup_py']
[0.315s] Level 1:colcon.colcon_core.package_identification:_identify(.) by extension 'python_setup_py'
[0.315s] Level 1:colcon.colcon_core.package_identification:_identify(build) by extensions ['ignore', 'ignore_ament_install']
[0.315s] Level 1:colcon.colcon_core.package_identification:_identify(build) by extension 'ignore'
[0.315s] Level 1:colcon.colcon_core.package_identification:_identify(build) ignored
[0.316s] Level 1:colcon.colcon_core.package_identification:_identify(install) by extensions ['ignore', 'ignore_ament_install']
[0.316s] Level 1:colcon.colcon_core.package_identification:_identify(install) by extension 'ignore'
[0.316s] Level 1:colcon.colcon_core.package_identification:_identify(install) ignored
[0.316s] Level 1:colcon.colcon_core.package_identification:_identify(log) by extensions ['ignore', 'ignore_ament_install']
[0.316s] Level 1:colcon.colcon_core.package_identification:_identify(log) by extension 'ignore'
[0.316s] Level 1:colcon.colcon_core.package_identification:_identify(log) ignored
[0.316s] Level 1:colcon.colcon_core.package_identification:_identify(src) by extensions ['ignore', 'ignore_ament_install']
[0.316s] Level 1:colcon.colcon_core.package_identification:_identify(src) by extension 'ignore'
[0.316s] Level 1:colcon.colcon_core.package_identification:_identify(src) by extension 'ignore_ament_install'
[0.316s] Level 1:colcon.colcon_core.package_identification:_identify(src) by extensions ['colcon_pkg']
[0.316s] Level 1:colcon.colcon_core.package_identification:_identify(src) by extension 'colcon_pkg'
[0.316s] Level 1:colcon.colcon_core.package_identification:_identify(src) by extensions ['colcon_meta']
[0.317s] Level 1:colcon.colcon_core.package_identification:_identify(src) by extension 'colcon_meta'
[0.317s] Level 1:colcon.colcon_core.package_identification:_identify(src) by extensions ['ros']
[0.317s] Level 1:colcon.colcon_core.package_identification:_identify(src) by extension 'ros'
[0.317s] Level 1:colcon.colcon_core.package_identification:_identify(src) by extensions ['cmake', 'python']
[0.317s] Level 1:colcon.colcon_core.package_identification:_identify(src) by extension 'cmake'
[0.317s] Level 1:colcon.colcon_core.package_identification:_identify(src) by extension 'python'
[0.317s] Level 1:colcon.colcon_core.package_identification:_identify(src) by extensions ['python_setup_py']
[0.317s] Level 1:colcon.colcon_core.package_identification:_identify(src) by extension 'python_setup_py'
[0.317s] Level 1:colcon.colcon_core.package_identification:_identify(src/auto_robot) by extensions ['ignore', 'ignore_ament_install']
[0.317s] Level 1:colcon.colcon_core.package_identification:_identify(src/auto_robot) by extension 'ignore'
[0.317s] Level 1:colcon.colcon_core.package_identification:_identify(src/auto_robot) by extension 'ignore_ament_install'
[0.317s] Level 1:colcon.colcon_core.package_identification:_identify(src/auto_robot) by extensions ['colcon_pkg']
[0.317s] Level 1:colcon.colcon_core.package_identification:_identify(src/auto_robot) by extension 'colcon_pkg'
[0.317s] Level 1:colcon.colcon_core.package_identification:_identify(src/auto_robot) by extensions ['colcon_meta']
[0.317s] Level 1:colcon.colcon_core.package_identification:_identify(src/auto_robot) by extension 'colcon_meta'
[0.317s] Level 1:colcon.colcon_core.package_identification:_identify(src/auto_robot) by extensions ['ros']
[0.318s] Level 1:colcon.colcon_core.package_identification:_identify(src/auto_robot) by extension 'ros'
[0.320s] DEBUG:colcon.colcon_core.package_identification:Package 'src/auto_robot' with type 'ros.ament_cmake' and name 'auto_robot'
[0.320s] Level 1:colcon.colcon_core.package_discovery:discover_packages(recursive) using defaults
[0.320s] Level 1:colcon.colcon_core.package_discovery:discover_packages(ignore) discover
[0.320s] Level 1:colcon.colcon_core.package_discovery:discover_packages(ignore) using defaults
[0.320s] Level 1:colcon.colcon_core.package_discovery:discover_packages(path) discover
[0.321s] Level 1:colcon.colcon_core.package_discovery:discover_packages(path) using defaults
[0.343s] Level 1:colcon.colcon_core.package_discovery:discover_packages(prefix_path) check parameters
[0.343s] Level 1:colcon.colcon_core.package_discovery:discover_packages(prefix_path) discover
[0.346s] DEBUG:colcon.colcon_installed_package_information.package_discovery:Found 344 installed packages in /opt/ros/iron
[0.348s] Level 1:colcon.colcon_core.package_discovery:discover_packages(prefix_path) using defaults
[0.396s] Level 5:colcon.colcon_core.verb:set package 'auto_robot' build argument 'cmake_args' from command line to 'None'
[0.396s] Level 5:colcon.colcon_core.verb:set package 'auto_robot' build argument 'cmake_target' from command line to 'None'
[0.396s] Level 5:colcon.colcon_core.verb:set package 'auto_robot' build argument 'cmake_target_skip_unavailable' from command line to 'False'
[0.396s] Level 5:colcon.colcon_core.verb:set package 'auto_robot' build argument 'cmake_clean_cache' from command line to 'False'
[0.396s] Level 5:colcon.colcon_core.verb:set package 'auto_robot' build argument 'cmake_clean_first' from command line to 'False'
[0.396s] Level 5:colcon.colcon_core.verb:set package 'auto_robot' build argument 'cmake_force_configure' from command line to 'False'
[0.396s] Level 5:colcon.colcon_core.verb:set package 'auto_robot' build argument 'ament_cmake_args' from command line to 'None'
[0.396s] Level 5:colcon.colcon_core.verb:set package 'auto_robot' build argument 'catkin_cmake_args' from command line to 'None'
[0.396s] Level 5:colcon.colcon_core.verb:set package 'auto_robot' build argument 'catkin_skip_building_tests' from command line to 'False'
[0.396s] DEBUG:colcon.colcon_core.verb:Building package 'auto_robot' with the following arguments: {'ament_cmake_args': None, 'build_base': '/home/abdou/A/ROS2-Auto-Robot/build/auto_robot', 'catkin_cmake_args': None, 'catkin_skip_building_tests': False, 'cmake_args': None, 'cmake_clean_cache': False, 'cmake_clean_first': False, 'cmake_force_configure': False, 'cmake_target': None, 'cmake_target_skip_unavailable': False, 'install_base': '/home/abdou/A/ROS2-Auto-Robot/install/auto_robot', 'merge_install': False, 'path': '/home/abdou/A/ROS2-Auto-Robot/src/auto_robot', 'symlink_install': False, 'test_result_base': None}
[0.396s] INFO:colcon.colcon_core.executor:Executing jobs using 'parallel' executor
[0.398s] DEBUG:colcon.colcon_parallel_executor.executor.parallel:run_until_complete
[0.398s] INFO:colcon.colcon_ros.task.ament_cmake.build:Building ROS package in '/home/abdou/A/ROS2-Auto-Robot/src/auto_robot' with build type 'ament_cmake'
[0.398s] INFO:colcon.colcon_cmake.task.cmake.build:Building CMake package in '/home/abdou/A/ROS2-Auto-Robot/src/auto_robot'
[0.401s] INFO:colcon.colcon_core.plugin_system:Skipping extension 'colcon_core.shell.bat': Not used on non-Windows systems
[0.401s] INFO:colcon.colcon_core.shell:Skip shell extension 'powershell' for command environment: Not usable outside of PowerShell
[0.401s] DEBUG:colcon.colcon_core.shell:Skip shell extension 'dsv' for command environment
[0.409s] DEBUG:colcon.colcon_core.event_handler.log_command:Invoking command in '/home/abdou/A/ROS2-Auto-Robot/build/auto_robot': CMAKE_PREFIX_PATH=/opt/ros/iron /usr/bin/cmake --build /home/abdou/A/ROS2-Auto-Robot/build/auto_robot -- -j8 -l8
[0.447s] DEBUG:colcon.colcon_core.event_handler.log_command:Invoked command in '/home/abdou/A/ROS2-Auto-Robot/build/auto_robot' returned '0': CMAKE_PREFIX_PATH=/opt/ros/iron /usr/bin/cmake --build /home/abdou/A/ROS2-Auto-Robot/build/auto_robot -- -j8 -l8
[0.479s] DEBUG:colcon.colcon_core.event_handler.log_command:Invoking command in '/home/abdou/A/ROS2-Auto-Robot/build/auto_robot': CMAKE_PREFIX_PATH=/opt/ros/iron /usr/bin/cmake --install /home/abdou/A/ROS2-Auto-Robot/build/auto_robot
[0.490s] Level 1:colcon.colcon_core.environment:create_environment_scripts_only(auto_robot)
[0.493s] DEBUG:colcon.colcon_core.event_handler.log_command:Invoked command in '/home/abdou/A/ROS2-Auto-Robot/build/auto_robot' returned '0': CMAKE_PREFIX_PATH=/opt/ros/iron /usr/bin/cmake --install /home/abdou/A/ROS2-Auto-Robot/build/auto_robot
[0.494s] Level 1:colcon.colcon_core.environment:checking '/home/abdou/A/ROS2-Auto-Robot/install/auto_robot' for CMake module files
[0.494s] Level 1:colcon.colcon_core.environment:checking '/home/abdou/A/ROS2-Auto-Robot/install/auto_robot' for CMake config files
[0.495s] Level 1:colcon.colcon_core.shell:create_environment_hook('auto_robot', 'cmake_prefix_path')
[0.495s] INFO:colcon.colcon_core.shell:Creating environment hook '/home/abdou/A/ROS2-Auto-Robot/install/auto_robot/share/auto_robot/hook/cmake_prefix_path.ps1'
[0.496s] INFO:colcon.colcon_core.shell:Creating environment descriptor '/home/abdou/A/ROS2-Auto-Robot/install/auto_robot/share/auto_robot/hook/cmake_prefix_path.dsv'
[0.496s] INFO:colcon.colcon_core.shell:Creating environment hook '/home/abdou/A/ROS2-Auto-Robot/install/auto_robot/share/auto_robot/hook/cmake_prefix_path.sh'
[0.497s] Level 1:colcon.colcon_core.environment:checking '/home/abdou/A/ROS2-Auto-Robot/install/auto_robot/bin'
[0.497s] Level 1:colcon.colcon_core.environment:checking '/home/abdou/A/ROS2-Auto-Robot/install/auto_robot/lib/pkgconfig/auto_robot.pc'
[0.497s] Level 1:colcon.colcon_core.environment:checking '/home/abdou/A/ROS2-Auto-Robot/install/auto_robot/lib/python3.10/site-packages'
[0.498s] Level 1:colcon.colcon_core.environment:checking '/home/abdou/A/ROS2-Auto-Robot/install/auto_robot/bin'
[0.498s] INFO:colcon.colcon_core.shell:Creating package script '/home/abdou/A/ROS2-Auto-Robot/install/auto_robot/share/auto_robot/package.ps1'
[0.499s] INFO:colcon.colcon_core.shell:Creating package descriptor '/home/abdou/A/ROS2-Auto-Robot/install/auto_robot/share/auto_robot/package.dsv'
[0.499s] INFO:colcon.colcon_core.shell:Creating package script '/home/abdou/A/ROS2-Auto-Robot/install/auto_robot/share/auto_robot/package.sh'
[0.500s] INFO:colcon.colcon_core.shell:Creating package script '/home/abdou/A/ROS2-Auto-Robot/install/auto_robot/share/auto_robot/package.bash'
[0.501s] INFO:colcon.colcon_core.shell:Creating package script '/home/abdou/A/ROS2-Auto-Robot/install/auto_robot/share/auto_robot/package.zsh'
[0.502s] Level 1:colcon.colcon_core.environment:create_file_with_runtime_dependencies(/home/abdou/A/ROS2-Auto-Robot/install/auto_robot/share/colcon-core/packages/auto_robot)
[0.524s] Level 1:colcon.colcon_core.environment:create_environment_scripts_only(auto_robot)
[0.525s] Level 1:colcon.colcon_core.environment:checking '/home/abdou/A/ROS2-Auto-Robot/install/auto_robot' for CMake module files
[0.525s] Level 1:colcon.colcon_core.environment:checking '/home/abdou/A/ROS2-Auto-Robot/install/auto_robot' for CMake config files
[0.526s] Level 1:colcon.colcon_core.shell:create_environment_hook('auto_robot', 'cmake_prefix_path')
[0.526s] INFO:colcon.colcon_core.shell:Creating environment hook '/home/abdou/A/ROS2-Auto-Robot/install/auto_robot/share/auto_robot/hook/cmake_prefix_path.ps1'
[0.527s] INFO:colcon.colcon_core.shell:Creating environment descriptor '/home/abdou/A/ROS2-Auto-Robot/install/auto_robot/share/auto_robot/hook/cmake_prefix_path.dsv'
[0.527s] INFO:colcon.colcon_core.shell:Creating environment hook '/home/abdou/A/ROS2-Auto-Robot/install/auto_robot/share/auto_robot/hook/cmake_prefix_path.sh'
[0.527s] Level 1:colcon.colcon_core.environment:checking '/home/abdou/A/ROS2-Auto-Robot/install/auto_robot/bin'
[0.528s] Level 1:colcon.colcon_core.environment:checking '/home/abdou/A/ROS2-Auto-Robot/install/auto_robot/lib/pkgconfig/auto_robot.pc'
[0.528s] Level 1:colcon.colcon_core.environment:checking '/home/abdou/A/ROS2-Auto-Robot/install/auto_robot/lib/python3.10/site-packages'
[0.528s] Level 1:colcon.colcon_core.environment:checking '/home/abdou/A/ROS2-Auto-Robot/install/auto_robot/bin'
[0.528s] INFO:colcon.colcon_core.shell:Creating package script '/home/abdou/A/ROS2-Auto-Robot/install/auto_robot/share/auto_robot/package.ps1'
[0.529s] INFO:colcon.colcon_core.shell:Creating package descriptor '/home/abdou/A/ROS2-Auto-Robot/install/auto_robot/share/auto_robot/package.dsv'
[0.530s] INFO:colcon.colcon_core.shell:Creating package script '/home/abdou/A/ROS2-Auto-Robot/install/auto_robot/share/auto_robot/package.sh'
[0.530s] INFO:colcon.colcon_core.shell:Creating package script '/home/abdou/A/ROS2-Auto-Robot/install/auto_robot/share/auto_robot/package.bash'
[0.530s] INFO:colcon.colcon_core.shell:Creating package script '/home/abdou/A/ROS2-Auto-Robot/install/auto_robot/share/auto_robot/package.zsh'
[0.531s] Level 1:colcon.colcon_core.environment:create_file_with_runtime_dependencies(/home/abdou/A/ROS2-Auto-Robot/install/auto_robot/share/colcon-core/packages/auto_robot)
[0.531s] DEBUG:colcon.colcon_parallel_executor.executor.parallel:closing loop
[0.531s] DEBUG:colcon.colcon_parallel_executor.executor.parallel:loop closed
[0.531s] DEBUG:colcon.colcon_parallel_executor.executor.parallel:run_until_complete finished with '0'
[0.532s] DEBUG:colcon.colcon_core.event_reactor:joining thread
[0.538s] INFO:colcon.colcon_core.plugin_system:Skipping extension 'colcon_notification.desktop_notification.terminal_notifier': Not used on non-Darwin systems
[0.538s] INFO:colcon.colcon_core.plugin_system:Skipping extension 'colcon_notification.desktop_notification.win32': Not used on non-Windows systems
[0.538s] INFO:colcon.colcon_notification.desktop_notification:Sending desktop notification using 'notify2'
[0.551s] DEBUG:colcon.colcon_core.event_reactor:joined thread
[0.552s] INFO:colcon.colcon_core.shell:Creating prefix script '/home/abdou/A/ROS2-Auto-Robot/install/local_setup.ps1'
[0.553s] INFO:colcon.colcon_core.shell:Creating prefix util module '/home/abdou/A/ROS2-Auto-Robot/install/_local_setup_util_ps1.py'
[0.555s] INFO:colcon.colcon_core.shell:Creating prefix chain script '/home/abdou/A/ROS2-Auto-Robot/install/setup.ps1'
[0.556s] INFO:colcon.colcon_core.shell:Creating prefix script '/home/abdou/A/ROS2-Auto-Robot/install/local_setup.sh'
[0.557s] INFO:colcon.colcon_core.shell:Creating prefix util module '/home/abdou/A/ROS2-Auto-Robot/install/_local_setup_util_sh.py'
[0.557s] INFO:colcon.colcon_core.shell:Creating prefix chain script '/home/abdou/A/ROS2-Auto-Robot/install/setup.sh'
[0.558s] INFO:colcon.colcon_core.shell:Creating prefix script '/home/abdou/A/ROS2-Auto-Robot/install/local_setup.bash'
[0.559s] INFO:colcon.colcon_core.shell:Creating prefix chain script '/home/abdou/A/ROS2-Auto-Robot/install/setup.bash'
[0.561s] INFO:colcon.colcon_core.shell:Creating prefix script '/home/abdou/A/ROS2-Auto-Robot/install/local_setup.zsh'
[0.562s] INFO:colcon.colcon_core.shell:Creating prefix chain script '/home/abdou/A/ROS2-Auto-Robot/install/setup.zsh'
