[0.092s] DEBUG:colcon:Command line arguments: ['/usr/bin/colcon', 'build']
[0.092s] DEBUG:colcon:Parsed command line arguments: Namespace(log_base=None, log_level=None, verb_name='build', build_base='build', install_base='install', merge_install=False, symlink_install=False, test_result_base=None, continue_on_error=False, executor='parallel', parallel_workers=8, event_handlers=None, ignore_user_meta=False, metas=['./colcon.meta'], base_paths=['.'], packages_ignore=None, packages_ignore_regex=None, paths=None, packages_up_to=None, packages_up_to_regex=None, packages_above=None, packages_above_and_dependencies=None, packages_above_depth=None, packages_select_by_dep=None, packages_skip_by_dep=None, packages_skip_up_to=None, packages_select_build_failed=False, packages_skip_build_finished=False, packages_select_test_failures=False, packages_skip_test_passed=False, packages_select=None, packages_skip=None, packages_select_regex=None, packages_skip_regex=None, packages_start=None, packages_end=None, allow_overriding=[], cmake_args=None, cmake_target=None, cmake_target_skip_unavailable=False, cmake_clean_cache=False, cmake_clean_first=False, cmake_force_configure=False, ament_cmake_args=None, catkin_cmake_args=None, catkin_skip_building_tests=False, verb_parser=<colcon_defaults.argument_parser.defaults.DefaultArgumentsDecorator object at 0x7422fed3d630>, verb_extension=<colcon_core.verb.build.BuildVerb object at 0x7422fee36260>, main=<bound method BuildVerb.main of <colcon_core.verb.build.BuildVerb object at 0x7422fee36260>>)
[0.247s] Level 1:colcon.colcon_core.package_discovery:discover_packages(colcon_meta) check parameters
[0.247s] Level 1:colcon.colcon_core.package_discovery:discover_packages(recursive) check parameters
[0.247s] Level 1:colcon.colcon_core.package_discovery:discover_packages(ignore) check parameters
[0.247s] Level 1:colcon.colcon_core.package_discovery:discover_packages(path) check parameters
[0.247s] Level 1:colcon.colcon_core.package_discovery:discover_packages(colcon_meta) discover
[0.247s] Level 1:colcon.colcon_core.package_discovery:discover_packages(recursive) discover
[0.247s] INFO:colcon.colcon_core.package_discovery:Crawling recursively for packages in '/home/abdou/A/rc_car/Auto-Car-Project'
[0.247s] Level 1:colcon.colcon_core.package_identification:_identify(.) by extensions ['ignore', 'ignore_ament_install']
[0.248s] Level 1:colcon.colcon_core.package_identification:_identify(.) by extension 'ignore'
[0.248s] Level 1:colcon.colcon_core.package_identification:_identify(.) by extension 'ignore_ament_install'
[0.248s] Level 1:colcon.colcon_core.package_identification:_identify(.) by extensions ['colcon_pkg']
[0.248s] Level 1:colcon.colcon_core.package_identification:_identify(.) by extension 'colcon_pkg'
[0.248s] Level 1:colcon.colcon_core.package_identification:_identify(.) by extensions ['colcon_meta']
[0.248s] Level 1:colcon.colcon_core.package_identification:_identify(.) by extension 'colcon_meta'
[0.248s] Level 1:colcon.colcon_core.package_identification:_identify(.) by extensions ['ros']
[0.248s] Level 1:colcon.colcon_core.package_identification:_identify(.) by extension 'ros'
[0.257s] Level 1:colcon.colcon_core.package_identification:_identify(.) by extensions ['cmake', 'python']
[0.257s] Level 1:colcon.colcon_core.package_identification:_identify(.) by extension 'cmake'
[0.257s] Level 1:colcon.colcon_core.package_identification:_identify(.) by extension 'python'
[0.257s] Level 1:colcon.colcon_core.package_identification:_identify(.) by extensions ['python_setup_py']
[0.257s] Level 1:colcon.colcon_core.package_identification:_identify(.) by extension 'python_setup_py'
[0.257s] Level 1:colcon.colcon_core.package_identification:_identify(build) by extensions ['ignore', 'ignore_ament_install']
[0.258s] Level 1:colcon.colcon_core.package_identification:_identify(build) by extension 'ignore'
[0.258s] Level 1:colcon.colcon_core.package_identification:_identify(build) ignored
[0.258s] Level 1:colcon.colcon_core.package_identification:_identify(install) by extensions ['ignore', 'ignore_ament_install']
[0.258s] Level 1:colcon.colcon_core.package_identification:_identify(install) by extension 'ignore'
[0.258s] Level 1:colcon.colcon_core.package_identification:_identify(install) ignored
[0.258s] Level 1:colcon.colcon_core.package_identification:_identify(log) by extensions ['ignore', 'ignore_ament_install']
[0.258s] Level 1:colcon.colcon_core.package_identification:_identify(log) by extension 'ignore'
[0.258s] Level 1:colcon.colcon_core.package_identification:_identify(log) ignored
[0.258s] Level 1:colcon.colcon_core.package_identification:_identify(src) by extensions ['ignore', 'ignore_ament_install']
[0.258s] Level 1:colcon.colcon_core.package_identification:_identify(src) by extension 'ignore'
[0.258s] Level 1:colcon.colcon_core.package_identification:_identify(src) by extension 'ignore_ament_install'
[0.258s] Level 1:colcon.colcon_core.package_identification:_identify(src) by extensions ['colcon_pkg']
[0.258s] Level 1:colcon.colcon_core.package_identification:_identify(src) by extension 'colcon_pkg'
[0.258s] Level 1:colcon.colcon_core.package_identification:_identify(src) by extensions ['colcon_meta']
[0.259s] Level 1:colcon.colcon_core.package_identification:_identify(src) by extension 'colcon_meta'
[0.259s] Level 1:colcon.colcon_core.package_identification:_identify(src) by extensions ['ros']
[0.259s] Level 1:colcon.colcon_core.package_identification:_identify(src) by extension 'ros'
[0.259s] Level 1:colcon.colcon_core.package_identification:_identify(src) by extensions ['cmake', 'python']
[0.259s] Level 1:colcon.colcon_core.package_identification:_identify(src) by extension 'cmake'
[0.259s] Level 1:colcon.colcon_core.package_identification:_identify(src) by extension 'python'
[0.259s] Level 1:colcon.colcon_core.package_identification:_identify(src) by extensions ['python_setup_py']
[0.259s] Level 1:colcon.colcon_core.package_identification:_identify(src) by extension 'python_setup_py'
[0.259s] Level 1:colcon.colcon_core.package_identification:_identify(src/robot_controller) by extensions ['ignore', 'ignore_ament_install']
[0.259s] Level 1:colcon.colcon_core.package_identification:_identify(src/robot_controller) by extension 'ignore'
[0.259s] Level 1:colcon.colcon_core.package_identification:_identify(src/robot_controller) by extension 'ignore_ament_install'
[0.259s] Level 1:colcon.colcon_core.package_identification:_identify(src/robot_controller) by extensions ['colcon_pkg']
[0.259s] Level 1:colcon.colcon_core.package_identification:_identify(src/robot_controller) by extension 'colcon_pkg'
[0.259s] Level 1:colcon.colcon_core.package_identification:_identify(src/robot_controller) by extensions ['colcon_meta']
[0.259s] Level 1:colcon.colcon_core.package_identification:_identify(src/robot_controller) by extension 'colcon_meta'
[0.259s] Level 1:colcon.colcon_core.package_identification:_identify(src/robot_controller) by extensions ['ros']
[0.259s] Level 1:colcon.colcon_core.package_identification:_identify(src/robot_controller) by extension 'ros'
[0.261s] DEBUG:colcon.colcon_core.package_identification:Package 'src/robot_controller' with type 'ros.ament_cmake' and name 'robot_controller'
[0.261s] Level 1:colcon.colcon_core.package_identification:_identify(src/robot_desc) by extensions ['ignore', 'ignore_ament_install']
[0.262s] Level 1:colcon.colcon_core.package_identification:_identify(src/robot_desc) by extension 'ignore'
[0.262s] Level 1:colcon.colcon_core.package_identification:_identify(src/robot_desc) by extension 'ignore_ament_install'
[0.262s] Level 1:colcon.colcon_core.package_identification:_identify(src/robot_desc) by extensions ['colcon_pkg']
[0.262s] Level 1:colcon.colcon_core.package_identification:_identify(src/robot_desc) by extension 'colcon_pkg'
[0.262s] Level 1:colcon.colcon_core.package_identification:_identify(src/robot_desc) by extensions ['colcon_meta']
[0.262s] Level 1:colcon.colcon_core.package_identification:_identify(src/robot_desc) by extension 'colcon_meta'
[0.262s] Level 1:colcon.colcon_core.package_identification:_identify(src/robot_desc) by extensions ['ros']
[0.262s] Level 1:colcon.colcon_core.package_identification:_identify(src/robot_desc) by extension 'ros'
[0.262s] DEBUG:colcon.colcon_core.package_identification:Package 'src/robot_desc' with type 'ros.ament_cmake' and name 'robot_desc'
[0.262s] Level 1:colcon.colcon_core.package_discovery:discover_packages(recursive) using defaults
[0.263s] Level 1:colcon.colcon_core.package_discovery:discover_packages(ignore) discover
[0.263s] Level 1:colcon.colcon_core.package_discovery:discover_packages(ignore) using defaults
[0.263s] Level 1:colcon.colcon_core.package_discovery:discover_packages(path) discover
[0.263s] Level 1:colcon.colcon_core.package_discovery:discover_packages(path) using defaults
[0.291s] Level 1:colcon.colcon_core.package_discovery:discover_packages(prefix_path) check parameters
[0.291s] Level 1:colcon.colcon_core.package_discovery:discover_packages(prefix_path) discover
[0.293s] DEBUG:colcon.colcon_installed_package_information.package_discovery:Found 2 installed packages in /home/abdou/A/rc_car/Auto-Car-Project/install
[0.294s] DEBUG:colcon.colcon_installed_package_information.package_discovery:Found 344 installed packages in /opt/ros/iron
[0.296s] Level 1:colcon.colcon_core.package_discovery:discover_packages(prefix_path) using defaults
[0.337s] Level 5:colcon.colcon_core.verb:set package 'robot_controller' build argument 'cmake_args' from command line to 'None'
[0.337s] Level 5:colcon.colcon_core.verb:set package 'robot_controller' build argument 'cmake_target' from command line to 'None'
[0.337s] Level 5:colcon.colcon_core.verb:set package 'robot_controller' build argument 'cmake_target_skip_unavailable' from command line to 'False'
[0.337s] Level 5:colcon.colcon_core.verb:set package 'robot_controller' build argument 'cmake_clean_cache' from command line to 'False'
[0.337s] Level 5:colcon.colcon_core.verb:set package 'robot_controller' build argument 'cmake_clean_first' from command line to 'False'
[0.337s] Level 5:colcon.colcon_core.verb:set package 'robot_controller' build argument 'cmake_force_configure' from command line to 'False'
[0.337s] Level 5:colcon.colcon_core.verb:set package 'robot_controller' build argument 'ament_cmake_args' from command line to 'None'
[0.338s] Level 5:colcon.colcon_core.verb:set package 'robot_controller' build argument 'catkin_cmake_args' from command line to 'None'
[0.338s] Level 5:colcon.colcon_core.verb:set package 'robot_controller' build argument 'catkin_skip_building_tests' from command line to 'False'
[0.338s] DEBUG:colcon.colcon_core.verb:Building package 'robot_controller' with the following arguments: {'ament_cmake_args': None, 'build_base': '/home/abdou/A/rc_car/Auto-Car-Project/build/robot_controller', 'catkin_cmake_args': None, 'catkin_skip_building_tests': False, 'cmake_args': None, 'cmake_clean_cache': False, 'cmake_clean_first': False, 'cmake_force_configure': False, 'cmake_target': None, 'cmake_target_skip_unavailable': False, 'install_base': '/home/abdou/A/rc_car/Auto-Car-Project/install/robot_controller', 'merge_install': False, 'path': '/home/abdou/A/rc_car/Auto-Car-Project/src/robot_controller', 'symlink_install': False, 'test_result_base': None}
[0.338s] Level 5:colcon.colcon_core.verb:set package 'robot_desc' build argument 'cmake_args' from command line to 'None'
[0.338s] Level 5:colcon.colcon_core.verb:set package 'robot_desc' build argument 'cmake_target' from command line to 'None'
[0.338s] Level 5:colcon.colcon_core.verb:set package 'robot_desc' build argument 'cmake_target_skip_unavailable' from command line to 'False'
[0.338s] Level 5:colcon.colcon_core.verb:set package 'robot_desc' build argument 'cmake_clean_cache' from command line to 'False'
[0.338s] Level 5:colcon.colcon_core.verb:set package 'robot_desc' build argument 'cmake_clean_first' from command line to 'False'
[0.338s] Level 5:colcon.colcon_core.verb:set package 'robot_desc' build argument 'cmake_force_configure' from command line to 'False'
[0.338s] Level 5:colcon.colcon_core.verb:set package 'robot_desc' build argument 'ament_cmake_args' from command line to 'None'
[0.338s] Level 5:colcon.colcon_core.verb:set package 'robot_desc' build argument 'catkin_cmake_args' from command line to 'None'
[0.338s] Level 5:colcon.colcon_core.verb:set package 'robot_desc' build argument 'catkin_skip_building_tests' from command line to 'False'
[0.338s] DEBUG:colcon.colcon_core.verb:Building package 'robot_desc' with the following arguments: {'ament_cmake_args': None, 'build_base': '/home/abdou/A/rc_car/Auto-Car-Project/build/robot_desc', 'catkin_cmake_args': None, 'catkin_skip_building_tests': False, 'cmake_args': None, 'cmake_clean_cache': False, 'cmake_clean_first': False, 'cmake_force_configure': False, 'cmake_target': None, 'cmake_target_skip_unavailable': False, 'install_base': '/home/abdou/A/rc_car/Auto-Car-Project/install/robot_desc', 'merge_install': False, 'path': '/home/abdou/A/rc_car/Auto-Car-Project/src/robot_desc', 'symlink_install': False, 'test_result_base': None}
[0.338s] INFO:colcon.colcon_core.executor:Executing jobs using 'parallel' executor
[0.339s] DEBUG:colcon.colcon_parallel_executor.executor.parallel:run_until_complete
[0.339s] INFO:colcon.colcon_ros.task.ament_cmake.build:Building ROS package in '/home/abdou/A/rc_car/Auto-Car-Project/src/robot_controller' with build type 'ament_cmake'
[0.339s] INFO:colcon.colcon_cmake.task.cmake.build:Building CMake package in '/home/abdou/A/rc_car/Auto-Car-Project/src/robot_controller'
[0.342s] INFO:colcon.colcon_core.plugin_system:Skipping extension 'colcon_core.shell.bat': Not used on non-Windows systems
[0.342s] INFO:colcon.colcon_core.shell:Skip shell extension 'powershell' for command environment: Not usable outside of PowerShell
[0.342s] DEBUG:colcon.colcon_core.shell:Skip shell extension 'dsv' for command environment
[0.345s] INFO:colcon.colcon_ros.task.ament_cmake.build:Building ROS package in '/home/abdou/A/rc_car/Auto-Car-Project/src/robot_desc' with build type 'ament_cmake'
[0.345s] INFO:colcon.colcon_cmake.task.cmake.build:Building CMake package in '/home/abdou/A/rc_car/Auto-Car-Project/src/robot_desc'
[0.345s] INFO:colcon.colcon_core.shell:Skip shell extension 'powershell' for command environment: Not usable outside of PowerShell
[0.345s] DEBUG:colcon.colcon_core.shell:Skip shell extension 'dsv' for command environment
[0.355s] DEBUG:colcon.colcon_core.event_handler.log_command:Invoking command in '/home/abdou/A/rc_car/Auto-Car-Project/build/robot_controller': CMAKE_PREFIX_PATH=${CMAKE_PREFIX_PATH}:/opt/ros/iron /usr/bin/cmake --build /home/abdou/A/rc_car/Auto-Car-Project/build/robot_controller -- -j8 -l8
[0.358s] DEBUG:colcon.colcon_core.event_handler.log_command:Invoking command in '/home/abdou/A/rc_car/Auto-Car-Project/build/robot_desc': CMAKE_PREFIX_PATH=${CMAKE_PREFIX_PATH}:/opt/ros/iron /usr/bin/cmake --build /home/abdou/A/rc_car/Auto-Car-Project/build/robot_desc -- -j8 -l8
[0.390s] DEBUG:colcon.colcon_core.event_handler.log_command:Invoked command in '/home/abdou/A/rc_car/Auto-Car-Project/build/robot_desc' returned '0': CMAKE_PREFIX_PATH=${CMAKE_PREFIX_PATH}:/opt/ros/iron /usr/bin/cmake --build /home/abdou/A/rc_car/Auto-Car-Project/build/robot_desc -- -j8 -l8
[0.416s] DEBUG:colcon.colcon_core.event_handler.log_command:Invoking command in '/home/abdou/A/rc_car/Auto-Car-Project/build/robot_desc': CMAKE_PREFIX_PATH=${CMAKE_PREFIX_PATH}:/opt/ros/iron /usr/bin/cmake --install /home/abdou/A/rc_car/Auto-Car-Project/build/robot_desc
[0.426s] Level 1:colcon.colcon_core.environment:create_environment_scripts_only(robot_desc)
[0.428s] DEBUG:colcon.colcon_core.event_handler.log_command:Invoked command in '/home/abdou/A/rc_car/Auto-Car-Project/build/robot_desc' returned '0': CMAKE_PREFIX_PATH=${CMAKE_PREFIX_PATH}:/opt/ros/iron /usr/bin/cmake --install /home/abdou/A/rc_car/Auto-Car-Project/build/robot_desc
[0.429s] Level 1:colcon.colcon_core.environment:checking '/home/abdou/A/rc_car/Auto-Car-Project/install/robot_desc' for CMake module files
[0.430s] Level 1:colcon.colcon_core.environment:checking '/home/abdou/A/rc_car/Auto-Car-Project/install/robot_desc' for CMake config files
[0.430s] Level 1:colcon.colcon_core.shell:create_environment_hook('robot_desc', 'cmake_prefix_path')
[0.430s] INFO:colcon.colcon_core.shell:Creating environment hook '/home/abdou/A/rc_car/Auto-Car-Project/install/robot_desc/share/robot_desc/hook/cmake_prefix_path.ps1'
[0.431s] INFO:colcon.colcon_core.shell:Creating environment descriptor '/home/abdou/A/rc_car/Auto-Car-Project/install/robot_desc/share/robot_desc/hook/cmake_prefix_path.dsv'
[0.431s] INFO:colcon.colcon_core.shell:Creating environment hook '/home/abdou/A/rc_car/Auto-Car-Project/install/robot_desc/share/robot_desc/hook/cmake_prefix_path.sh'
[0.432s] Level 1:colcon.colcon_core.environment:checking '/home/abdou/A/rc_car/Auto-Car-Project/install/robot_desc/bin'
[0.432s] Level 1:colcon.colcon_core.environment:checking '/home/abdou/A/rc_car/Auto-Car-Project/install/robot_desc/lib/pkgconfig/robot_desc.pc'
[0.432s] Level 1:colcon.colcon_core.environment:checking '/home/abdou/A/rc_car/Auto-Car-Project/install/robot_desc/lib/python3.10/site-packages'
[0.432s] Level 1:colcon.colcon_core.environment:checking '/home/abdou/A/rc_car/Auto-Car-Project/install/robot_desc/bin'
[0.433s] INFO:colcon.colcon_core.shell:Creating package script '/home/abdou/A/rc_car/Auto-Car-Project/install/robot_desc/share/robot_desc/package.ps1'
[0.433s] INFO:colcon.colcon_core.shell:Creating package descriptor '/home/abdou/A/rc_car/Auto-Car-Project/install/robot_desc/share/robot_desc/package.dsv'
[0.434s] INFO:colcon.colcon_core.shell:Creating package script '/home/abdou/A/rc_car/Auto-Car-Project/install/robot_desc/share/robot_desc/package.sh'
[0.435s] INFO:colcon.colcon_core.shell:Creating package script '/home/abdou/A/rc_car/Auto-Car-Project/install/robot_desc/share/robot_desc/package.bash'
[0.435s] INFO:colcon.colcon_core.shell:Creating package script '/home/abdou/A/rc_car/Auto-Car-Project/install/robot_desc/share/robot_desc/package.zsh'
[0.436s] Level 1:colcon.colcon_core.environment:create_file_with_runtime_dependencies(/home/abdou/A/rc_car/Auto-Car-Project/install/robot_desc/share/colcon-core/packages/robot_desc)
[0.453s] Level 1:colcon.colcon_core.environment:create_environment_scripts_only(robot_desc)
[0.454s] Level 1:colcon.colcon_core.environment:checking '/home/abdou/A/rc_car/Auto-Car-Project/install/robot_desc' for CMake module files
[0.454s] Level 1:colcon.colcon_core.environment:checking '/home/abdou/A/rc_car/Auto-Car-Project/install/robot_desc' for CMake config files
[0.455s] Level 1:colcon.colcon_core.shell:create_environment_hook('robot_desc', 'cmake_prefix_path')
[0.455s] INFO:colcon.colcon_core.shell:Creating environment hook '/home/abdou/A/rc_car/Auto-Car-Project/install/robot_desc/share/robot_desc/hook/cmake_prefix_path.ps1'
[0.456s] INFO:colcon.colcon_core.shell:Creating environment descriptor '/home/abdou/A/rc_car/Auto-Car-Project/install/robot_desc/share/robot_desc/hook/cmake_prefix_path.dsv'
[0.456s] INFO:colcon.colcon_core.shell:Creating environment hook '/home/abdou/A/rc_car/Auto-Car-Project/install/robot_desc/share/robot_desc/hook/cmake_prefix_path.sh'
[0.457s] Level 1:colcon.colcon_core.environment:checking '/home/abdou/A/rc_car/Auto-Car-Project/install/robot_desc/bin'
[0.457s] Level 1:colcon.colcon_core.environment:checking '/home/abdou/A/rc_car/Auto-Car-Project/install/robot_desc/lib/pkgconfig/robot_desc.pc'
[0.457s] Level 1:colcon.colcon_core.environment:checking '/home/abdou/A/rc_car/Auto-Car-Project/install/robot_desc/lib/python3.10/site-packages'
[0.457s] Level 1:colcon.colcon_core.environment:checking '/home/abdou/A/rc_car/Auto-Car-Project/install/robot_desc/bin'
[0.458s] INFO:colcon.colcon_core.shell:Creating package script '/home/abdou/A/rc_car/Auto-Car-Project/install/robot_desc/share/robot_desc/package.ps1'
[0.458s] INFO:colcon.colcon_core.shell:Creating package descriptor '/home/abdou/A/rc_car/Auto-Car-Project/install/robot_desc/share/robot_desc/package.dsv'
[0.459s] INFO:colcon.colcon_core.shell:Creating package script '/home/abdou/A/rc_car/Auto-Car-Project/install/robot_desc/share/robot_desc/package.sh'
[0.459s] INFO:colcon.colcon_core.shell:Creating package script '/home/abdou/A/rc_car/Auto-Car-Project/install/robot_desc/share/robot_desc/package.bash'
[0.460s] INFO:colcon.colcon_core.shell:Creating package script '/home/abdou/A/rc_car/Auto-Car-Project/install/robot_desc/share/robot_desc/package.zsh'
[0.460s] Level 1:colcon.colcon_core.environment:create_file_with_runtime_dependencies(/home/abdou/A/rc_car/Auto-Car-Project/install/robot_desc/share/colcon-core/packages/robot_desc)
[0.682s] DEBUG:colcon.colcon_core.event_handler.log_command:Invoked command in '/home/abdou/A/rc_car/Auto-Car-Project/build/robot_controller' returned '0': CMAKE_PREFIX_PATH=${CMAKE_PREFIX_PATH}:/opt/ros/iron /usr/bin/cmake --build /home/abdou/A/rc_car/Auto-Car-Project/build/robot_controller -- -j8 -l8
[0.707s] DEBUG:colcon.colcon_core.event_handler.log_command:Invoking command in '/home/abdou/A/rc_car/Auto-Car-Project/build/robot_controller': CMAKE_PREFIX_PATH=${CMAKE_PREFIX_PATH}:/opt/ros/iron /usr/bin/cmake --install /home/abdou/A/rc_car/Auto-Car-Project/build/robot_controller
[0.755s] Level 1:colcon.colcon_core.environment:create_environment_scripts_only(robot_controller)
[0.755s] DEBUG:colcon.colcon_core.event_handler.log_command:Invoked command in '/home/abdou/A/rc_car/Auto-Car-Project/build/robot_controller' returned '0': CMAKE_PREFIX_PATH=${CMAKE_PREFIX_PATH}:/opt/ros/iron /usr/bin/cmake --install /home/abdou/A/rc_car/Auto-Car-Project/build/robot_controller
[0.755s] Level 1:colcon.colcon_core.environment:checking '/home/abdou/A/rc_car/Auto-Car-Project/install/robot_controller' for CMake module files
[0.756s] Level 1:colcon.colcon_core.environment:checking '/home/abdou/A/rc_car/Auto-Car-Project/install/robot_controller' for CMake config files
[0.756s] Level 1:colcon.colcon_core.shell:create_environment_hook('robot_controller', 'cmake_prefix_path')
[0.756s] INFO:colcon.colcon_core.shell:Creating environment hook '/home/abdou/A/rc_car/Auto-Car-Project/install/robot_controller/share/robot_controller/hook/cmake_prefix_path.ps1'
[0.757s] INFO:colcon.colcon_core.shell:Creating environment descriptor '/home/abdou/A/rc_car/Auto-Car-Project/install/robot_controller/share/robot_controller/hook/cmake_prefix_path.dsv'
[0.757s] INFO:colcon.colcon_core.shell:Creating environment hook '/home/abdou/A/rc_car/Auto-Car-Project/install/robot_controller/share/robot_controller/hook/cmake_prefix_path.sh'
[0.758s] Level 1:colcon.colcon_core.environment:checking '/home/abdou/A/rc_car/Auto-Car-Project/install/robot_controller/lib'
[0.758s] Level 1:colcon.colcon_core.environment:checking '/home/abdou/A/rc_car/Auto-Car-Project/install/robot_controller/bin'
[0.758s] Level 1:colcon.colcon_core.environment:checking '/home/abdou/A/rc_car/Auto-Car-Project/install/robot_controller/lib/pkgconfig/robot_controller.pc'
[0.758s] Level 1:colcon.colcon_core.environment:checking '/home/abdou/A/rc_car/Auto-Car-Project/install/robot_controller/lib/python3.10/site-packages'
[0.759s] Level 1:colcon.colcon_core.shell:create_environment_hook('robot_controller', 'pythonpath')
[0.759s] INFO:colcon.colcon_core.shell:Creating environment hook '/home/abdou/A/rc_car/Auto-Car-Project/install/robot_controller/share/robot_controller/hook/pythonpath.ps1'
[0.760s] INFO:colcon.colcon_core.shell:Creating environment descriptor '/home/abdou/A/rc_car/Auto-Car-Project/install/robot_controller/share/robot_controller/hook/pythonpath.dsv'
[0.760s] INFO:colcon.colcon_core.shell:Creating environment hook '/home/abdou/A/rc_car/Auto-Car-Project/install/robot_controller/share/robot_controller/hook/pythonpath.sh'
[0.761s] Level 1:colcon.colcon_core.environment:checking '/home/abdou/A/rc_car/Auto-Car-Project/install/robot_controller/bin'
[0.761s] INFO:colcon.colcon_core.shell:Creating package script '/home/abdou/A/rc_car/Auto-Car-Project/install/robot_controller/share/robot_controller/package.ps1'
[0.762s] INFO:colcon.colcon_core.shell:Creating package descriptor '/home/abdou/A/rc_car/Auto-Car-Project/install/robot_controller/share/robot_controller/package.dsv'
[0.762s] INFO:colcon.colcon_core.shell:Creating package script '/home/abdou/A/rc_car/Auto-Car-Project/install/robot_controller/share/robot_controller/package.sh'
[0.763s] INFO:colcon.colcon_core.shell:Creating package script '/home/abdou/A/rc_car/Auto-Car-Project/install/robot_controller/share/robot_controller/package.bash'
[0.763s] INFO:colcon.colcon_core.shell:Creating package script '/home/abdou/A/rc_car/Auto-Car-Project/install/robot_controller/share/robot_controller/package.zsh'
[0.763s] Level 1:colcon.colcon_core.environment:create_file_with_runtime_dependencies(/home/abdou/A/rc_car/Auto-Car-Project/install/robot_controller/share/colcon-core/packages/robot_controller)
[0.786s] Level 1:colcon.colcon_core.environment:create_environment_scripts_only(robot_controller)
[0.786s] Level 1:colcon.colcon_core.environment:checking '/home/abdou/A/rc_car/Auto-Car-Project/install/robot_controller' for CMake module files
[0.787s] Level 1:colcon.colcon_core.environment:checking '/home/abdou/A/rc_car/Auto-Car-Project/install/robot_controller' for CMake config files
[0.787s] Level 1:colcon.colcon_core.shell:create_environment_hook('robot_controller', 'cmake_prefix_path')
[0.787s] INFO:colcon.colcon_core.shell:Creating environment hook '/home/abdou/A/rc_car/Auto-Car-Project/install/robot_controller/share/robot_controller/hook/cmake_prefix_path.ps1'
[0.788s] INFO:colcon.colcon_core.shell:Creating environment descriptor '/home/abdou/A/rc_car/Auto-Car-Project/install/robot_controller/share/robot_controller/hook/cmake_prefix_path.dsv'
[0.788s] INFO:colcon.colcon_core.shell:Creating environment hook '/home/abdou/A/rc_car/Auto-Car-Project/install/robot_controller/share/robot_controller/hook/cmake_prefix_path.sh'
[0.788s] Level 1:colcon.colcon_core.environment:checking '/home/abdou/A/rc_car/Auto-Car-Project/install/robot_controller/lib'
[0.789s] Level 1:colcon.colcon_core.environment:checking '/home/abdou/A/rc_car/Auto-Car-Project/install/robot_controller/bin'
[0.789s] Level 1:colcon.colcon_core.environment:checking '/home/abdou/A/rc_car/Auto-Car-Project/install/robot_controller/lib/pkgconfig/robot_controller.pc'
[0.789s] Level 1:colcon.colcon_core.environment:checking '/home/abdou/A/rc_car/Auto-Car-Project/install/robot_controller/lib/python3.10/site-packages'
[0.789s] Level 1:colcon.colcon_core.shell:create_environment_hook('robot_controller', 'pythonpath')
[0.789s] INFO:colcon.colcon_core.shell:Creating environment hook '/home/abdou/A/rc_car/Auto-Car-Project/install/robot_controller/share/robot_controller/hook/pythonpath.ps1'
[0.790s] INFO:colcon.colcon_core.shell:Creating environment descriptor '/home/abdou/A/rc_car/Auto-Car-Project/install/robot_controller/share/robot_controller/hook/pythonpath.dsv'
[0.790s] INFO:colcon.colcon_core.shell:Creating environment hook '/home/abdou/A/rc_car/Auto-Car-Project/install/robot_controller/share/robot_controller/hook/pythonpath.sh'
[0.790s] Level 1:colcon.colcon_core.environment:checking '/home/abdou/A/rc_car/Auto-Car-Project/install/robot_controller/bin'
[0.791s] INFO:colcon.colcon_core.shell:Creating package script '/home/abdou/A/rc_car/Auto-Car-Project/install/robot_controller/share/robot_controller/package.ps1'
[0.791s] INFO:colcon.colcon_core.shell:Creating package descriptor '/home/abdou/A/rc_car/Auto-Car-Project/install/robot_controller/share/robot_controller/package.dsv'
[0.792s] INFO:colcon.colcon_core.shell:Creating package script '/home/abdou/A/rc_car/Auto-Car-Project/install/robot_controller/share/robot_controller/package.sh'
[0.793s] INFO:colcon.colcon_core.shell:Creating package script '/home/abdou/A/rc_car/Auto-Car-Project/install/robot_controller/share/robot_controller/package.bash'
[0.793s] INFO:colcon.colcon_core.shell:Creating package script '/home/abdou/A/rc_car/Auto-Car-Project/install/robot_controller/share/robot_controller/package.zsh'
[0.794s] Level 1:colcon.colcon_core.environment:create_file_with_runtime_dependencies(/home/abdou/A/rc_car/Auto-Car-Project/install/robot_controller/share/colcon-core/packages/robot_controller)
[0.794s] DEBUG:colcon.colcon_parallel_executor.executor.parallel:closing loop
[0.795s] DEBUG:colcon.colcon_parallel_executor.executor.parallel:loop closed
[0.795s] DEBUG:colcon.colcon_parallel_executor.executor.parallel:run_until_complete finished with '0'
[0.795s] DEBUG:colcon.colcon_core.event_reactor:joining thread
[0.801s] INFO:colcon.colcon_core.plugin_system:Skipping extension 'colcon_notification.desktop_notification.terminal_notifier': Not used on non-Darwin systems
[0.802s] INFO:colcon.colcon_core.plugin_system:Skipping extension 'colcon_notification.desktop_notification.win32': Not used on non-Windows systems
[0.802s] INFO:colcon.colcon_notification.desktop_notification:Sending desktop notification using 'notify2'
[0.815s] DEBUG:colcon.colcon_core.event_reactor:joined thread
[0.815s] INFO:colcon.colcon_core.shell:Creating prefix script '/home/abdou/A/rc_car/Auto-Car-Project/install/local_setup.ps1'
[0.817s] INFO:colcon.colcon_core.shell:Creating prefix util module '/home/abdou/A/rc_car/Auto-Car-Project/install/_local_setup_util_ps1.py'
[0.818s] INFO:colcon.colcon_core.shell:Creating prefix chain script '/home/abdou/A/rc_car/Auto-Car-Project/install/setup.ps1'
[0.820s] INFO:colcon.colcon_core.shell:Creating prefix script '/home/abdou/A/rc_car/Auto-Car-Project/install/local_setup.sh'
[0.821s] INFO:colcon.colcon_core.shell:Creating prefix util module '/home/abdou/A/rc_car/Auto-Car-Project/install/_local_setup_util_sh.py'
[0.822s] INFO:colcon.colcon_core.shell:Creating prefix chain script '/home/abdou/A/rc_car/Auto-Car-Project/install/setup.sh'
[0.823s] INFO:colcon.colcon_core.shell:Creating prefix script '/home/abdou/A/rc_car/Auto-Car-Project/install/local_setup.bash'
[0.823s] INFO:colcon.colcon_core.shell:Creating prefix chain script '/home/abdou/A/rc_car/Auto-Car-Project/install/setup.bash'
[0.825s] INFO:colcon.colcon_core.shell:Creating prefix script '/home/abdou/A/rc_car/Auto-Car-Project/install/local_setup.zsh'
[0.825s] INFO:colcon.colcon_core.shell:Creating prefix chain script '/home/abdou/A/rc_car/Auto-Car-Project/install/setup.zsh'
