[0.372s] DEBUG:colcon:Command line arguments: ['/usr/bin/colcon', 'build']
[0.372s] DEBUG:colcon:Parsed command line arguments: Namespace(log_base=None, log_level=None, verb_name='build', build_base='build', install_base='install', merge_install=False, symlink_install=False, test_result_base=None, continue_on_error=False, executor='parallel', parallel_workers=8, event_handlers=None, ignore_user_meta=False, metas=['./colcon.meta'], base_paths=['.'], packages_ignore=None, packages_ignore_regex=None, paths=None, packages_up_to=None, packages_up_to_regex=None, packages_above=None, packages_above_and_dependencies=None, packages_above_depth=None, packages_select_by_dep=None, packages_skip_by_dep=None, packages_skip_up_to=None, packages_select_build_failed=False, packages_skip_build_finished=False, packages_select_test_failures=False, packages_skip_test_passed=False, packages_select=None, packages_skip=None, packages_select_regex=None, packages_skip_regex=None, packages_start=None, packages_end=None, allow_overriding=[], cmake_args=None, cmake_target=None, cmake_target_skip_unavailable=False, cmake_clean_cache=False, cmake_clean_first=False, cmake_force_configure=False, ament_cmake_args=None, catkin_cmake_args=None, catkin_skip_building_tests=False, mixin_files=None, mixin=None, verb_parser=<colcon_mixin.mixin.mixin_argument.MixinArgumentDecorator object at 0x7fb76dc4eef0>, verb_extension=<colcon_core.verb.build.BuildVerb object at 0x7fb76dc4e800>, main=<bound method BuildVerb.main of <colcon_core.verb.build.BuildVerb object at 0x7fb76dc4e800>>, mixin_verb=('build',))
[0.856s] Level 1:colcon.colcon_core.package_discovery:discover_packages(colcon_meta) check parameters
[0.856s] Level 1:colcon.colcon_core.package_discovery:discover_packages(recursive) check parameters
[0.856s] Level 1:colcon.colcon_core.package_discovery:discover_packages(ignore) check parameters
[0.856s] Level 1:colcon.colcon_core.package_discovery:discover_packages(path) check parameters
[0.857s] Level 1:colcon.colcon_core.package_discovery:discover_packages(colcon_meta) discover
[0.857s] Level 1:colcon.colcon_core.package_discovery:discover_packages(recursive) discover
[0.857s] INFO:colcon.colcon_core.package_discovery:Crawling recursively for packages in '/home/abdou/A/Auto-Car'
[0.857s] Level 1:colcon.colcon_core.package_identification:_identify(.) by extensions ['ignore', 'ignore_ament_install']
[0.857s] Level 1:colcon.colcon_core.package_identification:_identify(.) by extension 'ignore'
[0.857s] Level 1:colcon.colcon_core.package_identification:_identify(.) by extension 'ignore_ament_install'
[0.857s] Level 1:colcon.colcon_core.package_identification:_identify(.) by extensions ['colcon_pkg']
[0.857s] Level 1:colcon.colcon_core.package_identification:_identify(.) by extension 'colcon_pkg'
[0.857s] Level 1:colcon.colcon_core.package_identification:_identify(.) by extensions ['colcon_meta']
[0.858s] Level 1:colcon.colcon_core.package_identification:_identify(.) by extension 'colcon_meta'
[0.858s] Level 1:colcon.colcon_core.package_identification:_identify(.) by extensions ['ros']
[0.858s] Level 1:colcon.colcon_core.package_identification:_identify(.) by extension 'ros'
[0.891s] Level 1:colcon.colcon_core.package_identification:_identify(.) by extensions ['cmake', 'python']
[0.891s] Level 1:colcon.colcon_core.package_identification:_identify(.) by extension 'cmake'
[0.891s] Level 1:colcon.colcon_core.package_identification:_identify(.) by extension 'python'
[0.892s] Level 1:colcon.colcon_core.package_identification:_identify(.) by extensions ['python_setup_py']
[0.892s] Level 1:colcon.colcon_core.package_identification:_identify(.) by extension 'python_setup_py'
[0.892s] Level 1:colcon.colcon_core.package_identification:_identify(build) by extensions ['ignore', 'ignore_ament_install']
[0.892s] Level 1:colcon.colcon_core.package_identification:_identify(build) by extension 'ignore'
[0.892s] Level 1:colcon.colcon_core.package_identification:_identify(build) ignored
[0.892s] Level 1:colcon.colcon_core.package_identification:_identify(install) by extensions ['ignore', 'ignore_ament_install']
[0.892s] Level 1:colcon.colcon_core.package_identification:_identify(install) by extension 'ignore'
[0.893s] Level 1:colcon.colcon_core.package_identification:_identify(install) ignored
[0.893s] Level 1:colcon.colcon_core.package_identification:_identify(log) by extensions ['ignore', 'ignore_ament_install']
[0.893s] Level 1:colcon.colcon_core.package_identification:_identify(log) by extension 'ignore'
[0.893s] Level 1:colcon.colcon_core.package_identification:_identify(log) ignored
[0.893s] Level 1:colcon.colcon_core.package_identification:_identify(src) by extensions ['ignore', 'ignore_ament_install']
[0.893s] Level 1:colcon.colcon_core.package_identification:_identify(src) by extension 'ignore'
[0.893s] Level 1:colcon.colcon_core.package_identification:_identify(src) by extension 'ignore_ament_install'
[0.894s] Level 1:colcon.colcon_core.package_identification:_identify(src) by extensions ['colcon_pkg']
[0.894s] Level 1:colcon.colcon_core.package_identification:_identify(src) by extension 'colcon_pkg'
[0.894s] Level 1:colcon.colcon_core.package_identification:_identify(src) by extensions ['colcon_meta']
[0.894s] Level 1:colcon.colcon_core.package_identification:_identify(src) by extension 'colcon_meta'
[0.894s] Level 1:colcon.colcon_core.package_identification:_identify(src) by extensions ['ros']
[0.894s] Level 1:colcon.colcon_core.package_identification:_identify(src) by extension 'ros'
[0.894s] Level 1:colcon.colcon_core.package_identification:_identify(src) by extensions ['cmake', 'python']
[0.894s] Level 1:colcon.colcon_core.package_identification:_identify(src) by extension 'cmake'
[0.894s] Level 1:colcon.colcon_core.package_identification:_identify(src) by extension 'python'
[0.894s] Level 1:colcon.colcon_core.package_identification:_identify(src) by extensions ['python_setup_py']
[0.894s] Level 1:colcon.colcon_core.package_identification:_identify(src) by extension 'python_setup_py'
[0.895s] Level 1:colcon.colcon_core.package_identification:_identify(src/robot_desc) by extensions ['ignore', 'ignore_ament_install']
[0.895s] Level 1:colcon.colcon_core.package_identification:_identify(src/robot_desc) by extension 'ignore'
[0.895s] Level 1:colcon.colcon_core.package_identification:_identify(src/robot_desc) by extension 'ignore_ament_install'
[0.895s] Level 1:colcon.colcon_core.package_identification:_identify(src/robot_desc) by extensions ['colcon_pkg']
[0.895s] Level 1:colcon.colcon_core.package_identification:_identify(src/robot_desc) by extension 'colcon_pkg'
[0.895s] Level 1:colcon.colcon_core.package_identification:_identify(src/robot_desc) by extensions ['colcon_meta']
[0.895s] Level 1:colcon.colcon_core.package_identification:_identify(src/robot_desc) by extension 'colcon_meta'
[0.895s] Level 1:colcon.colcon_core.package_identification:_identify(src/robot_desc) by extensions ['ros']
[0.895s] Level 1:colcon.colcon_core.package_identification:_identify(src/robot_desc) by extension 'ros'
[0.900s] DEBUG:colcon.colcon_core.package_identification:Package 'src/robot_desc' with type 'ros.ament_cmake' and name 'robot_desc'
[0.900s] Level 1:colcon.colcon_core.package_discovery:discover_packages(recursive) using defaults
[0.900s] Level 1:colcon.colcon_core.package_discovery:discover_packages(ignore) discover
[0.900s] Level 1:colcon.colcon_core.package_discovery:discover_packages(ignore) using defaults
[0.900s] Level 1:colcon.colcon_core.package_discovery:discover_packages(path) discover
[0.900s] Level 1:colcon.colcon_core.package_discovery:discover_packages(path) using defaults
[0.936s] Level 1:colcon.colcon_core.package_discovery:discover_packages(prefix_path) check parameters
[0.936s] Level 1:colcon.colcon_core.package_discovery:discover_packages(prefix_path) discover
[0.941s] DEBUG:colcon.colcon_installed_package_information.package_discovery:Found 344 installed packages in /opt/ros/iron
[0.944s] Level 1:colcon.colcon_core.package_discovery:discover_packages(prefix_path) using defaults
[1.036s] Level 5:colcon.colcon_core.verb:set package 'robot_desc' build argument 'cmake_args' from command line to 'None'
[1.036s] Level 5:colcon.colcon_core.verb:set package 'robot_desc' build argument 'cmake_target' from command line to 'None'
[1.036s] Level 5:colcon.colcon_core.verb:set package 'robot_desc' build argument 'cmake_target_skip_unavailable' from command line to 'False'
[1.036s] Level 5:colcon.colcon_core.verb:set package 'robot_desc' build argument 'cmake_clean_cache' from command line to 'False'
[1.036s] Level 5:colcon.colcon_core.verb:set package 'robot_desc' build argument 'cmake_clean_first' from command line to 'False'
[1.037s] Level 5:colcon.colcon_core.verb:set package 'robot_desc' build argument 'cmake_force_configure' from command line to 'False'
[1.037s] Level 5:colcon.colcon_core.verb:set package 'robot_desc' build argument 'ament_cmake_args' from command line to 'None'
[1.037s] Level 5:colcon.colcon_core.verb:set package 'robot_desc' build argument 'catkin_cmake_args' from command line to 'None'
[1.037s] Level 5:colcon.colcon_core.verb:set package 'robot_desc' build argument 'catkin_skip_building_tests' from command line to 'False'
[1.037s] DEBUG:colcon.colcon_core.verb:Building package 'robot_desc' with the following arguments: {'ament_cmake_args': None, 'build_base': '/home/abdou/A/Auto-Car/build/robot_desc', 'catkin_cmake_args': None, 'catkin_skip_building_tests': False, 'cmake_args': None, 'cmake_clean_cache': False, 'cmake_clean_first': False, 'cmake_force_configure': False, 'cmake_target': None, 'cmake_target_skip_unavailable': False, 'install_base': '/home/abdou/A/Auto-Car/install/robot_desc', 'merge_install': False, 'path': '/home/abdou/A/Auto-Car/src/robot_desc', 'symlink_install': False, 'test_result_base': None}
[1.037s] INFO:colcon.colcon_core.executor:Executing jobs using 'parallel' executor
[1.038s] DEBUG:colcon.colcon_parallel_executor.executor.parallel:run_until_complete
[1.039s] INFO:colcon.colcon_ros.task.ament_cmake.build:Building ROS package in '/home/abdou/A/Auto-Car/src/robot_desc' with build type 'ament_cmake'
[1.039s] INFO:colcon.colcon_cmake.task.cmake.build:Building CMake package in '/home/abdou/A/Auto-Car/src/robot_desc'
[1.045s] INFO:colcon.colcon_core.plugin_system:Skipping extension 'colcon_core.shell.bat': Not used on non-Windows systems
[1.045s] INFO:colcon.colcon_core.shell:Skip shell extension 'powershell' for command environment: Not usable outside of PowerShell
[1.045s] DEBUG:colcon.colcon_core.shell:Skip shell extension 'dsv' for command environment
[1.066s] DEBUG:colcon.colcon_core.event_handler.log_command:Invoking command in '/home/abdou/A/Auto-Car/build/robot_desc': CMAKE_PREFIX_PATH=/opt/ros/iron /usr/bin/cmake --build /home/abdou/A/Auto-Car/build/robot_desc -- -j8 -l8
[1.156s] DEBUG:colcon.colcon_core.event_handler.log_command:Invoked command in '/home/abdou/A/Auto-Car/build/robot_desc' returned '0': CMAKE_PREFIX_PATH=/opt/ros/iron /usr/bin/cmake --build /home/abdou/A/Auto-Car/build/robot_desc -- -j8 -l8
[1.204s] DEBUG:colcon.colcon_core.event_handler.log_command:Invoking command in '/home/abdou/A/Auto-Car/build/robot_desc': CMAKE_PREFIX_PATH=/opt/ros/iron /usr/bin/cmake --install /home/abdou/A/Auto-Car/build/robot_desc
[1.224s] Level 1:colcon.colcon_core.environment:create_environment_scripts_only(robot_desc)
[1.226s] DEBUG:colcon.colcon_core.event_handler.log_command:Invoked command in '/home/abdou/A/Auto-Car/build/robot_desc' returned '0': CMAKE_PREFIX_PATH=/opt/ros/iron /usr/bin/cmake --install /home/abdou/A/Auto-Car/build/robot_desc
[1.233s] Level 1:colcon.colcon_core.environment:checking '/home/abdou/A/Auto-Car/install/robot_desc' for CMake module files
[1.234s] Level 1:colcon.colcon_core.environment:checking '/home/abdou/A/Auto-Car/install/robot_desc' for CMake config files
[1.234s] Level 1:colcon.colcon_core.shell:create_environment_hook('robot_desc', 'cmake_prefix_path')
[1.235s] INFO:colcon.colcon_core.shell:Creating environment hook '/home/abdou/A/Auto-Car/install/robot_desc/share/robot_desc/hook/cmake_prefix_path.ps1'
[1.236s] INFO:colcon.colcon_core.shell:Creating environment descriptor '/home/abdou/A/Auto-Car/install/robot_desc/share/robot_desc/hook/cmake_prefix_path.dsv'
[1.237s] INFO:colcon.colcon_core.shell:Creating environment hook '/home/abdou/A/Auto-Car/install/robot_desc/share/robot_desc/hook/cmake_prefix_path.sh'
[1.240s] Level 1:colcon.colcon_core.environment:checking '/home/abdou/A/Auto-Car/install/robot_desc/bin'
[1.240s] Level 1:colcon.colcon_core.environment:checking '/home/abdou/A/Auto-Car/install/robot_desc/lib/pkgconfig/robot_desc.pc'
[1.241s] Level 1:colcon.colcon_core.environment:checking '/home/abdou/A/Auto-Car/install/robot_desc/lib/python3.10/site-packages'
[1.241s] Level 1:colcon.colcon_core.environment:checking '/home/abdou/A/Auto-Car/install/robot_desc/bin'
[1.242s] INFO:colcon.colcon_core.shell:Creating package script '/home/abdou/A/Auto-Car/install/robot_desc/share/robot_desc/package.ps1'
[1.244s] INFO:colcon.colcon_core.shell:Creating package descriptor '/home/abdou/A/Auto-Car/install/robot_desc/share/robot_desc/package.dsv'
[1.246s] INFO:colcon.colcon_core.shell:Creating package script '/home/abdou/A/Auto-Car/install/robot_desc/share/robot_desc/package.sh'
[1.248s] INFO:colcon.colcon_core.shell:Creating package script '/home/abdou/A/Auto-Car/install/robot_desc/share/robot_desc/package.bash'
[1.251s] INFO:colcon.colcon_core.shell:Creating package script '/home/abdou/A/Auto-Car/install/robot_desc/share/robot_desc/package.zsh'
[1.254s] Level 1:colcon.colcon_core.environment:create_file_with_runtime_dependencies(/home/abdou/A/Auto-Car/install/robot_desc/share/colcon-core/packages/robot_desc)
[1.290s] Level 1:colcon.colcon_core.environment:create_environment_scripts_only(robot_desc)
[1.291s] Level 1:colcon.colcon_core.environment:checking '/home/abdou/A/Auto-Car/install/robot_desc' for CMake module files
[1.292s] Level 1:colcon.colcon_core.environment:checking '/home/abdou/A/Auto-Car/install/robot_desc' for CMake config files
[1.293s] Level 1:colcon.colcon_core.shell:create_environment_hook('robot_desc', 'cmake_prefix_path')
[1.294s] INFO:colcon.colcon_core.shell:Creating environment hook '/home/abdou/A/Auto-Car/install/robot_desc/share/robot_desc/hook/cmake_prefix_path.ps1'
[1.295s] INFO:colcon.colcon_core.shell:Creating environment descriptor '/home/abdou/A/Auto-Car/install/robot_desc/share/robot_desc/hook/cmake_prefix_path.dsv'
[1.296s] INFO:colcon.colcon_core.shell:Creating environment hook '/home/abdou/A/Auto-Car/install/robot_desc/share/robot_desc/hook/cmake_prefix_path.sh'
[1.297s] Level 1:colcon.colcon_core.environment:checking '/home/abdou/A/Auto-Car/install/robot_desc/bin'
[1.298s] Level 1:colcon.colcon_core.environment:checking '/home/abdou/A/Auto-Car/install/robot_desc/lib/pkgconfig/robot_desc.pc'
[1.298s] Level 1:colcon.colcon_core.environment:checking '/home/abdou/A/Auto-Car/install/robot_desc/lib/python3.10/site-packages'
[1.299s] Level 1:colcon.colcon_core.environment:checking '/home/abdou/A/Auto-Car/install/robot_desc/bin'
[1.300s] INFO:colcon.colcon_core.shell:Creating package script '/home/abdou/A/Auto-Car/install/robot_desc/share/robot_desc/package.ps1'
[1.301s] INFO:colcon.colcon_core.shell:Creating package descriptor '/home/abdou/A/Auto-Car/install/robot_desc/share/robot_desc/package.dsv'
[1.302s] INFO:colcon.colcon_core.shell:Creating package script '/home/abdou/A/Auto-Car/install/robot_desc/share/robot_desc/package.sh'
[1.304s] INFO:colcon.colcon_core.shell:Creating package script '/home/abdou/A/Auto-Car/install/robot_desc/share/robot_desc/package.bash'
[1.305s] INFO:colcon.colcon_core.shell:Creating package script '/home/abdou/A/Auto-Car/install/robot_desc/share/robot_desc/package.zsh'
[1.305s] Level 1:colcon.colcon_core.environment:create_file_with_runtime_dependencies(/home/abdou/A/Auto-Car/install/robot_desc/share/colcon-core/packages/robot_desc)
[1.306s] DEBUG:colcon.colcon_parallel_executor.executor.parallel:closing loop
[1.307s] DEBUG:colcon.colcon_parallel_executor.executor.parallel:loop closed
[1.307s] DEBUG:colcon.colcon_parallel_executor.executor.parallel:run_until_complete finished with '0'
[1.307s] DEBUG:colcon.colcon_core.event_reactor:joining thread
[1.318s] INFO:colcon.colcon_core.plugin_system:Skipping extension 'colcon_notification.desktop_notification.terminal_notifier': Not used on non-Darwin systems
[1.318s] INFO:colcon.colcon_core.plugin_system:Skipping extension 'colcon_notification.desktop_notification.win32': Not used on non-Windows systems
[1.318s] INFO:colcon.colcon_notification.desktop_notification:Sending desktop notification using 'notify2'
[1.365s] DEBUG:colcon.colcon_core.event_reactor:joined thread
[1.365s] INFO:colcon.colcon_core.shell:Creating prefix script '/home/abdou/A/Auto-Car/install/local_setup.ps1'
[1.367s] INFO:colcon.colcon_core.shell:Creating prefix util module '/home/abdou/A/Auto-Car/install/_local_setup_util_ps1.py'
[1.370s] INFO:colcon.colcon_core.shell:Creating prefix chain script '/home/abdou/A/Auto-Car/install/setup.ps1'
[1.372s] INFO:colcon.colcon_core.shell:Creating prefix script '/home/abdou/A/Auto-Car/install/local_setup.sh'
[1.373s] INFO:colcon.colcon_core.shell:Creating prefix util module '/home/abdou/A/Auto-Car/install/_local_setup_util_sh.py'
[1.374s] INFO:colcon.colcon_core.shell:Creating prefix chain script '/home/abdou/A/Auto-Car/install/setup.sh'
[1.376s] INFO:colcon.colcon_core.shell:Creating prefix script '/home/abdou/A/Auto-Car/install/local_setup.bash'
[1.377s] INFO:colcon.colcon_core.shell:Creating prefix chain script '/home/abdou/A/Auto-Car/install/setup.bash'
[1.379s] INFO:colcon.colcon_core.shell:Creating prefix script '/home/abdou/A/Auto-Car/install/local_setup.zsh'
[1.380s] INFO:colcon.colcon_core.shell:Creating prefix chain script '/home/abdou/A/Auto-Car/install/setup.zsh'
