[0.045s] Invoking command in '/home/aoutir/rc_car/build/robot_controller': CMAKE_PREFIX_PATH=${CMAKE_PREFIX_PATH}:/home/aoutir/rc_car/install/robot_sample_example:/opt/ros/iron /usr/bin/cmake --build /home/aoutir/rc_car/build/robot_controller -- -j2 -l2
[0.198s] Built target ament_cmake_python_copy_robot_controller
[0.740s] running egg_info
[0.742s] writing robot_controller.egg-info/PKG-INFO
[0.748s] writing dependency_links to robot_controller.egg-info/dependency_links.txt
[0.749s] writing top-level names to robot_controller.egg-info/top_level.txt
[0.753s] reading manifest file 'robot_controller.egg-info/SOURCES.txt'
[0.755s] writing manifest file 'robot_controller.egg-info/SOURCES.txt'
[0.810s] Built target ament_cmake_python_build_robot_controller_egg
[0.837s] Invoked command in '/home/aoutir/rc_car/build/robot_controller' returned '0': CMAKE_PREFIX_PATH=${CMAKE_PREFIX_PATH}:/home/aoutir/rc_car/install/robot_sample_example:/opt/ros/iron /usr/bin/cmake --build /home/aoutir/rc_car/build/robot_controller -- -j2 -l2
[0.932s] Invoking command in '/home/aoutir/rc_car/build/robot_controller': CMAKE_PREFIX_PATH=${CMAKE_PREFIX_PATH}:/home/aoutir/rc_car/install/robot_sample_example:/opt/ros/iron /usr/bin/cmake --install /home/aoutir/rc_car/build/robot_controller
[0.962s] -- Install configuration: ""
[0.963s] -- Up-to-date: /home/aoutir/rc_car/install/robot_controller/share/robot_controller/environment/pythonpath.sh
[0.964s] -- Up-to-date: /home/aoutir/rc_car/install/robot_controller/share/robot_controller/environment/pythonpath.dsv
[0.965s] -- Up-to-date: /home/aoutir/rc_car/install/robot_controller/lib/python3.10/site-packages/robot_controller-0.0.0-py3.10.egg-info
[0.966s] -- Installing: /home/aoutir/rc_car/install/robot_controller/lib/python3.10/site-packages/robot_controller-0.0.0-py3.10.egg-info/SOURCES.txt
[0.968s] -- Installing: /home/aoutir/rc_car/install/robot_controller/lib/python3.10/site-packages/robot_controller-0.0.0-py3.10.egg-info/PKG-INFO
[0.970s] -- Installing: /home/aoutir/rc_car/install/robot_controller/lib/python3.10/site-packages/robot_controller-0.0.0-py3.10.egg-info/dependency_links.txt
[0.972s] -- Installing: /home/aoutir/rc_car/install/robot_controller/lib/python3.10/site-packages/robot_controller-0.0.0-py3.10.egg-info/top_level.txt
[0.973s] -- Up-to-date: /home/aoutir/rc_car/install/robot_controller/lib/python3.10/site-packages/robot_controller
[0.974s] -- Up-to-date: /home/aoutir/rc_car/install/robot_controller/lib/python3.10/site-packages/robot_controller/simple_controller.py
[0.975s] -- Up-to-date: /home/aoutir/rc_car/install/robot_controller/lib/python3.10/site-packages/robot_controller/__init__.py
[1.058s] Listing '/home/aoutir/rc_car/install/robot_controller/lib/python3.10/site-packages/robot_controller'...
[1.072s] -- Up-to-date: /home/aoutir/rc_car/install/robot_controller/share/robot_controller/config
[1.074s] -- Installing: /home/aoutir/rc_car/install/robot_controller/share/robot_controller/config/robot_controllers.yaml
[1.075s] -- Up-to-date: /home/aoutir/rc_car/install/robot_controller/share/robot_controller/launch
[1.076s] -- Up-to-date: /home/aoutir/rc_car/install/robot_controller/share/robot_controller/launch/controller.launch.py
[1.078s] -- Up-to-date: /home/aoutir/rc_car/install/robot_controller/lib/robot_controller/simple_controller.py
[1.079s] -- Up-to-date: /home/aoutir/rc_car/install/robot_controller/share/ament_index/resource_index/package_run_dependencies/robot_controller
[1.080s] -- Up-to-date: /home/aoutir/rc_car/install/robot_controller/share/ament_index/resource_index/parent_prefix_path/robot_controller
[1.081s] -- Up-to-date: /home/aoutir/rc_car/install/robot_controller/share/robot_controller/environment/ament_prefix_path.sh
[1.082s] -- Up-to-date: /home/aoutir/rc_car/install/robot_controller/share/robot_controller/environment/ament_prefix_path.dsv
[1.083s] -- Up-to-date: /home/aoutir/rc_car/install/robot_controller/share/robot_controller/environment/path.sh
[1.085s] -- Up-to-date: /home/aoutir/rc_car/install/robot_controller/share/robot_controller/environment/path.dsv
[1.086s] -- Up-to-date: /home/aoutir/rc_car/install/robot_controller/share/robot_controller/local_setup.bash
[1.086s] -- Up-to-date: /home/aoutir/rc_car/install/robot_controller/share/robot_controller/local_setup.sh
[1.086s] -- Up-to-date: /home/aoutir/rc_car/install/robot_controller/share/robot_controller/local_setup.zsh
[1.086s] -- Up-to-date: /home/aoutir/rc_car/install/robot_controller/share/robot_controller/local_setup.dsv
[1.086s] -- Installing: /home/aoutir/rc_car/install/robot_controller/share/robot_controller/package.dsv
[1.087s] -- Up-to-date: /home/aoutir/rc_car/install/robot_controller/share/ament_index/resource_index/packages/robot_controller
[1.087s] -- Up-to-date: /home/aoutir/rc_car/install/robot_controller/share/robot_controller/cmake/robot_controllerConfig.cmake
[1.087s] -- Up-to-date: /home/aoutir/rc_car/install/robot_controller/share/robot_controller/cmake/robot_controllerConfig-version.cmake
[1.093s] -- Up-to-date: /home/aoutir/rc_car/install/robot_controller/share/robot_controller/package.xml
[1.321s] Invoked command in '/home/aoutir/rc_car/build/robot_controller' returned '0': CMAKE_PREFIX_PATH=${CMAKE_PREFIX_PATH}:/home/aoutir/rc_car/install/robot_sample_example:/opt/ros/iron /usr/bin/cmake --install /home/aoutir/rc_car/build/robot_controller
