[0.118s] Invoking command in '/home/aoutir/rc_car/build/robot_desc': CMAKE_PREFIX_PATH=${CMAKE_PREFIX_PATH}:/home/aoutir/rc_car/install/robot_sample_example:/home/aoutir/rc_car/install/robot_example:/opt/ros/iron /usr/bin/cmake --build /home/aoutir/rc_car/build/robot_desc -- -j2 -l2
[0.494s] Invoked command in '/home/aoutir/rc_car/build/robot_desc' returned '0': CMAKE_PREFIX_PATH=${CMAKE_PREFIX_PATH}:/home/aoutir/rc_car/install/robot_sample_example:/home/aoutir/rc_car/install/robot_example:/opt/ros/iron /usr/bin/cmake --build /home/aoutir/rc_car/build/robot_desc -- -j2 -l2
[0.806s] Invoking command in '/home/aoutir/rc_car/build/robot_desc': CMAKE_PREFIX_PATH=${CMAKE_PREFIX_PATH}:/home/aoutir/rc_car/install/robot_sample_example:/home/aoutir/rc_car/install/robot_example:/opt/ros/iron /usr/bin/cmake --install /home/aoutir/rc_car/build/robot_desc
[0.829s] -- Install configuration: ""
[0.831s] -- Up-to-date: /home/aoutir/rc_car/install/robot_desc/share/robot_desc/urdf
[0.833s] -- Up-to-date: /home/aoutir/rc_car/install/robot_desc/share/robot_desc/urdf/robot_description.urdf.xacro
[0.836s] -- Up-to-date: /home/aoutir/rc_car/install/robot_desc/share/robot_desc/rviz
[0.836s] -- Up-to-date: /home/aoutir/rc_car/install/robot_desc/share/robot_desc/rviz/display.rviz
[0.837s] -- Up-to-date: /home/aoutir/rc_car/install/robot_desc/share/ament_index/resource_index/package_run_dependencies/robot_desc
[0.841s] -- Up-to-date: /home/aoutir/rc_car/install/robot_desc/share/ament_index/resource_index/parent_prefix_path/robot_desc
[0.842s] -- Up-to-date: /home/aoutir/rc_car/install/robot_desc/share/robot_desc/environment/ament_prefix_path.sh
[0.842s] -- Up-to-date: /home/aoutir/rc_car/install/robot_desc/share/robot_desc/environment/ament_prefix_path.dsv
[0.843s] -- Up-to-date: /home/aoutir/rc_car/install/robot_desc/share/robot_desc/environment/path.sh
[0.844s] -- Up-to-date: /home/aoutir/rc_car/install/robot_desc/share/robot_desc/environment/path.dsv
[0.844s] -- Up-to-date: /home/aoutir/rc_car/install/robot_desc/share/robot_desc/local_setup.bash
[0.845s] -- Up-to-date: /home/aoutir/rc_car/install/robot_desc/share/robot_desc/local_setup.sh
[0.845s] -- Up-to-date: /home/aoutir/rc_car/install/robot_desc/share/robot_desc/local_setup.zsh
[0.846s] -- Up-to-date: /home/aoutir/rc_car/install/robot_desc/share/robot_desc/local_setup.dsv
[0.846s] -- Installing: /home/aoutir/rc_car/install/robot_desc/share/robot_desc/package.dsv
[0.847s] -- Up-to-date: /home/aoutir/rc_car/install/robot_desc/share/ament_index/resource_index/packages/robot_desc
[0.847s] -- Up-to-date: /home/aoutir/rc_car/install/robot_desc/share/robot_desc/cmake/robot_descConfig.cmake
[0.848s] -- Up-to-date: /home/aoutir/rc_car/install/robot_desc/share/robot_desc/cmake/robot_descConfig-version.cmake
[0.848s] -- Up-to-date: /home/aoutir/rc_car/install/robot_desc/share/robot_desc/package.xml
[0.848s] Invoked command in '/home/aoutir/rc_car/build/robot_desc' returned '0': CMAKE_PREFIX_PATH=${CMAKE_PREFIX_PATH}:/home/aoutir/rc_car/install/robot_sample_example:/home/aoutir/rc_car/install/robot_example:/opt/ros/iron /usr/bin/cmake --install /home/aoutir/rc_car/build/robot_desc
