[0.146s] DEBUG:colcon:Command line arguments: ['/usr/bin/colcon', 'list', '-p', '--base-paths', '/home/abdou/A/Master-IARV/Semestre-2/Cours-Prg-Temps-Reel/Ros2-Auto-Car/Autonomous-Car-Project']
[0.146s] DEBUG:colcon:Parsed command line arguments: Namespace(log_base=None, log_level=None, verb_name='list', build_base='build', ignore_user_meta=False, metas=['./colcon.meta'], base_paths=['/home/abdou/A/Master-IARV/Semestre-2/Cours-Prg-Temps-Reel/Ros2-Auto-Car/Autonomous-Car-Project'], packages_ignore=None, packages_ignore_regex=None, paths=None, packages_up_to=None, packages_up_to_regex=None, packages_above=None, packages_above_and_dependencies=None, packages_above_depth=None, packages_select_by_dep=None, packages_skip_by_dep=None, packages_skip_up_to=None, packages_select_build_failed=False, packages_skip_build_finished=False, packages_select_test_failures=False, packages_skip_test_passed=False, packages_select=None, packages_skip=None, packages_select_regex=None, packages_skip_regex=None, packages_start=None, packages_end=None, allow_overriding=[], topological_order=False, names_only=False, paths_only=True, topological_graph=False, topological_graph_dot=False, topological_graph_density=False, topological_graph_legend=False, topological_graph_dot_cluster=False, topological_graph_dot_include_skipped=False, mixin_files=None, mixin=None, verb_parser=<colcon_mixin.mixin.mixin_argument.MixinArgumentDecorator object at 0x7aea90947a00>, verb_extension=<colcon_package_information.verb.list.ListVerb object at 0x7aea909469e0>, main=<bound method ListVerb.main of <colcon_package_information.verb.list.ListVerb object at 0x7aea909469e0>>, mixin_verb=('list',))
[0.381s] Level 1:colcon.colcon_core.package_discovery:discover_packages(colcon_meta) check parameters
[0.381s] Level 1:colcon.colcon_core.package_discovery:discover_packages(recursive) check parameters
[0.381s] Level 1:colcon.colcon_core.package_discovery:discover_packages(ignore) check parameters
[0.381s] Level 1:colcon.colcon_core.package_discovery:discover_packages(path) check parameters
[0.381s] Level 1:colcon.colcon_core.package_discovery:discover_packages(recursive) discover
[0.381s] INFO:colcon.colcon_core.package_discovery:Crawling recursively for packages in '/home/abdou/A/Master-IARV/Semestre-2/Cours-Prg-Temps-Reel/Ros2-Auto-Car/Autonomous-Car-Project'
[0.381s] Level 1:colcon.colcon_core.package_identification:_identify(/home/abdou/A/Master-IARV/Semestre-2/Cours-Prg-Temps-Reel/Ros2-Auto-Car/Autonomous-Car-Project) by extensions ['ignore', 'ignore_ament_install']
[0.381s] Level 1:colcon.colcon_core.package_identification:_identify(/home/abdou/A/Master-IARV/Semestre-2/Cours-Prg-Temps-Reel/Ros2-Auto-Car/Autonomous-Car-Project) by extension 'ignore'
[0.381s] Level 1:colcon.colcon_core.package_identification:_identify(/home/abdou/A/Master-IARV/Semestre-2/Cours-Prg-Temps-Reel/Ros2-Auto-Car/Autonomous-Car-Project) by extension 'ignore_ament_install'
[0.381s] Level 1:colcon.colcon_core.package_identification:_identify(/home/abdou/A/Master-IARV/Semestre-2/Cours-Prg-Temps-Reel/Ros2-Auto-Car/Autonomous-Car-Project) by extensions ['colcon_pkg']
[0.381s] Level 1:colcon.colcon_core.package_identification:_identify(/home/abdou/A/Master-IARV/Semestre-2/Cours-Prg-Temps-Reel/Ros2-Auto-Car/Autonomous-Car-Project) by extension 'colcon_pkg'
[0.381s] Level 1:colcon.colcon_core.package_identification:_identify(/home/abdou/A/Master-IARV/Semestre-2/Cours-Prg-Temps-Reel/Ros2-Auto-Car/Autonomous-Car-Project) by extensions ['colcon_meta']
[0.382s] Level 1:colcon.colcon_core.package_identification:_identify(/home/abdou/A/Master-IARV/Semestre-2/Cours-Prg-Temps-Reel/Ros2-Auto-Car/Autonomous-Car-Project) by extension 'colcon_meta'
[0.382s] Level 1:colcon.colcon_core.package_identification:_identify(/home/abdou/A/Master-IARV/Semestre-2/Cours-Prg-Temps-Reel/Ros2-Auto-Car/Autonomous-Car-Project) by extensions ['ros']
[0.382s] Level 1:colcon.colcon_core.package_identification:_identify(/home/abdou/A/Master-IARV/Semestre-2/Cours-Prg-Temps-Reel/Ros2-Auto-Car/Autonomous-Car-Project) by extension 'ros'
[0.391s] Level 1:colcon.colcon_core.package_identification:_identify(/home/abdou/A/Master-IARV/Semestre-2/Cours-Prg-Temps-Reel/Ros2-Auto-Car/Autonomous-Car-Project) by extensions ['cmake', 'python']
[0.391s] Level 1:colcon.colcon_core.package_identification:_identify(/home/abdou/A/Master-IARV/Semestre-2/Cours-Prg-Temps-Reel/Ros2-Auto-Car/Autonomous-Car-Project) by extension 'cmake'
[0.391s] Level 1:colcon.colcon_core.package_identification:_identify(/home/abdou/A/Master-IARV/Semestre-2/Cours-Prg-Temps-Reel/Ros2-Auto-Car/Autonomous-Car-Project) by extension 'python'
[0.391s] Level 1:colcon.colcon_core.package_identification:_identify(/home/abdou/A/Master-IARV/Semestre-2/Cours-Prg-Temps-Reel/Ros2-Auto-Car/Autonomous-Car-Project) by extensions ['python_setup_py']
[0.391s] Level 1:colcon.colcon_core.package_identification:_identify(/home/abdou/A/Master-IARV/Semestre-2/Cours-Prg-Temps-Reel/Ros2-Auto-Car/Autonomous-Car-Project) by extension 'python_setup_py'
[0.391s] Level 1:colcon.colcon_core.package_identification:_identify(/home/abdou/A/Master-IARV/Semestre-2/Cours-Prg-Temps-Reel/Ros2-Auto-Car/Autonomous-Car-Project/build) by extensions ['ignore', 'ignore_ament_install']
[0.391s] Level 1:colcon.colcon_core.package_identification:_identify(/home/abdou/A/Master-IARV/Semestre-2/Cours-Prg-Temps-Reel/Ros2-Auto-Car/Autonomous-Car-Project/build) by extension 'ignore'
[0.391s] Level 1:colcon.colcon_core.package_identification:_identify(/home/abdou/A/Master-IARV/Semestre-2/Cours-Prg-Temps-Reel/Ros2-Auto-Car/Autonomous-Car-Project/build) ignored
[0.391s] Level 1:colcon.colcon_core.package_identification:_identify(/home/abdou/A/Master-IARV/Semestre-2/Cours-Prg-Temps-Reel/Ros2-Auto-Car/Autonomous-Car-Project/install) by extensions ['ignore', 'ignore_ament_install']
[0.392s] Level 1:colcon.colcon_core.package_identification:_identify(/home/abdou/A/Master-IARV/Semestre-2/Cours-Prg-Temps-Reel/Ros2-Auto-Car/Autonomous-Car-Project/install) by extension 'ignore'
[0.392s] Level 1:colcon.colcon_core.package_identification:_identify(/home/abdou/A/Master-IARV/Semestre-2/Cours-Prg-Temps-Reel/Ros2-Auto-Car/Autonomous-Car-Project/install) ignored
[0.392s] Level 1:colcon.colcon_core.package_identification:_identify(/home/abdou/A/Master-IARV/Semestre-2/Cours-Prg-Temps-Reel/Ros2-Auto-Car/Autonomous-Car-Project/log) by extensions ['ignore', 'ignore_ament_install']
[0.392s] Level 1:colcon.colcon_core.package_identification:_identify(/home/abdou/A/Master-IARV/Semestre-2/Cours-Prg-Temps-Reel/Ros2-Auto-Car/Autonomous-Car-Project/log) by extension 'ignore'
[0.392s] Level 1:colcon.colcon_core.package_identification:_identify(/home/abdou/A/Master-IARV/Semestre-2/Cours-Prg-Temps-Reel/Ros2-Auto-Car/Autonomous-Car-Project/log) ignored
[0.392s] Level 1:colcon.colcon_core.package_identification:_identify(/home/abdou/A/Master-IARV/Semestre-2/Cours-Prg-Temps-Reel/Ros2-Auto-Car/Autonomous-Car-Project/src) by extensions ['ignore', 'ignore_ament_install']
[0.392s] Level 1:colcon.colcon_core.package_identification:_identify(/home/abdou/A/Master-IARV/Semestre-2/Cours-Prg-Temps-Reel/Ros2-Auto-Car/Autonomous-Car-Project/src) by extension 'ignore'
[0.392s] Level 1:colcon.colcon_core.package_identification:_identify(/home/abdou/A/Master-IARV/Semestre-2/Cours-Prg-Temps-Reel/Ros2-Auto-Car/Autonomous-Car-Project/src) by extension 'ignore_ament_install'
[0.392s] Level 1:colcon.colcon_core.package_identification:_identify(/home/abdou/A/Master-IARV/Semestre-2/Cours-Prg-Temps-Reel/Ros2-Auto-Car/Autonomous-Car-Project/src) by extensions ['colcon_pkg']
[0.392s] Level 1:colcon.colcon_core.package_identification:_identify(/home/abdou/A/Master-IARV/Semestre-2/Cours-Prg-Temps-Reel/Ros2-Auto-Car/Autonomous-Car-Project/src) by extension 'colcon_pkg'
[0.392s] Level 1:colcon.colcon_core.package_identification:_identify(/home/abdou/A/Master-IARV/Semestre-2/Cours-Prg-Temps-Reel/Ros2-Auto-Car/Autonomous-Car-Project/src) by extensions ['colcon_meta']
[0.392s] Level 1:colcon.colcon_core.package_identification:_identify(/home/abdou/A/Master-IARV/Semestre-2/Cours-Prg-Temps-Reel/Ros2-Auto-Car/Autonomous-Car-Project/src) by extension 'colcon_meta'
[0.392s] Level 1:colcon.colcon_core.package_identification:_identify(/home/abdou/A/Master-IARV/Semestre-2/Cours-Prg-Temps-Reel/Ros2-Auto-Car/Autonomous-Car-Project/src) by extensions ['ros']
[0.392s] Level 1:colcon.colcon_core.package_identification:_identify(/home/abdou/A/Master-IARV/Semestre-2/Cours-Prg-Temps-Reel/Ros2-Auto-Car/Autonomous-Car-Project/src) by extension 'ros'
[0.393s] Level 1:colcon.colcon_core.package_identification:_identify(/home/abdou/A/Master-IARV/Semestre-2/Cours-Prg-Temps-Reel/Ros2-Auto-Car/Autonomous-Car-Project/src) by extensions ['cmake', 'python']
[0.393s] Level 1:colcon.colcon_core.package_identification:_identify(/home/abdou/A/Master-IARV/Semestre-2/Cours-Prg-Temps-Reel/Ros2-Auto-Car/Autonomous-Car-Project/src) by extension 'cmake'
[0.393s] Level 1:colcon.colcon_core.package_identification:_identify(/home/abdou/A/Master-IARV/Semestre-2/Cours-Prg-Temps-Reel/Ros2-Auto-Car/Autonomous-Car-Project/src) by extension 'python'
[0.393s] Level 1:colcon.colcon_core.package_identification:_identify(/home/abdou/A/Master-IARV/Semestre-2/Cours-Prg-Temps-Reel/Ros2-Auto-Car/Autonomous-Car-Project/src) by extensions ['python_setup_py']
[0.393s] Level 1:colcon.colcon_core.package_identification:_identify(/home/abdou/A/Master-IARV/Semestre-2/Cours-Prg-Temps-Reel/Ros2-Auto-Car/Autonomous-Car-Project/src) by extension 'python_setup_py'
[0.393s] Level 1:colcon.colcon_core.package_identification:_identify(/home/abdou/A/Master-IARV/Semestre-2/Cours-Prg-Temps-Reel/Ros2-Auto-Car/Autonomous-Car-Project/src/robot_controller) by extensions ['ignore', 'ignore_ament_install']
[0.393s] Level 1:colcon.colcon_core.package_identification:_identify(/home/abdou/A/Master-IARV/Semestre-2/Cours-Prg-Temps-Reel/Ros2-Auto-Car/Autonomous-Car-Project/src/robot_controller) by extension 'ignore'
[0.393s] Level 1:colcon.colcon_core.package_identification:_identify(/home/abdou/A/Master-IARV/Semestre-2/Cours-Prg-Temps-Reel/Ros2-Auto-Car/Autonomous-Car-Project/src/robot_controller) by extension 'ignore_ament_install'
[0.393s] Level 1:colcon.colcon_core.package_identification:_identify(/home/abdou/A/Master-IARV/Semestre-2/Cours-Prg-Temps-Reel/Ros2-Auto-Car/Autonomous-Car-Project/src/robot_controller) by extensions ['colcon_pkg']
[0.393s] Level 1:colcon.colcon_core.package_identification:_identify(/home/abdou/A/Master-IARV/Semestre-2/Cours-Prg-Temps-Reel/Ros2-Auto-Car/Autonomous-Car-Project/src/robot_controller) by extension 'colcon_pkg'
[0.393s] Level 1:colcon.colcon_core.package_identification:_identify(/home/abdou/A/Master-IARV/Semestre-2/Cours-Prg-Temps-Reel/Ros2-Auto-Car/Autonomous-Car-Project/src/robot_controller) by extensions ['colcon_meta']
[0.393s] Level 1:colcon.colcon_core.package_identification:_identify(/home/abdou/A/Master-IARV/Semestre-2/Cours-Prg-Temps-Reel/Ros2-Auto-Car/Autonomous-Car-Project/src/robot_controller) by extension 'colcon_meta'
[0.393s] Level 1:colcon.colcon_core.package_identification:_identify(/home/abdou/A/Master-IARV/Semestre-2/Cours-Prg-Temps-Reel/Ros2-Auto-Car/Autonomous-Car-Project/src/robot_controller) by extensions ['ros']
[0.393s] Level 1:colcon.colcon_core.package_identification:_identify(/home/abdou/A/Master-IARV/Semestre-2/Cours-Prg-Temps-Reel/Ros2-Auto-Car/Autonomous-Car-Project/src/robot_controller) by extension 'ros'
[0.395s] DEBUG:colcon.colcon_core.package_identification:Package '/home/abdou/A/Master-IARV/Semestre-2/Cours-Prg-Temps-Reel/Ros2-Auto-Car/Autonomous-Car-Project/src/robot_controller' with type 'ros.ament_cmake' and name 'robot_controller'
[0.396s] Level 1:colcon.colcon_core.package_identification:_identify(/home/abdou/A/Master-IARV/Semestre-2/Cours-Prg-Temps-Reel/Ros2-Auto-Car/Autonomous-Car-Project/src/robot_desc) by extensions ['ignore', 'ignore_ament_install']
[0.396s] Level 1:colcon.colcon_core.package_identification:_identify(/home/abdou/A/Master-IARV/Semestre-2/Cours-Prg-Temps-Reel/Ros2-Auto-Car/Autonomous-Car-Project/src/robot_desc) by extension 'ignore'
[0.396s] Level 1:colcon.colcon_core.package_identification:_identify(/home/abdou/A/Master-IARV/Semestre-2/Cours-Prg-Temps-Reel/Ros2-Auto-Car/Autonomous-Car-Project/src/robot_desc) by extension 'ignore_ament_install'
[0.396s] Level 1:colcon.colcon_core.package_identification:_identify(/home/abdou/A/Master-IARV/Semestre-2/Cours-Prg-Temps-Reel/Ros2-Auto-Car/Autonomous-Car-Project/src/robot_desc) by extensions ['colcon_pkg']
[0.396s] Level 1:colcon.colcon_core.package_identification:_identify(/home/abdou/A/Master-IARV/Semestre-2/Cours-Prg-Temps-Reel/Ros2-Auto-Car/Autonomous-Car-Project/src/robot_desc) by extension 'colcon_pkg'
[0.396s] Level 1:colcon.colcon_core.package_identification:_identify(/home/abdou/A/Master-IARV/Semestre-2/Cours-Prg-Temps-Reel/Ros2-Auto-Car/Autonomous-Car-Project/src/robot_desc) by extensions ['colcon_meta']
[0.396s] Level 1:colcon.colcon_core.package_identification:_identify(/home/abdou/A/Master-IARV/Semestre-2/Cours-Prg-Temps-Reel/Ros2-Auto-Car/Autonomous-Car-Project/src/robot_desc) by extension 'colcon_meta'
[0.396s] Level 1:colcon.colcon_core.package_identification:_identify(/home/abdou/A/Master-IARV/Semestre-2/Cours-Prg-Temps-Reel/Ros2-Auto-Car/Autonomous-Car-Project/src/robot_desc) by extensions ['ros']
[0.396s] Level 1:colcon.colcon_core.package_identification:_identify(/home/abdou/A/Master-IARV/Semestre-2/Cours-Prg-Temps-Reel/Ros2-Auto-Car/Autonomous-Car-Project/src/robot_desc) by extension 'ros'
[0.397s] DEBUG:colcon.colcon_core.package_identification:Package '/home/abdou/A/Master-IARV/Semestre-2/Cours-Prg-Temps-Reel/Ros2-Auto-Car/Autonomous-Car-Project/src/robot_desc' with type 'ros.ament_cmake' and name 'robot_desc'
[0.397s] Level 1:colcon.colcon_core.package_discovery:discover_packages(recursive) using defaults
