[0.082s] Invoking command in '/home/aoutir/rc_car/build/robot_controller': CMAKE_PREFIX_PATH=${CMAKE_PREFIX_PATH}:/home/aoutir/rc_car/install/robot_sample_example:/opt/ros/iron /usr/bin/cmake --build /home/aoutir/rc_car/build/robot_controller -- -j4 -l4
[0.221s] Built target ament_cmake_python_copy_robot_controller
[0.614s] running egg_info
[0.614s] writing robot_controller.egg-info/PKG-INFO
[0.614s] writing dependency_links to robot_controller.egg-info/dependency_links.txt
[0.614s] writing top-level names to robot_controller.egg-info/top_level.txt
[0.638s] reading manifest file 'robot_controller.egg-info/SOURCES.txt'
[0.639s] writing manifest file 'robot_controller.egg-info/SOURCES.txt'
[0.714s] Built target ament_cmake_python_build_robot_controller_egg
[0.751s] Invoked command in '/home/aoutir/rc_car/build/robot_controller' returned '0': CMAKE_PREFIX_PATH=${CMAKE_PREFIX_PATH}:/home/aoutir/rc_car/install/robot_sample_example:/opt/ros/iron /usr/bin/cmake --build /home/aoutir/rc_car/build/robot_controller -- -j4 -l4
[0.920s] Invoking command in '/home/aoutir/rc_car/build/robot_controller': CMAKE_PREFIX_PATH=${CMAKE_PREFIX_PATH}:/home/aoutir/rc_car/install/robot_sample_example:/opt/ros/iron /usr/bin/cmake --install /home/aoutir/rc_car/build/robot_controller
[0.935s] -- Install configuration: ""
[0.935s] -- Up-to-date: /home/aoutir/rc_car/install/robot_controller/share/robot_controller/environment/pythonpath.sh
[0.935s] -- Up-to-date: /home/aoutir/rc_car/install/robot_controller/share/robot_controller/environment/pythonpath.dsv
[0.935s] -- Up-to-date: /home/aoutir/rc_car/install/robot_controller/lib/python3.10/site-packages/robot_controller-0.0.0-py3.10.egg-info
[0.935s] -- Installing: /home/aoutir/rc_car/install/robot_controller/lib/python3.10/site-packages/robot_controller-0.0.0-py3.10.egg-info/SOURCES.txt
[0.935s] -- Installing: /home/aoutir/rc_car/install/robot_controller/lib/python3.10/site-packages/robot_controller-0.0.0-py3.10.egg-info/PKG-INFO
[0.935s] -- Installing: /home/aoutir/rc_car/install/robot_controller/lib/python3.10/site-packages/robot_controller-0.0.0-py3.10.egg-info/dependency_links.txt
[0.935s] -- Installing: /home/aoutir/rc_car/install/robot_controller/lib/python3.10/site-packages/robot_controller-0.0.0-py3.10.egg-info/top_level.txt
[0.935s] -- Up-to-date: /home/aoutir/rc_car/install/robot_controller/lib/python3.10/site-packages/robot_controller
[0.935s] -- Up-to-date: /home/aoutir/rc_car/install/robot_controller/lib/python3.10/site-packages/robot_controller/teleop_twist_keyboard.py
[0.936s] -- Up-to-date: /home/aoutir/rc_car/install/robot_controller/lib/python3.10/site-packages/robot_controller/simple_controller.py
[0.936s] -- Up-to-date: /home/aoutir/rc_car/install/robot_controller/lib/python3.10/site-packages/robot_controller/__init__.py
[0.973s] Listing '/home/aoutir/rc_car/install/robot_controller/lib/python3.10/site-packages/robot_controller'...
[0.979s] -- Up-to-date: /home/aoutir/rc_car/install/robot_controller/share/robot_controller/config
[0.980s] -- Up-to-date: /home/aoutir/rc_car/install/robot_controller/share/robot_controller/config/robot_controllers.yaml
[0.980s] -- Up-to-date: /home/aoutir/rc_car/install/robot_controller/share/robot_controller/launch
[0.980s] -- Up-to-date: /home/aoutir/rc_car/install/robot_controller/share/robot_controller/launch/controller.launch.py
[0.980s] -- Up-to-date: /home/aoutir/rc_car/install/robot_controller/lib/robot_controller/simple_controller.py
[0.980s] -- Up-to-date: /home/aoutir/rc_car/install/robot_controller/lib/robot_controller/teleop_twist_keyboard.py
[0.980s] -- Up-to-date: /home/aoutir/rc_car/install/robot_controller/share/ament_index/resource_index/package_run_dependencies/robot_controller
[0.980s] -- Up-to-date: /home/aoutir/rc_car/install/robot_controller/share/ament_index/resource_index/parent_prefix_path/robot_controller
[0.980s] -- Up-to-date: /home/aoutir/rc_car/install/robot_controller/share/robot_controller/environment/ament_prefix_path.sh
[0.980s] -- Up-to-date: /home/aoutir/rc_car/install/robot_controller/share/robot_controller/environment/ament_prefix_path.dsv
[0.980s] -- Up-to-date: /home/aoutir/rc_car/install/robot_controller/share/robot_controller/environment/path.sh
[0.980s] -- Up-to-date: /home/aoutir/rc_car/install/robot_controller/share/robot_controller/environment/path.dsv
[0.982s] -- Up-to-date: /home/aoutir/rc_car/install/robot_controller/share/robot_controller/local_setup.bash
[0.982s] -- Up-to-date: /home/aoutir/rc_car/install/robot_controller/share/robot_controller/local_setup.sh
[0.982s] -- Up-to-date: /home/aoutir/rc_car/install/robot_controller/share/robot_controller/local_setup.zsh
[0.982s] -- Up-to-date: /home/aoutir/rc_car/install/robot_controller/share/robot_controller/local_setup.dsv
[0.983s] -- Installing: /home/aoutir/rc_car/install/robot_controller/share/robot_controller/package.dsv
[0.983s] -- Up-to-date: /home/aoutir/rc_car/install/robot_controller/share/ament_index/resource_index/packages/robot_controller
[0.983s] -- Up-to-date: /home/aoutir/rc_car/install/robot_controller/share/robot_controller/cmake/robot_controllerConfig.cmake
[0.983s] -- Up-to-date: /home/aoutir/rc_car/install/robot_controller/share/robot_controller/cmake/robot_controllerConfig-version.cmake
[0.983s] -- Up-to-date: /home/aoutir/rc_car/install/robot_controller/share/robot_controller/package.xml
[0.990s] Invoked command in '/home/aoutir/rc_car/build/robot_controller' returned '0': CMAKE_PREFIX_PATH=${CMAKE_PREFIX_PATH}:/home/aoutir/rc_car/install/robot_sample_example:/opt/ros/iron /usr/bin/cmake --install /home/aoutir/rc_car/build/robot_controller
