[0.142s] DEBUG:colcon:Command line arguments: ['/usr/bin/colcon', 'build']
[0.143s] DEBUG:colcon:Parsed command line arguments: Namespace(log_base=None, log_level=None, verb_name='build', build_base='build', install_base='install', merge_install=False, symlink_install=False, test_result_base=None, continue_on_error=False, executor='parallel', parallel_workers=2, event_handlers=None, ignore_user_meta=False, metas=['./colcon.meta'], base_paths=['.'], packages_ignore=None, packages_ignore_regex=None, paths=None, packages_up_to=None, packages_up_to_regex=None, packages_above=None, packages_above_and_dependencies=None, packages_above_depth=None, packages_select_by_dep=None, packages_skip_by_dep=None, packages_skip_up_to=None, packages_select_build_failed=False, packages_skip_build_finished=False, packages_select_test_failures=False, packages_skip_test_passed=False, packages_select=None, packages_skip=None, packages_select_regex=None, packages_skip_regex=None, packages_start=None, packages_end=None, allow_overriding=[], cmake_args=None, cmake_target=None, cmake_target_skip_unavailable=False, cmake_clean_cache=False, cmake_clean_first=False, cmake_force_configure=False, ament_cmake_args=None, catkin_cmake_args=None, catkin_skip_building_tests=False, verb_parser=<colcon_defaults.argument_parser.defaults.DefaultArgumentsDecorator object at 0x761da833d120>, verb_extension=<colcon_core.verb.build.BuildVerb object at 0x761da833cc10>, main=<bound method BuildVerb.main of <colcon_core.verb.build.BuildVerb object at 0x761da833cc10>>)
[0.359s] Level 1:colcon.colcon_core.package_discovery:discover_packages(colcon_meta) check parameters
[0.359s] Level 1:colcon.colcon_core.package_discovery:discover_packages(recursive) check parameters
[0.359s] Level 1:colcon.colcon_core.package_discovery:discover_packages(ignore) check parameters
[0.359s] Level 1:colcon.colcon_core.package_discovery:discover_packages(path) check parameters
[0.359s] Level 1:colcon.colcon_core.package_discovery:discover_packages(colcon_meta) discover
[0.360s] Level 1:colcon.colcon_core.package_discovery:discover_packages(recursive) discover
[0.360s] INFO:colcon.colcon_core.package_discovery:Crawling recursively for packages in '/home/aoutir/rc_car'
[0.360s] Level 1:colcon.colcon_core.package_identification:_identify(.) by extensions ['ignore', 'ignore_ament_install']
[0.360s] Level 1:colcon.colcon_core.package_identification:_identify(.) by extension 'ignore'
[0.360s] Level 1:colcon.colcon_core.package_identification:_identify(.) by extension 'ignore_ament_install'
[0.360s] Level 1:colcon.colcon_core.package_identification:_identify(.) by extensions ['colcon_pkg']
[0.360s] Level 1:colcon.colcon_core.package_identification:_identify(.) by extension 'colcon_pkg'
[0.360s] Level 1:colcon.colcon_core.package_identification:_identify(.) by extensions ['colcon_meta']
[0.360s] Level 1:colcon.colcon_core.package_identification:_identify(.) by extension 'colcon_meta'
[0.360s] Level 1:colcon.colcon_core.package_identification:_identify(.) by extensions ['ros']
[0.360s] Level 1:colcon.colcon_core.package_identification:_identify(.) by extension 'ros'
[0.373s] Level 1:colcon.colcon_core.package_identification:_identify(.) by extensions ['cmake', 'python']
[0.373s] Level 1:colcon.colcon_core.package_identification:_identify(.) by extension 'cmake'
[0.373s] Level 1:colcon.colcon_core.package_identification:_identify(.) by extension 'python'
[0.373s] Level 1:colcon.colcon_core.package_identification:_identify(.) by extensions ['python_setup_py']
[0.373s] Level 1:colcon.colcon_core.package_identification:_identify(.) by extension 'python_setup_py'
[0.374s] Level 1:colcon.colcon_core.package_identification:_identify(build) by extensions ['ignore', 'ignore_ament_install']
[0.374s] Level 1:colcon.colcon_core.package_identification:_identify(build) by extension 'ignore'
[0.374s] Level 1:colcon.colcon_core.package_identification:_identify(build) ignored
[0.375s] Level 1:colcon.colcon_core.package_identification:_identify(install) by extensions ['ignore', 'ignore_ament_install']
[0.375s] Level 1:colcon.colcon_core.package_identification:_identify(install) by extension 'ignore'
[0.375s] Level 1:colcon.colcon_core.package_identification:_identify(install) ignored
[0.375s] Level 1:colcon.colcon_core.package_identification:_identify(log) by extensions ['ignore', 'ignore_ament_install']
[0.375s] Level 1:colcon.colcon_core.package_identification:_identify(log) by extension 'ignore'
[0.376s] Level 1:colcon.colcon_core.package_identification:_identify(log) ignored
[0.376s] Level 1:colcon.colcon_core.package_identification:_identify(src) by extensions ['ignore', 'ignore_ament_install']
[0.376s] Level 1:colcon.colcon_core.package_identification:_identify(src) by extension 'ignore'
[0.376s] Level 1:colcon.colcon_core.package_identification:_identify(src) by extension 'ignore_ament_install'
[0.376s] Level 1:colcon.colcon_core.package_identification:_identify(src) by extensions ['colcon_pkg']
[0.376s] Level 1:colcon.colcon_core.package_identification:_identify(src) by extension 'colcon_pkg'
[0.376s] Level 1:colcon.colcon_core.package_identification:_identify(src) by extensions ['colcon_meta']
[0.376s] Level 1:colcon.colcon_core.package_identification:_identify(src) by extension 'colcon_meta'
[0.376s] Level 1:colcon.colcon_core.package_identification:_identify(src) by extensions ['ros']
[0.376s] Level 1:colcon.colcon_core.package_identification:_identify(src) by extension 'ros'
[0.376s] Level 1:colcon.colcon_core.package_identification:_identify(src) by extensions ['cmake', 'python']
[0.376s] Level 1:colcon.colcon_core.package_identification:_identify(src) by extension 'cmake'
[0.376s] Level 1:colcon.colcon_core.package_identification:_identify(src) by extension 'python'
[0.376s] Level 1:colcon.colcon_core.package_identification:_identify(src) by extensions ['python_setup_py']
[0.376s] Level 1:colcon.colcon_core.package_identification:_identify(src) by extension 'python_setup_py'
[0.377s] Level 1:colcon.colcon_core.package_identification:_identify(src/robot_desc) by extensions ['ignore', 'ignore_ament_install']
[0.377s] Level 1:colcon.colcon_core.package_identification:_identify(src/robot_desc) by extension 'ignore'
[0.377s] Level 1:colcon.colcon_core.package_identification:_identify(src/robot_desc) by extension 'ignore_ament_install'
[0.377s] Level 1:colcon.colcon_core.package_identification:_identify(src/robot_desc) by extensions ['colcon_pkg']
[0.377s] Level 1:colcon.colcon_core.package_identification:_identify(src/robot_desc) by extension 'colcon_pkg'
[0.377s] Level 1:colcon.colcon_core.package_identification:_identify(src/robot_desc) by extensions ['colcon_meta']
[0.377s] Level 1:colcon.colcon_core.package_identification:_identify(src/robot_desc) by extension 'colcon_meta'
[0.377s] Level 1:colcon.colcon_core.package_identification:_identify(src/robot_desc) by extensions ['ros']
[0.377s] Level 1:colcon.colcon_core.package_identification:_identify(src/robot_desc) by extension 'ros'
[0.380s] DEBUG:colcon.colcon_core.package_identification:Package 'src/robot_desc' with type 'ros.ament_cmake' and name 'robot_desc'
[0.380s] Level 1:colcon.colcon_core.package_discovery:discover_packages(recursive) using defaults
[0.380s] Level 1:colcon.colcon_core.package_discovery:discover_packages(ignore) discover
[0.380s] Level 1:colcon.colcon_core.package_discovery:discover_packages(ignore) using defaults
[0.380s] Level 1:colcon.colcon_core.package_discovery:discover_packages(path) discover
[0.380s] Level 1:colcon.colcon_core.package_discovery:discover_packages(path) using defaults
[0.425s] Level 1:colcon.colcon_core.package_discovery:discover_packages(prefix_path) check parameters
[0.426s] Level 1:colcon.colcon_core.package_discovery:discover_packages(prefix_path) discover
[0.428s] DEBUG:colcon.colcon_installed_package_information.package_discovery:Found 1 installed packages in /home/aoutir/rc_car/install
[0.430s] DEBUG:colcon.colcon_installed_package_information.package_discovery:Found 340 installed packages in /opt/ros/iron
[0.433s] Level 1:colcon.colcon_core.package_discovery:discover_packages(prefix_path) using defaults
[0.498s] Level 5:colcon.colcon_core.verb:set package 'robot_desc' build argument 'cmake_args' from command line to 'None'
[0.498s] Level 5:colcon.colcon_core.verb:set package 'robot_desc' build argument 'cmake_target' from command line to 'None'
[0.499s] Level 5:colcon.colcon_core.verb:set package 'robot_desc' build argument 'cmake_target_skip_unavailable' from command line to 'False'
[0.499s] Level 5:colcon.colcon_core.verb:set package 'robot_desc' build argument 'cmake_clean_cache' from command line to 'False'
[0.499s] Level 5:colcon.colcon_core.verb:set package 'robot_desc' build argument 'cmake_clean_first' from command line to 'False'
[0.499s] Level 5:colcon.colcon_core.verb:set package 'robot_desc' build argument 'cmake_force_configure' from command line to 'False'
[0.499s] Level 5:colcon.colcon_core.verb:set package 'robot_desc' build argument 'ament_cmake_args' from command line to 'None'
[0.499s] Level 5:colcon.colcon_core.verb:set package 'robot_desc' build argument 'catkin_cmake_args' from command line to 'None'
[0.499s] Level 5:colcon.colcon_core.verb:set package 'robot_desc' build argument 'catkin_skip_building_tests' from command line to 'False'
[0.499s] DEBUG:colcon.colcon_core.verb:Building package 'robot_desc' with the following arguments: {'ament_cmake_args': None, 'build_base': '/home/aoutir/rc_car/build/robot_desc', 'catkin_cmake_args': None, 'catkin_skip_building_tests': False, 'cmake_args': None, 'cmake_clean_cache': False, 'cmake_clean_first': False, 'cmake_force_configure': False, 'cmake_target': None, 'cmake_target_skip_unavailable': False, 'install_base': '/home/aoutir/rc_car/install/robot_desc', 'merge_install': False, 'path': '/home/aoutir/rc_car/src/robot_desc', 'symlink_install': False, 'test_result_base': None}
[0.499s] INFO:colcon.colcon_core.executor:Executing jobs using 'parallel' executor
[0.501s] DEBUG:colcon.colcon_parallel_executor.executor.parallel:run_until_complete
[0.501s] INFO:colcon.colcon_ros.task.ament_cmake.build:Building ROS package in '/home/aoutir/rc_car/src/robot_desc' with build type 'ament_cmake'
[0.501s] INFO:colcon.colcon_cmake.task.cmake.build:Building CMake package in '/home/aoutir/rc_car/src/robot_desc'
[0.506s] INFO:colcon.colcon_core.plugin_system:Skipping extension 'colcon_core.shell.bat': Not used on non-Windows systems
[0.506s] INFO:colcon.colcon_core.shell:Skip shell extension 'powershell' for command environment: Not usable outside of PowerShell
[0.507s] DEBUG:colcon.colcon_core.shell:Skip shell extension 'dsv' for command environment
[0.525s] DEBUG:colcon.colcon_core.event_handler.log_command:Invoking command in '/home/aoutir/rc_car/build/robot_desc': CMAKE_PREFIX_PATH=${CMAKE_PREFIX_PATH}:/opt/ros/iron /usr/bin/cmake --build /home/aoutir/rc_car/build/robot_desc -- -j2 -l2
[0.720s] DEBUG:colcon.colcon_core.event_handler.log_command:Invoked command in '/home/aoutir/rc_car/build/robot_desc' returned '0': CMAKE_PREFIX_PATH=${CMAKE_PREFIX_PATH}:/opt/ros/iron /usr/bin/cmake --build /home/aoutir/rc_car/build/robot_desc -- -j2 -l2
[0.869s] DEBUG:colcon.colcon_core.event_handler.log_command:Invoking command in '/home/aoutir/rc_car/build/robot_desc': CMAKE_PREFIX_PATH=${CMAKE_PREFIX_PATH}:/opt/ros/iron /usr/bin/cmake --install /home/aoutir/rc_car/build/robot_desc
[0.920s] Level 1:colcon.colcon_core.environment:create_environment_scripts_only(robot_desc)
[0.923s] Level 1:colcon.colcon_core.environment:checking '/home/aoutir/rc_car/install/robot_desc' for CMake module files
[0.923s] Level 1:colcon.colcon_core.environment:checking '/home/aoutir/rc_car/install/robot_desc' for CMake config files
[0.924s] Level 1:colcon.colcon_core.shell:create_environment_hook('robot_desc', 'cmake_prefix_path')
[0.924s] INFO:colcon.colcon_core.shell:Creating environment hook '/home/aoutir/rc_car/install/robot_desc/share/robot_desc/hook/cmake_prefix_path.ps1'
[0.925s] INFO:colcon.colcon_core.shell:Creating environment descriptor '/home/aoutir/rc_car/install/robot_desc/share/robot_desc/hook/cmake_prefix_path.dsv'
[0.928s] DEBUG:colcon.colcon_core.event_handler.log_command:Invoked command in '/home/aoutir/rc_car/build/robot_desc' returned '0': CMAKE_PREFIX_PATH=${CMAKE_PREFIX_PATH}:/opt/ros/iron /usr/bin/cmake --install /home/aoutir/rc_car/build/robot_desc
[0.928s] INFO:colcon.colcon_core.shell:Creating environment hook '/home/aoutir/rc_car/install/robot_desc/share/robot_desc/hook/cmake_prefix_path.sh'
[0.931s] Level 1:colcon.colcon_core.environment:checking '/home/aoutir/rc_car/install/robot_desc/bin'
[0.931s] Level 1:colcon.colcon_core.environment:checking '/home/aoutir/rc_car/install/robot_desc/lib/pkgconfig/robot_desc.pc'
[0.931s] Level 1:colcon.colcon_core.environment:checking '/home/aoutir/rc_car/install/robot_desc/lib/python3.10/site-packages'
[0.932s] Level 1:colcon.colcon_core.environment:checking '/home/aoutir/rc_car/install/robot_desc/bin'
[0.932s] INFO:colcon.colcon_core.shell:Creating package script '/home/aoutir/rc_car/install/robot_desc/share/robot_desc/package.ps1'
[0.934s] INFO:colcon.colcon_core.shell:Creating package descriptor '/home/aoutir/rc_car/install/robot_desc/share/robot_desc/package.dsv'
[0.935s] INFO:colcon.colcon_core.shell:Creating package script '/home/aoutir/rc_car/install/robot_desc/share/robot_desc/package.sh'
[0.937s] INFO:colcon.colcon_core.shell:Creating package script '/home/aoutir/rc_car/install/robot_desc/share/robot_desc/package.bash'
[0.939s] INFO:colcon.colcon_core.shell:Creating package script '/home/aoutir/rc_car/install/robot_desc/share/robot_desc/package.zsh'
[0.940s] Level 1:colcon.colcon_core.environment:create_file_with_runtime_dependencies(/home/aoutir/rc_car/install/robot_desc/share/colcon-core/packages/robot_desc)
[1.007s] Level 1:colcon.colcon_core.environment:create_environment_scripts_only(robot_desc)
[1.008s] Level 1:colcon.colcon_core.environment:checking '/home/aoutir/rc_car/install/robot_desc' for CMake module files
[1.009s] Level 1:colcon.colcon_core.environment:checking '/home/aoutir/rc_car/install/robot_desc' for CMake config files
[1.010s] Level 1:colcon.colcon_core.shell:create_environment_hook('robot_desc', 'cmake_prefix_path')
[1.012s] INFO:colcon.colcon_core.shell:Creating environment hook '/home/aoutir/rc_car/install/robot_desc/share/robot_desc/hook/cmake_prefix_path.ps1'
[1.013s] INFO:colcon.colcon_core.shell:Creating environment descriptor '/home/aoutir/rc_car/install/robot_desc/share/robot_desc/hook/cmake_prefix_path.dsv'
[1.015s] INFO:colcon.colcon_core.shell:Creating environment hook '/home/aoutir/rc_car/install/robot_desc/share/robot_desc/hook/cmake_prefix_path.sh'
[1.016s] Level 1:colcon.colcon_core.environment:checking '/home/aoutir/rc_car/install/robot_desc/bin'
[1.016s] Level 1:colcon.colcon_core.environment:checking '/home/aoutir/rc_car/install/robot_desc/lib/pkgconfig/robot_desc.pc'
[1.016s] Level 1:colcon.colcon_core.environment:checking '/home/aoutir/rc_car/install/robot_desc/lib/python3.10/site-packages'
[1.017s] Level 1:colcon.colcon_core.environment:checking '/home/aoutir/rc_car/install/robot_desc/bin'
[1.017s] INFO:colcon.colcon_core.shell:Creating package script '/home/aoutir/rc_car/install/robot_desc/share/robot_desc/package.ps1'
[1.018s] INFO:colcon.colcon_core.shell:Creating package descriptor '/home/aoutir/rc_car/install/robot_desc/share/robot_desc/package.dsv'
[1.020s] INFO:colcon.colcon_core.shell:Creating package script '/home/aoutir/rc_car/install/robot_desc/share/robot_desc/package.sh'
[1.021s] INFO:colcon.colcon_core.shell:Creating package script '/home/aoutir/rc_car/install/robot_desc/share/robot_desc/package.bash'
[1.022s] INFO:colcon.colcon_core.shell:Creating package script '/home/aoutir/rc_car/install/robot_desc/share/robot_desc/package.zsh'
[1.023s] Level 1:colcon.colcon_core.environment:create_file_with_runtime_dependencies(/home/aoutir/rc_car/install/robot_desc/share/colcon-core/packages/robot_desc)
[1.024s] DEBUG:colcon.colcon_parallel_executor.executor.parallel:closing loop
[1.025s] DEBUG:colcon.colcon_parallel_executor.executor.parallel:loop closed
[1.026s] DEBUG:colcon.colcon_parallel_executor.executor.parallel:run_until_complete finished with '0'
[1.026s] DEBUG:colcon.colcon_core.event_reactor:joining thread
[1.044s] INFO:colcon.colcon_core.plugin_system:Skipping extension 'colcon_notification.desktop_notification.terminal_notifier': Not used on non-Darwin systems
[1.044s] INFO:colcon.colcon_core.plugin_system:Skipping extension 'colcon_notification.desktop_notification.win32': Not used on non-Windows systems
[1.045s] INFO:colcon.colcon_notification.desktop_notification:Sending desktop notification using 'notify2'
[1.079s] DEBUG:colcon.colcon_core.event_reactor:joined thread
[1.081s] INFO:colcon.colcon_core.shell:Creating prefix script '/home/aoutir/rc_car/install/local_setup.ps1'
[1.084s] INFO:colcon.colcon_core.shell:Creating prefix util module '/home/aoutir/rc_car/install/_local_setup_util_ps1.py'
[1.088s] INFO:colcon.colcon_core.shell:Creating prefix chain script '/home/aoutir/rc_car/install/setup.ps1'
[1.090s] INFO:colcon.colcon_core.shell:Creating prefix script '/home/aoutir/rc_car/install/local_setup.sh'
[1.097s] INFO:colcon.colcon_core.shell:Creating prefix util module '/home/aoutir/rc_car/install/_local_setup_util_sh.py'
[1.098s] INFO:colcon.colcon_core.shell:Creating prefix chain script '/home/aoutir/rc_car/install/setup.sh'
[1.100s] INFO:colcon.colcon_core.shell:Creating prefix script '/home/aoutir/rc_car/install/local_setup.bash'
[1.101s] INFO:colcon.colcon_core.shell:Creating prefix chain script '/home/aoutir/rc_car/install/setup.bash'
[1.103s] INFO:colcon.colcon_core.shell:Creating prefix script '/home/aoutir/rc_car/install/local_setup.zsh'
[1.104s] INFO:colcon.colcon_core.shell:Creating prefix chain script '/home/aoutir/rc_car/install/setup.zsh'
