[0.091s] DEBUG:colcon:Command line arguments: ['/usr/bin/colcon', 'build']
[0.091s] DEBUG:colcon:Parsed command line arguments: Namespace(log_base=None, log_level=None, verb_name='build', build_base='build', install_base='install', merge_install=False, symlink_install=False, test_result_base=None, continue_on_error=False, executor='parallel', parallel_workers=8, event_handlers=None, ignore_user_meta=False, metas=['./colcon.meta'], base_paths=['.'], packages_ignore=None, packages_ignore_regex=None, paths=None, packages_up_to=None, packages_up_to_regex=None, packages_above=None, packages_above_and_dependencies=None, packages_above_depth=None, packages_select_by_dep=None, packages_skip_by_dep=None, packages_skip_up_to=None, packages_select_build_failed=False, packages_skip_build_finished=False, packages_select_test_failures=False, packages_skip_test_passed=False, packages_select=None, packages_skip=None, packages_select_regex=None, packages_skip_regex=None, packages_start=None, packages_end=None, allow_overriding=[], cmake_args=None, cmake_target=None, cmake_target_skip_unavailable=False, cmake_clean_cache=False, cmake_clean_first=False, cmake_force_configure=False, ament_cmake_args=None, catkin_cmake_args=None, catkin_skip_building_tests=False, verb_parser=<colcon_defaults.argument_parser.defaults.DefaultArgumentsDecorator object at 0x7e81feb15420>, verb_extension=<colcon_core.verb.build.BuildVerb object at 0x7e81fec0e050>, main=<bound method BuildVerb.main of <colcon_core.verb.build.BuildVerb object at 0x7e81fec0e050>>)
[0.245s] Level 1:colcon.colcon_core.package_discovery:discover_packages(colcon_meta) check parameters
[0.245s] Level 1:colcon.colcon_core.package_discovery:discover_packages(recursive) check parameters
[0.245s] Level 1:colcon.colcon_core.package_discovery:discover_packages(ignore) check parameters
[0.245s] Level 1:colcon.colcon_core.package_discovery:discover_packages(path) check parameters
[0.245s] Level 1:colcon.colcon_core.package_discovery:discover_packages(colcon_meta) discover
[0.245s] Level 1:colcon.colcon_core.package_discovery:discover_packages(recursive) discover
[0.245s] INFO:colcon.colcon_core.package_discovery:Crawling recursively for packages in '/home/abdou/A/rc_car/Auto-Car-Project'
[0.245s] Level 1:colcon.colcon_core.package_identification:_identify(.) by extensions ['ignore', 'ignore_ament_install']
[0.245s] Level 1:colcon.colcon_core.package_identification:_identify(.) by extension 'ignore'
[0.245s] Level 1:colcon.colcon_core.package_identification:_identify(.) by extension 'ignore_ament_install'
[0.245s] Level 1:colcon.colcon_core.package_identification:_identify(.) by extensions ['colcon_pkg']
[0.245s] Level 1:colcon.colcon_core.package_identification:_identify(.) by extension 'colcon_pkg'
[0.245s] Level 1:colcon.colcon_core.package_identification:_identify(.) by extensions ['colcon_meta']
[0.245s] Level 1:colcon.colcon_core.package_identification:_identify(.) by extension 'colcon_meta'
[0.245s] Level 1:colcon.colcon_core.package_identification:_identify(.) by extensions ['ros']
[0.245s] Level 1:colcon.colcon_core.package_identification:_identify(.) by extension 'ros'
[0.255s] Level 1:colcon.colcon_core.package_identification:_identify(.) by extensions ['cmake', 'python']
[0.255s] Level 1:colcon.colcon_core.package_identification:_identify(.) by extension 'cmake'
[0.255s] Level 1:colcon.colcon_core.package_identification:_identify(.) by extension 'python'
[0.255s] Level 1:colcon.colcon_core.package_identification:_identify(.) by extensions ['python_setup_py']
[0.255s] Level 1:colcon.colcon_core.package_identification:_identify(.) by extension 'python_setup_py'
[0.255s] Level 1:colcon.colcon_core.package_identification:_identify(build) by extensions ['ignore', 'ignore_ament_install']
[0.255s] Level 1:colcon.colcon_core.package_identification:_identify(build) by extension 'ignore'
[0.255s] Level 1:colcon.colcon_core.package_identification:_identify(build) ignored
[0.255s] Level 1:colcon.colcon_core.package_identification:_identify(install) by extensions ['ignore', 'ignore_ament_install']
[0.255s] Level 1:colcon.colcon_core.package_identification:_identify(install) by extension 'ignore'
[0.255s] Level 1:colcon.colcon_core.package_identification:_identify(install) ignored
[0.255s] Level 1:colcon.colcon_core.package_identification:_identify(log) by extensions ['ignore', 'ignore_ament_install']
[0.256s] Level 1:colcon.colcon_core.package_identification:_identify(log) by extension 'ignore'
[0.256s] Level 1:colcon.colcon_core.package_identification:_identify(log) ignored
[0.256s] Level 1:colcon.colcon_core.package_identification:_identify(src) by extensions ['ignore', 'ignore_ament_install']
[0.256s] Level 1:colcon.colcon_core.package_identification:_identify(src) by extension 'ignore'
[0.256s] Level 1:colcon.colcon_core.package_identification:_identify(src) by extension 'ignore_ament_install'
[0.256s] Level 1:colcon.colcon_core.package_identification:_identify(src) by extensions ['colcon_pkg']
[0.256s] Level 1:colcon.colcon_core.package_identification:_identify(src) by extension 'colcon_pkg'
[0.256s] Level 1:colcon.colcon_core.package_identification:_identify(src) by extensions ['colcon_meta']
[0.256s] Level 1:colcon.colcon_core.package_identification:_identify(src) by extension 'colcon_meta'
[0.256s] Level 1:colcon.colcon_core.package_identification:_identify(src) by extensions ['ros']
[0.256s] Level 1:colcon.colcon_core.package_identification:_identify(src) by extension 'ros'
[0.256s] Level 1:colcon.colcon_core.package_identification:_identify(src) by extensions ['cmake', 'python']
[0.256s] Level 1:colcon.colcon_core.package_identification:_identify(src) by extension 'cmake'
[0.256s] Level 1:colcon.colcon_core.package_identification:_identify(src) by extension 'python'
[0.256s] Level 1:colcon.colcon_core.package_identification:_identify(src) by extensions ['python_setup_py']
[0.256s] Level 1:colcon.colcon_core.package_identification:_identify(src) by extension 'python_setup_py'
[0.256s] Level 1:colcon.colcon_core.package_identification:_identify(src/robot_controller) by extensions ['ignore', 'ignore_ament_install']
[0.257s] Level 1:colcon.colcon_core.package_identification:_identify(src/robot_controller) by extension 'ignore'
[0.257s] Level 1:colcon.colcon_core.package_identification:_identify(src/robot_controller) by extension 'ignore_ament_install'
[0.257s] Level 1:colcon.colcon_core.package_identification:_identify(src/robot_controller) by extensions ['colcon_pkg']
[0.257s] Level 1:colcon.colcon_core.package_identification:_identify(src/robot_controller) by extension 'colcon_pkg'
[0.257s] Level 1:colcon.colcon_core.package_identification:_identify(src/robot_controller) by extensions ['colcon_meta']
[0.257s] Level 1:colcon.colcon_core.package_identification:_identify(src/robot_controller) by extension 'colcon_meta'
[0.257s] Level 1:colcon.colcon_core.package_identification:_identify(src/robot_controller) by extensions ['ros']
[0.257s] Level 1:colcon.colcon_core.package_identification:_identify(src/robot_controller) by extension 'ros'
[0.259s] DEBUG:colcon.colcon_core.package_identification:Package 'src/robot_controller' with type 'ros.ament_cmake' and name 'robot_controller'
[0.259s] Level 1:colcon.colcon_core.package_identification:_identify(src/robot_desc) by extensions ['ignore', 'ignore_ament_install']
[0.259s] Level 1:colcon.colcon_core.package_identification:_identify(src/robot_desc) by extension 'ignore'
[0.259s] Level 1:colcon.colcon_core.package_identification:_identify(src/robot_desc) by extension 'ignore_ament_install'
[0.259s] Level 1:colcon.colcon_core.package_identification:_identify(src/robot_desc) by extensions ['colcon_pkg']
[0.259s] Level 1:colcon.colcon_core.package_identification:_identify(src/robot_desc) by extension 'colcon_pkg'
[0.259s] Level 1:colcon.colcon_core.package_identification:_identify(src/robot_desc) by extensions ['colcon_meta']
[0.259s] Level 1:colcon.colcon_core.package_identification:_identify(src/robot_desc) by extension 'colcon_meta'
[0.259s] Level 1:colcon.colcon_core.package_identification:_identify(src/robot_desc) by extensions ['ros']
[0.259s] Level 1:colcon.colcon_core.package_identification:_identify(src/robot_desc) by extension 'ros'
[0.260s] DEBUG:colcon.colcon_core.package_identification:Package 'src/robot_desc' with type 'ros.ament_cmake' and name 'robot_desc'
[0.260s] Level 1:colcon.colcon_core.package_discovery:discover_packages(recursive) using defaults
[0.260s] Level 1:colcon.colcon_core.package_discovery:discover_packages(ignore) discover
[0.260s] Level 1:colcon.colcon_core.package_discovery:discover_packages(ignore) using defaults
[0.260s] Level 1:colcon.colcon_core.package_discovery:discover_packages(path) discover
[0.260s] Level 1:colcon.colcon_core.package_discovery:discover_packages(path) using defaults
[0.289s] Level 1:colcon.colcon_core.package_discovery:discover_packages(prefix_path) check parameters
[0.289s] Level 1:colcon.colcon_core.package_discovery:discover_packages(prefix_path) discover
[0.291s] DEBUG:colcon.colcon_installed_package_information.package_discovery:Found 344 installed packages in /opt/ros/iron
[0.293s] Level 1:colcon.colcon_core.package_discovery:discover_packages(prefix_path) using defaults
[0.335s] Level 5:colcon.colcon_core.verb:set package 'robot_controller' build argument 'cmake_args' from command line to 'None'
[0.335s] Level 5:colcon.colcon_core.verb:set package 'robot_controller' build argument 'cmake_target' from command line to 'None'
[0.335s] Level 5:colcon.colcon_core.verb:set package 'robot_controller' build argument 'cmake_target_skip_unavailable' from command line to 'False'
[0.335s] Level 5:colcon.colcon_core.verb:set package 'robot_controller' build argument 'cmake_clean_cache' from command line to 'False'
[0.335s] Level 5:colcon.colcon_core.verb:set package 'robot_controller' build argument 'cmake_clean_first' from command line to 'False'
[0.335s] Level 5:colcon.colcon_core.verb:set package 'robot_controller' build argument 'cmake_force_configure' from command line to 'False'
[0.335s] Level 5:colcon.colcon_core.verb:set package 'robot_controller' build argument 'ament_cmake_args' from command line to 'None'
[0.335s] Level 5:colcon.colcon_core.verb:set package 'robot_controller' build argument 'catkin_cmake_args' from command line to 'None'
[0.335s] Level 5:colcon.colcon_core.verb:set package 'robot_controller' build argument 'catkin_skip_building_tests' from command line to 'False'
[0.335s] DEBUG:colcon.colcon_core.verb:Building package 'robot_controller' with the following arguments: {'ament_cmake_args': None, 'build_base': '/home/abdou/A/rc_car/Auto-Car-Project/build/robot_controller', 'catkin_cmake_args': None, 'catkin_skip_building_tests': False, 'cmake_args': None, 'cmake_clean_cache': False, 'cmake_clean_first': False, 'cmake_force_configure': False, 'cmake_target': None, 'cmake_target_skip_unavailable': False, 'install_base': '/home/abdou/A/rc_car/Auto-Car-Project/install/robot_controller', 'merge_install': False, 'path': '/home/abdou/A/rc_car/Auto-Car-Project/src/robot_controller', 'symlink_install': False, 'test_result_base': None}
[0.336s] Level 5:colcon.colcon_core.verb:set package 'robot_desc' build argument 'cmake_args' from command line to 'None'
[0.336s] Level 5:colcon.colcon_core.verb:set package 'robot_desc' build argument 'cmake_target' from command line to 'None'
[0.336s] Level 5:colcon.colcon_core.verb:set package 'robot_desc' build argument 'cmake_target_skip_unavailable' from command line to 'False'
[0.336s] Level 5:colcon.colcon_core.verb:set package 'robot_desc' build argument 'cmake_clean_cache' from command line to 'False'
[0.336s] Level 5:colcon.colcon_core.verb:set package 'robot_desc' build argument 'cmake_clean_first' from command line to 'False'
[0.336s] Level 5:colcon.colcon_core.verb:set package 'robot_desc' build argument 'cmake_force_configure' from command line to 'False'
[0.336s] Level 5:colcon.colcon_core.verb:set package 'robot_desc' build argument 'ament_cmake_args' from command line to 'None'
[0.336s] Level 5:colcon.colcon_core.verb:set package 'robot_desc' build argument 'catkin_cmake_args' from command line to 'None'
[0.336s] Level 5:colcon.colcon_core.verb:set package 'robot_desc' build argument 'catkin_skip_building_tests' from command line to 'False'
[0.336s] DEBUG:colcon.colcon_core.verb:Building package 'robot_desc' with the following arguments: {'ament_cmake_args': None, 'build_base': '/home/abdou/A/rc_car/Auto-Car-Project/build/robot_desc', 'catkin_cmake_args': None, 'catkin_skip_building_tests': False, 'cmake_args': None, 'cmake_clean_cache': False, 'cmake_clean_first': False, 'cmake_force_configure': False, 'cmake_target': None, 'cmake_target_skip_unavailable': False, 'install_base': '/home/abdou/A/rc_car/Auto-Car-Project/install/robot_desc', 'merge_install': False, 'path': '/home/abdou/A/rc_car/Auto-Car-Project/src/robot_desc', 'symlink_install': False, 'test_result_base': None}
[0.336s] INFO:colcon.colcon_core.executor:Executing jobs using 'parallel' executor
[0.337s] DEBUG:colcon.colcon_parallel_executor.executor.parallel:run_until_complete
[0.337s] INFO:colcon.colcon_ros.task.ament_cmake.build:Building ROS package in '/home/abdou/A/rc_car/Auto-Car-Project/src/robot_controller' with build type 'ament_cmake'
[0.337s] INFO:colcon.colcon_cmake.task.cmake.build:Building CMake package in '/home/abdou/A/rc_car/Auto-Car-Project/src/robot_controller'
[0.339s] INFO:colcon.colcon_core.plugin_system:Skipping extension 'colcon_core.shell.bat': Not used on non-Windows systems
[0.339s] INFO:colcon.colcon_core.shell:Skip shell extension 'powershell' for command environment: Not usable outside of PowerShell
[0.339s] DEBUG:colcon.colcon_core.shell:Skip shell extension 'dsv' for command environment
[0.342s] INFO:colcon.colcon_ros.task.ament_cmake.build:Building ROS package in '/home/abdou/A/rc_car/Auto-Car-Project/src/robot_desc' with build type 'ament_cmake'
[0.342s] INFO:colcon.colcon_cmake.task.cmake.build:Building CMake package in '/home/abdou/A/rc_car/Auto-Car-Project/src/robot_desc'
[0.342s] INFO:colcon.colcon_core.shell:Skip shell extension 'powershell' for command environment: Not usable outside of PowerShell
[0.343s] DEBUG:colcon.colcon_core.shell:Skip shell extension 'dsv' for command environment
[0.351s] DEBUG:colcon.colcon_core.event_handler.log_command:Invoking command in '/home/abdou/A/rc_car/Auto-Car-Project/build/robot_controller': CMAKE_PREFIX_PATH=/opt/ros/iron /usr/bin/cmake --build /home/abdou/A/rc_car/Auto-Car-Project/build/robot_controller -- -j8 -l8
[0.355s] DEBUG:colcon.colcon_core.event_handler.log_command:Invoking command in '/home/abdou/A/rc_car/Auto-Car-Project/build/robot_desc': CMAKE_PREFIX_PATH=/opt/ros/iron /usr/bin/cmake --build /home/abdou/A/rc_car/Auto-Car-Project/build/robot_desc -- -j8 -l8
[0.395s] DEBUG:colcon.colcon_core.event_handler.log_command:Invoked command in '/home/abdou/A/rc_car/Auto-Car-Project/build/robot_desc' returned '0': CMAKE_PREFIX_PATH=/opt/ros/iron /usr/bin/cmake --build /home/abdou/A/rc_car/Auto-Car-Project/build/robot_desc -- -j8 -l8
[0.423s] DEBUG:colcon.colcon_core.event_handler.log_command:Invoking command in '/home/abdou/A/rc_car/Auto-Car-Project/build/robot_desc': CMAKE_PREFIX_PATH=/opt/ros/iron /usr/bin/cmake --install /home/abdou/A/rc_car/Auto-Car-Project/build/robot_desc
[0.433s] Level 1:colcon.colcon_core.environment:create_environment_scripts_only(robot_desc)
[0.437s] DEBUG:colcon.colcon_core.event_handler.log_command:Invoked command in '/home/abdou/A/rc_car/Auto-Car-Project/build/robot_desc' returned '0': CMAKE_PREFIX_PATH=/opt/ros/iron /usr/bin/cmake --install /home/abdou/A/rc_car/Auto-Car-Project/build/robot_desc
[0.437s] Level 1:colcon.colcon_core.environment:checking '/home/abdou/A/rc_car/Auto-Car-Project/install/robot_desc' for CMake module files
[0.438s] Level 1:colcon.colcon_core.environment:checking '/home/abdou/A/rc_car/Auto-Car-Project/install/robot_desc' for CMake config files
[0.438s] Level 1:colcon.colcon_core.shell:create_environment_hook('robot_desc', 'cmake_prefix_path')
[0.438s] INFO:colcon.colcon_core.shell:Creating environment hook '/home/abdou/A/rc_car/Auto-Car-Project/install/robot_desc/share/robot_desc/hook/cmake_prefix_path.ps1'
[0.439s] INFO:colcon.colcon_core.shell:Creating environment descriptor '/home/abdou/A/rc_car/Auto-Car-Project/install/robot_desc/share/robot_desc/hook/cmake_prefix_path.dsv'
[0.439s] INFO:colcon.colcon_core.shell:Creating environment hook '/home/abdou/A/rc_car/Auto-Car-Project/install/robot_desc/share/robot_desc/hook/cmake_prefix_path.sh'
[0.440s] Level 1:colcon.colcon_core.environment:checking '/home/abdou/A/rc_car/Auto-Car-Project/install/robot_desc/bin'
[0.440s] Level 1:colcon.colcon_core.environment:checking '/home/abdou/A/rc_car/Auto-Car-Project/install/robot_desc/lib/pkgconfig/robot_desc.pc'
[0.441s] Level 1:colcon.colcon_core.environment:checking '/home/abdou/A/rc_car/Auto-Car-Project/install/robot_desc/lib/python3.10/site-packages'
[0.441s] Level 1:colcon.colcon_core.environment:checking '/home/abdou/A/rc_car/Auto-Car-Project/install/robot_desc/bin'
[0.441s] INFO:colcon.colcon_core.shell:Creating package script '/home/abdou/A/rc_car/Auto-Car-Project/install/robot_desc/share/robot_desc/package.ps1'
[0.442s] INFO:colcon.colcon_core.shell:Creating package descriptor '/home/abdou/A/rc_car/Auto-Car-Project/install/robot_desc/share/robot_desc/package.dsv'
[0.443s] INFO:colcon.colcon_core.shell:Creating package script '/home/abdou/A/rc_car/Auto-Car-Project/install/robot_desc/share/robot_desc/package.sh'
[0.444s] INFO:colcon.colcon_core.shell:Creating package script '/home/abdou/A/rc_car/Auto-Car-Project/install/robot_desc/share/robot_desc/package.bash'
[0.444s] INFO:colcon.colcon_core.shell:Creating package script '/home/abdou/A/rc_car/Auto-Car-Project/install/robot_desc/share/robot_desc/package.zsh'
[0.445s] Level 1:colcon.colcon_core.environment:create_file_with_runtime_dependencies(/home/abdou/A/rc_car/Auto-Car-Project/install/robot_desc/share/colcon-core/packages/robot_desc)
[0.473s] Level 1:colcon.colcon_core.environment:create_environment_scripts_only(robot_desc)
[0.473s] Level 1:colcon.colcon_core.environment:checking '/home/abdou/A/rc_car/Auto-Car-Project/install/robot_desc' for CMake module files
[0.474s] Level 1:colcon.colcon_core.environment:checking '/home/abdou/A/rc_car/Auto-Car-Project/install/robot_desc' for CMake config files
[0.474s] Level 1:colcon.colcon_core.shell:create_environment_hook('robot_desc', 'cmake_prefix_path')
[0.474s] INFO:colcon.colcon_core.shell:Creating environment hook '/home/abdou/A/rc_car/Auto-Car-Project/install/robot_desc/share/robot_desc/hook/cmake_prefix_path.ps1'
[0.475s] INFO:colcon.colcon_core.shell:Creating environment descriptor '/home/abdou/A/rc_car/Auto-Car-Project/install/robot_desc/share/robot_desc/hook/cmake_prefix_path.dsv'
[0.476s] INFO:colcon.colcon_core.shell:Creating environment hook '/home/abdou/A/rc_car/Auto-Car-Project/install/robot_desc/share/robot_desc/hook/cmake_prefix_path.sh'
[0.476s] Level 1:colcon.colcon_core.environment:checking '/home/abdou/A/rc_car/Auto-Car-Project/install/robot_desc/bin'
[0.476s] Level 1:colcon.colcon_core.environment:checking '/home/abdou/A/rc_car/Auto-Car-Project/install/robot_desc/lib/pkgconfig/robot_desc.pc'
[0.477s] Level 1:colcon.colcon_core.environment:checking '/home/abdou/A/rc_car/Auto-Car-Project/install/robot_desc/lib/python3.10/site-packages'
[0.477s] Level 1:colcon.colcon_core.environment:checking '/home/abdou/A/rc_car/Auto-Car-Project/install/robot_desc/bin'
[0.478s] INFO:colcon.colcon_core.shell:Creating package script '/home/abdou/A/rc_car/Auto-Car-Project/install/robot_desc/share/robot_desc/package.ps1'
[0.479s] INFO:colcon.colcon_core.shell:Creating package descriptor '/home/abdou/A/rc_car/Auto-Car-Project/install/robot_desc/share/robot_desc/package.dsv'
[0.480s] INFO:colcon.colcon_core.shell:Creating package script '/home/abdou/A/rc_car/Auto-Car-Project/install/robot_desc/share/robot_desc/package.sh'
[0.481s] INFO:colcon.colcon_core.shell:Creating package script '/home/abdou/A/rc_car/Auto-Car-Project/install/robot_desc/share/robot_desc/package.bash'
[0.481s] INFO:colcon.colcon_core.shell:Creating package script '/home/abdou/A/rc_car/Auto-Car-Project/install/robot_desc/share/robot_desc/package.zsh'
[0.481s] Level 1:colcon.colcon_core.environment:create_file_with_runtime_dependencies(/home/abdou/A/rc_car/Auto-Car-Project/install/robot_desc/share/colcon-core/packages/robot_desc)
[0.729s] DEBUG:colcon.colcon_core.event_handler.log_command:Invoked command in '/home/abdou/A/rc_car/Auto-Car-Project/build/robot_controller' returned '0': CMAKE_PREFIX_PATH=/opt/ros/iron /usr/bin/cmake --build /home/abdou/A/rc_car/Auto-Car-Project/build/robot_controller -- -j8 -l8
[0.752s] DEBUG:colcon.colcon_core.event_handler.log_command:Invoking command in '/home/abdou/A/rc_car/Auto-Car-Project/build/robot_controller': CMAKE_PREFIX_PATH=/opt/ros/iron /usr/bin/cmake --install /home/abdou/A/rc_car/Auto-Car-Project/build/robot_controller
[0.808s] Level 1:colcon.colcon_core.environment:create_environment_scripts_only(robot_controller)
[0.808s] Level 1:colcon.colcon_core.environment:checking '/home/abdou/A/rc_car/Auto-Car-Project/install/robot_controller' for CMake module files
[0.809s] DEBUG:colcon.colcon_core.event_handler.log_command:Invoked command in '/home/abdou/A/rc_car/Auto-Car-Project/build/robot_controller' returned '0': CMAKE_PREFIX_PATH=/opt/ros/iron /usr/bin/cmake --install /home/abdou/A/rc_car/Auto-Car-Project/build/robot_controller
[0.809s] Level 1:colcon.colcon_core.environment:checking '/home/abdou/A/rc_car/Auto-Car-Project/install/robot_controller' for CMake config files
[0.809s] Level 1:colcon.colcon_core.shell:create_environment_hook('robot_controller', 'cmake_prefix_path')
[0.810s] INFO:colcon.colcon_core.shell:Creating environment hook '/home/abdou/A/rc_car/Auto-Car-Project/install/robot_controller/share/robot_controller/hook/cmake_prefix_path.ps1'
[0.810s] INFO:colcon.colcon_core.shell:Creating environment descriptor '/home/abdou/A/rc_car/Auto-Car-Project/install/robot_controller/share/robot_controller/hook/cmake_prefix_path.dsv'
[0.810s] INFO:colcon.colcon_core.shell:Creating environment hook '/home/abdou/A/rc_car/Auto-Car-Project/install/robot_controller/share/robot_controller/hook/cmake_prefix_path.sh'
[0.811s] Level 1:colcon.colcon_core.environment:checking '/home/abdou/A/rc_car/Auto-Car-Project/install/robot_controller/lib'
[0.811s] Level 1:colcon.colcon_core.environment:checking '/home/abdou/A/rc_car/Auto-Car-Project/install/robot_controller/bin'
[0.811s] Level 1:colcon.colcon_core.environment:checking '/home/abdou/A/rc_car/Auto-Car-Project/install/robot_controller/lib/pkgconfig/robot_controller.pc'
[0.811s] Level 1:colcon.colcon_core.environment:checking '/home/abdou/A/rc_car/Auto-Car-Project/install/robot_controller/lib/python3.10/site-packages'
[0.812s] Level 1:colcon.colcon_core.shell:create_environment_hook('robot_controller', 'pythonpath')
[0.812s] INFO:colcon.colcon_core.shell:Creating environment hook '/home/abdou/A/rc_car/Auto-Car-Project/install/robot_controller/share/robot_controller/hook/pythonpath.ps1'
[0.812s] INFO:colcon.colcon_core.shell:Creating environment descriptor '/home/abdou/A/rc_car/Auto-Car-Project/install/robot_controller/share/robot_controller/hook/pythonpath.dsv'
[0.813s] INFO:colcon.colcon_core.shell:Creating environment hook '/home/abdou/A/rc_car/Auto-Car-Project/install/robot_controller/share/robot_controller/hook/pythonpath.sh'
[0.813s] Level 1:colcon.colcon_core.environment:checking '/home/abdou/A/rc_car/Auto-Car-Project/install/robot_controller/bin'
[0.813s] INFO:colcon.colcon_core.shell:Creating package script '/home/abdou/A/rc_car/Auto-Car-Project/install/robot_controller/share/robot_controller/package.ps1'
[0.814s] INFO:colcon.colcon_core.shell:Creating package descriptor '/home/abdou/A/rc_car/Auto-Car-Project/install/robot_controller/share/robot_controller/package.dsv'
[0.814s] INFO:colcon.colcon_core.shell:Creating package script '/home/abdou/A/rc_car/Auto-Car-Project/install/robot_controller/share/robot_controller/package.sh'
[0.815s] INFO:colcon.colcon_core.shell:Creating package script '/home/abdou/A/rc_car/Auto-Car-Project/install/robot_controller/share/robot_controller/package.bash'
[0.815s] INFO:colcon.colcon_core.shell:Creating package script '/home/abdou/A/rc_car/Auto-Car-Project/install/robot_controller/share/robot_controller/package.zsh'
[0.815s] Level 1:colcon.colcon_core.environment:create_file_with_runtime_dependencies(/home/abdou/A/rc_car/Auto-Car-Project/install/robot_controller/share/colcon-core/packages/robot_controller)
[0.835s] Level 1:colcon.colcon_core.environment:create_environment_scripts_only(robot_controller)
[0.835s] Level 1:colcon.colcon_core.environment:checking '/home/abdou/A/rc_car/Auto-Car-Project/install/robot_controller' for CMake module files
[0.835s] Level 1:colcon.colcon_core.environment:checking '/home/abdou/A/rc_car/Auto-Car-Project/install/robot_controller' for CMake config files
[0.836s] Level 1:colcon.colcon_core.shell:create_environment_hook('robot_controller', 'cmake_prefix_path')
[0.836s] INFO:colcon.colcon_core.shell:Creating environment hook '/home/abdou/A/rc_car/Auto-Car-Project/install/robot_controller/share/robot_controller/hook/cmake_prefix_path.ps1'
[0.836s] INFO:colcon.colcon_core.shell:Creating environment descriptor '/home/abdou/A/rc_car/Auto-Car-Project/install/robot_controller/share/robot_controller/hook/cmake_prefix_path.dsv'
[0.837s] INFO:colcon.colcon_core.shell:Creating environment hook '/home/abdou/A/rc_car/Auto-Car-Project/install/robot_controller/share/robot_controller/hook/cmake_prefix_path.sh'
[0.837s] Level 1:colcon.colcon_core.environment:checking '/home/abdou/A/rc_car/Auto-Car-Project/install/robot_controller/lib'
[0.837s] Level 1:colcon.colcon_core.environment:checking '/home/abdou/A/rc_car/Auto-Car-Project/install/robot_controller/bin'
[0.837s] Level 1:colcon.colcon_core.environment:checking '/home/abdou/A/rc_car/Auto-Car-Project/install/robot_controller/lib/pkgconfig/robot_controller.pc'
[0.837s] Level 1:colcon.colcon_core.environment:checking '/home/abdou/A/rc_car/Auto-Car-Project/install/robot_controller/lib/python3.10/site-packages'
[0.837s] Level 1:colcon.colcon_core.shell:create_environment_hook('robot_controller', 'pythonpath')
[0.838s] INFO:colcon.colcon_core.shell:Creating environment hook '/home/abdou/A/rc_car/Auto-Car-Project/install/robot_controller/share/robot_controller/hook/pythonpath.ps1'
[0.838s] INFO:colcon.colcon_core.shell:Creating environment descriptor '/home/abdou/A/rc_car/Auto-Car-Project/install/robot_controller/share/robot_controller/hook/pythonpath.dsv'
[0.838s] INFO:colcon.colcon_core.shell:Creating environment hook '/home/abdou/A/rc_car/Auto-Car-Project/install/robot_controller/share/robot_controller/hook/pythonpath.sh'
[0.839s] Level 1:colcon.colcon_core.environment:checking '/home/abdou/A/rc_car/Auto-Car-Project/install/robot_controller/bin'
[0.839s] INFO:colcon.colcon_core.shell:Creating package script '/home/abdou/A/rc_car/Auto-Car-Project/install/robot_controller/share/robot_controller/package.ps1'
[0.840s] INFO:colcon.colcon_core.shell:Creating package descriptor '/home/abdou/A/rc_car/Auto-Car-Project/install/robot_controller/share/robot_controller/package.dsv'
[0.840s] INFO:colcon.colcon_core.shell:Creating package script '/home/abdou/A/rc_car/Auto-Car-Project/install/robot_controller/share/robot_controller/package.sh'
[0.840s] INFO:colcon.colcon_core.shell:Creating package script '/home/abdou/A/rc_car/Auto-Car-Project/install/robot_controller/share/robot_controller/package.bash'
[0.841s] INFO:colcon.colcon_core.shell:Creating package script '/home/abdou/A/rc_car/Auto-Car-Project/install/robot_controller/share/robot_controller/package.zsh'
[0.841s] Level 1:colcon.colcon_core.environment:create_file_with_runtime_dependencies(/home/abdou/A/rc_car/Auto-Car-Project/install/robot_controller/share/colcon-core/packages/robot_controller)
[0.841s] DEBUG:colcon.colcon_parallel_executor.executor.parallel:closing loop
[0.842s] DEBUG:colcon.colcon_parallel_executor.executor.parallel:loop closed
[0.842s] DEBUG:colcon.colcon_parallel_executor.executor.parallel:run_until_complete finished with '0'
[0.842s] DEBUG:colcon.colcon_core.event_reactor:joining thread
[0.847s] INFO:colcon.colcon_core.plugin_system:Skipping extension 'colcon_notification.desktop_notification.terminal_notifier': Not used on non-Darwin systems
[0.847s] INFO:colcon.colcon_core.plugin_system:Skipping extension 'colcon_notification.desktop_notification.win32': Not used on non-Windows systems
[0.847s] INFO:colcon.colcon_notification.desktop_notification:Sending desktop notification using 'notify2'
[0.861s] DEBUG:colcon.colcon_core.event_reactor:joined thread
[0.862s] INFO:colcon.colcon_core.shell:Creating prefix script '/home/abdou/A/rc_car/Auto-Car-Project/install/local_setup.ps1'
[0.863s] INFO:colcon.colcon_core.shell:Creating prefix util module '/home/abdou/A/rc_car/Auto-Car-Project/install/_local_setup_util_ps1.py'
[0.864s] INFO:colcon.colcon_core.shell:Creating prefix chain script '/home/abdou/A/rc_car/Auto-Car-Project/install/setup.ps1'
[0.866s] INFO:colcon.colcon_core.shell:Creating prefix script '/home/abdou/A/rc_car/Auto-Car-Project/install/local_setup.sh'
[0.871s] INFO:colcon.colcon_core.shell:Creating prefix util module '/home/abdou/A/rc_car/Auto-Car-Project/install/_local_setup_util_sh.py'
[0.873s] INFO:colcon.colcon_core.shell:Creating prefix chain script '/home/abdou/A/rc_car/Auto-Car-Project/install/setup.sh'
[0.875s] INFO:colcon.colcon_core.shell:Creating prefix script '/home/abdou/A/rc_car/Auto-Car-Project/install/local_setup.bash'
[0.876s] INFO:colcon.colcon_core.shell:Creating prefix chain script '/home/abdou/A/rc_car/Auto-Car-Project/install/setup.bash'
[0.877s] INFO:colcon.colcon_core.shell:Creating prefix script '/home/abdou/A/rc_car/Auto-Car-Project/install/local_setup.zsh'
[0.878s] INFO:colcon.colcon_core.shell:Creating prefix chain script '/home/abdou/A/rc_car/Auto-Car-Project/install/setup.zsh'
