running egg_info
writing ../../build/robot_sample_example/robot_sample_example.egg-info/PKG-INFO
writing dependency_links to ../../build/robot_sample_example/robot_sample_example.egg-info/dependency_links.txt
writing entry points to ../../build/robot_sample_example/robot_sample_example.egg-info/entry_points.txt
writing requirements to ../../build/robot_sample_example/robot_sample_example.egg-info/requires.txt
writing top-level names to ../../build/robot_sample_example/robot_sample_example.egg-info/top_level.txt
reading manifest file '../../build/robot_sample_example/robot_sample_example.egg-info/SOURCES.txt'
writing manifest file '../../build/robot_sample_example/robot_sample_example.egg-info/SOURCES.txt'
running build
running build_py
running install
running install_lib
creating /home/aoutir/rc_car/install/robot_sample_example/lib/python3.10/site-packages/robot_sample_example
copying /home/aoutir/rc_car/build/robot_sample_example/build/lib/robot_sample_example/create_parameter.py -> /home/aoutir/rc_car/install/robot_sample_example/lib/python3.10/site-packages/robot_sample_example
copying /home/aoutir/rc_car/build/robot_sample_example/build/lib/robot_sample_example/__init__.py -> /home/aoutir/rc_car/install/robot_sample_example/lib/python3.10/site-packages/robot_sample_example
byte-compiling /home/aoutir/rc_car/install/robot_sample_example/lib/python3.10/site-packages/robot_sample_example/create_parameter.py to create_parameter.cpython-310.pyc
byte-compiling /home/aoutir/rc_car/install/robot_sample_example/lib/python3.10/site-packages/robot_sample_example/__init__.py to __init__.cpython-310.pyc
running install_data
creating /home/aoutir/rc_car/install/robot_sample_example/share/ament_index
creating /home/aoutir/rc_car/install/robot_sample_example/share/ament_index/resource_index
creating /home/aoutir/rc_car/install/robot_sample_example/share/ament_index/resource_index/packages
copying resource/robot_sample_example -> /home/aoutir/rc_car/install/robot_sample_example/share/ament_index/resource_index/packages
copying package.xml -> /home/aoutir/rc_car/install/robot_sample_example/share/robot_sample_example
running install_egg_info
Copying ../../build/robot_sample_example/robot_sample_example.egg-info to /home/aoutir/rc_car/install/robot_sample_example/lib/python3.10/site-packages/robot_sample_example-0.0.0-py3.10.egg-info
running install_scripts
Installing create_parameter script to /home/aoutir/rc_car/install/robot_sample_example/lib/robot_sample_example
writing list of installed files to '/home/aoutir/rc_car/build/robot_sample_example/install.log'
