[0.019s] Invoking command in '/home/aoutir/rc_car/build/robot_controller': CMAKE_PREFIX_PATH=${CMAKE_PREFIX_PATH}:/home/aoutir/rc_car/install/robot_sample_example:/opt/ros/iron /usr/bin/cmake --build /home/aoutir/rc_car/build/robot_controller -- -j2 -l2
[0.140s] Invoked command in '/home/aoutir/rc_car/build/robot_controller' returned '0': CMAKE_PREFIX_PATH=${CMAKE_PREFIX_PATH}:/home/aoutir/rc_car/install/robot_sample_example:/opt/ros/iron /usr/bin/cmake --build /home/aoutir/rc_car/build/robot_controller -- -j2 -l2
[0.342s] Invoking command in '/home/aoutir/rc_car/build/robot_controller': CMAKE_PREFIX_PATH=${CMAKE_PREFIX_PATH}:/home/aoutir/rc_car/install/robot_sample_example:/opt/ros/iron /usr/bin/cmake --install /home/aoutir/rc_car/build/robot_controller
[0.381s] -- Install configuration: ""
[0.382s] -- Up-to-date: /home/aoutir/rc_car/install/robot_controller/share/robot_controller/config
[0.382s] -- Up-to-date: /home/aoutir/rc_car/install/robot_controller/share/robot_controller/config/robot_controllers.yaml
[0.382s] -- Up-to-date: /home/aoutir/rc_car/install/robot_controller/share/robot_controller/launch
[0.382s] -- Installing: /home/aoutir/rc_car/install/robot_controller/share/robot_controller/launch/controller.launch.py
[0.383s] -- Up-to-date: /home/aoutir/rc_car/install/robot_controller/share/ament_index/resource_index/package_run_dependencies/robot_controller
[0.383s] -- Up-to-date: /home/aoutir/rc_car/install/robot_controller/share/ament_index/resource_index/parent_prefix_path/robot_controller
[0.383s] -- Up-to-date: /home/aoutir/rc_car/install/robot_controller/share/robot_controller/environment/ament_prefix_path.sh
[0.384s] -- Up-to-date: /home/aoutir/rc_car/install/robot_controller/share/robot_controller/environment/ament_prefix_path.dsv
[0.384s] -- Up-to-date: /home/aoutir/rc_car/install/robot_controller/share/robot_controller/environment/path.sh
[0.402s] -- Up-to-date: /home/aoutir/rc_car/install/robot_controller/share/robot_controller/environment/path.dsv
[0.402s] -- Up-to-date: /home/aoutir/rc_car/install/robot_controller/share/robot_controller/local_setup.bash
[0.403s] -- Up-to-date: /home/aoutir/rc_car/install/robot_controller/share/robot_controller/local_setup.sh
[0.403s] -- Up-to-date: /home/aoutir/rc_car/install/robot_controller/share/robot_controller/local_setup.zsh
[0.403s] -- Up-to-date: /home/aoutir/rc_car/install/robot_controller/share/robot_controller/local_setup.dsv
[0.403s] -- Installing: /home/aoutir/rc_car/install/robot_controller/share/robot_controller/package.dsv
[0.403s] -- Up-to-date: /home/aoutir/rc_car/install/robot_controller/share/ament_index/resource_index/packages/robot_controller
[0.403s] -- Up-to-date: /home/aoutir/rc_car/install/robot_controller/share/robot_controller/cmake/robot_controllerConfig.cmake
[0.403s] -- Up-to-date: /home/aoutir/rc_car/install/robot_controller/share/robot_controller/cmake/robot_controllerConfig-version.cmake
[0.403s] -- Up-to-date: /home/aoutir/rc_car/install/robot_controller/share/robot_controller/package.xml
[0.414s] Invoked command in '/home/aoutir/rc_car/build/robot_controller' returned '0': CMAKE_PREFIX_PATH=${CMAKE_PREFIX_PATH}:/home/aoutir/rc_car/install/robot_sample_example:/opt/ros/iron /usr/bin/cmake --install /home/aoutir/rc_car/build/robot_controller
