[0.094s] DEBUG:colcon:Command line arguments: ['/usr/bin/colcon', 'build']
[0.094s] DEBUG:colcon:Parsed command line arguments: Namespace(log_base=None, log_level=None, verb_name='build', build_base='build', install_base='install', merge_install=False, symlink_install=False, test_result_base=None, continue_on_error=False, executor='parallel', parallel_workers=8, event_handlers=None, ignore_user_meta=False, metas=['./colcon.meta'], base_paths=['.'], packages_ignore=None, packages_ignore_regex=None, paths=None, packages_up_to=None, packages_up_to_regex=None, packages_above=None, packages_above_and_dependencies=None, packages_above_depth=None, packages_select_by_dep=None, packages_skip_by_dep=None, packages_skip_up_to=None, packages_select_build_failed=False, packages_skip_build_finished=False, packages_select_test_failures=False, packages_skip_test_passed=False, packages_select=None, packages_skip=None, packages_select_regex=None, packages_skip_regex=None, packages_start=None, packages_end=None, allow_overriding=[], cmake_args=None, cmake_target=None, cmake_target_skip_unavailable=False, cmake_clean_cache=False, cmake_clean_first=False, cmake_force_configure=False, ament_cmake_args=None, catkin_cmake_args=None, catkin_skip_building_tests=False, verb_parser=<colcon_defaults.argument_parser.defaults.DefaultArgumentsDecorator object at 0x7cb60f2355a0>, verb_extension=<colcon_core.verb.build.BuildVerb object at 0x7cb60f32e1d0>, main=<bound method BuildVerb.main of <colcon_core.verb.build.BuildVerb object at 0x7cb60f32e1d0>>)
[0.253s] Level 1:colcon.colcon_core.package_discovery:discover_packages(colcon_meta) check parameters
[0.253s] Level 1:colcon.colcon_core.package_discovery:discover_packages(recursive) check parameters
[0.253s] Level 1:colcon.colcon_core.package_discovery:discover_packages(ignore) check parameters
[0.253s] Level 1:colcon.colcon_core.package_discovery:discover_packages(path) check parameters
[0.253s] Level 1:colcon.colcon_core.package_discovery:discover_packages(colcon_meta) discover
[0.253s] Level 1:colcon.colcon_core.package_discovery:discover_packages(recursive) discover
[0.253s] INFO:colcon.colcon_core.package_discovery:Crawling recursively for packages in '/home/abdou/A/rc_car/Auto-Car-Project'
[0.253s] Level 1:colcon.colcon_core.package_identification:_identify(.) by extensions ['ignore', 'ignore_ament_install']
[0.253s] Level 1:colcon.colcon_core.package_identification:_identify(.) by extension 'ignore'
[0.253s] Level 1:colcon.colcon_core.package_identification:_identify(.) by extension 'ignore_ament_install'
[0.253s] Level 1:colcon.colcon_core.package_identification:_identify(.) by extensions ['colcon_pkg']
[0.254s] Level 1:colcon.colcon_core.package_identification:_identify(.) by extension 'colcon_pkg'
[0.254s] Level 1:colcon.colcon_core.package_identification:_identify(.) by extensions ['colcon_meta']
[0.254s] Level 1:colcon.colcon_core.package_identification:_identify(.) by extension 'colcon_meta'
[0.254s] Level 1:colcon.colcon_core.package_identification:_identify(.) by extensions ['ros']
[0.254s] Level 1:colcon.colcon_core.package_identification:_identify(.) by extension 'ros'
[0.263s] Level 1:colcon.colcon_core.package_identification:_identify(.) by extensions ['cmake', 'python']
[0.263s] Level 1:colcon.colcon_core.package_identification:_identify(.) by extension 'cmake'
[0.263s] Level 1:colcon.colcon_core.package_identification:_identify(.) by extension 'python'
[0.263s] Level 1:colcon.colcon_core.package_identification:_identify(.) by extensions ['python_setup_py']
[0.263s] Level 1:colcon.colcon_core.package_identification:_identify(.) by extension 'python_setup_py'
[0.263s] Level 1:colcon.colcon_core.package_identification:_identify(build) by extensions ['ignore', 'ignore_ament_install']
[0.263s] Level 1:colcon.colcon_core.package_identification:_identify(build) by extension 'ignore'
[0.264s] Level 1:colcon.colcon_core.package_identification:_identify(build) ignored
[0.264s] Level 1:colcon.colcon_core.package_identification:_identify(install) by extensions ['ignore', 'ignore_ament_install']
[0.264s] Level 1:colcon.colcon_core.package_identification:_identify(install) by extension 'ignore'
[0.264s] Level 1:colcon.colcon_core.package_identification:_identify(install) ignored
[0.264s] Level 1:colcon.colcon_core.package_identification:_identify(log) by extensions ['ignore', 'ignore_ament_install']
[0.264s] Level 1:colcon.colcon_core.package_identification:_identify(log) by extension 'ignore'
[0.264s] Level 1:colcon.colcon_core.package_identification:_identify(log) ignored
[0.264s] Level 1:colcon.colcon_core.package_identification:_identify(src) by extensions ['ignore', 'ignore_ament_install']
[0.264s] Level 1:colcon.colcon_core.package_identification:_identify(src) by extension 'ignore'
[0.264s] Level 1:colcon.colcon_core.package_identification:_identify(src) by extension 'ignore_ament_install'
[0.264s] Level 1:colcon.colcon_core.package_identification:_identify(src) by extensions ['colcon_pkg']
[0.264s] Level 1:colcon.colcon_core.package_identification:_identify(src) by extension 'colcon_pkg'
[0.265s] Level 1:colcon.colcon_core.package_identification:_identify(src) by extensions ['colcon_meta']
[0.265s] Level 1:colcon.colcon_core.package_identification:_identify(src) by extension 'colcon_meta'
[0.265s] Level 1:colcon.colcon_core.package_identification:_identify(src) by extensions ['ros']
[0.265s] Level 1:colcon.colcon_core.package_identification:_identify(src) by extension 'ros'
[0.265s] Level 1:colcon.colcon_core.package_identification:_identify(src) by extensions ['cmake', 'python']
[0.265s] Level 1:colcon.colcon_core.package_identification:_identify(src) by extension 'cmake'
[0.265s] Level 1:colcon.colcon_core.package_identification:_identify(src) by extension 'python'
[0.265s] Level 1:colcon.colcon_core.package_identification:_identify(src) by extensions ['python_setup_py']
[0.265s] Level 1:colcon.colcon_core.package_identification:_identify(src) by extension 'python_setup_py'
[0.265s] Level 1:colcon.colcon_core.package_identification:_identify(src/robot_controller) by extensions ['ignore', 'ignore_ament_install']
[0.265s] Level 1:colcon.colcon_core.package_identification:_identify(src/robot_controller) by extension 'ignore'
[0.265s] Level 1:colcon.colcon_core.package_identification:_identify(src/robot_controller) by extension 'ignore_ament_install'
[0.265s] Level 1:colcon.colcon_core.package_identification:_identify(src/robot_controller) by extensions ['colcon_pkg']
[0.265s] Level 1:colcon.colcon_core.package_identification:_identify(src/robot_controller) by extension 'colcon_pkg'
[0.265s] Level 1:colcon.colcon_core.package_identification:_identify(src/robot_controller) by extensions ['colcon_meta']
[0.265s] Level 1:colcon.colcon_core.package_identification:_identify(src/robot_controller) by extension 'colcon_meta'
[0.265s] Level 1:colcon.colcon_core.package_identification:_identify(src/robot_controller) by extensions ['ros']
[0.265s] Level 1:colcon.colcon_core.package_identification:_identify(src/robot_controller) by extension 'ros'
[0.268s] DEBUG:colcon.colcon_core.package_identification:Package 'src/robot_controller' with type 'ros.ament_cmake' and name 'robot_controller'
[0.268s] Level 1:colcon.colcon_core.package_identification:_identify(src/robot_desc) by extensions ['ignore', 'ignore_ament_install']
[0.268s] Level 1:colcon.colcon_core.package_identification:_identify(src/robot_desc) by extension 'ignore'
[0.268s] Level 1:colcon.colcon_core.package_identification:_identify(src/robot_desc) by extension 'ignore_ament_install'
[0.268s] Level 1:colcon.colcon_core.package_identification:_identify(src/robot_desc) by extensions ['colcon_pkg']
[0.268s] Level 1:colcon.colcon_core.package_identification:_identify(src/robot_desc) by extension 'colcon_pkg'
[0.268s] Level 1:colcon.colcon_core.package_identification:_identify(src/robot_desc) by extensions ['colcon_meta']
[0.268s] Level 1:colcon.colcon_core.package_identification:_identify(src/robot_desc) by extension 'colcon_meta'
[0.268s] Level 1:colcon.colcon_core.package_identification:_identify(src/robot_desc) by extensions ['ros']
[0.268s] Level 1:colcon.colcon_core.package_identification:_identify(src/robot_desc) by extension 'ros'
[0.268s] DEBUG:colcon.colcon_core.package_identification:Package 'src/robot_desc' with type 'ros.ament_cmake' and name 'robot_desc'
[0.269s] Level 1:colcon.colcon_core.package_discovery:discover_packages(recursive) using defaults
[0.269s] Level 1:colcon.colcon_core.package_discovery:discover_packages(ignore) discover
[0.269s] Level 1:colcon.colcon_core.package_discovery:discover_packages(ignore) using defaults
[0.269s] Level 1:colcon.colcon_core.package_discovery:discover_packages(path) discover
[0.269s] Level 1:colcon.colcon_core.package_discovery:discover_packages(path) using defaults
[0.297s] Level 1:colcon.colcon_core.package_discovery:discover_packages(prefix_path) check parameters
[0.297s] Level 1:colcon.colcon_core.package_discovery:discover_packages(prefix_path) discover
[0.300s] DEBUG:colcon.colcon_installed_package_information.package_discovery:Found 336 installed packages in /opt/ros/iron
[0.301s] Level 1:colcon.colcon_core.package_discovery:discover_packages(prefix_path) using defaults
[0.343s] Level 5:colcon.colcon_core.verb:set package 'robot_controller' build argument 'cmake_args' from command line to 'None'
[0.343s] Level 5:colcon.colcon_core.verb:set package 'robot_controller' build argument 'cmake_target' from command line to 'None'
[0.343s] Level 5:colcon.colcon_core.verb:set package 'robot_controller' build argument 'cmake_target_skip_unavailable' from command line to 'False'
[0.343s] Level 5:colcon.colcon_core.verb:set package 'robot_controller' build argument 'cmake_clean_cache' from command line to 'False'
[0.343s] Level 5:colcon.colcon_core.verb:set package 'robot_controller' build argument 'cmake_clean_first' from command line to 'False'
[0.343s] Level 5:colcon.colcon_core.verb:set package 'robot_controller' build argument 'cmake_force_configure' from command line to 'False'
[0.343s] Level 5:colcon.colcon_core.verb:set package 'robot_controller' build argument 'ament_cmake_args' from command line to 'None'
[0.343s] Level 5:colcon.colcon_core.verb:set package 'robot_controller' build argument 'catkin_cmake_args' from command line to 'None'
[0.343s] Level 5:colcon.colcon_core.verb:set package 'robot_controller' build argument 'catkin_skip_building_tests' from command line to 'False'
[0.343s] DEBUG:colcon.colcon_core.verb:Building package 'robot_controller' with the following arguments: {'ament_cmake_args': None, 'build_base': '/home/abdou/A/rc_car/Auto-Car-Project/build/robot_controller', 'catkin_cmake_args': None, 'catkin_skip_building_tests': False, 'cmake_args': None, 'cmake_clean_cache': False, 'cmake_clean_first': False, 'cmake_force_configure': False, 'cmake_target': None, 'cmake_target_skip_unavailable': False, 'install_base': '/home/abdou/A/rc_car/Auto-Car-Project/install/robot_controller', 'merge_install': False, 'path': '/home/abdou/A/rc_car/Auto-Car-Project/src/robot_controller', 'symlink_install': False, 'test_result_base': None}
[0.344s] Level 5:colcon.colcon_core.verb:set package 'robot_desc' build argument 'cmake_args' from command line to 'None'
[0.344s] Level 5:colcon.colcon_core.verb:set package 'robot_desc' build argument 'cmake_target' from command line to 'None'
[0.344s] Level 5:colcon.colcon_core.verb:set package 'robot_desc' build argument 'cmake_target_skip_unavailable' from command line to 'False'
[0.344s] Level 5:colcon.colcon_core.verb:set package 'robot_desc' build argument 'cmake_clean_cache' from command line to 'False'
[0.344s] Level 5:colcon.colcon_core.verb:set package 'robot_desc' build argument 'cmake_clean_first' from command line to 'False'
[0.344s] Level 5:colcon.colcon_core.verb:set package 'robot_desc' build argument 'cmake_force_configure' from command line to 'False'
[0.344s] Level 5:colcon.colcon_core.verb:set package 'robot_desc' build argument 'ament_cmake_args' from command line to 'None'
[0.344s] Level 5:colcon.colcon_core.verb:set package 'robot_desc' build argument 'catkin_cmake_args' from command line to 'None'
[0.344s] Level 5:colcon.colcon_core.verb:set package 'robot_desc' build argument 'catkin_skip_building_tests' from command line to 'False'
[0.344s] DEBUG:colcon.colcon_core.verb:Building package 'robot_desc' with the following arguments: {'ament_cmake_args': None, 'build_base': '/home/abdou/A/rc_car/Auto-Car-Project/build/robot_desc', 'catkin_cmake_args': None, 'catkin_skip_building_tests': False, 'cmake_args': None, 'cmake_clean_cache': False, 'cmake_clean_first': False, 'cmake_force_configure': False, 'cmake_target': None, 'cmake_target_skip_unavailable': False, 'install_base': '/home/abdou/A/rc_car/Auto-Car-Project/install/robot_desc', 'merge_install': False, 'path': '/home/abdou/A/rc_car/Auto-Car-Project/src/robot_desc', 'symlink_install': False, 'test_result_base': None}
[0.344s] INFO:colcon.colcon_core.executor:Executing jobs using 'parallel' executor
[0.345s] DEBUG:colcon.colcon_parallel_executor.executor.parallel:run_until_complete
[0.345s] INFO:colcon.colcon_ros.task.ament_cmake.build:Building ROS package in '/home/abdou/A/rc_car/Auto-Car-Project/src/robot_controller' with build type 'ament_cmake'
[0.345s] INFO:colcon.colcon_cmake.task.cmake.build:Building CMake package in '/home/abdou/A/rc_car/Auto-Car-Project/src/robot_controller'
[0.347s] INFO:colcon.colcon_core.plugin_system:Skipping extension 'colcon_core.shell.bat': Not used on non-Windows systems
[0.347s] INFO:colcon.colcon_core.shell:Skip shell extension 'powershell' for command environment: Not usable outside of PowerShell
[0.348s] DEBUG:colcon.colcon_core.shell:Skip shell extension 'dsv' for command environment
[0.350s] INFO:colcon.colcon_ros.task.ament_cmake.build:Building ROS package in '/home/abdou/A/rc_car/Auto-Car-Project/src/robot_desc' with build type 'ament_cmake'
[0.350s] INFO:colcon.colcon_cmake.task.cmake.build:Building CMake package in '/home/abdou/A/rc_car/Auto-Car-Project/src/robot_desc'
[0.350s] INFO:colcon.colcon_core.shell:Skip shell extension 'powershell' for command environment: Not usable outside of PowerShell
[0.351s] DEBUG:colcon.colcon_core.shell:Skip shell extension 'dsv' for command environment
[0.359s] DEBUG:colcon.colcon_core.event_handler.log_command:Invoking command in '/home/abdou/A/rc_car/Auto-Car-Project/build/robot_controller': CMAKE_PREFIX_PATH=/opt/ros/iron /usr/bin/cmake /home/abdou/A/rc_car/Auto-Car-Project/src/robot_controller -DCMAKE_INSTALL_PREFIX=/home/abdou/A/rc_car/Auto-Car-Project/install/robot_controller
[0.364s] DEBUG:colcon.colcon_core.event_handler.log_command:Invoking command in '/home/abdou/A/rc_car/Auto-Car-Project/build/robot_desc': CMAKE_PREFIX_PATH=/opt/ros/iron /usr/bin/cmake --build /home/abdou/A/rc_car/Auto-Car-Project/build/robot_desc -- -j8 -l8
[0.401s] DEBUG:colcon.colcon_core.event_handler.log_command:Invoked command in '/home/abdou/A/rc_car/Auto-Car-Project/build/robot_desc' returned '0': CMAKE_PREFIX_PATH=/opt/ros/iron /usr/bin/cmake --build /home/abdou/A/rc_car/Auto-Car-Project/build/robot_desc -- -j8 -l8
[0.427s] DEBUG:colcon.colcon_core.event_handler.log_command:Invoking command in '/home/abdou/A/rc_car/Auto-Car-Project/build/robot_desc': CMAKE_PREFIX_PATH=/opt/ros/iron /usr/bin/cmake --install /home/abdou/A/rc_car/Auto-Car-Project/build/robot_desc
[0.436s] Level 1:colcon.colcon_core.environment:create_environment_scripts_only(robot_desc)
[0.439s] DEBUG:colcon.colcon_core.event_handler.log_command:Invoked command in '/home/abdou/A/rc_car/Auto-Car-Project/build/robot_desc' returned '0': CMAKE_PREFIX_PATH=/opt/ros/iron /usr/bin/cmake --install /home/abdou/A/rc_car/Auto-Car-Project/build/robot_desc
[0.440s] Level 1:colcon.colcon_core.environment:checking '/home/abdou/A/rc_car/Auto-Car-Project/install/robot_desc' for CMake module files
[0.440s] Level 1:colcon.colcon_core.environment:checking '/home/abdou/A/rc_car/Auto-Car-Project/install/robot_desc' for CMake config files
[0.441s] Level 1:colcon.colcon_core.shell:create_environment_hook('robot_desc', 'cmake_prefix_path')
[0.441s] INFO:colcon.colcon_core.shell:Creating environment hook '/home/abdou/A/rc_car/Auto-Car-Project/install/robot_desc/share/robot_desc/hook/cmake_prefix_path.ps1'
[0.441s] INFO:colcon.colcon_core.shell:Creating environment descriptor '/home/abdou/A/rc_car/Auto-Car-Project/install/robot_desc/share/robot_desc/hook/cmake_prefix_path.dsv'
[0.442s] INFO:colcon.colcon_core.shell:Creating environment hook '/home/abdou/A/rc_car/Auto-Car-Project/install/robot_desc/share/robot_desc/hook/cmake_prefix_path.sh'
[0.442s] Level 1:colcon.colcon_core.environment:checking '/home/abdou/A/rc_car/Auto-Car-Project/install/robot_desc/bin'
[0.442s] Level 1:colcon.colcon_core.environment:checking '/home/abdou/A/rc_car/Auto-Car-Project/install/robot_desc/lib/pkgconfig/robot_desc.pc'
[0.443s] Level 1:colcon.colcon_core.environment:checking '/home/abdou/A/rc_car/Auto-Car-Project/install/robot_desc/lib/python3.10/site-packages'
[0.443s] Level 1:colcon.colcon_core.environment:checking '/home/abdou/A/rc_car/Auto-Car-Project/install/robot_desc/bin'
[0.443s] INFO:colcon.colcon_core.shell:Creating package script '/home/abdou/A/rc_car/Auto-Car-Project/install/robot_desc/share/robot_desc/package.ps1'
[0.444s] INFO:colcon.colcon_core.shell:Creating package descriptor '/home/abdou/A/rc_car/Auto-Car-Project/install/robot_desc/share/robot_desc/package.dsv'
[0.444s] INFO:colcon.colcon_core.shell:Creating package script '/home/abdou/A/rc_car/Auto-Car-Project/install/robot_desc/share/robot_desc/package.sh'
[0.445s] INFO:colcon.colcon_core.shell:Creating package script '/home/abdou/A/rc_car/Auto-Car-Project/install/robot_desc/share/robot_desc/package.bash'
[0.446s] INFO:colcon.colcon_core.shell:Creating package script '/home/abdou/A/rc_car/Auto-Car-Project/install/robot_desc/share/robot_desc/package.zsh'
[0.446s] Level 1:colcon.colcon_core.environment:create_file_with_runtime_dependencies(/home/abdou/A/rc_car/Auto-Car-Project/install/robot_desc/share/colcon-core/packages/robot_desc)
[0.469s] Level 1:colcon.colcon_core.environment:create_environment_scripts_only(robot_desc)
[0.469s] Level 1:colcon.colcon_core.environment:checking '/home/abdou/A/rc_car/Auto-Car-Project/install/robot_desc' for CMake module files
[0.470s] Level 1:colcon.colcon_core.environment:checking '/home/abdou/A/rc_car/Auto-Car-Project/install/robot_desc' for CMake config files
[0.470s] Level 1:colcon.colcon_core.shell:create_environment_hook('robot_desc', 'cmake_prefix_path')
[0.470s] INFO:colcon.colcon_core.shell:Creating environment hook '/home/abdou/A/rc_car/Auto-Car-Project/install/robot_desc/share/robot_desc/hook/cmake_prefix_path.ps1'
[0.471s] INFO:colcon.colcon_core.shell:Creating environment descriptor '/home/abdou/A/rc_car/Auto-Car-Project/install/robot_desc/share/robot_desc/hook/cmake_prefix_path.dsv'
[0.472s] INFO:colcon.colcon_core.shell:Creating environment hook '/home/abdou/A/rc_car/Auto-Car-Project/install/robot_desc/share/robot_desc/hook/cmake_prefix_path.sh'
[0.472s] Level 1:colcon.colcon_core.environment:checking '/home/abdou/A/rc_car/Auto-Car-Project/install/robot_desc/bin'
[0.472s] Level 1:colcon.colcon_core.environment:checking '/home/abdou/A/rc_car/Auto-Car-Project/install/robot_desc/lib/pkgconfig/robot_desc.pc'
[0.473s] Level 1:colcon.colcon_core.environment:checking '/home/abdou/A/rc_car/Auto-Car-Project/install/robot_desc/lib/python3.10/site-packages'
[0.473s] Level 1:colcon.colcon_core.environment:checking '/home/abdou/A/rc_car/Auto-Car-Project/install/robot_desc/bin'
[0.473s] INFO:colcon.colcon_core.shell:Creating package script '/home/abdou/A/rc_car/Auto-Car-Project/install/robot_desc/share/robot_desc/package.ps1'
[0.474s] INFO:colcon.colcon_core.shell:Creating package descriptor '/home/abdou/A/rc_car/Auto-Car-Project/install/robot_desc/share/robot_desc/package.dsv'
[0.474s] INFO:colcon.colcon_core.shell:Creating package script '/home/abdou/A/rc_car/Auto-Car-Project/install/robot_desc/share/robot_desc/package.sh'
[0.475s] INFO:colcon.colcon_core.shell:Creating package script '/home/abdou/A/rc_car/Auto-Car-Project/install/robot_desc/share/robot_desc/package.bash'
[0.475s] INFO:colcon.colcon_core.shell:Creating package script '/home/abdou/A/rc_car/Auto-Car-Project/install/robot_desc/share/robot_desc/package.zsh'
[0.476s] Level 1:colcon.colcon_core.environment:create_file_with_runtime_dependencies(/home/abdou/A/rc_car/Auto-Car-Project/install/robot_desc/share/colcon-core/packages/robot_desc)
[1.355s] DEBUG:colcon.colcon_core.event_handler.log_command:Invoked command in '/home/abdou/A/rc_car/Auto-Car-Project/build/robot_controller' returned '0': CMAKE_PREFIX_PATH=/opt/ros/iron /usr/bin/cmake /home/abdou/A/rc_car/Auto-Car-Project/src/robot_controller -DCMAKE_INSTALL_PREFIX=/home/abdou/A/rc_car/Auto-Car-Project/install/robot_controller
[1.357s] DEBUG:colcon.colcon_core.event_handler.log_command:Invoking command in '/home/abdou/A/rc_car/Auto-Car-Project/build/robot_controller': CMAKE_PREFIX_PATH=/opt/ros/iron /usr/bin/cmake --build /home/abdou/A/rc_car/Auto-Car-Project/build/robot_controller -- -j8 -l8
[1.727s] DEBUG:colcon.colcon_core.event_handler.log_command:Invoked command in '/home/abdou/A/rc_car/Auto-Car-Project/build/robot_controller' returned '0': CMAKE_PREFIX_PATH=/opt/ros/iron /usr/bin/cmake --build /home/abdou/A/rc_car/Auto-Car-Project/build/robot_controller -- -j8 -l8
[1.752s] DEBUG:colcon.colcon_core.event_handler.log_command:Invoking command in '/home/abdou/A/rc_car/Auto-Car-Project/build/robot_controller': CMAKE_PREFIX_PATH=/opt/ros/iron /usr/bin/cmake --install /home/abdou/A/rc_car/Auto-Car-Project/build/robot_controller
[1.813s] Level 1:colcon.colcon_core.environment:create_environment_scripts_only(robot_controller)
[1.813s] Level 1:colcon.colcon_core.environment:checking '/home/abdou/A/rc_car/Auto-Car-Project/install/robot_controller' for CMake module files
[1.814s] DEBUG:colcon.colcon_core.event_handler.log_command:Invoked command in '/home/abdou/A/rc_car/Auto-Car-Project/build/robot_controller' returned '0': CMAKE_PREFIX_PATH=/opt/ros/iron /usr/bin/cmake --install /home/abdou/A/rc_car/Auto-Car-Project/build/robot_controller
[1.814s] Level 1:colcon.colcon_core.environment:checking '/home/abdou/A/rc_car/Auto-Car-Project/install/robot_controller' for CMake config files
[1.815s] Level 1:colcon.colcon_core.shell:create_environment_hook('robot_controller', 'cmake_prefix_path')
[1.815s] INFO:colcon.colcon_core.shell:Creating environment hook '/home/abdou/A/rc_car/Auto-Car-Project/install/robot_controller/share/robot_controller/hook/cmake_prefix_path.ps1'
[1.816s] INFO:colcon.colcon_core.shell:Creating environment descriptor '/home/abdou/A/rc_car/Auto-Car-Project/install/robot_controller/share/robot_controller/hook/cmake_prefix_path.dsv'
[1.816s] INFO:colcon.colcon_core.shell:Creating environment hook '/home/abdou/A/rc_car/Auto-Car-Project/install/robot_controller/share/robot_controller/hook/cmake_prefix_path.sh'
[1.816s] Level 1:colcon.colcon_core.environment:checking '/home/abdou/A/rc_car/Auto-Car-Project/install/robot_controller/lib'
[1.817s] Level 1:colcon.colcon_core.environment:checking '/home/abdou/A/rc_car/Auto-Car-Project/install/robot_controller/bin'
[1.817s] Level 1:colcon.colcon_core.environment:checking '/home/abdou/A/rc_car/Auto-Car-Project/install/robot_controller/lib/pkgconfig/robot_controller.pc'
[1.817s] Level 1:colcon.colcon_core.environment:checking '/home/abdou/A/rc_car/Auto-Car-Project/install/robot_controller/lib/python3.10/site-packages'
[1.817s] Level 1:colcon.colcon_core.shell:create_environment_hook('robot_controller', 'pythonpath')
[1.818s] INFO:colcon.colcon_core.shell:Creating environment hook '/home/abdou/A/rc_car/Auto-Car-Project/install/robot_controller/share/robot_controller/hook/pythonpath.ps1'
[1.818s] INFO:colcon.colcon_core.shell:Creating environment descriptor '/home/abdou/A/rc_car/Auto-Car-Project/install/robot_controller/share/robot_controller/hook/pythonpath.dsv'
[1.818s] INFO:colcon.colcon_core.shell:Creating environment hook '/home/abdou/A/rc_car/Auto-Car-Project/install/robot_controller/share/robot_controller/hook/pythonpath.sh'
[1.819s] Level 1:colcon.colcon_core.environment:checking '/home/abdou/A/rc_car/Auto-Car-Project/install/robot_controller/bin'
[1.819s] INFO:colcon.colcon_core.shell:Creating package script '/home/abdou/A/rc_car/Auto-Car-Project/install/robot_controller/share/robot_controller/package.ps1'
[1.820s] INFO:colcon.colcon_core.shell:Creating package descriptor '/home/abdou/A/rc_car/Auto-Car-Project/install/robot_controller/share/robot_controller/package.dsv'
[1.820s] INFO:colcon.colcon_core.shell:Creating package script '/home/abdou/A/rc_car/Auto-Car-Project/install/robot_controller/share/robot_controller/package.sh'
[1.821s] INFO:colcon.colcon_core.shell:Creating package script '/home/abdou/A/rc_car/Auto-Car-Project/install/robot_controller/share/robot_controller/package.bash'
[1.821s] INFO:colcon.colcon_core.shell:Creating package script '/home/abdou/A/rc_car/Auto-Car-Project/install/robot_controller/share/robot_controller/package.zsh'
[1.821s] Level 1:colcon.colcon_core.environment:create_file_with_runtime_dependencies(/home/abdou/A/rc_car/Auto-Car-Project/install/robot_controller/share/colcon-core/packages/robot_controller)
[1.840s] Level 1:colcon.colcon_core.environment:create_environment_scripts_only(robot_controller)
[1.840s] Level 1:colcon.colcon_core.environment:checking '/home/abdou/A/rc_car/Auto-Car-Project/install/robot_controller' for CMake module files
[1.841s] Level 1:colcon.colcon_core.environment:checking '/home/abdou/A/rc_car/Auto-Car-Project/install/robot_controller' for CMake config files
[1.841s] Level 1:colcon.colcon_core.shell:create_environment_hook('robot_controller', 'cmake_prefix_path')
[1.841s] INFO:colcon.colcon_core.shell:Creating environment hook '/home/abdou/A/rc_car/Auto-Car-Project/install/robot_controller/share/robot_controller/hook/cmake_prefix_path.ps1'
[1.842s] INFO:colcon.colcon_core.shell:Creating environment descriptor '/home/abdou/A/rc_car/Auto-Car-Project/install/robot_controller/share/robot_controller/hook/cmake_prefix_path.dsv'
[1.842s] INFO:colcon.colcon_core.shell:Creating environment hook '/home/abdou/A/rc_car/Auto-Car-Project/install/robot_controller/share/robot_controller/hook/cmake_prefix_path.sh'
[1.842s] Level 1:colcon.colcon_core.environment:checking '/home/abdou/A/rc_car/Auto-Car-Project/install/robot_controller/lib'
[1.843s] Level 1:colcon.colcon_core.environment:checking '/home/abdou/A/rc_car/Auto-Car-Project/install/robot_controller/bin'
[1.843s] Level 1:colcon.colcon_core.environment:checking '/home/abdou/A/rc_car/Auto-Car-Project/install/robot_controller/lib/pkgconfig/robot_controller.pc'
[1.843s] Level 1:colcon.colcon_core.environment:checking '/home/abdou/A/rc_car/Auto-Car-Project/install/robot_controller/lib/python3.10/site-packages'
[1.843s] Level 1:colcon.colcon_core.shell:create_environment_hook('robot_controller', 'pythonpath')
[1.843s] INFO:colcon.colcon_core.shell:Creating environment hook '/home/abdou/A/rc_car/Auto-Car-Project/install/robot_controller/share/robot_controller/hook/pythonpath.ps1'
[1.844s] INFO:colcon.colcon_core.shell:Creating environment descriptor '/home/abdou/A/rc_car/Auto-Car-Project/install/robot_controller/share/robot_controller/hook/pythonpath.dsv'
[1.844s] INFO:colcon.colcon_core.shell:Creating environment hook '/home/abdou/A/rc_car/Auto-Car-Project/install/robot_controller/share/robot_controller/hook/pythonpath.sh'
[1.845s] Level 1:colcon.colcon_core.environment:checking '/home/abdou/A/rc_car/Auto-Car-Project/install/robot_controller/bin'
[1.846s] INFO:colcon.colcon_core.shell:Creating package script '/home/abdou/A/rc_car/Auto-Car-Project/install/robot_controller/share/robot_controller/package.ps1'
[1.846s] INFO:colcon.colcon_core.shell:Creating package descriptor '/home/abdou/A/rc_car/Auto-Car-Project/install/robot_controller/share/robot_controller/package.dsv'
[1.848s] INFO:colcon.colcon_core.shell:Creating package script '/home/abdou/A/rc_car/Auto-Car-Project/install/robot_controller/share/robot_controller/package.sh'
[1.848s] INFO:colcon.colcon_core.shell:Creating package script '/home/abdou/A/rc_car/Auto-Car-Project/install/robot_controller/share/robot_controller/package.bash'
[1.848s] INFO:colcon.colcon_core.shell:Creating package script '/home/abdou/A/rc_car/Auto-Car-Project/install/robot_controller/share/robot_controller/package.zsh'
[1.849s] Level 1:colcon.colcon_core.environment:create_file_with_runtime_dependencies(/home/abdou/A/rc_car/Auto-Car-Project/install/robot_controller/share/colcon-core/packages/robot_controller)
[1.849s] DEBUG:colcon.colcon_parallel_executor.executor.parallel:closing loop
[1.849s] DEBUG:colcon.colcon_parallel_executor.executor.parallel:loop closed
[1.849s] DEBUG:colcon.colcon_parallel_executor.executor.parallel:run_until_complete finished with '0'
[1.850s] DEBUG:colcon.colcon_core.event_reactor:joining thread
[1.855s] INFO:colcon.colcon_core.plugin_system:Skipping extension 'colcon_notification.desktop_notification.terminal_notifier': Not used on non-Darwin systems
[1.855s] INFO:colcon.colcon_core.plugin_system:Skipping extension 'colcon_notification.desktop_notification.win32': Not used on non-Windows systems
[1.855s] INFO:colcon.colcon_notification.desktop_notification:Sending desktop notification using 'notify2'
[1.878s] DEBUG:colcon.colcon_core.event_reactor:joined thread
[1.879s] INFO:colcon.colcon_core.shell:Creating prefix script '/home/abdou/A/rc_car/Auto-Car-Project/install/local_setup.ps1'
[1.880s] INFO:colcon.colcon_core.shell:Creating prefix util module '/home/abdou/A/rc_car/Auto-Car-Project/install/_local_setup_util_ps1.py'
[1.882s] INFO:colcon.colcon_core.shell:Creating prefix chain script '/home/abdou/A/rc_car/Auto-Car-Project/install/setup.ps1'
[1.885s] INFO:colcon.colcon_core.shell:Creating prefix script '/home/abdou/A/rc_car/Auto-Car-Project/install/local_setup.sh'
[1.886s] INFO:colcon.colcon_core.shell:Creating prefix util module '/home/abdou/A/rc_car/Auto-Car-Project/install/_local_setup_util_sh.py'
[1.887s] INFO:colcon.colcon_core.shell:Creating prefix chain script '/home/abdou/A/rc_car/Auto-Car-Project/install/setup.sh'
[1.888s] INFO:colcon.colcon_core.shell:Creating prefix script '/home/abdou/A/rc_car/Auto-Car-Project/install/local_setup.bash'
[1.889s] INFO:colcon.colcon_core.shell:Creating prefix chain script '/home/abdou/A/rc_car/Auto-Car-Project/install/setup.bash'
[1.891s] INFO:colcon.colcon_core.shell:Creating prefix script '/home/abdou/A/rc_car/Auto-Car-Project/install/local_setup.zsh'
[1.891s] INFO:colcon.colcon_core.shell:Creating prefix chain script '/home/abdou/A/rc_car/Auto-Car-Project/install/setup.zsh'
