[0.401s] DEBUG:colcon:Command line arguments: ['/usr/bin/colcon', 'build']
[0.403s] DEBUG:colcon:Parsed command line arguments: Namespace(log_base=None, log_level=None, verb_name='build', build_base='build', install_base='install', merge_install=False, symlink_install=False, test_result_base=None, continue_on_error=False, executor='parallel', parallel_workers=2, event_handlers=None, ignore_user_meta=False, metas=['./colcon.meta'], base_paths=['.'], packages_ignore=None, packages_ignore_regex=None, paths=None, packages_up_to=None, packages_up_to_regex=None, packages_above=None, packages_above_and_dependencies=None, packages_above_depth=None, packages_select_by_dep=None, packages_skip_by_dep=None, packages_skip_up_to=None, packages_select_build_failed=False, packages_skip_build_finished=False, packages_select_test_failures=False, packages_skip_test_passed=False, packages_select=None, packages_skip=None, packages_select_regex=None, packages_skip_regex=None, packages_start=None, packages_end=None, allow_overriding=[], cmake_args=None, cmake_target=None, cmake_target_skip_unavailable=False, cmake_clean_cache=False, cmake_clean_first=False, cmake_force_configure=False, ament_cmake_args=None, catkin_cmake_args=None, catkin_skip_building_tests=False, verb_parser=<colcon_defaults.argument_parser.defaults.DefaultArgumentsDecorator object at 0x75e4409e10f0>, verb_extension=<colcon_core.verb.build.BuildVerb object at 0x75e4409e0be0>, main=<bound method BuildVerb.main of <colcon_core.verb.build.BuildVerb object at 0x75e4409e0be0>>)
[0.744s] Level 1:colcon.colcon_core.package_discovery:discover_packages(colcon_meta) check parameters
[0.744s] Level 1:colcon.colcon_core.package_discovery:discover_packages(recursive) check parameters
[0.744s] Level 1:colcon.colcon_core.package_discovery:discover_packages(ignore) check parameters
[0.744s] Level 1:colcon.colcon_core.package_discovery:discover_packages(path) check parameters
[0.744s] Level 1:colcon.colcon_core.package_discovery:discover_packages(colcon_meta) discover
[0.744s] Level 1:colcon.colcon_core.package_discovery:discover_packages(recursive) discover
[0.744s] INFO:colcon.colcon_core.package_discovery:Crawling recursively for packages in '/home/aoutir/rc_car/src/robot_desc'
[0.744s] Level 1:colcon.colcon_core.package_identification:_identify(.) by extensions ['ignore', 'ignore_ament_install']
[0.744s] Level 1:colcon.colcon_core.package_identification:_identify(.) by extension 'ignore'
[0.745s] Level 1:colcon.colcon_core.package_identification:_identify(.) by extension 'ignore_ament_install'
[0.745s] Level 1:colcon.colcon_core.package_identification:_identify(.) by extensions ['colcon_pkg']
[0.745s] Level 1:colcon.colcon_core.package_identification:_identify(.) by extension 'colcon_pkg'
[0.745s] Level 1:colcon.colcon_core.package_identification:_identify(.) by extensions ['colcon_meta']
[0.745s] Level 1:colcon.colcon_core.package_identification:_identify(.) by extension 'colcon_meta'
[0.745s] Level 1:colcon.colcon_core.package_identification:_identify(.) by extensions ['ros']
[0.745s] Level 1:colcon.colcon_core.package_identification:_identify(.) by extension 'ros'
[0.764s] DEBUG:colcon.colcon_core.package_identification:Package '.' with type 'ros.ament_cmake' and name 'robot_desc'
[0.764s] Level 1:colcon.colcon_core.package_discovery:discover_packages(recursive) using defaults
[0.764s] Level 1:colcon.colcon_core.package_discovery:discover_packages(ignore) discover
[0.764s] Level 1:colcon.colcon_core.package_discovery:discover_packages(ignore) using defaults
[0.764s] Level 1:colcon.colcon_core.package_discovery:discover_packages(path) discover
[0.764s] Level 1:colcon.colcon_core.package_discovery:discover_packages(path) using defaults
[0.812s] Level 1:colcon.colcon_core.package_discovery:discover_packages(prefix_path) check parameters
[0.812s] Level 1:colcon.colcon_core.package_discovery:discover_packages(prefix_path) discover
[0.823s] DEBUG:colcon.colcon_installed_package_information.package_discovery:Found 2 installed packages in /home/aoutir/rc_car/install
[0.828s] DEBUG:colcon.colcon_installed_package_information.package_discovery:Found 340 installed packages in /opt/ros/iron
[0.830s] Level 1:colcon.colcon_core.package_discovery:discover_packages(prefix_path) using defaults
[0.912s] Level 5:colcon.colcon_core.verb:set package 'robot_desc' build argument 'cmake_args' from command line to 'None'
[0.912s] Level 5:colcon.colcon_core.verb:set package 'robot_desc' build argument 'cmake_target' from command line to 'None'
[0.912s] Level 5:colcon.colcon_core.verb:set package 'robot_desc' build argument 'cmake_target_skip_unavailable' from command line to 'False'
[0.912s] Level 5:colcon.colcon_core.verb:set package 'robot_desc' build argument 'cmake_clean_cache' from command line to 'False'
[0.912s] Level 5:colcon.colcon_core.verb:set package 'robot_desc' build argument 'cmake_clean_first' from command line to 'False'
[0.912s] Level 5:colcon.colcon_core.verb:set package 'robot_desc' build argument 'cmake_force_configure' from command line to 'False'
[0.912s] Level 5:colcon.colcon_core.verb:set package 'robot_desc' build argument 'ament_cmake_args' from command line to 'None'
[0.912s] Level 5:colcon.colcon_core.verb:set package 'robot_desc' build argument 'catkin_cmake_args' from command line to 'None'
[0.912s] Level 5:colcon.colcon_core.verb:set package 'robot_desc' build argument 'catkin_skip_building_tests' from command line to 'False'
[0.912s] DEBUG:colcon.colcon_core.verb:Building package 'robot_desc' with the following arguments: {'ament_cmake_args': None, 'build_base': '/home/aoutir/rc_car/src/robot_desc/build/robot_desc', 'catkin_cmake_args': None, 'catkin_skip_building_tests': False, 'cmake_args': None, 'cmake_clean_cache': False, 'cmake_clean_first': False, 'cmake_force_configure': False, 'cmake_target': None, 'cmake_target_skip_unavailable': False, 'install_base': '/home/aoutir/rc_car/src/robot_desc/install/robot_desc', 'merge_install': False, 'path': '/home/aoutir/rc_car/src/robot_desc', 'symlink_install': False, 'test_result_base': None}
[0.913s] INFO:colcon.colcon_core.executor:Executing jobs using 'parallel' executor
[0.916s] DEBUG:colcon.colcon_parallel_executor.executor.parallel:run_until_complete
[0.917s] INFO:colcon.colcon_ros.task.ament_cmake.build:Building ROS package in '/home/aoutir/rc_car/src/robot_desc' with build type 'ament_cmake'
[0.918s] INFO:colcon.colcon_cmake.task.cmake.build:Building CMake package in '/home/aoutir/rc_car/src/robot_desc'
[0.937s] INFO:colcon.colcon_core.plugin_system:Skipping extension 'colcon_core.shell.bat': Not used on non-Windows systems
[0.937s] INFO:colcon.colcon_core.shell:Skip shell extension 'powershell' for command environment: Not usable outside of PowerShell
[0.937s] DEBUG:colcon.colcon_core.shell:Skip shell extension 'dsv' for command environment
[0.991s] DEBUG:colcon.colcon_core.event_handler.log_command:Invoking command in '/home/aoutir/rc_car/src/robot_desc/build/robot_desc': CMAKE_PREFIX_PATH=${CMAKE_PREFIX_PATH}:/opt/ros/iron /usr/bin/cmake /home/aoutir/rc_car/src/robot_desc -DCMAKE_INSTALL_PREFIX=/home/aoutir/rc_car/src/robot_desc/install/robot_desc
[3.444s] DEBUG:colcon.colcon_core.event_handler.log_command:Invoked command in '/home/aoutir/rc_car/src/robot_desc/build/robot_desc' returned '0': CMAKE_PREFIX_PATH=${CMAKE_PREFIX_PATH}:/opt/ros/iron /usr/bin/cmake /home/aoutir/rc_car/src/robot_desc -DCMAKE_INSTALL_PREFIX=/home/aoutir/rc_car/src/robot_desc/install/robot_desc
[3.448s] DEBUG:colcon.colcon_core.event_handler.log_command:Invoking command in '/home/aoutir/rc_car/src/robot_desc/build/robot_desc': CMAKE_PREFIX_PATH=${CMAKE_PREFIX_PATH}:/opt/ros/iron /usr/bin/cmake --build /home/aoutir/rc_car/src/robot_desc/build/robot_desc -- -j2 -l2
[3.543s] DEBUG:colcon.colcon_core.event_handler.log_command:Invoked command in '/home/aoutir/rc_car/src/robot_desc/build/robot_desc' returned '0': CMAKE_PREFIX_PATH=${CMAKE_PREFIX_PATH}:/opt/ros/iron /usr/bin/cmake --build /home/aoutir/rc_car/src/robot_desc/build/robot_desc -- -j2 -l2
[3.632s] DEBUG:colcon.colcon_core.event_handler.log_command:Invoking command in '/home/aoutir/rc_car/src/robot_desc/build/robot_desc': CMAKE_PREFIX_PATH=${CMAKE_PREFIX_PATH}:/opt/ros/iron /usr/bin/cmake --install /home/aoutir/rc_car/src/robot_desc/build/robot_desc
[3.668s] Level 1:colcon.colcon_core.environment:create_environment_scripts_only(robot_desc)
[3.669s] DEBUG:colcon.colcon_core.event_handler.log_command:Invoked command in '/home/aoutir/rc_car/src/robot_desc/build/robot_desc' returned '0': CMAKE_PREFIX_PATH=${CMAKE_PREFIX_PATH}:/opt/ros/iron /usr/bin/cmake --install /home/aoutir/rc_car/src/robot_desc/build/robot_desc
[3.686s] Level 1:colcon.colcon_core.environment:checking '/home/aoutir/rc_car/src/robot_desc/install/robot_desc' for CMake module files
[3.686s] Level 1:colcon.colcon_core.environment:checking '/home/aoutir/rc_car/src/robot_desc/install/robot_desc' for CMake config files
[3.687s] Level 1:colcon.colcon_core.shell:create_environment_hook('robot_desc', 'cmake_prefix_path')
[3.687s] INFO:colcon.colcon_core.shell:Creating environment hook '/home/aoutir/rc_car/src/robot_desc/install/robot_desc/share/robot_desc/hook/cmake_prefix_path.ps1'
[3.689s] INFO:colcon.colcon_core.shell:Creating environment descriptor '/home/aoutir/rc_car/src/robot_desc/install/robot_desc/share/robot_desc/hook/cmake_prefix_path.dsv'
[3.691s] INFO:colcon.colcon_core.shell:Creating environment hook '/home/aoutir/rc_car/src/robot_desc/install/robot_desc/share/robot_desc/hook/cmake_prefix_path.sh'
[3.693s] Level 1:colcon.colcon_core.environment:checking '/home/aoutir/rc_car/src/robot_desc/install/robot_desc/bin'
[3.694s] Level 1:colcon.colcon_core.environment:checking '/home/aoutir/rc_car/src/robot_desc/install/robot_desc/lib/pkgconfig/robot_desc.pc'
[3.694s] Level 1:colcon.colcon_core.environment:checking '/home/aoutir/rc_car/src/robot_desc/install/robot_desc/lib/python3.10/site-packages'
[3.694s] Level 1:colcon.colcon_core.environment:checking '/home/aoutir/rc_car/src/robot_desc/install/robot_desc/bin'
[3.695s] INFO:colcon.colcon_core.shell:Creating package script '/home/aoutir/rc_car/src/robot_desc/install/robot_desc/share/robot_desc/package.ps1'
[3.700s] INFO:colcon.colcon_core.shell:Creating package descriptor '/home/aoutir/rc_car/src/robot_desc/install/robot_desc/share/robot_desc/package.dsv'
[3.702s] INFO:colcon.colcon_core.shell:Creating package script '/home/aoutir/rc_car/src/robot_desc/install/robot_desc/share/robot_desc/package.sh'
[3.711s] INFO:colcon.colcon_core.shell:Creating package script '/home/aoutir/rc_car/src/robot_desc/install/robot_desc/share/robot_desc/package.bash'
[3.713s] INFO:colcon.colcon_core.shell:Creating package script '/home/aoutir/rc_car/src/robot_desc/install/robot_desc/share/robot_desc/package.zsh'
[3.715s] Level 1:colcon.colcon_core.environment:create_file_with_runtime_dependencies(/home/aoutir/rc_car/src/robot_desc/install/robot_desc/share/colcon-core/packages/robot_desc)
[3.865s] Level 1:colcon.colcon_core.environment:create_environment_scripts_only(robot_desc)
[3.865s] Level 1:colcon.colcon_core.environment:checking '/home/aoutir/rc_car/src/robot_desc/install/robot_desc' for CMake module files
[3.866s] Level 1:colcon.colcon_core.environment:checking '/home/aoutir/rc_car/src/robot_desc/install/robot_desc' for CMake config files
[3.866s] Level 1:colcon.colcon_core.shell:create_environment_hook('robot_desc', 'cmake_prefix_path')
[3.866s] INFO:colcon.colcon_core.shell:Creating environment hook '/home/aoutir/rc_car/src/robot_desc/install/robot_desc/share/robot_desc/hook/cmake_prefix_path.ps1'
[3.867s] INFO:colcon.colcon_core.shell:Creating environment descriptor '/home/aoutir/rc_car/src/robot_desc/install/robot_desc/share/robot_desc/hook/cmake_prefix_path.dsv'
[3.868s] INFO:colcon.colcon_core.shell:Creating environment hook '/home/aoutir/rc_car/src/robot_desc/install/robot_desc/share/robot_desc/hook/cmake_prefix_path.sh'
[3.870s] Level 1:colcon.colcon_core.environment:checking '/home/aoutir/rc_car/src/robot_desc/install/robot_desc/bin'
[3.870s] Level 1:colcon.colcon_core.environment:checking '/home/aoutir/rc_car/src/robot_desc/install/robot_desc/lib/pkgconfig/robot_desc.pc'
[3.871s] Level 1:colcon.colcon_core.environment:checking '/home/aoutir/rc_car/src/robot_desc/install/robot_desc/lib/python3.10/site-packages'
[3.871s] Level 1:colcon.colcon_core.environment:checking '/home/aoutir/rc_car/src/robot_desc/install/robot_desc/bin'
[3.872s] INFO:colcon.colcon_core.shell:Creating package script '/home/aoutir/rc_car/src/robot_desc/install/robot_desc/share/robot_desc/package.ps1'
[3.873s] INFO:colcon.colcon_core.shell:Creating package descriptor '/home/aoutir/rc_car/src/robot_desc/install/robot_desc/share/robot_desc/package.dsv'
[3.874s] INFO:colcon.colcon_core.shell:Creating package script '/home/aoutir/rc_car/src/robot_desc/install/robot_desc/share/robot_desc/package.sh'
[3.875s] INFO:colcon.colcon_core.shell:Creating package script '/home/aoutir/rc_car/src/robot_desc/install/robot_desc/share/robot_desc/package.bash'
[3.876s] INFO:colcon.colcon_core.shell:Creating package script '/home/aoutir/rc_car/src/robot_desc/install/robot_desc/share/robot_desc/package.zsh'
[3.876s] Level 1:colcon.colcon_core.environment:create_file_with_runtime_dependencies(/home/aoutir/rc_car/src/robot_desc/install/robot_desc/share/colcon-core/packages/robot_desc)
[3.877s] DEBUG:colcon.colcon_parallel_executor.executor.parallel:closing loop
[3.878s] DEBUG:colcon.colcon_parallel_executor.executor.parallel:loop closed
[3.878s] DEBUG:colcon.colcon_parallel_executor.executor.parallel:run_until_complete finished with '0'
[3.878s] DEBUG:colcon.colcon_core.event_reactor:joining thread
[3.945s] INFO:colcon.colcon_core.plugin_system:Skipping extension 'colcon_notification.desktop_notification.terminal_notifier': Not used on non-Darwin systems
[3.945s] INFO:colcon.colcon_core.plugin_system:Skipping extension 'colcon_notification.desktop_notification.win32': Not used on non-Windows systems
[3.945s] INFO:colcon.colcon_notification.desktop_notification:Sending desktop notification using 'notify2'
[4.027s] DEBUG:colcon.colcon_core.event_reactor:joined thread
[4.027s] INFO:colcon.colcon_core.shell:Creating prefix script '/home/aoutir/rc_car/src/robot_desc/install/local_setup.ps1'
[4.031s] INFO:colcon.colcon_core.shell:Creating prefix util module '/home/aoutir/rc_car/src/robot_desc/install/_local_setup_util_ps1.py'
[4.035s] INFO:colcon.colcon_core.shell:Creating prefix chain script '/home/aoutir/rc_car/src/robot_desc/install/setup.ps1'
[4.038s] INFO:colcon.colcon_core.shell:Creating prefix script '/home/aoutir/rc_car/src/robot_desc/install/local_setup.sh'
[4.040s] INFO:colcon.colcon_core.shell:Creating prefix util module '/home/aoutir/rc_car/src/robot_desc/install/_local_setup_util_sh.py'
[4.040s] INFO:colcon.colcon_core.shell:Creating prefix chain script '/home/aoutir/rc_car/src/robot_desc/install/setup.sh'
[4.044s] INFO:colcon.colcon_core.shell:Creating prefix script '/home/aoutir/rc_car/src/robot_desc/install/local_setup.bash'
[4.046s] INFO:colcon.colcon_core.shell:Creating prefix chain script '/home/aoutir/rc_car/src/robot_desc/install/setup.bash'
[4.055s] INFO:colcon.colcon_core.shell:Creating prefix script '/home/aoutir/rc_car/src/robot_desc/install/local_setup.zsh'
[4.059s] INFO:colcon.colcon_core.shell:Creating prefix chain script '/home/aoutir/rc_car/src/robot_desc/install/setup.zsh'
