[0.009s] Invoking command in '/home/abdou/A/rc_car/Auto-Car-Project/build/robot_desc': CMAKE_PREFIX_PATH=/opt/ros/iron /usr/bin/cmake /home/abdou/A/rc_car/Auto-Car-Project/src/robot_desc -DCMAKE_INSTALL_PREFIX=/home/abdou/A/rc_car/Auto-Car-Project/install/robot_desc
[0.056s] -- The C compiler identification is GNU 11.4.0
[0.105s] -- The CXX compiler identification is GNU 11.4.0
[0.112s] -- Detecting C compiler ABI info
[0.172s] -- Detecting C compiler ABI info - done
[0.179s] -- Check for working C compiler: /usr/bin/cc - skipped
[0.179s] -- Detecting C compile features
[0.180s] -- Detecting C compile features - done
[0.183s] -- Detecting CXX compiler ABI info
[0.258s] -- Detecting CXX compiler ABI info - done
[0.267s] -- Check for working CXX compiler: /usr/bin/c++ - skipped
[0.267s] -- Detecting CXX compile features
[0.268s] -- Detecting CXX compile features - done
[0.270s] -- Found ament_cmake: 2.0.4 (/opt/ros/iron/share/ament_cmake/cmake)
[0.438s] -- Found Python3: /usr/bin/python3.10 (found version "3.10.12") found components: Interpreter 
[0.518s] -- Found ament_lint_auto: 0.14.3 (/opt/ros/iron/share/ament_lint_auto/cmake)
[0.587s] -- Added test 'flake8' to check Python code syntax and style conventions
[0.587s] -- Configured 'flake8' exclude dirs and/or files: 
[0.588s] -- Added test 'lint_cmake' to check CMake code style
[0.588s] -- Added test 'pep257' to check Python code against some of the docstring style conventions in PEP 257
[0.589s] -- Added test 'xmllint' to check XML markup files
[0.590s] -- Configuring done
[0.592s] -- Generating done
[0.593s] -- Build files have been written to: /home/abdou/A/rc_car/Auto-Car-Project/build/robot_desc
[0.599s] Invoked command in '/home/abdou/A/rc_car/Auto-Car-Project/build/robot_desc' returned '0': CMAKE_PREFIX_PATH=/opt/ros/iron /usr/bin/cmake /home/abdou/A/rc_car/Auto-Car-Project/src/robot_desc -DCMAKE_INSTALL_PREFIX=/home/abdou/A/rc_car/Auto-Car-Project/install/robot_desc
[0.600s] Invoking command in '/home/abdou/A/rc_car/Auto-Car-Project/build/robot_desc': CMAKE_PREFIX_PATH=/opt/ros/iron /usr/bin/cmake --build /home/abdou/A/rc_car/Auto-Car-Project/build/robot_desc -- -j8 -l8
[0.634s] Invoked command in '/home/abdou/A/rc_car/Auto-Car-Project/build/robot_desc' returned '0': CMAKE_PREFIX_PATH=/opt/ros/iron /usr/bin/cmake --build /home/abdou/A/rc_car/Auto-Car-Project/build/robot_desc -- -j8 -l8
[0.663s] Invoking command in '/home/abdou/A/rc_car/Auto-Car-Project/build/robot_desc': CMAKE_PREFIX_PATH=/opt/ros/iron /usr/bin/cmake --install /home/abdou/A/rc_car/Auto-Car-Project/build/robot_desc
[0.670s] -- Install configuration: ""
[0.670s] -- Installing: /home/abdou/A/rc_car/Auto-Car-Project/install/robot_desc/share/ament_index/resource_index/package_run_dependencies/robot_desc
[0.671s] -- Installing: /home/abdou/A/rc_car/Auto-Car-Project/install/robot_desc/share/ament_index/resource_index/parent_prefix_path/robot_desc
[0.671s] -- Installing: /home/abdou/A/rc_car/Auto-Car-Project/install/robot_desc/share/robot_desc/environment/ament_prefix_path.sh
[0.671s] -- Installing: /home/abdou/A/rc_car/Auto-Car-Project/install/robot_desc/share/robot_desc/environment/ament_prefix_path.dsv
[0.671s] -- Installing: /home/abdou/A/rc_car/Auto-Car-Project/install/robot_desc/share/robot_desc/environment/path.sh
[0.671s] -- Installing: /home/abdou/A/rc_car/Auto-Car-Project/install/robot_desc/share/robot_desc/environment/path.dsv
[0.671s] -- Installing: /home/abdou/A/rc_car/Auto-Car-Project/install/robot_desc/share/robot_desc/local_setup.bash
[0.671s] -- Installing: /home/abdou/A/rc_car/Auto-Car-Project/install/robot_desc/share/robot_desc/local_setup.sh
[0.671s] -- Installing: /home/abdou/A/rc_car/Auto-Car-Project/install/robot_desc/share/robot_desc/local_setup.zsh
[0.672s] -- Installing: /home/abdou/A/rc_car/Auto-Car-Project/install/robot_desc/share/robot_desc/local_setup.dsv
[0.672s] -- Installing: /home/abdou/A/rc_car/Auto-Car-Project/install/robot_desc/share/robot_desc/package.dsv
[0.672s] -- Installing: /home/abdou/A/rc_car/Auto-Car-Project/install/robot_desc/share/ament_index/resource_index/packages/robot_desc
[0.672s] -- Installing: /home/abdou/A/rc_car/Auto-Car-Project/install/robot_desc/share/robot_desc/cmake/robot_descConfig.cmake
[0.672s] -- Installing: /home/abdou/A/rc_car/Auto-Car-Project/install/robot_desc/share/robot_desc/cmake/robot_descConfig-version.cmake
[0.672s] -- Installing: /home/abdou/A/rc_car/Auto-Car-Project/install/robot_desc/share/robot_desc/package.xml
[0.674s] Invoked command in '/home/abdou/A/rc_car/Auto-Car-Project/build/robot_desc' returned '0': CMAKE_PREFIX_PATH=/opt/ros/iron /usr/bin/cmake --install /home/abdou/A/rc_car/Auto-Car-Project/build/robot_desc
